****************************************************************************
    3DNA v2.4.3-2019apr06, created and maintained by xiangjun@x3dna.org
****************************************************************************
1. The list of the parameters given below correspond to the 5' to 3' direction
   of strand I and 3' to 5' direction of strand II.

2. All angular parameters, except for the phase angle of sugar pseudo-
   rotation, are measured in degrees in the range of [-180, +180], and all
   displacements are measured in Angstrom units.
****************************************************************************
File name: 1J5N.pdb
Date and time: Tue Apr  9 15:38:58 2019

Number of base-pairs: 15
Number of atoms: 2489
****************************************************************************
HEADER    DNA BINDING PROTEIN/DNA                 15-MAY-02   1J5N              
TITLE     SOLUTION STRUCTURE OF THE NON-SEQUENCE-SPECIFIC HMGB                  
TITLE    2 PROTEIN NHP6A IN COMPLEX WITH SRY DNA                                
COMPND    MOL_ID: 1;                                                            
COMPND   2 MOLECULE: NONHISTONE CHROMOSOMAL PROTEIN 6A;                         
COMPND   3 CHAIN: A;                                                            
COMPND   4 SYNONYM: NHP6A;                                                      
COMPND   5 ENGINEERED: YES;                                                     
COMPND   6 MOL_ID: 2;                                                           
COMPND   7 MOLECULE: 5'-                                                        
COMPND   8 D(*GP*GP*GP*GP*TP*GP*AP*TP*TP*GP*TP*TP*CP*AP*G)-3';                  
COMPND   9 CHAIN: B;                                                            
COMPND  10 ENGINEERED: YES;                                                     
COMPND  11 OTHER_DETAILS: SRY_DNA G-RICH STRAND;                                
COMPND  12 MOL_ID: 3;                                                           
COMPND  13 MOLECULE: 5'-                                                        
COMPND  14 D(*CP*TP*GP*AP*AP*CP*AP*AP*TP*CP*AP*CP*CP*CP*C)-3';                  
COMPND  15 CHAIN: C;                                                            
COMPND  16 ENGINEERED: YES;                                                     
COMPND  17 OTHER_DETAILS: SRY_DNA C-RICH STRAND                                 
SOURCE    MOL_ID: 1;                                                            
SOURCE   2 ORGANISM_SCIENTIFIC: SACCHAROMYCES CEREVISIAE;                       
SOURCE   3 ORGANISM_COMMON: BAKER'S YEAST;                                      
SOURCE   4 ORGANISM_TAXID: 4932;                                                
SOURCE   5 EXPRESSION_SYSTEM: ESCHERICHIA COLI;                                 
SOURCE   6 EXPRESSION_SYSTEM_TAXID: 562;                                        
SOURCE   7 MOL_ID: 2;                                                           
SOURCE   8 SYNTHETIC: YES;                                                      
SOURCE   9 OTHER_DETAILS: UNLABELED DNA MADE ON A COMMERCIAL                    
SOURCE  10 SYNTHESIZER, 15N,13C-LABELED DNA MADE ENZYMATICALLY IN               
SOURCE  11 VITRO WITH TAQ POLYMERASE;                                           
SOURCE  12 MOL_ID: 3;                                                           
SOURCE  13 SYNTHETIC: YES;                                                      
SOURCE  14 OTHER_DETAILS: UNLABELED DNA MADE ON A COMMERCIAL                    
SOURCE  15 SYNTHESIZER, 15N,13C-LABELED DNA MADE ENZYMATICALLY IN               
SOURCE  16 VITRO WITH TAQ POLYMERASE                                            
KEYWDS    HMG-BOX, HMGB, PROTEIN-DNA COMPLEX, ALPHA HELIX, DOUBLE               
KEYWDS   2 HELIX, DNA BINDING PROTEIN/DNA COMPLEX                               
EXPDTA    SOLUTION NMR                                                          
AUTHOR    J.E.MASSE,B.WONG,Y.-M.YEN,F.H.-T.ALLAIN,R.C.JOHNSON,J.FEIGON          
REVDAT   2   24-FEB-09 1J5N    1       VERSN                                    
REVDAT   1   16-OCT-02 1J5N    0                                                
JRNL        AUTH   J.E.MASSE,B.WONG,Y.-M.YEN,F.H.-T.ALLAIN,                     
JRNL        AUTH 2 R.C.JOHNSON,J.FEIGON                                         
JRNL        TITL   THE S. CEREVISIAE ARCHITECTURAL HMGB PROTEIN NHP6A           
JRNL        TITL 2 COMPLEXED WITH DNA: DNA AND PROTEIN CONFORMATIONAL           
JRNL        TITL 3 CHANGES UPON BINDING                                         
JRNL        REF    J.MOL.BIOL.                   V. 323   263 2002              
JRNL        REFN                   ISSN 0022-2836                               
JRNL        PMID   12381320                                                     
JRNL        DOI    10.1016/S0022-2836(02)00938-5                                
HELIX    1   1 SER A   26  ASN A   43  1                                  18    
HELIX    2   2 THR A   47  THR A   63  1                                  17    
HELIX    3   3 THR A   63  ALA A   93  1                                  31    
****************************************************************************
RMSD of the bases (----- for WC bp, + for isolated bp, x for helix change)

            Strand I                    Strand II          Helix
   1   (0.008) ...1>B:.101_:[.DG]G-----C[.DC]:.130_:C<...1 (0.011)     |
   2   (0.008) ...1>B:.102_:[.DG]G-----C[.DC]:.129_:C<...1 (0.013)     |
   3   (0.008) ...1>B:.103_:[.DG]G-----C[.DC]:.128_:C<...1 (0.011)     |
   4   (0.009) ...1>B:.104_:[.DG]G-----C[.DC]:.127_:C<...1 (0.011)     |
   5   (0.022) ...1>B:.105_:[.DT]T-----A[.DA]:.126_:C<...1 (0.018)     |
   6   (0.010) ...1>B:.106_:[.DG]G-----C[.DC]:.125_:C<...1 (0.009)     |
   7   (0.015) ...1>B:.107_:[.DA]A-----T[.DT]:.124_:C<...1 (0.021)     |
   8   (0.023) ...1>B:.108_:[.DT]T-----A[.DA]:.123_:C<...1 (0.012)     |
   9   (0.023) ...1>B:.109_:[.DT]T-----A[.DA]:.122_:C<...1 (0.014)     |
  10   (0.007) ...1>B:.110_:[.DG]G-----C[.DC]:.121_:C<...1 (0.012)     |
  11   (0.021) ...1>B:.111_:[.DT]T-----A[.DA]:.120_:C<...1 (0.018)     |
  12   (0.022) ...1>B:.112_:[.DT]T-----A[.DA]:.119_:C<...1 (0.019)     |
  13   (0.013) ...1>B:.113_:[.DC]C-----G[.DG]:.118_:C<...1 (0.008)     |
  14   (0.015) ...1>B:.114_:[.DA]A-----T[.DT]:.117_:C<...1 (0.021)     |
  15   (0.008) ...1>B:.115_:[.DG]G-----C[.DC]:.116_:C<...1 (0.012)     |
****************************************************************************
Detailed H-bond information: atom-name pair and length [ O N]
   1 G-----C  [3]  O6 - N4  2.84  N1 - N3  2.91  N2 - O2  2.86
   2 G-----C  [3]  O6 - N4  2.86  N1 - N3  2.90  N2 - O2  2.80
   3 G-----C  [3]  O6 - N4  2.88  N1 - N3  2.94  N2 - O2  2.87
   4 G-----C  [3]  O6 - N4  2.81  N1 - N3  2.88  N2 - O2  2.83
   5 T-----A  [2]  N3 - N1  2.86  O4 - N6  2.60
   6 G-----C  [3]  O6 - N4  2.76  N1 - N3  2.90  N2 - O2  2.87
   7 A-----T  [2]  N6 - O4  2.94  N1 - N3  2.86
   8 T-----A  [2]  N3 - N1  2.89  O4 - N6  2.82
   9 T-----A  [2]  N3 - N1  2.86  O4 - N6  2.96
  10 G-----C  [3]  O6 - N4  2.92  N1 - N3  2.85  N2 - O2  2.68
  11 T-----A  [2]  N3 - N1  2.83  O4 - N6  2.53
  12 T-----A  [2]  N3 - N1  2.88  O4 - N6  2.83
  13 C-----G  [3]  O2 - N2  2.88  N3 - N1  2.88  N4 - O6  2.77
  14 A-----T  [2]  N6 - O4  2.86  N1 - N3  2.86
  15 G-----C  [3]  O6 - N4  2.85  N1 - N3  2.94  N2 - O2  2.90
****************************************************************************
Overlap area in Angstrom^2 between polygons defined by atoms on successive
bases. Polygons projected in the mean plane of the designed base-pair step.

Values in parentheses measure the overlap of base ring atoms only. Those
outside parentheses include exocyclic atoms on the ring. Intra- and
inter-strand overlap is designated according to the following diagram:

                    i2  3'      5' j2
                       /|\      |
                        |       |
               Strand I |       | II
                        |       |
                        |       |
                        |      \|/
                    i1  5'      3' j1

     step      i1-i2        i1-j2        j1-i2        j1-j2        sum
   1 GG/CC  8.40( 5.31)  0.00( 0.00)  0.00( 0.00)  3.18( 0.00) 11.59( 5.31)
   2 GG/CC  4.82( 2.43)  0.00( 0.00)  0.00( 0.00)  1.77( 0.08)  6.59( 2.51)
   3 GG/CC  5.58( 2.54)  0.00( 0.00)  0.00( 0.00)  6.24( 2.23) 11.82( 4.77)
   4 GT/AC  3.35( 0.33)  0.00( 0.00)  0.00( 0.00)  3.97( 2.26)  7.32( 2.60)
   5 TG/CA  7.58( 3.04)  0.00( 0.00)  0.00( 0.00)  0.64( 0.00)  8.22( 3.04)
   6 GA/TC  5.89( 2.88)  0.00( 0.00)  0.00( 0.00)  5.03( 1.32) 10.92( 4.20)
   7 AT/AT  6.42( 3.34)  0.00( 0.00)  0.00( 0.00)  6.90( 3.50) 13.32( 6.84)
   8 TT/AA  6.24( 1.01)  0.00( 0.00)  0.00( 0.00)  5.39( 3.85) 11.63( 4.85)
   9 TG/CA  1.68( 0.10)  0.00( 0.00)  0.07( 0.00)  3.39( 1.63)  5.14( 1.74)
  10 GT/AC  5.59( 1.01)  0.00( 0.00)  0.00( 0.00)  5.21( 3.70) 10.80( 4.71)
  11 TT/AA  7.70( 1.74)  0.00( 0.00)  0.00( 0.00)  2.61( 1.13) 10.30( 2.87)
  12 TC/GA  3.97( 0.63)  0.00( 0.00)  0.00( 0.00)  5.98( 3.08)  9.95( 3.71)
  13 CA/TG  2.59( 0.50)  0.00( 0.00)  0.00( 0.00)  2.06( 0.05)  4.65( 0.55)
  14 AG/CT  3.94( 2.21)  0.00( 0.00)  0.00( 0.00)  7.37( 1.77) 11.31( 3.98)
****************************************************************************
Origin (Ox, Oy, Oz) and mean normal vector (Nx, Ny, Nz) of each base-pair in
   the coordinate system of the given structure

      bp        Ox        Oy        Oz        Nx        Ny        Nz
    1 G-C    -22.932    12.677   -12.812     0.770    -0.631     0.093
    2 G-C    -19.635     9.179   -11.283     0.811    -0.569     0.135
    3 G-C    -16.181     7.783   -10.508     0.900    -0.435     0.033
    4 G-C    -12.878     5.884   -10.282     0.700    -0.684     0.207
    5 T-A     -9.949     5.010    -9.003     0.876    -0.451     0.171
    6 G-C     -6.478     2.757   -10.026     0.849    -0.336     0.408
    7 A-T     -3.621     1.612    -8.842     0.910    -0.253     0.328
    8 T-A     -1.332    -1.068    -7.616     0.925    -0.332     0.184
    9 T-A      1.993    -2.802    -7.154     0.904    -0.353     0.241
   10 G-C      5.168    -4.204    -6.713     1.000    -0.014     0.007
   11 T-A      8.514    -5.623    -7.717     0.996     0.084    -0.027
   12 T-A     12.040    -4.020    -7.410     0.927     0.374    -0.019
   13 C-G     14.731    -2.694    -6.980     0.819     0.525     0.231
   14 A-T     17.682    -0.770    -6.245     0.847     0.530     0.026
   15 G-C     21.526     1.056    -6.366     0.811     0.550     0.200
****************************************************************************
Local base-pair parameters
     bp        Shear    Stretch   Stagger    Buckle  Propeller  Opening
    1 G-C      -0.84     -0.36      0.35      6.12      3.78     -1.75
    2 G-C       0.58     -0.11     -0.22     -6.32     -0.01     -1.25
    3 G-C      -0.23     -0.13     -0.28     -4.02     -4.42     -1.51
    4 G-C       0.65     -0.17     -0.42     -3.88     10.18     -3.44
    5 T-A      -1.17     -0.26      0.47     -1.66    -17.09    -14.89
    6 G-C       0.58     -0.13     -0.25    -10.86     -3.58     -3.82
    7 A-T      -0.32     -0.24      0.59     -3.71      6.15      2.77
    8 T-A      -0.91     -0.12      0.22     -4.62     10.06     -4.18
    9 T-A       0.46     -0.19      0.12      0.72      5.42      2.16
   10 G-C       0.50     -0.15      0.28      5.06     15.17      3.60
   11 T-A      -1.14     -0.38      0.79      7.40     -4.20    -12.76
   12 T-A      -0.89     -0.13      0.18     -1.28    -11.38     -4.43
   13 C-G       0.21     -0.28      0.66      0.79     -7.88     -5.03
   14 A-T      -0.67     -0.33      0.50     12.44     -5.59     -3.07
   15 G-C      -0.17     -0.15      0.65     11.18     -1.13     -3.10
          ~~~~~~~~~~~~~~~~~~~~~~~~~~~~~~~~~~~~~~~~~~~~~~~~~~~~~~~~~~~~
      ave.     -0.22     -0.21      0.24      0.49     -0.30     -3.38
      s.d.      0.68      0.09      0.38      6.67      8.79      5.02
****************************************************************************
Local base-pair step parameters
    step       Shift     Slide      Rise      Tilt      Roll     Twist
   1 GG/CC      0.94      0.83      4.88      4.12      2.58     36.83
   2 GG/CC      0.14     -0.70      3.74      5.23     -9.58     27.20
   3 GG/CC     -0.41      0.02      3.79     -1.26     20.90     29.47
   4 GT/AC     -0.96     -0.76      3.08     -1.16    -16.85     29.03
   5 TG/CA      1.68      1.51      3.62      9.10    -12.21     47.03
   6 GA/TC      0.11     -0.14      3.29     -7.23      1.83     18.03
   7 AT/AT     -0.17     -1.90      3.21      2.91      8.97     22.18
   8 TT/AA      0.15     -0.55      3.73      0.19     -3.66     34.96
   9 TG/CA     -0.59     -0.51      3.41     -3.07     24.21     22.80
  10 GT/AC     -1.15     -1.41      3.30      0.09      5.98     23.98
  11 TT/AA      0.81      0.25      3.79      2.85     16.87     34.65
  12 TC/GA      0.04      0.11      3.03     -1.65     17.84     40.27
  13 CA/TG      0.28      0.01      3.59      1.83    -11.73     20.95
  14 AG/CT     -0.44      0.70      4.18      4.44      9.26     30.18
          ~~~~~~~~~~~~~~~~~~~~~~~~~~~~~~~~~~~~~~~~~~~~~~~~~~~~~~~~~~~~
      ave.      0.03     -0.18      3.62      1.17      3.89     29.83
      s.d.      0.76      0.89      0.49      4.07     13.31      8.19
****************************************************************************
Local base-pair helical parameters
    step       X-disp    Y-disp   h-Rise     Incl.       Tip   h-Twist
   1 GG/CC      0.79     -0.65      5.00      4.06     -6.48     37.14
   2 GG/CC      1.07      1.06      3.73    -19.42    -10.60     29.27
   3 GG/CC     -3.46      0.46      3.15     35.93      2.16     36.01
   4 GT/AC      1.50      1.47      3.08    -30.57      2.10     33.50
   5 TG/CA      2.81     -1.27      3.40    -14.86    -11.07     49.30
   6 GA/TC     -1.32     -3.87      2.99      5.55     21.90     19.50
   7 AT/AT     -7.05      1.22      2.24     22.07     -7.16     24.08
   8 TT/AA     -0.28     -0.21      3.77     -6.07     -0.31     35.15
   9 TG/CA     -4.93      0.52      2.05     47.19      5.98     33.28
  10 GT/AC     -5.03      2.72      2.87     14.11     -0.22     24.71
  11 TT/AA     -2.12     -0.80      3.59     26.43     -4.46     38.53
  12 TC/GA     -1.44     -0.21      2.83     24.50      2.27     43.92
  13 CA/TG      4.19     -0.02      3.15    -29.40     -4.59     24.05
  14 AG/CT     -0.93      1.87      4.10     17.17     -8.24     31.84
          ~~~~~~~~~~~~~~~~~~~~~~~~~~~~~~~~~~~~~~~~~~~~~~~~~~~~~~~~~~~~
      ave.     -1.16      0.16      3.28      6.91     -1.34     32.88
      s.d.      3.18      1.60      0.75     24.20      8.51      8.19
****************************************************************************
The 'simple' parameters are intuitive for non-Watson-Crick base pairs
and associated base-pair steps (where the above corresponding 3DNA
parameters often appear cryptic). Note that they are for structural
*description* only, not to be fed into the 'rebuild' program. See URL
http://x3dna.org/highlights/details-on-the-simple-base-pair-parameters
and related blogposts on the 3DNA home page for details.

This structure contains 0 non-Watson-Crick (with leading *) base pair(s)
----------------------------------------------------------------------------
Simple base-pair parameters based on RC8--YC6 vectors
      bp        Shear    Stretch   Stagger    Buckle  Propeller  Opening
     1 G-C      -0.87     -0.29      0.35      6.40      3.27     -1.75
     2 G-C       0.59     -0.08     -0.22     -6.31     -0.41     -1.25
     3 G-C      -0.23     -0.13     -0.28     -4.10     -4.34     -1.51
     4 G-C       0.66     -0.13     -0.42     -4.58      9.88     -3.42
     5 T-A      -1.20     -0.11      0.47     -3.75    -16.76    -14.73
     6 G-C       0.59     -0.09     -0.25    -10.60     -4.28     -3.83
     7 A-T      -0.33     -0.23      0.59     -3.54      6.25      2.77
     8 T-A      -0.92     -0.03      0.22     -3.61     10.46     -4.17
     9 T-A       0.46     -0.18      0.12      0.50      5.44      2.16
    10 G-C       0.51     -0.12      0.28      4.18     15.44      3.58
    11 T-A      -1.18     -0.24      0.79      6.83     -5.07    -12.78
    12 T-A      -0.90     -0.05      0.18     -2.34    -11.21     -4.41
    13 C-G       0.21     -0.28      0.66      0.92     -7.87     -5.02
    14 A-T      -0.70     -0.29      0.50     12.02     -6.44     -3.08
    15 G-C      -0.18     -0.15      0.65     11.17     -1.28     -3.11
           ~~~~~~~~~~~~~~~~~~~~~~~~~~~~~~~~~~~~~~~~~~~~~~~~~~~~~~~~~~~~
       ave.     -0.23     -0.16      0.24      0.21     -0.46     -3.37
       s.d.      0.69      0.09      0.38      6.60      8.85      5.00
----------------------------------------------------------------------------
Simple base-pair step parameters based on consecutive C1'-C1' vectors
      step       Shift     Slide      Rise      Tilt      Roll     Twist
     1 GG/CC      0.96      0.81      4.88      4.18      2.49     29.22
     2 GG/CC      0.15     -0.70      3.74      5.32     -9.54     31.19
     3 GG/CC     -0.41      0.01      3.79     -1.57     20.88     24.83
     4 GT/AC     -0.98     -0.74      3.08     -1.55    -16.82     38.01
     5 TG/CA      1.71      1.47      3.62      8.84    -12.40     37.78
     6 GA/TC      0.11     -0.14      3.29     -7.26      1.75     23.51
     7 AT/AT     -0.29     -1.88      3.21      3.46      8.77     25.23
     8 TT/AA      0.14     -0.55      3.73      0.11     -3.66     27.24
     9 TG/CA     -0.57     -0.53      3.41     -4.19     24.04     22.77
    10 GT/AC     -1.19     -1.37      3.30      0.26      5.97     32.57
    11 TT/AA      0.82      0.17      3.79      4.36     16.55     33.14
    12 TC/GA      0.05      0.11      3.03     -1.21     17.87     34.28
    13 CA/TG      0.28      0.00      3.59      1.57    -11.77     26.69
    14 AG/CT     -0.41      0.72      4.18      4.89      9.03     27.47
            ~~~~~~~~~~~~~~~~~~~~~~~~~~~~~~~~~~~~~~~~~~~~~~~~~~~~~~~~~~~~
        ave.      0.03     -0.19      3.62      1.23      3.80     29.57
        s.d.      0.77      0.88      0.49      4.27     13.27      5.02
****************************************************************************
Structure classification: 

This is a right-handed nucleic acid structure
****************************************************************************
lambda: virtual angle between C1'-YN1 or C1'-RN9 glycosidic bonds and the
        base-pair C1'-C1' line

C1'-C1': distance between C1' atoms for each base-pair
RN9-YN1: distance between RN9-YN1 atoms for each base-pair
RC8-YC6: distance between RC8-YC6 atoms for each base-pair

    bp     lambda(I) lambda(II)  C1'-C1'   RN9-YN1   RC8-YC6
   1 G-C      50.7      56.2      10.6       8.8       9.7
   2 G-C      57.9      47.9      10.8       9.0       9.9
   3 G-C      53.4      54.1      10.7       9.0       9.9
   4 G-C      56.1      48.0      10.8       9.0       9.9
   5 T-A      42.9      56.8      10.9       9.1       9.7
   6 G-C      55.4      50.8      10.8       9.0       9.9
   7 A-T      56.4      58.4      10.3       8.7       9.8
   8 T-A      48.6      57.5      10.8       9.0       9.9
   9 T-A      59.5      55.2      10.4       8.8       9.8
  10 G-C      60.8      53.0      10.5       8.9       9.9
  11 T-A      43.3      58.0      10.8       8.9       9.6
  12 T-A      48.0      59.6      10.7       9.0       9.9
  13 C-G      51.0      52.4      10.8       8.9       9.8
  14 A-T      50.9      56.8      10.4       8.7       9.6
  15 G-C      52.6      51.9      10.8       9.0       9.8
****************************************************************************
Classification of each dinucleotide step in a right-handed nucleic acid
structure: A-like; B-like; TA-like, or other cases.

    step       Xp      Yp      Zp     XpH     YpH     ZpH    Form
   1 GG/CC   -1.48    8.92    0.72   -0.64    8.85    1.24      
   2 GG/CC   -1.77    9.12    0.89   -0.56    8.90   -2.18      
   3 GG/CC   -2.40    9.36    0.22   -5.71    7.58    5.51      
   4 GT/AC   -2.24    9.02   -0.38   -0.82    7.67   -4.76      
   5 TG/CA   -1.13    9.07   -0.41    1.46    8.73   -2.47      
   6 GA/TC   -2.92    9.35    0.06   -3.87    9.32    0.55      
   7 AT/AT   -3.34    9.20    1.51  -10.19    8.00    4.75      
   8 TT/AA   -2.52    8.82    1.20   -2.79    8.89    0.30      
   9 TG/CA   -2.80    9.39    1.06   -7.50    5.78    7.45      
  10 GT/AC   -2.68    9.26    1.10   -7.60    8.73    3.28      
  11 TT/AA   -1.44    9.15    1.03   -3.48    7.85    4.78  *TA*
  12 TC/GA   -2.00    9.42    0.74   -3.33    8.39    4.35  *TA*
  13 CA/TG   -1.04    9.02    1.03    3.03    8.40   -3.44      
  14 AG/CT   -1.60    9.12    0.67   -2.56    8.56    3.20      
****************************************************************************
Minor and major groove widths: direct P-P distances and refined P-P distances
   which take into account the directions of the sugar-phosphate backbones

   (Subtract 5.8 Angstrom from the values to take account of the vdw radii
    of the phosphate groups, and for comparison with FreeHelix and Curves.)

Ref: M. A. El Hassan and C. R. Calladine (1998). ``Two Distinct Modes of
     Protein-induced Bending in DNA.'' J. Mol. Biol., v282, pp331-343.

                  Minor Groove        Major Groove
                 P-P     Refined     P-P     Refined
   1 GG/CC       ---       ---       ---       ---
   2 GG/CC       ---       ---       ---       ---
   3 GG/CC      15.9       ---      19.7       ---
   4 GT/AC      15.2      15.2      19.7      19.2
   5 TG/CA      13.7      13.7      20.2      20.1
   6 GA/TC      13.9      13.9      20.2      19.8
   7 AT/AT      14.7      14.4      21.5      21.2
   8 TT/AA      16.6      15.8      23.1      22.1
   9 TG/CA      18.9      18.0      19.3      16.6
  10 GT/AC      19.1      17.7      16.2      12.7
  11 TT/AA      18.4      16.8      14.2      13.1
  12 TC/GA      17.9       ---      15.0       ---
  13 CA/TG       ---       ---       ---       ---
  14 AG/CT       ---       ---       ---       ---
****************************************************************************
Global linear helical axis defined by equivalent C1' and RN9/YN1 atom pairs
Deviation from regular linear helix: 3.25(0.91)
****************************************************************************
Main chain and chi torsion angles: 

Note: alpha:   O3'(i-1)-P-O5'-C5'
      beta:    P-O5'-C5'-C4'
      gamma:   O5'-C5'-C4'-C3'
      delta:   C5'-C4'-C3'-O3'
      epsilon: C4'-C3'-O3'-P(i+1)
      zeta:    C3'-O3'-P(i+1)-O5'(i+1)

      chi for pyrimidines(Y): O4'-C1'-N1-C2
          chi for purines(R): O4'-C1'-N9-C4

Strand I
  base    alpha    beta   gamma   delta  epsilon   zeta    chi
   1 G     ---     ---     48.0   124.4   170.6  -111.9   -78.1
   2 G    -37.4   156.8    62.6   116.8   169.9  -103.5  -113.4
   3 G    -16.8   172.3    28.4   122.2  -177.2   -82.8  -112.4
   4 G    -89.0  -157.6    49.7   132.0     0.1    57.7   -99.8
   5 T    177.0  -120.0    65.7    98.4   161.6  -110.5  -103.9
   6 G      7.8   130.3    32.6   107.0   177.7   -86.0  -114.6
   7 A    -44.6   168.0    43.9   109.6  -178.4   -72.7  -128.6
   8 T    -68.0  -179.2    45.5    89.4   120.4   -60.2  -133.3
   9 T   -148.5  -100.0    83.7   101.0  -156.6  -103.2  -118.3
  10 G    -37.3   168.1    19.5   114.3   172.2   -91.4  -115.2
  11 T    -39.3  -169.6    23.6   110.7  -164.9   -87.0  -122.3
  12 T    -48.6   165.6    43.9   110.5  -175.8   -66.6  -123.3
  13 C    -77.2  -164.3    32.4   104.5   170.3   -86.0  -118.5
  14 A    -37.8   167.5    47.3   108.8  -159.4   -92.6  -118.2
  15 G   -108.3   169.0   100.0   118.3    ---     ---   -120.9

Strand II
  base    alpha    beta   gamma   delta  epsilon   zeta    chi
   1 C     -8.0   150.6    19.9   119.0    ---     ---   -130.3
   2 C    -40.9   168.9    50.3   104.2  -147.7  -126.0  -140.7
   3 C    -40.0   168.1    29.7   109.2   165.5   -93.7  -116.4
   4 C   -113.1  -131.0    57.2   114.9  -163.6   -97.6  -108.2
   5 A   -144.0  -166.0    61.8   127.8   120.0   -50.0  -100.5
   6 C    -29.4   111.5   -33.0   124.7   -32.9    91.6   -71.0
   7 T     34.9   119.4   -23.2   106.7   -21.0   105.3  -118.7
   8 A    -45.0   174.1    54.2   133.5  -174.9  -136.7  -118.5
   9 A    -64.7  -175.1    46.0   107.7   170.5   -91.8  -116.3
  10 C    -73.3  -176.9    17.1   100.0  -177.4   -74.2  -120.2
  11 A   -167.7  -162.8   146.0   136.4  -162.6   -68.9  -133.8
  12 A    -60.9  -174.0    33.4   112.3   169.9   -92.4  -115.3
  13 G     18.2   126.9    33.2   111.0  -176.6   -79.8  -120.2
  14 T     38.7   102.1     4.3    90.4   155.7  -111.8  -119.1
  15 C     ---     ---     20.1   117.4   178.3  -122.6  -117.0
****************************************************************************
Sugar conformational parameters: 

Note: v0: C4'-O4'-C1'-C2'
      v1: O4'-C1'-C2'-C3'
      v2: C1'-C2'-C3'-C4'
      v3: C2'-C3'-C4'-O4'
      v4: C3'-C4'-O4'-C1'

      tm: the amplitude of pucker
      P:  the phase angle of pseudorotation

Strand I
 base       v0      v1      v2      v3      v4      tm       P    Puckering
   1 G    -20.0    23.3   -17.0     5.4     9.3    22.9   138.0    C1'-exo 
   2 G    -19.7    18.6   -10.2    -1.5    13.4    20.1   120.6    C1'-exo 
   3 G    -17.6    19.4   -13.2     2.9     9.2    19.3   133.2    C1'-exo 
   4 G    -17.3    21.9   -17.1     7.2     6.3    21.2   144.0    C2'-endo
   5 T    -20.4    11.1     2.0   -14.7    22.3    22.3    84.8    O4'-endo
   6 G    -10.4     4.8     2.3    -8.8    12.3    12.0    79.0    O4'-endo
   7 A    -12.4     7.2     0.5    -8.1    13.1    13.3    87.9    O4'-endo
   8 T    -26.2    14.4     2.4   -18.9    28.9    28.8    85.2    O4'-endo
   9 T    -21.4    12.5     0.7   -14.0    22.7    23.0    88.1    O4'-endo
  10 G    -10.6     9.2    -4.3    -2.0     8.0    10.6   114.0    C1'-exo 
  11 T     -9.8     6.7    -1.1    -4.8     9.3    10.0    96.5    O4'-endo
  12 T    -12.3     9.8    -3.5    -3.9    10.2    12.3   106.7    O4'-endo
  13 C     -8.1     1.3     5.5   -10.7    11.9    11.8    62.2    C4'-exo 
  14 A     -8.0     3.0     2.8    -7.8    10.0     9.8    73.1    O4'-endo
  15 G     -4.7     4.9    -3.1     0.3     2.7     5.0   128.7    C1'-exo 

Strand II
 base       v0      v1      v2      v3      v4      tm       P    Puckering
   1 C      1.5     0.2    -1.7     2.6    -2.6     2.7   231.6    C4'-endo
   2 C    -11.5     6.1     1.3    -8.4    12.6    12.6    84.2    O4'-endo
   3 C    -15.3    10.8    -2.3    -7.0    14.2    15.5    98.7    O4'-endo
   4 C    -16.3    15.6    -8.7    -1.0    10.9    16.7   121.4    C1'-exo 
   5 A     -1.4    10.7   -15.0    14.7    -8.5    15.4   193.6    C3'-exo 
   6 C    -21.2    23.0   -15.5     3.1    11.5    23.1   132.3    C1'-exo 
   7 T    -23.6    13.6     1.0   -15.6    25.1    25.4    87.7    O4'-endo
   8 A    -22.4    32.1   -27.6    14.8     4.7    31.2   152.4    C2'-endo
   9 A    -20.0    14.2    -3.2    -9.0    18.5    20.3    99.0    O4'-endo
  10 C    -20.4    10.9     2.3   -14.9    22.6    22.5    84.2    O4'-endo
  11 A     -8.3    20.4   -23.2    19.1    -7.0    23.3   177.9    C2'-endo
  12 A     -3.7     1.0     1.8    -4.2     5.0     4.9    67.9    C4'-exo 
  13 G    -16.9    12.4    -3.3    -6.9    15.1    17.0   101.2    O4'-endo
  14 T    -14.7     1.1    11.8   -21.4    23.2    22.9    59.0    C4'-exo 
  15 C     -4.9     6.6    -5.5     2.7     1.4     6.4   148.4    C2'-endo
****************************************************************************
Same strand P--P and C1'--C1' virtual bond distances

                 Strand I                          Strand II
    step      P--P     C1'--C1'       step      P--P     C1'--C1'
   1 G/G       ---      4.78         1 C/C      6.17      5.75
   2 G/G      7.03      4.97         2 C/C      6.52      4.68
   3 G/G      6.45      5.54         3 C/C      5.57      5.11
   4 G/T      6.36      4.95         4 C/A      7.01      4.49
   5 T/G      5.79      4.07         5 A/C      5.06      5.18
   6 G/A      6.45      4.56         6 C/T      4.94      4.24
   7 A/T      6.46      5.08         7 T/A      6.79      5.05
   8 T/T      6.68      5.11         8 A/A      6.42      4.90
   9 T/G      5.36      5.39         9 A/C      5.88      5.20
  10 G/T      6.35      5.35        10 C/A      7.49      5.18
  11 T/T      5.85      4.80        11 A/A      6.38      5.35
  12 T/C      6.47      5.28        12 A/G      6.46      5.00
  13 C/A      6.01      4.55        13 G/T      5.63      4.42
  14 A/G      6.28      5.82        14 T/C       ---      4.50
****************************************************************************
Helix radius (radial displacement of P, O4', and C1' atoms in local helix
   frame of each dimer)

                        Strand I                      Strand II
     step         P        O4'       C1'        P        O4'        C1'
   1 GG/CC      8.69      5.54      4.96      9.14      7.20      6.15
   2 GG/CC      9.80      6.18      5.98      8.06      5.02      4.40
   3 GG/CC     10.06      8.59      7.54      8.92      8.04      7.10
   4 GT/AC      9.03      5.96      6.15      6.41      3.25      3.31
   5 TG/CA      7.82      4.26      3.95      9.93      6.60      6.64
   6 GA/TC      6.17      4.59      3.80     14.04     10.49      9.93
   7 AT/AT     14.45     12.38     11.67     11.51     10.34      9.58
   8 TT/AA      8.99      6.60      5.82      9.70      6.80      6.09
   9 TG/CA      9.14      8.92      7.92      9.85      9.29      8.55
  10 GT/AC     13.13     11.62     10.71     10.39      8.00      7.54
  11 TT/AA      8.24      7.01      6.23      9.05      7.69      6.63
  12 TC/GA      8.84      7.00      6.01      9.21      7.17      6.22
  13 CA/TG      9.14      5.40      5.14      8.72      5.04      4.98
  14 AG/CT     10.56      8.74      7.68      7.31      5.23      4.39
****************************************************************************
Position (Px, Py, Pz) and local helical axis vector (Hx, Hy, Hz)
         for each dinucleotide step

     step       Px        Py        Pz        Hx        Hy        Hz
   1 GG/CC    -21.58     10.34    -12.75      0.74     -0.64      0.22
   2 GG/CC    -17.30      9.73    -11.34      0.88     -0.29      0.39
   3 GG/CC    -15.93      4.64     -8.33      0.56     -0.73     -0.39
   4 GT/AC    -11.31      7.21     -8.68      0.65     -0.39      0.65
   5 TG/CA     -6.60      6.09     -8.89      0.69     -0.62      0.38
   6 GA/TC     -3.04      4.48    -12.07      0.80     -0.00      0.61
   7 AT/AT     -1.86     -2.18    -14.75      1.00      0.05      0.08
   8 TT/AA      0.48     -1.69     -7.55      0.89     -0.43      0.17
   9 TG/CA      5.39     -0.37    -10.01      0.67      0.28      0.68
  10 GT/AC      7.28     -1.05    -11.22      0.97      0.11      0.22
  11 TT/AA      9.43     -3.15     -6.53      0.89      0.20      0.41
  12 TC/GA     12.91     -2.76     -6.08      0.94      0.13      0.33
  13 CA/TG     17.32     -1.93    -10.55      0.47      0.88      0.09
  14 AG/CT     19.00      1.50     -4.96      0.95      0.25      0.17
