****************************************************************************
    3DNA v2.4.0-2018dec18, created and maintained by Dr. Xiang-Jun Lu (xiangjun@x3dna.org)
****************************************************************************
1. The list of the parameters given below correspond to the 5' to 3' direction
   of strand I and 3' to 5' direction of strand II.

2. All angular parameters, except for the phase angle of sugar pseudo-
   rotation, are measured in degrees in the range of [-180, +180], and all
   displacements are measured in Angstrom units.
****************************************************************************
File name: tmpstri
Date and time: Wed Jan  2 10:35:02 2019

Number of base-pairs: 15
Number of atoms: 2489
****************************************************************************
HEADER    DNA BINDING PROTEIN/DNA                 15-MAY-02   1J5N              
TITLE     SOLUTION STRUCTURE OF THE NON-SEQUENCE-SPECIFIC HMGB                  
TITLE    2 PROTEIN NHP6A IN COMPLEX WITH SRY DNA                                
COMPND    MOL_ID: 1;                                                            
COMPND   2 MOLECULE: NONHISTONE CHROMOSOMAL PROTEIN 6A;                         
COMPND   3 CHAIN: A;                                                            
COMPND   4 SYNONYM: NHP6A;                                                      
COMPND   5 ENGINEERED: YES;                                                     
COMPND   6 MOL_ID: 2;                                                           
COMPND   7 MOLECULE: 5'-                                                        
COMPND   8 D(*GP*GP*GP*GP*TP*GP*AP*TP*TP*GP*TP*TP*CP*AP*G)-3';                  
COMPND   9 CHAIN: B;                                                            
COMPND  10 ENGINEERED: YES;                                                     
COMPND  11 OTHER_DETAILS: SRY_DNA G-RICH STRAND;                                
COMPND  12 MOL_ID: 3;                                                           
COMPND  13 MOLECULE: 5'-                                                        
COMPND  14 D(*CP*TP*GP*AP*AP*CP*AP*AP*TP*CP*AP*CP*CP*CP*C)-3';                  
COMPND  15 CHAIN: C;                                                            
COMPND  16 ENGINEERED: YES;                                                     
COMPND  17 OTHER_DETAILS: SRY_DNA C-RICH STRAND                                 
SOURCE    MOL_ID: 1;                                                            
SOURCE   2 ORGANISM_SCIENTIFIC: SACCHAROMYCES CEREVISIAE;                       
SOURCE   3 ORGANISM_COMMON: BAKER'S YEAST;                                      
SOURCE   4 ORGANISM_TAXID: 4932;                                                
SOURCE   5 EXPRESSION_SYSTEM: ESCHERICHIA COLI;                                 
SOURCE   6 EXPRESSION_SYSTEM_TAXID: 562;                                        
SOURCE   7 MOL_ID: 2;                                                           
SOURCE   8 SYNTHETIC: YES;                                                      
SOURCE   9 OTHER_DETAILS: UNLABELED DNA MADE ON A COMMERCIAL                    
SOURCE  10 SYNTHESIZER, 15N,13C-LABELED DNA MADE ENZYMATICALLY IN               
SOURCE  11 VITRO WITH TAQ POLYMERASE;                                           
SOURCE  12 MOL_ID: 3;                                                           
SOURCE  13 SYNTHETIC: YES;                                                      
SOURCE  14 OTHER_DETAILS: UNLABELED DNA MADE ON A COMMERCIAL                    
SOURCE  15 SYNTHESIZER, 15N,13C-LABELED DNA MADE ENZYMATICALLY IN               
SOURCE  16 VITRO WITH TAQ POLYMERASE                                            
KEYWDS    HMG-BOX, HMGB, PROTEIN-DNA COMPLEX, ALPHA HELIX, DOUBLE               
KEYWDS   2 HELIX, DNA BINDING PROTEIN/DNA COMPLEX                               
EXPDTA    SOLUTION NMR                                                          
AUTHOR    J.E.MASSE,B.WONG,Y.-M.YEN,F.H.-T.ALLAIN,R.C.JOHNSON,J.FEIGON          
REVDAT   2   24-FEB-09 1J5N    1       VERSN                                    
REVDAT   1   16-OCT-02 1J5N    0                                                
JRNL        AUTH   J.E.MASSE,B.WONG,Y.-M.YEN,F.H.-T.ALLAIN,                     
JRNL        AUTH 2 R.C.JOHNSON,J.FEIGON                                         
JRNL        TITL   THE S. CEREVISIAE ARCHITECTURAL HMGB PROTEIN NHP6A           
JRNL        TITL 2 COMPLEXED WITH DNA: DNA AND PROTEIN CONFORMATIONAL           
JRNL        TITL 3 CHANGES UPON BINDING                                         
JRNL        REF    J.MOL.BIOL.                   V. 323   263 2002              
JRNL        REFN                   ISSN 0022-2836                               
JRNL        PMID   12381320                                                     
JRNL        DOI    10.1016/S0022-2836(02)00938-5                                
HELIX    1   1 SER A   26  ASN A   43  1                                  18    
HELIX    2   2 THR A   47  THR A   63  1                                  17    
HELIX    3   3 THR A   63  ALA A   93  1                                  31    
****************************************************************************
RMSD of the bases (----- for WC bp, + for isolated bp, x for helix change)

            Strand I                    Strand II          Helix
   1   (0.008) ..16>B:.101_:[.DG]G-----C[.DC]:.130_:C<..16 (0.011)     |
   2   (0.008) ..16>B:.102_:[.DG]G-----C[.DC]:.129_:C<..16 (0.013)     |
   3   (0.008) ..16>B:.103_:[.DG]G-----C[.DC]:.128_:C<..16 (0.011)     |
   4   (0.008) ..16>B:.104_:[.DG]G-----C[.DC]:.127_:C<..16 (0.011)     |
   5   (0.021) ..16>B:.105_:[.DT]T-----A[.DA]:.126_:C<..16 (0.018)     |
   6   (0.009) ..16>B:.106_:[.DG]G-----C[.DC]:.125_:C<..16 (0.009)     |
   7   (0.014) ..16>B:.107_:[.DA]A-----T[.DT]:.124_:C<..16 (0.021)     |
   8   (0.023) ..16>B:.108_:[.DT]T-----A[.DA]:.123_:C<..16 (0.013)     |
   9   (0.025) ..16>B:.109_:[.DT]T-----A[.DA]:.122_:C<..16 (0.011)     |
  10   (0.007) ..16>B:.110_:[.DG]G-----C[.DC]:.121_:C<..16 (0.011)     |
  11   (0.023) ..16>B:.111_:[.DT]T-----A[.DA]:.120_:C<..16 (0.018)     |
  12   (0.021) ..16>B:.112_:[.DT]T-----A[.DA]:.119_:C<..16 (0.020)     |
  13   (0.013) ..16>B:.113_:[.DC]C-----G[.DG]:.118_:C<..16 (0.008)     |
  14   (0.014) ..16>B:.114_:[.DA]A-----T[.DT]:.117_:C<..16 (0.021)     |
  15   (0.008) ..16>B:.115_:[.DG]G-----C[.DC]:.116_:C<..16 (0.013)     |
****************************************************************************
Detailed H-bond information: atom-name pair and length [ O N]
   1 G-----C  [3]  O6 - N4  2.85  N1 - N3  2.90  N2 - O2  2.86
   2 G-----C  [3]  O6 - N4  2.85  N1 - N3  2.90  N2 - O2  2.80
   3 G-----C  [3]  O6 - N4  2.77  N1 - N3  2.90  N2 - O2  2.90
   4 G-----C  [3]  O6 - N4  2.89  N1 - N3  2.93  N2 - O2  2.82
   5 T-----A  [2]  N3 - N1  2.89  O4 - N6  2.70
   6 G-----C  [3]  O6 - N4  2.76  N1 - N3  2.88  N2 - O2  2.86
   7 A-----T  [2]  N6 - O4  2.90  N1 - N3  2.88
   8 T-----A  [2]  N3 - N1  2.83  O4 - N6  2.85
   9 T-----A  [2]  N3 - N1  2.77  O4 - N6  2.80
  10 G-----C  [3]  O6 - N4  2.93  N1 - N3  2.80  N2 - O2  2.61
  11 T-----A  [2]  N3 - N1  2.87  O4 - N6  2.64
  12 T-----A  [2]  N3 - N1  2.87  O4 - N6  2.82
  13 C-----G  [3]  O2 - N2  2.88  N3 - N1  2.89  N4 - O6  2.79
  14 A-----T  [2]  N6 - O4  2.86  N1 - N3  2.85
  15 G-----C  [3]  O6 - N4  2.82  N1 - N3  2.92  N2 - O2  2.88
****************************************************************************
Overlap area in Angstrom^2 between polygons defined by atoms on successive
bases. Polygons projected in the mean plane of the designed base-pair step.

Values in parentheses measure the overlap of base ring atoms only. Those
outside parentheses include exocyclic atoms on the ring. Intra- and
inter-strand overlap is designated according to the following diagram:

                    i2  3'      5' j2
                       /|\      |
                        |       |
               Strand I |       | II
                        |       |
                        |       |
                        |      \|/
                    i1  5'      3' j1

     step      i1-i2        i1-j2        j1-i2        j1-j2        sum
   1 GG/CC  8.29( 5.41)  0.00( 0.00)  0.00( 0.00)  2.99( 0.00) 11.28( 5.41)
   2 GG/CC  4.54( 2.59)  0.00( 0.00)  0.00( 0.00)  1.48( 0.12)  6.02( 2.71)
   3 GG/CC  6.26( 3.46)  0.00( 0.00)  0.00( 0.00)  3.53( 0.86)  9.79( 4.32)
   4 GT/AC  5.60( 1.28)  0.00( 0.00)  0.00( 0.00)  4.13( 2.51)  9.73( 3.79)
   5 TG/CA  6.45( 1.85)  0.00( 0.00)  0.00( 0.00)  1.42( 0.00)  7.87( 1.85)
   6 GA/TC  5.28( 2.16)  0.00( 0.00)  0.00( 0.00)  5.13( 1.12) 10.41( 3.28)
   7 AT/AT  5.75( 2.84)  0.00( 0.00)  0.00( 0.00)  6.41( 3.25) 12.16( 6.08)
   8 TT/AA  3.77( 0.38)  0.00( 0.00)  0.00( 0.00)  4.57( 3.81)  8.34( 4.19)
   9 TG/CA  0.71( 0.00)  0.00( 0.00)  0.00( 0.00)  3.86( 2.14)  4.57( 2.14)
  10 GT/AC  6.55( 2.12)  0.00( 0.00)  0.00( 0.00)  4.82( 3.13) 11.37( 5.26)
  11 TT/AA  7.35( 1.32)  0.00( 0.00)  0.00( 0.00)  2.33( 0.88)  9.68( 2.21)
  12 TC/GA  4.08( 0.70)  0.00( 0.00)  0.00( 0.00)  6.21( 3.28) 10.29( 3.98)
  13 CA/TG  2.48( 0.53)  0.00( 0.00)  0.00( 0.00)  1.74( 0.01)  4.23( 0.54)
  14 AG/CT  3.57( 2.06)  0.00( 0.00)  0.00( 0.00)  7.09( 1.69) 10.66( 3.76)
****************************************************************************
Origin (Ox, Oy, Oz) and mean normal vector (Nx, Ny, Nz) of each base-pair in
   the coordinate system of the given structure

      bp        Ox        Oy        Oz        Nx        Ny        Nz
    1 G-C    -25.034     8.267   -13.031     0.959    -0.282     0.038
    2 G-C    -20.535     6.321   -12.007     0.979    -0.203     0.013
    3 G-C    -16.848     6.642   -11.414     0.997    -0.069    -0.015
    4 G-C    -13.132     5.462   -10.655     0.845    -0.507     0.170
    5 T-A    -10.478     4.645    -9.012     0.871    -0.447     0.207
    6 G-C     -6.100     2.876    -9.358     0.817    -0.319     0.480
    7 A-T     -3.890     2.167    -8.394     0.908    -0.264     0.326
    8 T-A     -1.285    -0.800    -7.613     0.955    -0.262     0.138
    9 T-A      3.160    -2.856    -7.518     0.988    -0.147     0.052
   10 G-C      5.972    -4.261    -7.166     0.996    -0.084     0.040
   11 T-A      9.143    -5.542    -7.777     0.994    -0.104     0.039
   12 T-A     12.827    -4.667    -7.267     0.968     0.252     0.010
   13 C-G     15.663    -3.678    -6.784     0.877     0.416     0.241
   14 A-T     18.612    -2.094    -5.974     0.918     0.390     0.070
   15 G-C     23.029    -0.878    -5.922     0.868     0.418     0.270
****************************************************************************
Local base-pair parameters
     bp        Shear    Stretch   Stagger    Buckle  Propeller  Opening
    1 G-C      -0.85     -0.36      0.28      4.06      3.63     -1.72
    2 G-C       0.60     -0.12     -0.27     -6.51     -1.13     -1.37
    3 G-C      -0.08     -0.26     -0.74     -3.02      5.32     -5.32
    4 G-C       0.41     -0.07     -0.34     -9.35     -2.28     -0.86
    5 T-A      -1.08     -0.18      0.35     -1.95     -5.28     -8.74
    6 G-C       0.58     -0.11     -0.29    -21.25    -12.68     -3.61
    7 A-T      -0.70     -0.30      0.24     -0.88      6.02     -0.05
    8 T-A      -0.75     -0.20      0.59     -5.79     16.82      0.47
    9 T-A      -0.40     -0.24      0.87    -19.43     35.43      1.63
   10 G-C       0.44     -0.22      0.46     -0.16     15.66      6.66
   11 T-A      -0.75     -0.29      0.79      9.50     -1.79     -8.88
   12 T-A      -1.00     -0.16     -0.05     -0.60    -14.38     -4.03
   13 C-G       0.28     -0.25      0.53      1.12     -6.37     -4.01
   14 A-T      -0.68     -0.35      0.63     15.52     -5.90     -2.87
   15 G-C       0.27     -0.15      0.65      7.71     -4.28     -3.86
          ~~~~~~~~~~~~~~~~~~~~~~~~~~~~~~~~~~~~~~~~~~~~~~~~~~~~~~~~~~~~
      ave.     -0.25     -0.22      0.25     -2.07      1.92     -2.44
      s.d.      0.62      0.09      0.48      9.82     12.83      3.92
****************************************************************************
Local base-pair step parameters
    step       Shift     Slide      Rise      Tilt      Roll     Twist
   1 GG/CC      0.94      0.74      4.86      4.61     -1.72     38.16
   2 GG/CC      0.01     -1.02      3.61      5.35     -5.82     26.12
   3 GG/CC      0.22     -0.39      3.95     -2.60     28.82     28.07
   4 GT/AC     -0.61     -1.08      2.98      2.02     -3.82     26.95
   5 TG/CA      1.06      1.66      4.30      9.79    -14.65     48.08
   6 GA/TC      0.04      0.05      2.51     -7.89      7.25     17.00
   7 AT/AT      0.08     -2.15      3.40     -1.17     11.08     24.83
   8 TT/AA     -0.07     -1.15      4.76     -4.57      7.07     22.58
   9 TG/CA     -0.92     -0.58      2.97     -1.98      3.11     28.09
  10 GT/AC     -0.68     -1.02      3.25      0.42     -1.04     20.62
  11 TT/AA      0.64      0.34      3.75      4.33     20.14     33.50
  12 TC/GA      0.04      0.09      3.04     -2.34     16.96     40.01
  13 CA/TG      0.33     -0.15      3.42      0.58    -10.18     21.03
  14 AG/CT     -0.57      0.84      4.47      4.95     10.87     35.28
          ~~~~~~~~~~~~~~~~~~~~~~~~~~~~~~~~~~~~~~~~~~~~~~~~~~~~~~~~~~~~
      ave.      0.04     -0.27      3.66      0.82      4.86     29.31
      s.d.      0.59      0.99      0.72      4.68     12.14      8.67
****************************************************************************
Local base-pair helical parameters
    step       X-disp    Y-disp   h-Rise     Incl.       Tip   h-Twist
   1 GG/CC      1.44     -0.57      4.90     -2.61     -7.02     38.46
   2 GG/CC     -0.50      1.50      3.67    -12.53    -11.51     27.28
   3 GG/CC     -4.45     -0.67      2.50     46.59      4.20     40.10
   4 GT/AC     -1.41      1.76      3.05     -8.14     -4.31     27.29
   5 TG/CA      3.24     -0.36      3.81    -17.32    -11.57     51.02
   6 GA/TC     -2.44     -2.93      2.13     21.93     23.86     20.07
   7 AT/AT     -7.09     -0.43      2.25     24.28      2.56     27.18
   8 TT/AA     -5.96     -1.91      4.15     17.31     11.19     24.08
   9 TG/CA     -1.84      1.47      2.95      6.37      4.06     28.32
  10 GT/AC     -2.39      2.07      3.28     -2.90     -1.18     20.65
  11 TT/AA     -2.39     -0.34      3.46     31.52     -6.78     39.17
  12 TC/GA     -1.42     -0.27      2.85     23.53      3.25     43.38
  13 CA/TG      3.32     -0.61      3.16    -26.02     -1.49     23.34
  14 AG/CT     -0.70      1.81      4.41     17.32     -7.89     37.19
          ~~~~~~~~~~~~~~~~~~~~~~~~~~~~~~~~~~~~~~~~~~~~~~~~~~~~~~~~~~~~
      ave.     -1.61      0.04      3.33      8.52     -0.19     31.97
      s.d.      3.02      1.49      0.81     20.80      9.57      9.48
****************************************************************************
The 'simple' parameters are intuitive for non-Watson-Crick base pairs
and associated base-pair steps (where the above corresponding 3DNA
parameters often appear cryptic). Note that they are for structural
*description* only, not to be fed into the 'rebuild' program. See URL
http://x3dna.org/highlights/details-on-the-simple-base-pair-parameters
and related blogposts on the 3DNA home page for details.

This structure contains 0 non-Watson-Crick (with leading *) base pair(s)
----------------------------------------------------------------------------
Simple base-pair parameters based on RC8--YC6 vectors
      bp        Shear    Stretch   Stagger    Buckle  Propeller  Opening  angle
     1 G-C      -0.87     -0.29      0.28      4.34      3.28     -1.72    5.4
     2 G-C       0.60     -0.08     -0.27     -6.42     -1.56     -1.37    6.6
     3 G-C      -0.08     -0.26     -0.74     -3.00      5.34     -5.32    6.1
     4 G-C       0.41     -0.05     -0.34     -9.23     -2.72     -0.87    9.6
     5 T-A      -1.09     -0.05      0.35     -2.53     -5.03     -8.73    5.6
     6 G-C       0.58     -0.06     -0.29    -20.22    -14.27     -3.65   24.7
     7 A-T      -0.72     -0.25      0.24     -0.48      6.07     -0.05    6.1
     8 T-A      -0.76     -0.14      0.59     -4.37     17.24      0.47   17.8
     9 T-A      -0.42     -0.21      0.87    -17.14     36.60      1.57   40.4
    10 G-C       0.45     -0.20      0.46     -0.94     15.63      6.60   15.7
    11 T-A      -0.77     -0.23      0.79      9.32     -2.56     -8.90    9.7
    12 T-A      -1.01     -0.06     -0.05     -2.11    -14.24     -4.00   14.4
    13 C-G       0.28     -0.24      0.53      1.27     -6.34     -4.00    6.5
    14 A-T      -0.71     -0.30      0.63     15.05     -7.02     -2.89   16.6
    15 G-C       0.27     -0.14      0.65      7.84     -4.05     -3.86    8.8
           ~~~~~~~~~~~~~~~~~~~~~~~~~~~~~~~~~~~~~~~~~~~~~~~~~~~~~~~~~~~~
       ave.     -0.25     -0.17      0.25     -1.91      1.76     -2.45
       s.d.      0.63      0.09      0.48      9.30     13.27      3.91
----------------------------------------------------------------------------
Simple base-pair step parameters based on consecutive C1'-C1' vectors
      step       Shift     Slide      Rise      Tilt      Roll     Twist
     1 GG/CC      0.96      0.72      4.86      4.57     -1.82     30.43
     2 GG/CC      0.03     -1.01      3.61      5.44     -5.74     29.53
     3 GG/CC      0.22     -0.39      3.95     -2.88     28.79     25.34
     4 GT/AC     -0.64     -1.06      2.98      1.91     -3.88     34.24
     5 TG/CA      1.08      1.65      4.30      9.60    -14.77     38.78
     6 GA/TC      0.04      0.05      2.51     -7.88      7.26     24.97
     7 AT/AT     -0.08     -2.15      3.40     -0.34     11.14     25.26
     8 TT/AA     -0.15     -1.14      4.76     -4.05      7.39     21.91
     9 TG/CA     -0.93     -0.57      2.97     -1.94      3.13     22.00
    10 GT/AC     -0.69     -1.01      3.25      0.41     -1.04     26.83
    11 TT/AA      0.67      0.28      3.75      5.89     19.74     34.60
    12 TC/GA      0.04      0.09      3.04     -1.89     17.02     33.02
    13 CA/TG      0.33     -0.15      3.42      0.38    -10.19     27.19
    14 AG/CT     -0.54      0.86      4.47      5.26     10.72     30.23
            ~~~~~~~~~~~~~~~~~~~~~~~~~~~~~~~~~~~~~~~~~~~~~~~~~~~~~~~~~~~~
        ave.      0.02     -0.27      3.66      1.03      4.84     28.88
        s.d.      0.61      0.99      0.72      4.71     12.12      5.00
****************************************************************************
Structure classification: 

This is a right-handed nucleic acid structure
****************************************************************************
lambda: virtual angle between C1'-YN1 or C1'-RN9 glycosidic bonds and the
        base-pair C1'-C1' line

C1'-C1': distance between C1' atoms for each base-pair
RN9-YN1: distance between RN9-YN1 atoms for each base-pair
RC8-YC6: distance between RC8-YC6 atoms for each base-pair

    bp     lambda(I) lambda(II)  C1'-C1'   RN9-YN1   RC8-YC6
   1 G-C      50.5      56.2      10.6       8.8       9.7
   2 G-C      57.7      47.6      10.8       9.0       9.9
   3 G-C      52.2      51.5      10.8       9.0       9.8
   4 G-C      56.7      50.4      10.8       9.0       9.9
   5 T-A      45.6      59.7      10.8       9.0       9.8
   6 G-C      56.6      50.5      10.7       9.0       9.8
   7 A-T      52.2      59.1      10.4       8.7       9.7
   8 T-A      51.5      58.9      10.5       8.9       9.8
   9 T-A      50.2      57.6      10.5       8.8       9.7
  10 G-C      60.8      55.0      10.3       8.8       9.8
  11 T-A      47.3      57.6      10.7       8.9       9.7
  12 T-A      47.3      60.3      10.7       9.0       9.9
  13 C-G      51.9      52.5      10.7       8.9       9.8
  14 A-T      51.0      57.9      10.4       8.7       9.6
  15 G-C      54.3      48.9      10.8       9.0       9.9
****************************************************************************
Classification of each dinucleotide step in a right-handed nucleic acid
structure: A-like; B-like; TA-like; intermediate of A and B, or other cases.

    step       Xp      Yp      Zp     XpH     YpH     ZpH    Form
   1 GG/CC   -1.46    8.90    0.76    0.02    8.92    0.30      
   2 GG/CC   -1.71    9.05    1.04   -1.96    9.05   -1.03      
   3 GG/CC   -3.25    8.66   -0.33   -7.39    6.39    5.83      
   4 GT/AC   -2.13    9.21    0.53   -3.45    9.19   -0.76      
   5 TG/CA   -1.25    8.85   -0.50    1.73    8.40   -2.77      
   6 GA/TC   -3.08    9.31   -0.45   -5.24    8.87    2.72      
   7 AT/AT   -3.44    9.06    1.59  -10.35    7.65    5.10     A
   8 TT/AA   -2.66    8.42    2.01   -8.65    7.43    4.59     A
   9 TG/CA   -3.07    9.32    1.18   -4.92    9.13    2.21      
  10 GT/AC   -2.48    9.46    1.01   -4.84    9.50    0.55      
  11 TT/AA   -1.65    9.11    1.02   -3.95    7.40    5.38  *TA*
  12 TC/GA   -2.03    9.43    0.69   -3.35    8.48    4.18  *TA*
  13 CA/TG   -1.27    9.02    1.13    1.97    8.63   -2.87      
  14 AG/CT   -1.33    9.10    0.75   -2.06    8.52    3.25      
****************************************************************************
Minor and major groove widths: direct P-P distances and refined P-P distances
   which take into account the directions of the sugar-phosphate backbones

   (Subtract 5.8 Angstrom from the values to take account of the vdw radii
    of the phosphate groups, and for comparison with FreeHelix and Curves.)

Ref: M. A. El Hassan and C. R. Calladine (1998). ``Two Distinct Modes of
     Protein-induced Bending in DNA.'' J. Mol. Biol., v282, pp331-343.

                  Minor Groove        Major Groove
                 P-P     Refined     P-P     Refined
   1 GG/CC       ---       ---       ---       ---
   2 GG/CC       ---       ---       ---       ---
   3 GG/CC      17.9       ---      18.9       ---
   4 GT/AC      15.1      14.7      19.7      19.7
   5 TG/CA      13.0      13.0      20.3      20.3
   6 GA/TC      14.6      14.5      19.1      18.6
   7 AT/AT      15.2      14.7      21.3      21.2
   8 TT/AA      16.9      16.1      24.6      24.1
   9 TG/CA      19.0      18.1      21.7      21.2
  10 GT/AC      19.3      18.0      18.2      16.8
  11 TT/AA      18.7      17.3      15.9      15.2
  12 TC/GA      18.1       ---      15.3       ---
  13 CA/TG       ---       ---       ---       ---
  14 AG/CT       ---       ---       ---       ---
****************************************************************************
Global linear helical axis defined by equivalent C1' and RN9/YN1 atom pairs
Deviation from regular linear helix: 3.52(0.83)
****************************************************************************
Main chain and chi torsion angles: 

Note: alpha:   O3'(i-1)-P-O5'-C5'
      beta:    P-O5'-C5'-C4'
      gamma:   O5'-C5'-C4'-C3'
      delta:   C5'-C4'-C3'-O3'
      epsilon: C4'-C3'-O3'-P(i+1)
      zeta:    C3'-O3'-P(i+1)-O5'(i+1)

      chi for pyrimidines(Y): O4'-C1'-N1-C2
          chi for purines(R): O4'-C1'-N9-C4

Strand I
  base    alpha    beta   gamma   delta  epsilon   zeta    chi
   1 G     ---     ---     47.7   124.3   169.4  -109.7   -83.1
   2 G    -40.1   157.5    66.5   116.8   172.8   -90.4  -116.1
   3 G    -37.7  -173.3    28.5   119.8  -174.8   -82.3  -113.0
   4 G    -65.9  -164.3    36.7   128.3   154.7   -83.7  -106.7
   5 T    -57.3  -150.1    36.2   110.3   161.5  -105.7  -109.6
   6 G     -1.1   137.9    42.9   115.6  -177.2   -83.7  -113.9
   7 A    -51.9   176.1    33.7   130.4   173.0  -113.9  -109.2
   8 T     76.0   167.7   -85.0   134.5   152.9   -77.5  -126.9
   9 T   -144.2   -99.9    65.8   118.2   -36.7    94.5  -108.4
  10 G      2.0   131.0   -73.2   127.5   171.0   -89.2  -108.0
  11 T    -34.6   170.1    32.9   101.4  -158.8  -101.9  -121.7
  12 T    -31.5   152.0    34.4   107.6  -176.4   -66.9  -122.5
  13 C    -77.1  -164.2    33.1   105.0   171.0   -85.0  -119.1
  14 A    -39.6   168.3    47.8   107.0  -163.2   -94.0  -119.3
  15 G   -108.6   175.3   100.0   122.6    ---     ---   -120.0

Strand II
  base    alpha    beta   gamma   delta  epsilon   zeta    chi
   1 C     -8.2   150.4    19.8   119.2    ---     ---   -130.5
   2 C    -39.5   168.6    54.7   106.7  -146.1  -126.0  -145.0
   3 C    141.0   120.0   100.0   101.6   162.7   -93.0  -123.2
   4 C    -47.5  -170.8    32.9   122.1   119.8    63.9  -115.8
   5 A   -169.6  -149.7    81.9   131.5   154.6   -79.5  -101.1
   6 C    -25.7   111.0   -34.6   135.5   -33.9    83.4   -58.6
   7 T     35.0   118.9   -23.4   105.6   -23.3   107.8  -120.7
   8 A     16.0   130.4    31.4   128.8  -175.7  -135.2  -122.9
   9 A    -66.3  -173.8    41.4   103.3   168.8  -124.8  -116.3
  10 C    -58.2  -176.0    21.5   104.0  -175.9   -73.7  -119.7
  11 A   -105.7  -165.1    84.8   127.3  -171.1   -79.1  -122.9
  12 A    -57.8  -178.0    34.4   111.9   177.1   -82.0  -117.7
  13 G     26.4   118.4    25.9   107.8  -177.8   -81.5  -120.0
  14 T    -57.0   178.7    41.7   106.4   166.3  -120.0  -126.0
  15 C     ---     ---     20.0   118.0  -176.7   -74.8  -115.9
****************************************************************************
Sugar conformational parameters: 

Note: v0: C4'-O4'-C1'-C2'
      v1: O4'-C1'-C2'-C3'
      v2: C1'-C2'-C3'-C4'
      v3: C2'-C3'-C4'-O4'
      v4: C3'-C4'-O4'-C1'

      tm: the amplitude of pucker
      P:  the phase angle of pseudorotation

Strand I
 base       v0      v1      v2      v3      v4      tm       P    Puckering
   1 G    -19.8    23.0   -16.7     5.1     9.3    22.6   137.5    C1'-exo 
   2 G    -19.8    18.9   -10.6    -1.2    13.3    20.3   121.4    C1'-exo 
   3 G    -18.6    18.9   -11.5     0.6    11.4    19.5   126.3    C1'-exo 
   4 G    -15.7    22.4   -19.5    10.5     3.2    21.9   152.7    C2'-endo
   5 T     -9.2     6.7    -1.8    -3.8     8.2     9.3   101.1    O4'-endo
   6 G    -10.4     9.5    -4.9    -1.2     7.4    10.5   118.1    C1'-exo 
   7 A    -19.3    26.2   -21.8    10.6     5.5    25.5   148.9    C2'-endo
   8 T     -5.0    14.1   -16.8    14.3    -6.1    16.8   181.5    C3'-exo 
   9 T    -28.3    27.6   -15.7    -1.1    18.8    29.2   122.6    C1'-exo 
  10 G      4.9    -0.5    -3.7     6.8    -7.5     7.4   240.0    C4'-endo
  11 T    -16.2     8.4     2.1   -12.2    18.1    18.0    83.2    O4'-endo
  12 T    -14.1    10.2    -2.6    -6.0    12.7    14.2   100.4    O4'-endo
  13 C     -8.3     1.8     5.0   -10.2    11.8    11.5    64.6    C4'-exo 
  14 A     -8.1     2.1     4.3    -9.4    11.0    10.8    66.8    C4'-exo 
  15 G     -0.7     3.5    -4.6     4.3    -2.3     4.7   190.0    C3'-exo 

Strand II
 base       v0      v1      v2      v3      v4      tm       P    Puckering
   1 C      1.4     0.4    -2.0     2.9    -2.8     2.9   227.9    C4'-endo
   2 C    -11.7     7.7    -1.0    -6.2    11.3    12.0    94.7    O4'-endo
   3 C    -21.2    12.7     0.3   -13.5    22.2    22.6    89.3    O4'-endo
   4 C    -16.0    22.9   -20.2    11.0     3.0    22.6   153.6    C2'-endo
   5 A     -3.5    12.6   -15.9    14.3    -7.0    16.0   186.1    C3'-exo 
   6 C    -16.9    24.7   -22.0    12.4     2.8    24.3   154.6    C2'-endo
   7 T    -25.0    14.3     1.4   -17.0    26.9    27.0    87.0    O4'-endo
   8 A    -24.6    31.9   -25.3    11.1     8.5    30.8   145.4    C2'-endo
   9 A    -14.7     5.6     5.0   -14.2    18.5    18.0    73.9    O4'-endo
  10 C    -17.2     9.8     0.9   -11.5    18.4    18.5    87.3    O4'-endo
  11 A     -7.3    15.2   -16.4    12.5    -3.4    16.5   172.6    C2'-endo
  12 A     -5.4     1.7     2.4    -5.8     7.1     6.9    69.8    C4'-exo 
  13 G    -18.0    12.1    -1.8    -9.2    17.3    18.5    95.6    O4'-endo
  14 T     -6.5     0.5     5.3    -9.4    10.2    10.1    58.6    C4'-exo 
  15 C     -4.2     6.7    -6.2     3.9     0.2     6.6   159.3    C2'-endo
****************************************************************************
Same strand P--P and C1'--C1' virtual bond distances

                 Strand I                          Strand II
    step      P--P     C1'--C1'       step      P--P     C1'--C1'
   1 G/G       ---      4.76         1 C/C      6.26      5.75
   2 G/G      7.05      5.06         2 C/C      7.43      4.74
   3 G/G      6.25      5.43         3 C/C      6.82      5.75
   4 G/T      6.54      5.44         4 C/A      6.86      4.44
   5 T/G      6.11      4.11         5 A/C      5.33      5.15
   6 G/A      6.65      4.60         6 C/T      4.85      4.34
   7 A/T      6.58      5.62         7 T/A      6.56      5.04
   8 T/T      6.83      5.53         8 A/A      6.31      4.94
   9 T/G      5.31      4.89         9 A/C      5.95      5.19
  10 G/T      5.70      4.57        10 C/A      6.90      5.04
  11 T/T      5.94      4.81        11 A/A      6.36      5.53
  12 T/C      6.43      5.29        12 A/G      6.25      4.88
  13 C/A      6.01      4.57        13 G/T      6.45      4.53
  14 A/G      6.29      5.93        14 T/C       ---      4.73
****************************************************************************
Helix radius (radial displacement of P, O4', and C1' atoms in local helix
   frame of each dimer)

                        Strand I                      Strand II
     step         P        O4'       C1'        P        O4'        C1'
   1 GG/CC      8.64      5.29      4.83      9.25      6.99      6.00
   2 GG/CC     10.92      7.41      7.04      7.60      5.61      4.85
   3 GG/CC      8.88      8.30      7.40     10.65      9.11      8.23
   4 GT/AC     11.38      8.34      8.00      8.27      5.58      5.03
   5 TG/CA      8.53      4.97      4.71      8.71      5.56      5.74
   6 GA/TC      7.26      5.85      4.89     13.38     10.17      9.42
   7 AT/AT     12.91     11.54     10.73     12.83     11.30     10.50
   8 TT/AA     11.00      9.94      8.99     12.09     11.53     10.61
   9 TG/CA     11.94      8.82      7.91      8.82      6.58      5.65
  10 GT/AC     12.43      9.56      8.84      9.07      6.26      5.70
  11 TT/AA      8.60      7.47      6.66      8.27      7.37      6.31
  12 TC/GA      8.86      6.99      6.00      9.38      7.30      6.34
  13 CA/TG      8.53      4.82      4.47      9.17      5.60      5.38
  14 AG/CT     10.15      8.54      7.47      7.38      5.20      4.34
****************************************************************************
Position (Px, Py, Pz) and local helical axis vector (Hx, Hy, Hz)
         for each dinucleotide step

     step       Px        Py        Pz        Hx        Hy        Hz
   1 GG/CC    -22.69      6.80    -13.90      0.97     -0.21      0.14
   2 GG/CC    -18.96      7.42    -10.53      0.96     -0.07      0.28
   3 GG/CC    -16.45      2.34     -9.65      0.64     -0.48     -0.60
   4 GT/AC    -13.05      4.13     -8.28      0.79     -0.53      0.32
   5 TG/CA     -7.28      5.94     -7.48      0.65     -0.63      0.42
   6 GA/TC     -3.25      3.80    -11.94      0.80      0.23      0.55
   7 AT/AT     -0.86      0.44    -14.68      0.96      0.15      0.24
   8 TT/AA      2.72      1.81    -12.15      0.93      0.01      0.37
   9 TG/CA      4.98     -3.29     -9.57      0.98     -0.09      0.17
  10 GT/AC      7.66     -3.35    -10.17      1.00     -0.09     -0.01
  11 TT/AA     10.41     -2.96     -7.03      0.84      0.11      0.53
  12 TC/GA     13.82     -3.49     -5.95      0.94      0.02      0.35
  13 CA/TG     18.45     -3.86     -9.26      0.65      0.75      0.04
  14 AG/CT     20.41     -0.04     -4.89      0.97      0.10      0.23
