****************************************************************************
    3DNA v2.4.0-2018dec18, created and maintained by Dr. Xiang-Jun Lu (xiangjun@x3dna.org)
****************************************************************************
1. The list of the parameters given below correspond to the 5' to 3' direction
   of strand I and 3' to 5' direction of strand II.

2. All angular parameters, except for the phase angle of sugar pseudo-
   rotation, are measured in degrees in the range of [-180, +180], and all
   displacements are measured in Angstrom units.
****************************************************************************
File name: tmpstri
Date and time: Wed Jan  2 10:35:02 2019

Number of base-pairs: 15
Number of atoms: 2489
****************************************************************************
HEADER    DNA BINDING PROTEIN/DNA                 15-MAY-02   1J5N              
TITLE     SOLUTION STRUCTURE OF THE NON-SEQUENCE-SPECIFIC HMGB                  
TITLE    2 PROTEIN NHP6A IN COMPLEX WITH SRY DNA                                
COMPND    MOL_ID: 1;                                                            
COMPND   2 MOLECULE: NONHISTONE CHROMOSOMAL PROTEIN 6A;                         
COMPND   3 CHAIN: A;                                                            
COMPND   4 SYNONYM: NHP6A;                                                      
COMPND   5 ENGINEERED: YES;                                                     
COMPND   6 MOL_ID: 2;                                                           
COMPND   7 MOLECULE: 5'-                                                        
COMPND   8 D(*GP*GP*GP*GP*TP*GP*AP*TP*TP*GP*TP*TP*CP*AP*G)-3';                  
COMPND   9 CHAIN: B;                                                            
COMPND  10 ENGINEERED: YES;                                                     
COMPND  11 OTHER_DETAILS: SRY_DNA G-RICH STRAND;                                
COMPND  12 MOL_ID: 3;                                                           
COMPND  13 MOLECULE: 5'-                                                        
COMPND  14 D(*CP*TP*GP*AP*AP*CP*AP*AP*TP*CP*AP*CP*CP*CP*C)-3';                  
COMPND  15 CHAIN: C;                                                            
COMPND  16 ENGINEERED: YES;                                                     
COMPND  17 OTHER_DETAILS: SRY_DNA C-RICH STRAND                                 
SOURCE    MOL_ID: 1;                                                            
SOURCE   2 ORGANISM_SCIENTIFIC: SACCHAROMYCES CEREVISIAE;                       
SOURCE   3 ORGANISM_COMMON: BAKER'S YEAST;                                      
SOURCE   4 ORGANISM_TAXID: 4932;                                                
SOURCE   5 EXPRESSION_SYSTEM: ESCHERICHIA COLI;                                 
SOURCE   6 EXPRESSION_SYSTEM_TAXID: 562;                                        
SOURCE   7 MOL_ID: 2;                                                           
SOURCE   8 SYNTHETIC: YES;                                                      
SOURCE   9 OTHER_DETAILS: UNLABELED DNA MADE ON A COMMERCIAL                    
SOURCE  10 SYNTHESIZER, 15N,13C-LABELED DNA MADE ENZYMATICALLY IN               
SOURCE  11 VITRO WITH TAQ POLYMERASE;                                           
SOURCE  12 MOL_ID: 3;                                                           
SOURCE  13 SYNTHETIC: YES;                                                      
SOURCE  14 OTHER_DETAILS: UNLABELED DNA MADE ON A COMMERCIAL                    
SOURCE  15 SYNTHESIZER, 15N,13C-LABELED DNA MADE ENZYMATICALLY IN               
SOURCE  16 VITRO WITH TAQ POLYMERASE                                            
KEYWDS    HMG-BOX, HMGB, PROTEIN-DNA COMPLEX, ALPHA HELIX, DOUBLE               
KEYWDS   2 HELIX, DNA BINDING PROTEIN/DNA COMPLEX                               
EXPDTA    SOLUTION NMR                                                          
AUTHOR    J.E.MASSE,B.WONG,Y.-M.YEN,F.H.-T.ALLAIN,R.C.JOHNSON,J.FEIGON          
REVDAT   2   24-FEB-09 1J5N    1       VERSN                                    
REVDAT   1   16-OCT-02 1J5N    0                                                
JRNL        AUTH   J.E.MASSE,B.WONG,Y.-M.YEN,F.H.-T.ALLAIN,                     
JRNL        AUTH 2 R.C.JOHNSON,J.FEIGON                                         
JRNL        TITL   THE S. CEREVISIAE ARCHITECTURAL HMGB PROTEIN NHP6A           
JRNL        TITL 2 COMPLEXED WITH DNA: DNA AND PROTEIN CONFORMATIONAL           
JRNL        TITL 3 CHANGES UPON BINDING                                         
JRNL        REF    J.MOL.BIOL.                   V. 323   263 2002              
JRNL        REFN                   ISSN 0022-2836                               
JRNL        PMID   12381320                                                     
JRNL        DOI    10.1016/S0022-2836(02)00938-5                                
HELIX    1   1 SER A   26  ASN A   43  1                                  18    
HELIX    2   2 THR A   47  THR A   63  1                                  17    
HELIX    3   3 THR A   63  ALA A   93  1                                  31    
****************************************************************************
RMSD of the bases (----- for WC bp, + for isolated bp, x for helix change)

            Strand I                    Strand II          Helix
   1   (0.008) ...2>B:.101_:[.DG]G-----C[.DC]:.130_:C<...2 (0.011)     |
   2   (0.008) ...2>B:.102_:[.DG]G-----C[.DC]:.129_:C<...2 (0.013)     |
   3   (0.008) ...2>B:.103_:[.DG]G-----C[.DC]:.128_:C<...2 (0.010)     |
   4   (0.008) ...2>B:.104_:[.DG]G-----C[.DC]:.127_:C<...2 (0.011)     |
   5   (0.022) ...2>B:.105_:[.DT]T-----A[.DA]:.126_:C<...2 (0.017)     |
   6   (0.008) ...2>B:.106_:[.DG]G-----C[.DC]:.125_:C<...2 (0.009)     |
   7   (0.014) ...2>B:.107_:[.DA]A-----T[.DT]:.124_:C<...2 (0.022)     |
   8   (0.023) ...2>B:.108_:[.DT]T-----A[.DA]:.123_:C<...2 (0.011)     |
   9   (0.023) ...2>B:.109_:[.DT]T-----A[.DA]:.122_:C<...2 (0.012)     |
  10   (0.007) ...2>B:.110_:[.DG]G-----C[.DC]:.121_:C<...2 (0.011)     |
  11   (0.022) ...2>B:.111_:[.DT]T-----A[.DA]:.120_:C<...2 (0.019)     |
  12   (0.021) ...2>B:.112_:[.DT]T-----A[.DA]:.119_:C<...2 (0.019)     |
  13   (0.013) ...2>B:.113_:[.DC]C-----G[.DG]:.118_:C<...2 (0.009)     |
  14   (0.014) ...2>B:.114_:[.DA]A-----T[.DT]:.117_:C<...2 (0.021)     |
  15   (0.008) ...2>B:.115_:[.DG]G-----C[.DC]:.116_:C<...2 (0.012)     |
****************************************************************************
Detailed H-bond information: atom-name pair and length [ O N]
   1 G-----C  [3]  O6 - N4  2.85  N1 - N3  2.90  N2 - O2  2.86
   2 G-----C  [3]  O6 - N4  2.86  N1 - N3  2.90  N2 - O2  2.79
   3 G-----C  [3]  O6 - N4  2.88  N1 - N3  2.94  N2 - O2  2.87
   4 G-----C  [3]  O6 - N4  2.81  N1 - N3  2.88  N2 - O2  2.82
   5 T-----A  [2]  N3 - N1  2.82  O4 - N6  2.50
   6 G-----C  [3]  O6 - N4  2.89  N1 - N3  2.93  N2 - O2  2.84
   7 A-----T  [2]  N6 - O4  2.89  N1 - N3  2.90
   8 T-----A  [2]  N3 - N1  2.96  O4 - N6  2.80
   9 T-----A  [2]  N3 - N1  2.92  O4 - N6  2.93
  10 G-----C  [3]  O6 - N4  2.90  N1 - N3  2.86  N2 - O2  2.73
  11 T-----A  [2]  N3 - N1  2.83  O4 - N6  2.48
  12 T-----A  [2]  N3 - N1  2.88  O4 - N6  2.81
  13 C-----G  [3]  O2 - N2  2.88  N3 - N1  2.88  N4 - O6  2.77
  14 A-----T  [2]  N6 - O4  2.86  N1 - N3  2.86
  15 G-----C  [3]  O6 - N4  2.82  N1 - N3  2.91  N2 - O2  2.87
****************************************************************************
Overlap area in Angstrom^2 between polygons defined by atoms on successive
bases. Polygons projected in the mean plane of the designed base-pair step.

Values in parentheses measure the overlap of base ring atoms only. Those
outside parentheses include exocyclic atoms on the ring. Intra- and
inter-strand overlap is designated according to the following diagram:

                    i2  3'      5' j2
                       /|\      |
                        |       |
               Strand I |       | II
                        |       |
                        |       |
                        |      \|/
                    i1  5'      3' j1

     step      i1-i2        i1-j2        j1-i2        j1-j2        sum
   1 GG/CC  8.33( 5.37)  0.00( 0.00)  0.00( 0.00)  3.05( 0.00) 11.38( 5.37)
   2 GG/CC  4.29( 1.94)  0.00( 0.00)  0.00( 0.00)  2.06( 0.18)  6.35( 2.11)
   3 GG/CC  5.55( 2.51)  0.00( 0.00)  0.00( 0.00)  6.22( 2.22) 11.78( 4.73)
   4 GT/AC  2.88( 0.02)  0.00( 0.00)  0.00( 0.00)  4.46( 2.90)  7.33( 2.91)
   5 TG/CA  7.94( 3.47)  0.00( 0.00)  0.00( 0.00)  0.18( 0.00)  8.11( 3.47)
   6 GA/TC  6.18( 3.63)  0.00( 0.00)  0.00( 0.00)  4.16( 1.33) 10.34( 4.96)
   7 AT/AT  6.70( 3.07)  0.00( 0.00)  0.00( 0.00)  6.41( 2.63) 13.11( 5.70)
   8 TT/AA  5.32( 0.54)  0.00( 0.00)  0.00( 0.00)  3.18( 2.39)  8.50( 2.93)
   9 TG/CA  2.38( 0.39)  0.00( 0.00)  0.00( 0.00)  4.33( 2.14)  6.72( 2.53)
  10 GT/AC  5.61( 1.00)  0.00( 0.00)  0.00( 0.00)  5.13( 3.59) 10.74( 4.59)
  11 TT/AA  7.66( 1.76)  0.00( 0.00)  0.00( 0.00)  2.63( 1.17) 10.29( 2.92)
  12 TC/GA  4.02( 0.75)  0.00( 0.00)  0.00( 0.00)  6.01( 3.08) 10.03( 3.82)
  13 CA/TG  2.55( 0.57)  0.00( 0.00)  0.00( 0.00)  1.59( 0.00)  4.15( 0.57)
  14 AG/CT  3.59( 2.10)  0.00( 0.00)  0.00( 0.00)  7.16( 1.72) 10.75( 3.82)
****************************************************************************
Origin (Ox, Oy, Oz) and mean normal vector (Nx, Ny, Nz) of each base-pair in
   the coordinate system of the given structure

      bp        Ox        Oy        Oz        Nx        Ny        Nz
    1 G-C    -21.689    13.608   -14.687     0.613    -0.707     0.353
    2 G-C    -19.269    10.076   -12.050     0.676    -0.658     0.332
    3 G-C    -15.914     8.250   -10.937     0.839    -0.531     0.118
    4 G-C    -12.867     6.073   -10.406     0.631    -0.717     0.296
    5 T-A     -9.831     5.460    -8.958     0.824    -0.531     0.197
    6 G-C     -6.870     2.607   -10.150     0.877    -0.236     0.418
    7 A-T     -4.008     1.380    -8.551     0.905    -0.310     0.289
    8 T-A     -1.180    -1.274    -7.754     0.934    -0.338     0.117
    9 T-A      1.741    -3.109    -7.501     0.876    -0.380     0.297
   10 G-C      4.929    -4.176    -6.750     0.999    -0.018     0.042
   11 T-A      8.262    -5.596    -7.769     0.995     0.102    -0.001
   12 T-A     11.780    -3.897    -7.411     0.919     0.393     0.023
   13 C-G     14.354    -2.440    -6.873     0.793     0.546     0.271
   14 A-T     17.059    -0.357    -5.925     0.837     0.545     0.053
   15 G-C     21.186     1.677    -5.998     0.797     0.549     0.252
****************************************************************************
Local base-pair parameters
     bp        Shear    Stretch   Stagger    Buckle  Propeller  Opening
    1 G-C      -0.85     -0.36      0.30      4.49      3.69     -1.71
    2 G-C       0.59     -0.12     -0.25     -6.84     -1.74     -1.04
    3 G-C      -0.23     -0.13     -0.33     -5.40     -5.56     -1.44
    4 G-C       0.66     -0.17     -0.44     -5.33      7.02     -3.06
    5 T-A      -1.31     -0.32      0.50     -3.68    -23.11    -20.73
    6 G-C      -0.27     -0.14      0.25     -0.58      2.89     -0.97
    7 A-T       0.79     -0.08      0.08      0.35     -5.48     -2.04
    8 T-A      -0.09     -0.05      0.42    -12.35     -2.37     -6.99
    9 T-A      -0.32     -0.05      0.21      1.37      9.79     -1.16
   10 G-C       0.53     -0.15      0.40      7.19     14.47      2.96
   11 T-A      -1.22     -0.41      0.76      9.19     -5.41    -14.74
   12 T-A      -0.94     -0.14      0.23     -0.05    -10.79     -5.39
   13 C-G       0.26     -0.29      0.60      2.39     -8.24     -4.93
   14 A-T      -0.67     -0.33      0.59     15.37     -6.49     -3.25
   15 G-C       0.34     -0.15      0.63      6.94     -4.73     -3.75
          ~~~~~~~~~~~~~~~~~~~~~~~~~~~~~~~~~~~~~~~~~~~~~~~~~~~~~~~~~~~~
      ave.     -0.18     -0.19      0.26      0.87     -2.40     -4.55
      s.d.      0.70      0.12      0.36      7.11      9.15      5.94
****************************************************************************
Local base-pair step parameters
    step       Shift     Slide      Rise      Tilt      Roll     Twist
   1 GG/CC      0.95      0.78      4.88      4.65     -0.77     37.87
   2 GG/CC     -0.05     -0.67      3.92      5.42    -16.25     28.06
   3 GG/CC     -0.41      0.03      3.76     -1.09     19.02     29.80
   4 GT/AC     -1.40     -0.92      2.98     -3.85    -15.94     29.09
   5 TG/CA      2.23      1.57      3.30      5.31    -20.82     42.36
   6 GA/TC     -0.16     -0.49      3.46     -1.03      8.63     31.34
   7 AT/AT      0.00     -1.56      3.64      0.58     10.14     25.60
   8 TT/AA      0.16     -0.76      3.37     -1.20    -11.03     26.66
   9 TG/CA     -0.39     -0.13      3.42     -3.31     26.34     26.57
  10 GT/AC     -1.16     -1.50      3.25      0.34      7.31     24.08
  11 TT/AA      0.81      0.15      3.83      2.22     17.19     34.88
  12 TC/GA      0.10      0.03      3.01     -0.98     18.27     40.57
  13 CA/TG      0.41     -0.15      3.52      0.99    -12.74     21.36
  14 AG/CT     -0.55      0.81      4.50      4.90     10.54     35.82
          ~~~~~~~~~~~~~~~~~~~~~~~~~~~~~~~~~~~~~~~~~~~~~~~~~~~~~~~~~~~~
      ave.      0.04     -0.20      3.63      0.92      2.85     31.00
      s.d.      0.91      0.88      0.53      3.14     15.56      6.38
****************************************************************************
Local base-pair helical parameters
    step       X-disp    Y-disp   h-Rise     Incl.       Tip   h-Twist
   1 GG/CC      1.34     -0.56      4.94     -1.18     -7.13     38.15
   2 GG/CC      2.33      1.26      3.69    -30.22    -10.07     32.78
   3 GG/CC     -3.24      0.49      3.22     33.07      1.89     35.25
   4 GT/AC      1.09      1.80      3.20    -29.01      7.00     33.31
   5 TG/CA      3.57     -2.37      2.56    -26.84     -6.84     47.27
   6 GA/TC     -2.45      0.10      3.22     15.61      1.87     32.50
   7 AT/AT     -5.84      0.13      2.82     21.83     -1.24     27.51
   8 TT/AA      1.12     -0.61      3.40    -22.71      2.48     28.84
   9 TG/CA     -3.86      0.15      2.39     45.40      5.70     37.38
  10 GT/AC     -5.44      2.76      2.67     17.02     -0.79     25.15
  11 TT/AA     -2.29     -0.90      3.57     26.73     -3.46     38.83
  12 TC/GA     -1.53     -0.21      2.77     24.89      1.33     44.34
  13 CA/TG      3.85     -0.64      3.12    -31.05     -2.40     24.85
  14 AG/CT     -0.67      1.75      4.44     16.61     -7.72     37.60
          ~~~~~~~~~~~~~~~~~~~~~~~~~~~~~~~~~~~~~~~~~~~~~~~~~~~~~~~~~~~~
      ave.     -0.86      0.23      3.29      4.30     -1.38     34.55
      s.d.      3.16      1.32      0.71     26.99      5.18      6.68
****************************************************************************
The 'simple' parameters are intuitive for non-Watson-Crick base pairs
and associated base-pair steps (where the above corresponding 3DNA
parameters often appear cryptic). Note that they are for structural
*description* only, not to be fed into the 'rebuild' program. See URL
http://x3dna.org/highlights/details-on-the-simple-base-pair-parameters
and related blogposts on the 3DNA home page for details.

This structure contains 0 non-Watson-Crick (with leading *) base pair(s)
----------------------------------------------------------------------------
Simple base-pair parameters based on RC8--YC6 vectors
      bp        Shear    Stretch   Stagger    Buckle  Propeller  Opening  angle
     1 G-C      -0.87     -0.29      0.30      4.77      3.31     -1.71    5.8
     2 G-C       0.59     -0.08     -0.25     -6.71     -2.18     -1.04    7.1
     3 G-C      -0.23     -0.13     -0.33     -5.49     -5.46     -1.44    7.7
     4 G-C       0.67     -0.12     -0.44     -5.81      6.63     -3.05    8.8
     5 T-A      -1.34     -0.14      0.50     -6.81    -22.39    -20.33   23.4
     6 G-C      -0.27     -0.13      0.25     -0.52      2.90     -0.97    2.9
     7 A-T       0.79     -0.02      0.08      0.81     -5.43     -2.04    5.5
     8 T-A      -0.10     -0.05      0.42    -12.38     -2.23     -7.02   12.6
     9 T-A      -0.32     -0.03      0.21      1.74      9.73     -1.16    9.9
    10 G-C       0.54     -0.11      0.40      6.30     14.88      2.94   16.2
    11 T-A      -1.27     -0.24      0.76      8.39     -6.57    -14.77   10.7
    12 T-A      -0.95     -0.05      0.23     -1.12    -10.73     -5.37   10.8
    13 C-G       0.27     -0.28      0.60      2.57     -8.18     -4.91    8.6
    14 A-T      -0.69     -0.28      0.59     14.86     -7.57     -3.27   16.7
    15 G-C       0.34     -0.14      0.63      7.11     -4.46     -3.75    8.4
           ~~~~~~~~~~~~~~~~~~~~~~~~~~~~~~~~~~~~~~~~~~~~~~~~~~~~~~~~~~~~
       ave.     -0.19     -0.14      0.26      0.51     -2.52     -4.53
       s.d.      0.71      0.09      0.36      7.18      9.09      5.87
----------------------------------------------------------------------------
Simple base-pair step parameters based on consecutive C1'-C1' vectors
      step       Shift     Slide      Rise      Tilt      Roll     Twist
     1 GG/CC      0.96      0.76      4.88      4.63     -0.87     30.18
     2 GG/CC     -0.04     -0.67      3.92      5.58    -16.20     32.07
     3 GG/CC     -0.41      0.02      3.76     -1.38     19.00     25.13
     4 GT/AC     -1.43     -0.88      2.98     -4.28    -15.83     38.66
     5 TG/CA      2.33      1.41      3.30      3.89    -21.13     37.44
     6 GA/TC     -0.15     -0.50      3.46     -1.23      8.61     25.85
     7 AT/AT      0.05     -1.56      3.64      0.27     10.15     30.25
     8 TT/AA      0.14     -0.76      3.37     -1.41    -11.00     27.69
     9 TG/CA     -0.39     -0.14      3.42     -3.61     26.30     22.06
    10 GT/AC     -1.21     -1.47      3.25      0.56      7.29     33.38
    11 TT/AA      0.83      0.07      3.83      3.87     16.89     33.16
    12 TC/GA      0.10      0.03      3.01     -0.52     18.29     34.03
    13 CA/TG      0.41     -0.16      3.52      0.73    -12.76     27.35
    14 AG/CT     -0.53      0.82      4.50      5.17     10.42     30.45
            ~~~~~~~~~~~~~~~~~~~~~~~~~~~~~~~~~~~~~~~~~~~~~~~~~~~~~~~~~~~~
        ave.      0.05     -0.22      3.63      0.88      2.80     30.55
        s.d.      0.93      0.85      0.53      3.24     15.56      4.68
****************************************************************************
Structure classification: 

This is a right-handed nucleic acid structure
****************************************************************************
lambda: virtual angle between C1'-YN1 or C1'-RN9 glycosidic bonds and the
        base-pair C1'-C1' line

C1'-C1': distance between C1' atoms for each base-pair
RN9-YN1: distance between RN9-YN1 atoms for each base-pair
RC8-YC6: distance between RC8-YC6 atoms for each base-pair

    bp     lambda(I) lambda(II)  C1'-C1'   RN9-YN1   RC8-YC6
   1 G-C      50.6      56.3      10.6       8.8       9.7
   2 G-C      58.0      48.0      10.8       9.0       9.9
   3 G-C      53.3      54.2      10.7       9.0       9.9
   4 G-C      56.4      48.4      10.8       9.0       9.9
   5 T-A      39.5      53.6      11.1       9.1       9.6
   6 G-C      52.6      55.6      10.7       9.0       9.9
   7 A-T      59.8      50.5      10.7       9.0       9.9
   8 T-A      52.3      51.2      10.9       9.1       9.8
   9 T-A      53.2      57.3      10.7       9.0       9.9
  10 G-C      60.5      52.4      10.5       8.9       9.9
  11 T-A      41.8      57.7      10.8       8.9       9.6
  12 T-A      47.1      59.5      10.7       9.0       9.9
  13 C-G      51.3      52.2      10.7       8.9       9.7
  14 A-T      50.8      57.7      10.4       8.7       9.6
  15 G-C      54.8      48.4      10.8       9.0       9.9
****************************************************************************
Classification of each dinucleotide step in a right-handed nucleic acid
structure: A-like; B-like; TA-like; intermediate of A and B, or other cases.

    step       Xp      Yp      Zp     XpH     YpH     ZpH    Form
   1 GG/CC   -1.47    8.90    0.74   -0.09    8.92    0.49      
   2 GG/CC   -1.67    9.02    0.88    0.73    8.29   -3.70      
   3 GG/CC   -2.33    9.37    0.20   -5.44    7.86    5.12      
   4 GT/AC   -2.14    8.99   -0.34   -1.14    7.79   -4.48      
   5 TG/CA   -0.99    9.04   -0.21    2.29    8.11   -4.00      
   6 GA/TC   -2.44    9.40    1.01   -4.79    8.82    3.40      
   7 AT/AT   -2.63    9.35    1.29   -8.30    8.25    4.59      
   8 TT/AA   -2.30    9.08    1.16   -1.23    8.86   -2.30      
   9 TG/CA   -2.50    9.47    1.07   -6.12    6.09    7.32      
  10 GT/AC   -2.66    9.24    1.07   -7.98    8.55    3.68      
  11 TT/AA   -1.37    9.15    1.09   -3.55    7.81    4.88  *TA*
  12 TC/GA   -2.00    9.43    0.80   -3.42    8.35    4.45  *TA*
  13 CA/TG   -1.19    9.00    1.14    2.55    8.34   -3.57      
  14 AG/CT   -1.32    9.09    0.76   -2.02    8.55    3.16      
****************************************************************************
Minor and major groove widths: direct P-P distances and refined P-P distances
   which take into account the directions of the sugar-phosphate backbones

   (Subtract 5.8 Angstrom from the values to take account of the vdw radii
    of the phosphate groups, and for comparison with FreeHelix and Curves.)

Ref: M. A. El Hassan and C. R. Calladine (1998). ``Two Distinct Modes of
     Protein-induced Bending in DNA.'' J. Mol. Biol., v282, pp331-343.

                  Minor Groove        Major Groove
                 P-P     Refined     P-P     Refined
   1 GG/CC       ---       ---       ---       ---
   2 GG/CC       ---       ---       ---       ---
   3 GG/CC      15.0       ---      20.3       ---
   4 GT/AC      14.7      14.7      18.7      18.0
   5 TG/CA      13.3      13.3      19.8      19.6
   6 GA/TC      13.6      13.6      18.9      18.6
   7 AT/AT      15.1      14.8      20.7      20.5
   8 TT/AA      17.1      16.5      22.4      21.2
   9 TG/CA      19.3      18.4      18.5      15.4
  10 GT/AC      19.4      17.8      16.2      12.3
  11 TT/AA      18.3      16.6      13.9      12.4
  12 TC/GA      17.6       ---      14.6       ---
  13 CA/TG       ---       ---       ---       ---
  14 AG/CT       ---       ---       ---       ---
****************************************************************************
Global linear helical axis defined by equivalent C1' and RN9/YN1 atom pairs
Deviation from regular linear helix: 3.16(0.94)
****************************************************************************
Main chain and chi torsion angles: 

Note: alpha:   O3'(i-1)-P-O5'-C5'
      beta:    P-O5'-C5'-C4'
      gamma:   O5'-C5'-C4'-C3'
      delta:   C5'-C4'-C3'-O3'
      epsilon: C4'-C3'-O3'-P(i+1)
      zeta:    C3'-O3'-P(i+1)-O5'(i+1)

      chi for pyrimidines(Y): O4'-C1'-N1-C2
          chi for purines(R): O4'-C1'-N9-C4

Strand I
  base    alpha    beta   gamma   delta  epsilon   zeta    chi
   1 G     ---     ---     47.6   124.3   169.7  -110.4   -82.3
   2 G    -38.6   156.9    65.2   116.5   166.8  -110.3  -115.5
   3 G     -4.4   163.8    27.1   121.7  -176.7   -83.2  -114.0
   4 G    -83.4  -160.5    48.2   132.2     0.2    57.9  -101.6
   5 T    178.8  -120.0    64.8   100.4   171.3  -102.0  -105.4
   6 G    -27.3   141.9    55.5   111.6  -179.9   -83.4  -120.6
   7 A    -51.1   172.8    42.0   105.9   179.2   -69.0  -128.9
   8 T    -74.8  -179.2    64.6   107.7  -178.6  -143.6  -137.3
   9 T     44.3    93.2     8.4    94.1  -155.2  -109.7  -119.0
  10 G    -28.5   161.1    17.7   115.9   173.9   -90.7  -115.4
  11 T    -40.9  -169.8    22.7   110.0  -163.8   -86.8  -122.6
  12 T    -50.0   166.6    43.5   110.9  -175.3   -66.4  -124.2
  13 C    -77.5  -164.9    32.6   104.9   170.4   -85.8  -118.9
  14 A    -37.8   166.0    48.7   106.7  -164.6   -93.4  -120.0
  15 G   -108.7   177.5   100.0   122.6    ---     ---   -120.0

Strand II
  base    alpha    beta   gamma   delta  epsilon   zeta    chi
   1 C     -8.0   150.5    19.9   119.0    ---     ---   -130.4
   2 C    -39.7   164.7    56.2   104.9  -147.5  -126.1  -142.6
   3 C    -38.7   168.0    31.4   109.4   162.9   -93.4  -116.7
   4 C   -125.0  -123.3    61.7   110.4  -167.7   -96.5  -106.9
   5 A    144.5  -134.3   112.4   120.0   119.9   -49.5  -107.4
   6 C    -61.2  -173.1    39.9   125.6   -39.3    94.7  -111.0
   7 T    -49.2  -167.2    23.4   116.3  -174.1   -77.5  -125.1
   8 A     -9.9   160.0    34.8   123.9   176.6   -86.8  -114.3
   9 A    -67.0  -171.6    42.6   109.4   160.8  -101.8  -112.3
  10 C    -75.8  -171.4    12.7   101.0  -175.8   -72.8  -118.1
  11 A   -170.8  -163.2   149.8   138.6  -165.6   -66.5  -134.3
  12 A    -61.4  -173.5    32.9   111.5   169.1   -91.9  -116.4
  13 G     23.5   121.0    29.1   109.4  -176.5   -79.5  -121.3
  14 T    -56.9   178.5    41.9   105.9   164.7  -117.9  -126.6
  15 C     ---     ---     19.9   118.0  -176.7   -74.9  -116.2
****************************************************************************
Sugar conformational parameters: 

Note: v0: C4'-O4'-C1'-C2'
      v1: O4'-C1'-C2'-C3'
      v2: C1'-C2'-C3'-C4'
      v3: C2'-C3'-C4'-O4'
      v4: C3'-C4'-O4'-C1'

      tm: the amplitude of pucker
      P:  the phase angle of pseudorotation

Strand I
 base       v0      v1      v2      v3      v4      tm       P    Puckering
   1 G    -19.8    23.0   -16.7     5.1     9.3    22.6   137.5    C1'-exo 
   2 G    -19.6    18.5   -10.1    -1.6    13.4    19.9   120.3    C1'-exo 
   3 G    -17.4    19.1   -12.9     2.7     9.3    19.0   132.6    C1'-exo 
   4 G    -17.7    22.4   -17.4     7.2     6.6    21.6   143.6    C1'-exo 
   5 T    -22.1    14.0    -0.9   -12.7    22.1    23.1    92.2    O4'-endo
   6 G    -12.4     8.6    -1.6    -6.0    11.7    12.7    97.4    O4'-endo
   7 A     -7.4    -0.4     7.3   -12.0    12.4    12.6    54.4    C4'-exo 
   8 T    -25.8    21.2    -8.6    -7.0    20.9    25.8   109.4    C1'-exo 
   9 T    -25.8    14.4     2.0   -18.1    28.1    28.1    86.0    O4'-endo
  10 G    -10.1     9.6    -5.4    -0.6     6.8    10.3   121.4    C1'-exo 
  11 T    -10.8     7.2    -1.1    -5.5    10.4    11.1    95.5    O4'-endo
  12 T    -12.7    10.2    -3.8    -3.8    10.4    12.6   107.6    O4'-endo
  13 C     -8.5     1.8     5.1   -10.5    12.1    11.8    64.4    C4'-exo 
  14 A     -8.2     2.1     4.4    -9.6    11.2    11.1    66.4    C4'-exo 
  15 G     -0.6     3.4    -4.6     4.3    -2.4     4.7   190.9    C3'-exo 

Strand II
 base       v0      v1      v2      v3      v4      tm       P    Puckering
   1 C      1.4     0.4    -1.9     2.8    -2.7     2.9   229.1    C4'-endo
   2 C    -12.2     7.2     0.3    -7.7    12.5    12.9    88.9    O4'-endo
   3 C    -15.3    11.2    -2.9    -6.4    13.9    15.5   100.9    O4'-endo
   4 C    -17.8    14.7    -6.0    -4.7    14.3    17.8   109.6    C1'-exo 
   5 A    -10.5    16.0   -14.7     8.8     1.0    15.9   157.5    C2'-endo
   6 C    -20.8    23.7   -16.8     4.6    10.2    23.4   135.9    C1'-exo 
   7 T    -15.9    15.7    -9.3    -0.2    10.2    16.5   124.2    C1'-exo 
   8 A    -22.4    27.3   -20.7     7.6     9.4    26.6   141.0    C1'-exo 
   9 A    -14.8    10.1    -1.8    -7.1    14.0    15.0    96.9    O4'-endo
  10 C    -18.3     9.7     2.1   -13.5    20.4    20.2    84.0    O4'-endo
  11 A     -9.2    22.3   -25.3    20.7    -7.6    25.3   177.6    C2'-endo
  12 A     -4.5     1.4     2.0    -4.8     5.9     5.7    70.0    C4'-exo 
  13 G    -18.4    13.4    -3.4    -7.7    16.6    18.6   100.6    O4'-endo
  14 T     -6.4    -0.0     5.9   -10.0    10.5    10.6    56.0    C4'-exo 
  15 C     -4.6     6.9    -6.2     3.7     0.5     6.8   156.5    C2'-endo
****************************************************************************
Same strand P--P and C1'--C1' virtual bond distances

                 Strand I                          Strand II
    step      P--P     C1'--C1'       step      P--P     C1'--C1'
   1 G/G       ---      4.76         1 C/C      6.34      5.74
   2 G/G      7.08      4.97         2 C/C      6.57      4.52
   3 G/G      6.49      5.49         3 C/C      5.51      5.04
   4 G/T      6.37      5.00         4 C/A      7.14      4.60
   5 T/G      5.66      3.97         5 A/C      5.91      5.31
   6 G/A      6.85      4.66         6 C/T      6.05      5.13
   7 A/T      6.39      5.08         7 T/A      6.61      5.15
   8 T/T      6.64      4.93         8 A/A      6.46      4.67
   9 T/G      5.01      5.36         9 A/C      5.75      5.23
  10 G/T      6.37      5.34        10 C/A      7.54      5.29
  11 T/T      5.83      4.86        11 A/A      6.37      5.33
  12 T/C      6.46      5.27        12 A/G      6.34      5.04
  13 C/A      6.04      4.51        13 G/T      6.47      4.50
  14 A/G      6.35      5.94        14 T/C       ---      4.73
****************************************************************************
Helix radius (radial displacement of P, O4', and C1' atoms in local helix
   frame of each dimer)

                        Strand I                      Strand II
     step         P        O4'       C1'        P        O4'        C1'
   1 GG/CC      8.67      5.35      4.87      9.21      7.00      6.00
   2 GG/CC      9.15      5.52      5.53      7.49      3.99      3.58
   3 GG/CC     10.21      8.58      7.56      8.91      7.93      6.99
   4 GT/AC      9.61      6.49      6.60      6.15      3.20      3.14
   5 TG/CA      6.43      3.00      2.80     10.47      7.60      7.56
   6 GA/TC      9.86      7.98      7.04     10.24      7.96      7.11
   7 AT/AT     11.87     10.20      9.53     11.53     10.19      9.51
   8 TT/AA      8.30      5.05      4.58      9.69      6.13      5.84
   9 TG/CA      8.12      7.95      6.93      9.14      8.41      7.52
  10 GT/AC     13.20     11.84     10.92     10.57      8.26      7.82
  11 TT/AA      8.09      6.99      6.22      9.20      7.83      6.79
  12 TC/GA      8.79      7.02      6.04      9.26      7.22      6.26
  13 CA/TG      8.45      4.69      4.43      9.01      5.41      5.30
  14 AG/CT     10.11      8.49      7.42      7.46      5.25      4.40
****************************************************************************
Position (Px, Py, Pz) and local helical axis vector (Hx, Hy, Hz)
         for each dinucleotide step

     step       Px        Py        Pz        Hx        Hy        Hz
   1 GG/CC    -20.58     10.98    -14.43      0.64     -0.63      0.45
   2 GG/CC    -16.27     10.62    -13.10      0.83     -0.17      0.53
   3 GG/CC    -15.94      5.52     -8.50      0.51     -0.82     -0.25
   4 GT/AC    -11.52      7.46     -8.60      0.67     -0.35      0.65
   5 TG/CA     -5.63      6.86     -9.54      0.57     -0.55      0.60
   6 GA/TC     -5.07      0.52    -11.15      0.97     -0.05      0.24
   7 AT/AT     -1.69     -0.65    -13.71      0.99      0.04      0.16
   8 TT/AA      0.23     -2.11     -6.39      0.73     -0.68      0.08
   9 TG/CA      4.71     -1.13     -9.40      0.67      0.26      0.69
  10 GT/AC      7.20     -0.56    -11.31      0.95      0.14      0.29
  11 TT/AA      9.05     -2.99     -6.43      0.88      0.19      0.44
  12 TC/GA     12.49     -2.58     -5.97      0.91      0.15      0.38
  13 CA/TG     17.24     -1.82     -9.86      0.43      0.90      0.08
  14 AG/CT     18.54      1.88     -4.81      0.94      0.27      0.18
