****************************************************************************
    3DNA v2.4.0-2018dec18, created and maintained by Dr. Xiang-Jun Lu (xiangjun@x3dna.org)
****************************************************************************
1. The list of the parameters given below correspond to the 5' to 3' direction
   of strand I and 3' to 5' direction of strand II.

2. All angular parameters, except for the phase angle of sugar pseudo-
   rotation, are measured in degrees in the range of [-180, +180], and all
   displacements are measured in Angstrom units.
****************************************************************************
File name: tmpstri
Date and time: Wed Jan  2 10:35:02 2019

Number of base-pairs: 15
Number of atoms: 2489
****************************************************************************
HEADER    DNA BINDING PROTEIN/DNA                 15-MAY-02   1J5N              
TITLE     SOLUTION STRUCTURE OF THE NON-SEQUENCE-SPECIFIC HMGB                  
TITLE    2 PROTEIN NHP6A IN COMPLEX WITH SRY DNA                                
COMPND    MOL_ID: 1;                                                            
COMPND   2 MOLECULE: NONHISTONE CHROMOSOMAL PROTEIN 6A;                         
COMPND   3 CHAIN: A;                                                            
COMPND   4 SYNONYM: NHP6A;                                                      
COMPND   5 ENGINEERED: YES;                                                     
COMPND   6 MOL_ID: 2;                                                           
COMPND   7 MOLECULE: 5'-                                                        
COMPND   8 D(*GP*GP*GP*GP*TP*GP*AP*TP*TP*GP*TP*TP*CP*AP*G)-3';                  
COMPND   9 CHAIN: B;                                                            
COMPND  10 ENGINEERED: YES;                                                     
COMPND  11 OTHER_DETAILS: SRY_DNA G-RICH STRAND;                                
COMPND  12 MOL_ID: 3;                                                           
COMPND  13 MOLECULE: 5'-                                                        
COMPND  14 D(*CP*TP*GP*AP*AP*CP*AP*AP*TP*CP*AP*CP*CP*CP*C)-3';                  
COMPND  15 CHAIN: C;                                                            
COMPND  16 ENGINEERED: YES;                                                     
COMPND  17 OTHER_DETAILS: SRY_DNA C-RICH STRAND                                 
SOURCE    MOL_ID: 1;                                                            
SOURCE   2 ORGANISM_SCIENTIFIC: SACCHAROMYCES CEREVISIAE;                       
SOURCE   3 ORGANISM_COMMON: BAKER'S YEAST;                                      
SOURCE   4 ORGANISM_TAXID: 4932;                                                
SOURCE   5 EXPRESSION_SYSTEM: ESCHERICHIA COLI;                                 
SOURCE   6 EXPRESSION_SYSTEM_TAXID: 562;                                        
SOURCE   7 MOL_ID: 2;                                                           
SOURCE   8 SYNTHETIC: YES;                                                      
SOURCE   9 OTHER_DETAILS: UNLABELED DNA MADE ON A COMMERCIAL                    
SOURCE  10 SYNTHESIZER, 15N,13C-LABELED DNA MADE ENZYMATICALLY IN               
SOURCE  11 VITRO WITH TAQ POLYMERASE;                                           
SOURCE  12 MOL_ID: 3;                                                           
SOURCE  13 SYNTHETIC: YES;                                                      
SOURCE  14 OTHER_DETAILS: UNLABELED DNA MADE ON A COMMERCIAL                    
SOURCE  15 SYNTHESIZER, 15N,13C-LABELED DNA MADE ENZYMATICALLY IN               
SOURCE  16 VITRO WITH TAQ POLYMERASE                                            
KEYWDS    HMG-BOX, HMGB, PROTEIN-DNA COMPLEX, ALPHA HELIX, DOUBLE               
KEYWDS   2 HELIX, DNA BINDING PROTEIN/DNA COMPLEX                               
EXPDTA    SOLUTION NMR                                                          
AUTHOR    J.E.MASSE,B.WONG,Y.-M.YEN,F.H.-T.ALLAIN,R.C.JOHNSON,J.FEIGON          
REVDAT   2   24-FEB-09 1J5N    1       VERSN                                    
REVDAT   1   16-OCT-02 1J5N    0                                                
JRNL        AUTH   J.E.MASSE,B.WONG,Y.-M.YEN,F.H.-T.ALLAIN,                     
JRNL        AUTH 2 R.C.JOHNSON,J.FEIGON                                         
JRNL        TITL   THE S. CEREVISIAE ARCHITECTURAL HMGB PROTEIN NHP6A           
JRNL        TITL 2 COMPLEXED WITH DNA: DNA AND PROTEIN CONFORMATIONAL           
JRNL        TITL 3 CHANGES UPON BINDING                                         
JRNL        REF    J.MOL.BIOL.                   V. 323   263 2002              
JRNL        REFN                   ISSN 0022-2836                               
JRNL        PMID   12381320                                                     
JRNL        DOI    10.1016/S0022-2836(02)00938-5                                
HELIX    1   1 SER A   26  ASN A   43  1                                  18    
HELIX    2   2 THR A   47  THR A   63  1                                  17    
HELIX    3   3 THR A   63  ALA A   93  1                                  31    
****************************************************************************
RMSD of the bases (----- for WC bp, + for isolated bp, x for helix change)

            Strand I                    Strand II          Helix
   1   (0.008) ...5>B:.101_:[.DG]G-----C[.DC]:.130_:C<...5 (0.011)     |
   2   (0.007) ...5>B:.102_:[.DG]G-----C[.DC]:.129_:C<...5 (0.013)     |
   3   (0.008) ...5>B:.103_:[.DG]G-----C[.DC]:.128_:C<...5 (0.010)     |
   4   (0.008) ...5>B:.104_:[.DG]G-----C[.DC]:.127_:C<...5 (0.011)     |
   5   (0.022) ...5>B:.105_:[.DT]T-----A[.DA]:.126_:C<...5 (0.017)     |
   6   (0.008) ...5>B:.106_:[.DG]G-----C[.DC]:.125_:C<...5 (0.009)     |
   7   (0.012) ...5>B:.107_:[.DA]A-----T[.DT]:.124_:C<...5 (0.023)     |
   8   (0.022) ...5>B:.108_:[.DT]T-----A[.DA]:.123_:C<...5 (0.012)     |
   9   (0.022) ...5>B:.109_:[.DT]T-----A[.DA]:.122_:C<...5 (0.013)     |
  10   (0.008) ...5>B:.110_:[.DG]G-----C[.DC]:.121_:C<...5 (0.011)     |
  11   (0.022) ...5>B:.111_:[.DT]T-----A[.DA]:.120_:C<...5 (0.018)     |
  12   (0.021) ...5>B:.112_:[.DT]T-----A[.DA]:.119_:C<...5 (0.019)     |
  13   (0.013) ...5>B:.113_:[.DC]C-----G[.DG]:.118_:C<...5 (0.008)     |
  14   (0.014) ...5>B:.114_:[.DA]A-----T[.DT]:.117_:C<...5 (0.021)     |
  15   (0.008) ...5>B:.115_:[.DG]G-----C[.DC]:.116_:C<...5 (0.012)     |
****************************************************************************
Detailed H-bond information: atom-name pair and length [ O N]
   1 G-----C  [3]  O6 - N4  2.85  N1 - N3  2.86  N2 - O2  2.87
   2 G-----C  [3]  O6 - N4  2.86  N1 - N3  2.89  N2 - O2  2.81
   3 G-----C  [3]  O6 - N4  2.88  N1 - N3  2.94  N2 - O2  2.88
   4 G-----C  [3]  O6 - N4  2.81  N1 - N3  2.87  N2 - O2  2.83
   5 T-----A  [2]  N3 - N1  2.86  O4 - N6  2.59
   6 G-----C  [3]  O6 - N4  2.83  N1 - N3  2.89  N2 - O2  2.80
   7 A-----T  [2]  N6 - O4  2.90  N1 - N3  2.99
   8 T-----A  [2]  N3 - N1  2.88  O4 - N6  2.84
   9 T-----A  [2]  N3 - N1  2.92  O4 - N6  2.95
  10 G-----C  [3]  O6 - N4  2.91  N1 - N3  2.86  N2 - O2  2.73
  11 T-----A  [2]  N3 - N1  2.83  O4 - N6  2.48
  12 T-----A  [2]  N3 - N1  2.88  O4 - N6  2.81
  13 C-----G  [3]  O2 - N2  2.89  N3 - N1  2.88  N4 - O6  2.78
  14 A-----T  [2]  N6 - O4  2.86  N1 - N3  2.87
  15 G-----C  [3]  O6 - N4  2.83  N1 - N3  2.92  N2 - O2  2.87
****************************************************************************
Overlap area in Angstrom^2 between polygons defined by atoms on successive
bases. Polygons projected in the mean plane of the designed base-pair step.

Values in parentheses measure the overlap of base ring atoms only. Those
outside parentheses include exocyclic atoms on the ring. Intra- and
inter-strand overlap is designated according to the following diagram:

                    i2  3'      5' j2
                       /|\      |
                        |       |
               Strand I |       | II
                        |       |
                        |       |
                        |      \|/
                    i1  5'      3' j1

     step      i1-i2        i1-j2        j1-i2        j1-j2        sum
   1 GG/CC  6.93( 3.36)  0.00( 0.00)  0.00( 0.00)  3.16( 0.00) 10.09( 3.36)
   2 GG/CC  4.78( 2.36)  0.00( 0.00)  0.00( 0.00)  1.60( 0.03)  6.38( 2.39)
   3 GG/CC  6.14( 2.96)  0.00( 0.00)  0.00( 0.00)  6.18( 2.07) 12.33( 5.03)
   4 GT/AC  3.77( 0.43)  0.00( 0.00)  0.00( 0.00)  4.13( 2.49)  7.91( 2.92)
   5 TG/CA  7.74( 3.07)  0.00( 0.00)  0.00( 0.00)  0.00( 0.00)  7.74( 3.07)
   6 GA/TC  4.88( 2.20)  0.00( 0.00)  0.00( 0.00)  2.34( 0.32)  7.22( 2.53)
   7 AT/AT  5.99( 2.47)  0.00( 0.00)  0.00( 0.00)  6.26( 2.49) 12.25( 4.96)
   8 TT/AA  6.15( 0.86)  0.00( 0.00)  0.00( 0.00)  5.42( 3.89) 11.58( 4.75)
   9 TG/CA  2.24( 0.32)  0.00( 0.00)  0.00( 0.00)  4.03( 2.01)  6.27( 2.33)
  10 GT/AC  5.64( 1.02)  0.00( 0.00)  0.00( 0.00)  5.06( 3.53) 10.71( 4.54)
  11 TT/AA  7.62( 1.71)  0.00( 0.00)  0.00( 0.00)  2.70( 1.23) 10.32( 2.94)
  12 TC/GA  4.08( 0.78)  0.00( 0.00)  0.00( 0.00)  5.88( 2.95)  9.96( 3.73)
  13 CA/TG  2.58( 0.60)  0.00( 0.00)  0.00( 0.00)  1.49( 0.00)  4.07( 0.60)
  14 AG/CT  3.59( 2.11)  0.00( 0.00)  0.00( 0.00)  7.24( 1.73) 10.82( 3.84)
****************************************************************************
Origin (Ox, Oy, Oz) and mean normal vector (Nx, Ny, Nz) of each base-pair in
   the coordinate system of the given structure

      bp        Ox        Oy        Oz        Nx        Ny        Nz
    1 G-C    -21.259    14.803   -15.740     0.645    -0.618     0.450
    2 G-C    -18.679    10.610   -13.059     0.715    -0.651     0.256
    3 G-C    -15.558     8.884   -11.859     0.818    -0.549     0.170
    4 G-C    -12.647     6.605   -11.177     0.625    -0.710     0.324
    5 T-A     -9.852     5.675    -9.472     0.834    -0.483     0.268
    6 G-C     -6.609     2.986    -9.712     0.893    -0.256     0.371
    7 A-T     -3.948     1.666    -8.308     0.908    -0.325     0.266
    8 T-A     -1.416    -1.273    -7.683     0.937    -0.343     0.067
    9 T-A      1.694    -3.087    -7.210     0.876    -0.393     0.278
   10 G-C      4.853    -4.257    -6.626     1.000     0.004     0.008
   11 T-A      8.119    -5.592    -7.685     0.993     0.111    -0.026
   12 T-A     11.622    -3.873    -7.409     0.909     0.417     0.002
   13 C-G     14.158    -2.316    -6.894     0.780     0.571     0.257
   14 A-T     16.758    -0.161    -5.995     0.819     0.573     0.025
   15 G-C     20.781     2.039    -6.191     0.787     0.577     0.218
****************************************************************************
Local base-pair parameters
     bp        Shear    Stretch   Stagger    Buckle  Propeller  Opening
    1 G-C      -0.86     -0.38     -0.01     13.30     16.84     -2.64
    2 G-C       0.61     -0.13      0.09     -4.73    -10.44     -1.34
    3 G-C      -0.21     -0.12     -0.28     -5.32     -4.76     -1.62
    4 G-C       0.68     -0.19     -0.45     -2.59     10.52     -3.55
    5 T-A      -1.18     -0.25      0.39     -2.64    -18.34    -14.99
    6 G-C       0.62     -0.16      0.33     -2.23     -7.36     -2.43
    7 A-T       0.14      0.00     -0.03     -0.10     -7.66     -4.48
    8 T-A      -0.83     -0.12      0.36     -9.35      1.23     -3.61
    9 T-A       0.02     -0.06      0.11      1.61      8.77     -0.55
   10 G-C       0.52     -0.14      0.31      5.74     15.13      2.76
   11 T-A      -1.23     -0.40      0.75      9.69     -4.90    -14.66
   12 T-A      -0.94     -0.14      0.19      0.28    -11.76     -5.52
   13 C-G       0.27     -0.27      0.56      1.72     -9.34     -5.04
   14 A-T      -0.66     -0.31      0.52     15.26     -7.33     -3.39
   15 G-C       0.34     -0.14      0.59      6.69     -4.99     -3.60
          ~~~~~~~~~~~~~~~~~~~~~~~~~~~~~~~~~~~~~~~~~~~~~~~~~~~~~~~~~~~~
      ave.     -0.18     -0.19      0.23      1.82     -2.29     -4.31
      s.d.      0.70      0.11      0.33      7.04     10.46      4.72
****************************************************************************
Local base-pair step parameters
    step       Shift     Slide      Rise      Tilt      Roll     Twist
   1 GG/CC      0.58      1.43      5.39      3.40    -11.47     41.79
   2 GG/CC      0.16     -0.69      3.70      5.55     -7.92     27.92
   3 GG/CC     -0.32      0.09      3.74     -1.34     16.92     29.27
   4 GT/AC     -0.91     -0.95      3.14     -0.66    -18.05     29.00
   5 TG/CA      1.70      0.93      3.75      0.47    -14.73     44.86
   6 GA/TC     -0.10     -0.58      3.23     -0.44      7.24     27.63
   7 AT/AT      0.10     -1.90      3.44     -0.51     11.59     26.47
   8 TT/AA     -0.07     -0.53      3.59     -1.43    -12.86     30.76
   9 TG/CA     -0.44     -0.26      3.38     -3.55     28.49     24.00
  10 GT/AC     -1.14     -1.44      3.19     -0.02      6.47     24.10
  11 TT/AA      0.77      0.16      3.83      2.35     18.14     34.81
  12 TC/GA      0.13      0.03      3.02     -0.86     18.70     40.73
  13 CA/TG      0.45     -0.16      3.46      1.16    -13.48     21.53
  14 AG/CT     -0.54      0.76      4.49      4.76     10.19     35.87
          ~~~~~~~~~~~~~~~~~~~~~~~~~~~~~~~~~~~~~~~~~~~~~~~~~~~~~~~~~~~~
      ave.      0.03     -0.22      3.67      0.64      2.80     31.34
      s.d.      0.72      0.90      0.62      2.55     15.40      7.20
****************************************************************************
Local base-pair helical parameters
    step       X-disp    Y-disp   h-Rise     Incl.       Tip   h-Twist
   1 GG/CC      3.72     -0.25      4.88    -15.70     -4.66     43.39
   2 GG/CC      0.62      1.06      3.71    -15.82    -11.08     29.52
   3 GG/CC     -3.04      0.29      3.32     30.47      2.41     33.74
   4 GT/AC      1.39      1.45      3.19    -32.38      1.19     34.06
   5 TG/CA      2.50     -2.09      3.32    -18.72     -0.60     47.10
   6 GA/TC     -2.77      0.10      2.99     14.84      0.90     28.55
   7 AT/AT     -6.22     -0.31      2.41     23.89      1.06     28.86
   8 TT/AA      1.51     -0.14      3.53    -23.01      2.55     33.31
   9 TG/CA     -4.28      0.20      2.05     50.52      6.29     37.26
  10 GT/AC     -5.11      2.64      2.72     15.15      0.04     24.95
  11 TT/AA     -2.36     -0.81      3.53     28.06     -3.64     39.19
  12 TC/GA     -1.56     -0.25      2.77     25.32      1.16     44.66
  13 CA/TG      3.83     -0.66      3.05    -32.29     -2.79     25.39
  14 AG/CT     -0.67      1.70      4.44     16.06     -7.50     37.53
          ~~~~~~~~~~~~~~~~~~~~~~~~~~~~~~~~~~~~~~~~~~~~~~~~~~~~~~~~~~~~
      ave.     -0.89      0.21      3.28      4.74     -1.05     34.82
      s.d.      3.24      1.19      0.75     26.80      4.50      7.05
****************************************************************************
The 'simple' parameters are intuitive for non-Watson-Crick base pairs
and associated base-pair steps (where the above corresponding 3DNA
parameters often appear cryptic). Note that they are for structural
*description* only, not to be fed into the 'rebuild' program. See URL
http://x3dna.org/highlights/details-on-the-simple-base-pair-parameters
and related blogposts on the 3DNA home page for details.

This structure contains 0 non-Watson-Crick (with leading *) base pair(s)
----------------------------------------------------------------------------
Simple base-pair parameters based on RC8--YC6 vectors
      bp        Shear    Stretch   Stagger    Buckle  Propeller  Opening  angle
     1 G-C      -0.88     -0.32     -0.01     14.55     15.77     -2.63   21.5
     2 G-C       0.62     -0.09      0.09     -4.01    -10.74     -1.33   11.5
     3 G-C      -0.22     -0.12     -0.28     -5.39     -4.67     -1.62    7.1
     4 G-C       0.69     -0.14     -0.45     -3.35     10.30     -3.53   10.8
     5 T-A      -1.20     -0.10      0.39     -4.88    -17.87    -14.80   18.5
     6 G-C       0.63     -0.11      0.33     -1.73     -7.50     -2.43    7.7
     7 A-T       0.14      0.01     -0.03      0.04     -7.66     -4.47    7.7
     8 T-A      -0.84     -0.04      0.36     -9.21      2.06     -3.63    9.4
     9 T-A       0.02     -0.06      0.11      1.64      8.76     -0.55    8.9
    10 G-C       0.52     -0.11      0.31      4.84     15.44      2.74   16.2
    11 T-A      -1.27     -0.23      0.75      8.95     -6.14    -14.70   10.9
    12 T-A      -0.94     -0.05      0.19     -0.88    -11.73     -5.49   11.8
    13 C-G       0.28     -0.27      0.56      1.93     -9.30     -5.02    9.5
    14 A-T      -0.68     -0.26      0.52     14.70     -8.39     -3.41   16.9
    15 G-C       0.35     -0.13      0.59      6.88     -4.74     -3.60    8.3
           ~~~~~~~~~~~~~~~~~~~~~~~~~~~~~~~~~~~~~~~~~~~~~~~~~~~~~~~~~~~~
       ave.     -0.19     -0.14      0.23      1.60     -2.43     -4.30
       s.d.      0.72      0.09      0.33      7.15     10.39      4.70
----------------------------------------------------------------------------
Simple base-pair step parameters based on consecutive C1'-C1' vectors
      step       Shift     Slide      Rise      Tilt      Roll     Twist
     1 GG/CC      0.60      1.42      5.39      3.21    -11.53     34.45
     2 GG/CC      0.17     -0.68      3.70      5.64     -7.86     32.00
     3 GG/CC     -0.32      0.08      3.74     -1.62     16.90     24.59
     4 GT/AC     -0.94     -0.93      3.14     -1.06    -18.03     38.15
     5 TG/CA      1.72      0.89      3.75      0.15    -14.74     35.62
     6 GA/TC     -0.08     -0.58      3.23     -0.69      7.22     30.39
     7 AT/AT      0.03     -1.90      3.44     -0.10     11.60     31.82
     8 TT/AA     -0.09     -0.53      3.59     -1.93    -12.79     25.82
     9 TG/CA     -0.43     -0.27      3.38     -4.29     28.39     21.42
    10 GT/AC     -1.19     -1.40      3.19      0.19      6.47     33.32
    11 TT/AA      0.78      0.09      3.83      4.10     17.83     33.07
    12 TC/GA      0.13      0.03      3.02     -0.40     18.72     34.13
    13 CA/TG      0.44     -0.17      3.46      0.90    -13.50     27.54
    14 AG/CT     -0.52      0.78      4.49      5.01     10.06     30.53
            ~~~~~~~~~~~~~~~~~~~~~~~~~~~~~~~~~~~~~~~~~~~~~~~~~~~~~~~~~~~~
        ave.      0.02     -0.23      3.67      0.65      2.77     30.92
        s.d.      0.74      0.89      0.62      2.85     15.35      4.62
****************************************************************************
Structure classification: 

This is a right-handed nucleic acid structure
****************************************************************************
lambda: virtual angle between C1'-YN1 or C1'-RN9 glycosidic bonds and the
        base-pair C1'-C1' line

C1'-C1': distance between C1' atoms for each base-pair
RN9-YN1: distance between RN9-YN1 atoms for each base-pair
RC8-YC6: distance between RC8-YC6 atoms for each base-pair

    bp     lambda(I) lambda(II)  C1'-C1'   RN9-YN1   RC8-YC6
   1 G-C      50.2      54.9      10.5       8.7       9.6
   2 G-C      58.8      47.1      10.8       9.0       9.9
   3 G-C      53.5      54.0      10.7       9.0       9.9
   4 G-C      56.3      47.5      10.8       9.0       9.9
   5 T-A      42.5      56.0      11.0       9.1       9.7
   6 G-C      56.8      50.2      10.8       9.0       9.9
   7 A-T      54.3      52.3      10.9       9.1      10.0
   8 T-A      50.1      57.2      10.7       9.0       9.9
   9 T-A      55.8      56.1      10.6       9.0       9.9
  10 G-C      60.2      52.4      10.5       8.9       9.9
  11 T-A      41.9      57.6      10.8       8.9       9.6
  12 T-A      47.1      59.3      10.7       9.0       9.9
  13 C-G      51.2      52.0      10.8       8.9       9.8
  14 A-T      50.8      57.5      10.4       8.7       9.6
  15 G-C      54.9      48.5      10.8       9.0       9.9
****************************************************************************
Classification of each dinucleotide step in a right-handed nucleic acid
structure: A-like; B-like; TA-like; intermediate of A and B, or other cases.

    step       Xp      Yp      Zp     XpH     YpH     ZpH    Form
   1 GG/CC   -1.68    8.93    0.33    1.82    8.71   -2.01      
   2 GG/CC   -1.88    9.09    0.82   -1.06    8.97   -1.71      
   3 GG/CC   -2.24    9.39    0.24   -5.16    8.06    4.83      
   4 GT/AC   -2.29    9.00   -0.32   -0.97    7.53   -4.94      
   5 TG/CA   -1.06    8.95    0.51    1.24    8.69   -2.16      
   6 GA/TC   -2.34    9.32    0.91   -5.03    8.80    3.20      
   7 AT/AT   -2.83    9.35    1.00   -8.87    8.19    4.61      
   8 TT/AA   -2.37    9.00    0.80   -0.94    8.65   -2.61      
   9 TG/CA   -2.61    9.48    0.94   -6.63    5.52    7.73      
  10 GT/AC   -2.59    9.26    1.06   -7.58    8.68    3.39      
  11 TT/AA   -1.36    9.17    1.05   -3.62    7.73    5.02  *TA*
  12 TC/GA   -2.01    9.44    0.75   -3.45    8.34    4.47  *TA*
  13 CA/TG   -1.18    9.01    1.12    2.53    8.26   -3.77      
  14 AG/CT   -1.33    9.10    0.75   -2.03    8.59    3.08      
****************************************************************************
Minor and major groove widths: direct P-P distances and refined P-P distances
   which take into account the directions of the sugar-phosphate backbones

   (Subtract 5.8 Angstrom from the values to take account of the vdw radii
    of the phosphate groups, and for comparison with FreeHelix and Curves.)

Ref: M. A. El Hassan and C. R. Calladine (1998). ``Two Distinct Modes of
     Protein-induced Bending in DNA.'' J. Mol. Biol., v282, pp331-343.

                  Minor Groove        Major Groove
                 P-P     Refined     P-P     Refined
   1 GG/CC       ---       ---       ---       ---
   2 GG/CC       ---       ---       ---       ---
   3 GG/CC      15.1       ---      19.4       ---
   4 GT/AC      14.2      14.2      19.8      19.0
   5 TG/CA      12.5      12.5      20.3      20.1
   6 GA/TC      13.3      13.2      19.1      18.8
   7 AT/AT      15.0      14.5      20.8      20.7
   8 TT/AA      17.0      16.2      22.8      21.1
   9 TG/CA      19.3      18.4      19.0      15.8
  10 GT/AC      19.4      17.9      16.3      12.3
  11 TT/AA      18.4      16.7      13.8      12.3
  12 TC/GA      17.6       ---      14.4       ---
  13 CA/TG       ---       ---       ---       ---
  14 AG/CT       ---       ---       ---       ---
****************************************************************************
Global linear helical axis defined by equivalent C1' and RN9/YN1 atom pairs
Deviation from regular linear helix: 3.07(0.91)
****************************************************************************
Main chain and chi torsion angles: 

Note: alpha:   O3'(i-1)-P-O5'-C5'
      beta:    P-O5'-C5'-C4'
      gamma:   O5'-C5'-C4'-C3'
      delta:   C5'-C4'-C3'-O3'
      epsilon: C4'-C3'-O3'-P(i+1)
      zeta:    C3'-O3'-P(i+1)-O5'(i+1)

      chi for pyrimidines(Y): O4'-C1'-N1-C2
          chi for purines(R): O4'-C1'-N9-C4

Strand I
  base    alpha    beta   gamma   delta  epsilon   zeta    chi
   1 G     ---     ---     52.8   130.3   -67.3   144.3   -93.1
   2 G    -59.5   120.1    40.6   108.7   166.5  -100.5  -107.1
   3 G    -19.0   176.0    26.2   120.2  -176.7   -84.2  -111.1
   4 G    -78.7  -164.1    47.0   132.8     0.1    57.0  -101.3
   5 T    176.5  -120.0    68.1    98.3   163.7   -91.2  -106.8
   6 G    -26.0   152.8    53.4   112.7   179.2   -83.2  -122.0
   7 A    -50.1   179.6    36.4   133.0   171.1  -112.3  -112.4
   8 T     80.1   158.2   -85.1   125.5   120.0   -54.7  -124.2
   9 T   -153.6  -100.0    75.2    97.9  -165.4   -95.9  -111.7
  10 G    -44.5   174.8    25.4   116.6   172.8   -91.1  -115.1
  11 T    -39.8  -169.8    22.3   110.3  -164.4   -85.9  -122.3
  12 T    -51.5   167.9    44.0   111.9  -174.9   -66.6  -123.5
  13 C    -77.1  -166.0    32.8   104.5   170.4   -85.8  -119.2
  14 A    -37.4   164.7    49.1   105.9  -165.3   -92.9  -120.6
  15 G   -108.7   178.3   100.0   122.4    ---     ---   -120.1

Strand II
  base    alpha    beta   gamma   delta  epsilon   zeta    chi
   1 C     -8.8   150.2    19.8   119.2    ---     ---   -129.5
   2 C    -40.4   166.1    57.1   108.0  -146.0  -126.3  -141.0
   3 C    -34.7   163.3    30.5   109.9   163.9   -93.7  -116.9
   4 C   -121.1  -124.9    58.0   112.1  -164.2  -103.2  -110.4
   5 A    -27.4   158.8    47.3   130.8   119.9   -50.0  -106.4
   6 C    -52.1  -175.4    43.4   134.0  -178.1  -142.2  -110.8
   7 T    -44.8  -170.2    19.3   111.0  -178.6   -83.0  -127.2
   8 A     -7.2   155.4    36.3   121.5   177.3   -87.1  -116.4
   9 A    -69.2  -171.1    42.1   109.0   162.0  -103.9  -111.0
  10 C    -75.8  -171.6    14.9   102.2  -175.2   -71.4  -117.7
  11 A   -172.2  -164.6   150.5   137.0  -165.5   -67.1  -134.6
  12 A    -62.3  -172.6    32.5   112.5   170.7   -91.5  -115.7
  13 G     22.2   122.2    29.9   110.2  -176.2   -79.1  -121.4
  14 T    -56.6   177.9    42.1   105.4   164.2  -117.0  -127.0
  15 C     ---     ---     20.1   117.7  -176.8   -75.1  -116.6
****************************************************************************
Sugar conformational parameters: 

Note: v0: C4'-O4'-C1'-C2'
      v1: O4'-C1'-C2'-C3'
      v2: C1'-C2'-C3'-C4'
      v3: C2'-C3'-C4'-O4'
      v4: C3'-C4'-O4'-C1'

      tm: the amplitude of pucker
      P:  the phase angle of pseudorotation

Strand I
 base       v0      v1      v2      v3      v4      tm       P    Puckering
   1 G    -25.8    30.8   -22.7     7.7    11.4    30.0   139.2    C1'-exo 
   2 G    -24.9    20.1    -7.6    -7.4    20.5    24.9   107.9    O4'-endo
   3 G    -17.3    18.0   -11.4     1.2    10.1    18.3   128.3    C1'-exo 
   4 G    -18.0    22.9   -18.0     7.7     6.5    22.1   144.4    C2'-endo
   5 T    -22.5    13.2     0.7   -14.7    23.6    24.1    88.2    O4'-endo
   6 G    -12.9    10.6    -4.2    -3.5    10.5    12.9   109.2    C1'-exo 
   7 A    -17.1    25.1   -22.2    12.3     3.0    24.7   154.3    C2'-endo
   8 T     -0.1     5.8    -8.6     8.8    -5.6     9.0   197.8    C3'-exo 
   9 T    -22.2    11.8     2.6   -16.5    24.8    24.6    83.9    O4'-endo
  10 G     -9.8     9.5    -5.4    -0.5     6.5    10.1   122.2    C1'-exo 
  11 T    -10.2     6.6    -0.7    -5.5    10.0    10.5    94.0    O4'-endo
  12 T    -12.3    10.2    -4.2    -3.2     9.7    12.2   109.9    C1'-exo 
  13 C     -8.9     2.1     5.0   -10.7    12.4    12.1    65.5    C4'-exo 
  14 A     -8.7     2.3     4.5   -10.0    11.8    11.6    67.1    C4'-exo 
  15 G     -0.9     3.5    -4.5     4.1    -2.1     4.5   187.6    C3'-exo 

Strand II
 base       v0      v1      v2      v3      v4      tm       P    Puckering
   1 C      1.9    -0.1    -1.6     2.8    -3.0     3.0   238.6    C4'-endo
   2 C    -12.8     9.9    -3.3    -4.4    10.9    12.8   104.9    O4'-endo
   3 C    -14.8    10.9    -2.9    -6.2    13.4    15.0   101.0    O4'-endo
   4 C    -17.9    15.9    -7.8    -2.9    13.2    18.0   115.6    C1'-exo 
   5 A     -1.3    12.5   -17.8    17.6   -10.5    18.4   194.7    C3'-exo 
   6 C    -18.5    28.7   -26.4    15.9     1.5    28.5   158.1    C2'-endo
   7 T    -16.1    12.9    -4.9    -4.8    13.3    16.1   107.6    O4'-endo
   8 A    -22.3    25.9   -18.6     5.5    10.6    25.4   137.0    C1'-exo 
   9 A    -16.9    12.0    -2.7    -7.5    15.6    17.1    99.2    O4'-endo
  10 C    -18.3    10.3     1.2   -12.5    19.7    19.8    86.7    O4'-endo
  11 A     -8.9    21.2   -24.0    19.5    -7.0    24.0   177.2    C2'-endo
  12 A     -4.6     2.0     1.2    -4.0     5.5     5.4    77.4    O4'-endo
  13 G    -18.2    13.6    -3.9    -7.0    16.0    18.2   102.5    O4'-endo
  14 T     -6.7     0.0     6.1   -10.4    10.9    11.0    56.1    C4'-exo 
  15 C     -4.7     6.9    -6.2     3.5     0.7     6.8   155.4    C2'-endo
****************************************************************************
Same strand P--P and C1'--C1' virtual bond distances

                 Strand I                          Strand II
    step      P--P     C1'--C1'       step      P--P     C1'--C1'
   1 G/G       ---      4.65         1 C/C      6.38      5.68
   2 G/G      6.66      4.98         2 C/C      6.58      4.61
   3 G/G      6.38      5.39         3 C/C      5.44      5.07
   4 G/T      6.41      4.92         4 C/A      7.09      4.56
   5 T/G      5.81      4.09         5 A/C      6.60      5.48
   6 G/A      6.80      4.72         6 C/T      6.03      5.10
   7 A/T      6.57      5.72         7 T/A      6.63      5.11
   8 T/T      6.75      4.74         8 A/A      6.43      4.62
   9 T/G      5.20      5.29         9 A/C      5.79      5.25
  10 G/T      6.39      5.33        10 C/A      7.52      5.27
  11 T/T      5.83      4.86        11 A/A      6.35      5.33
  12 T/C      6.46      5.25        12 A/G      6.37      5.06
  13 C/A      6.05      4.46        13 G/T      6.47      4.49
  14 A/G      6.37      5.94        14 T/C       ---      4.71
****************************************************************************
Helix radius (radial displacement of P, O4', and C1' atoms in local helix
   frame of each dimer)

                        Strand I                      Strand II
     step         P        O4'       C1'        P        O4'        C1'
   1 GG/CC      8.55      5.21      5.05      9.31      6.27      5.59
   2 GG/CC     10.01      6.38      6.19      8.07      5.30      4.64
   3 GG/CC     10.05      8.31      7.29      9.09      7.99      7.03
   4 GT/AC      8.90      5.83      6.02      6.29      3.23      3.26
   5 TG/CA      7.05      3.33      3.02     10.52      7.52      7.27
   6 GA/TC     10.22      8.09      7.25     10.06      8.17      7.38
   7 AT/AT     12.26     10.59      9.88     11.90     10.52      9.82
   8 TT/AA      8.36      5.27      4.95      9.14      5.50      5.23
   9 TG/CA      7.98      8.08      7.07      9.29      8.68      7.85
  10 GT/AC     13.01     11.57     10.65     10.39      8.02      7.56
  11 TT/AA      8.07      7.08      6.30      9.13      7.76      6.73
  12 TC/GA      8.77      7.00      6.02      9.29      7.26      6.30
  13 CA/TG      8.35      4.59      4.35      8.94      5.34      5.24
  14 AG/CT     10.11      8.47      7.41      7.54      5.32      4.47
****************************************************************************
Position (Px, Py, Pz) and local helical axis vector (Hx, Hy, Hz)
         for each dinucleotide step

     step       Px        Py        Pz        Hx        Hy        Hz
   1 GG/CC    -19.42     11.11    -17.43      0.83     -0.42      0.37
   2 GG/CC    -16.50     10.74    -12.65      0.79     -0.40      0.47
   3 GG/CC    -15.72      6.26     -9.59      0.54     -0.82     -0.18
   4 GT/AC    -11.08      7.92     -9.63      0.58     -0.34      0.74
   5 TG/CA     -6.38      6.61    -10.13      0.70     -0.44      0.56
   6 GA/TC     -5.01      0.65    -11.10      0.98     -0.09      0.20
   7 AT/AT     -1.81     -0.32    -13.94      0.99      0.06      0.14
   8 TT/AA     -0.27     -2.52     -6.09      0.73     -0.68      0.05
   9 TG/CA      4.79     -0.82     -9.39      0.62      0.30      0.72
  10 GT/AC      6.88     -0.88    -11.03      0.96      0.13      0.24
  11 TT/AA      8.89     -2.91     -6.43      0.87      0.20      0.44
  12 TC/GA     12.31     -2.55     -5.93      0.92      0.17      0.36
  13 CA/TG     16.94     -1.58     -9.91      0.38      0.92      0.07
  14 AG/CT     18.19      2.09     -4.94      0.94      0.32      0.15
