****************************************************************************
    3DNA v2.4.0-2018dec18, created and maintained by Dr. Xiang-Jun Lu (xiangjun@x3dna.org)
****************************************************************************
1. The list of the parameters given below correspond to the 5' to 3' direction
   of strand I and 3' to 5' direction of strand II.

2. All angular parameters, except for the phase angle of sugar pseudo-
   rotation, are measured in degrees in the range of [-180, +180], and all
   displacements are measured in Angstrom units.
****************************************************************************
File name: tmpstri
Date and time: Wed Jan  2 10:35:02 2019

Number of base-pairs: 15
Number of atoms: 2489
****************************************************************************
HEADER    DNA BINDING PROTEIN/DNA                 15-MAY-02   1J5N              
TITLE     SOLUTION STRUCTURE OF THE NON-SEQUENCE-SPECIFIC HMGB                  
TITLE    2 PROTEIN NHP6A IN COMPLEX WITH SRY DNA                                
COMPND    MOL_ID: 1;                                                            
COMPND   2 MOLECULE: NONHISTONE CHROMOSOMAL PROTEIN 6A;                         
COMPND   3 CHAIN: A;                                                            
COMPND   4 SYNONYM: NHP6A;                                                      
COMPND   5 ENGINEERED: YES;                                                     
COMPND   6 MOL_ID: 2;                                                           
COMPND   7 MOLECULE: 5'-                                                        
COMPND   8 D(*GP*GP*GP*GP*TP*GP*AP*TP*TP*GP*TP*TP*CP*AP*G)-3';                  
COMPND   9 CHAIN: B;                                                            
COMPND  10 ENGINEERED: YES;                                                     
COMPND  11 OTHER_DETAILS: SRY_DNA G-RICH STRAND;                                
COMPND  12 MOL_ID: 3;                                                           
COMPND  13 MOLECULE: 5'-                                                        
COMPND  14 D(*CP*TP*GP*AP*AP*CP*AP*AP*TP*CP*AP*CP*CP*CP*C)-3';                  
COMPND  15 CHAIN: C;                                                            
COMPND  16 ENGINEERED: YES;                                                     
COMPND  17 OTHER_DETAILS: SRY_DNA C-RICH STRAND                                 
SOURCE    MOL_ID: 1;                                                            
SOURCE   2 ORGANISM_SCIENTIFIC: SACCHAROMYCES CEREVISIAE;                       
SOURCE   3 ORGANISM_COMMON: BAKER'S YEAST;                                      
SOURCE   4 ORGANISM_TAXID: 4932;                                                
SOURCE   5 EXPRESSION_SYSTEM: ESCHERICHIA COLI;                                 
SOURCE   6 EXPRESSION_SYSTEM_TAXID: 562;                                        
SOURCE   7 MOL_ID: 2;                                                           
SOURCE   8 SYNTHETIC: YES;                                                      
SOURCE   9 OTHER_DETAILS: UNLABELED DNA MADE ON A COMMERCIAL                    
SOURCE  10 SYNTHESIZER, 15N,13C-LABELED DNA MADE ENZYMATICALLY IN               
SOURCE  11 VITRO WITH TAQ POLYMERASE;                                           
SOURCE  12 MOL_ID: 3;                                                           
SOURCE  13 SYNTHETIC: YES;                                                      
SOURCE  14 OTHER_DETAILS: UNLABELED DNA MADE ON A COMMERCIAL                    
SOURCE  15 SYNTHESIZER, 15N,13C-LABELED DNA MADE ENZYMATICALLY IN               
SOURCE  16 VITRO WITH TAQ POLYMERASE                                            
KEYWDS    HMG-BOX, HMGB, PROTEIN-DNA COMPLEX, ALPHA HELIX, DOUBLE               
KEYWDS   2 HELIX, DNA BINDING PROTEIN/DNA COMPLEX                               
EXPDTA    SOLUTION NMR                                                          
AUTHOR    J.E.MASSE,B.WONG,Y.-M.YEN,F.H.-T.ALLAIN,R.C.JOHNSON,J.FEIGON          
REVDAT   2   24-FEB-09 1J5N    1       VERSN                                    
REVDAT   1   16-OCT-02 1J5N    0                                                
JRNL        AUTH   J.E.MASSE,B.WONG,Y.-M.YEN,F.H.-T.ALLAIN,                     
JRNL        AUTH 2 R.C.JOHNSON,J.FEIGON                                         
JRNL        TITL   THE S. CEREVISIAE ARCHITECTURAL HMGB PROTEIN NHP6A           
JRNL        TITL 2 COMPLEXED WITH DNA: DNA AND PROTEIN CONFORMATIONAL           
JRNL        TITL 3 CHANGES UPON BINDING                                         
JRNL        REF    J.MOL.BIOL.                   V. 323   263 2002              
JRNL        REFN                   ISSN 0022-2836                               
JRNL        PMID   12381320                                                     
JRNL        DOI    10.1016/S0022-2836(02)00938-5                                
HELIX    1   1 SER A   26  ASN A   43  1                                  18    
HELIX    2   2 THR A   47  THR A   63  1                                  17    
HELIX    3   3 THR A   63  ALA A   93  1                                  31    
****************************************************************************
RMSD of the bases (----- for WC bp, + for isolated bp, x for helix change)

            Strand I                    Strand II          Helix
   1   (0.008) ...3>B:.101_:[.DG]G-----C[.DC]:.130_:C<...3 (0.011)     |
   2   (0.008) ...3>B:.102_:[.DG]G-----C[.DC]:.129_:C<...3 (0.013)     |
   3   (0.008) ...3>B:.103_:[.DG]G-----C[.DC]:.128_:C<...3 (0.010)     |
   4   (0.008) ...3>B:.104_:[.DG]G-----C[.DC]:.127_:C<...3 (0.012)     |
   5   (0.022) ...3>B:.105_:[.DT]T-----A[.DA]:.126_:C<...3 (0.017)     |
   6   (0.008) ...3>B:.106_:[.DG]G-----C[.DC]:.125_:C<...3 (0.009)     |
   7   (0.013) ...3>B:.107_:[.DA]A-----T[.DT]:.124_:C<...3 (0.022)     |
   8   (0.023) ...3>B:.108_:[.DT]T-----A[.DA]:.123_:C<...3 (0.011)     |
   9   (0.022) ...3>B:.109_:[.DT]T-----A[.DA]:.122_:C<...3 (0.013)     |
  10   (0.007) ...3>B:.110_:[.DG]G-----C[.DC]:.121_:C<...3 (0.011)     |
  11   (0.022) ...3>B:.111_:[.DT]T-----A[.DA]:.120_:C<...3 (0.019)     |
  12   (0.021) ...3>B:.112_:[.DT]T-----A[.DA]:.119_:C<...3 (0.019)     |
  13   (0.013) ...3>B:.113_:[.DC]C-----G[.DG]:.118_:C<...3 (0.008)     |
  14   (0.014) ...3>B:.114_:[.DA]A-----T[.DT]:.117_:C<...3 (0.021)     |
  15   (0.008) ...3>B:.115_:[.DG]G-----C[.DC]:.116_:C<...3 (0.012)     |
****************************************************************************
Detailed H-bond information: atom-name pair and length [ O N]
   1 G-----C  [3]  O6 - N4  2.85  N1 - N3  2.91  N2 - O2  2.86
   2 G-----C  [3]  O6 - N4  2.85  N1 - N3  2.90  N2 - O2  2.80
   3 G-----C  [3]  O6 - N4  2.84  N1 - N3  2.93  N2 - O2  2.89
   4 G-----C  [3]  O6 - N4  2.82  N1 - N3  2.88  N2 - O2  2.81
   5 T-----A  [2]  N3 - N1  2.87  O4 - N6  2.63
   6 G-----C  [3]  O6 - N4  2.87  N1 - N3  2.94  N2 - O2  2.85
   7 A-----T  [2]  N6 - O4  2.86  N1 - N3  2.90
   8 T-----A  [2]  N3 - N1  2.98  O4 - N6  2.76
   9 T-----A  [2]  N3 - N1  2.89  O4 - N6  2.94
  10 G-----C  [3]  O6 - N4  2.92  N1 - N3  2.86  N2 - O2  2.70
  11 T-----A  [2]  N3 - N1  2.82  O4 - N6  2.47
  12 T-----A  [2]  N3 - N1  2.88  O4 - N6  2.82
  13 C-----G  [3]  O2 - N2  2.89  N3 - N1  2.89  N4 - O6  2.77
  14 A-----T  [2]  N6 - O4  2.86  N1 - N3  2.87
  15 G-----C  [3]  O6 - N4  2.85  N1 - N3  2.94  N2 - O2  2.90
****************************************************************************
Overlap area in Angstrom^2 between polygons defined by atoms on successive
bases. Polygons projected in the mean plane of the designed base-pair step.

Values in parentheses measure the overlap of base ring atoms only. Those
outside parentheses include exocyclic atoms on the ring. Intra- and
inter-strand overlap is designated according to the following diagram:

                    i2  3'      5' j2
                       /|\      |
                        |       |
               Strand I |       | II
                        |       |
                        |       |
                        |      \|/
                    i1  5'      3' j1

     step      i1-i2        i1-j2        j1-i2        j1-j2        sum
   1 GG/CC  8.37( 5.37)  0.00( 0.00)  0.00( 0.00)  3.07( 0.00) 11.44( 5.37)
   2 GG/CC  4.21( 1.92)  0.00( 0.00)  0.00( 0.00)  2.08( 0.20)  6.29( 2.12)
   3 GG/CC  5.57( 2.55)  0.00( 0.00)  0.00( 0.00)  6.07( 2.11) 11.65( 4.65)
   4 GT/AC  4.05( 0.58)  0.00( 0.00)  0.00( 0.00)  4.02( 2.39)  8.07( 2.97)
   5 TG/CA  7.49( 3.02)  0.00( 0.00)  0.00( 0.00)  0.00( 0.00)  7.49( 3.02)
   6 GA/TC  5.55( 2.72)  0.00( 0.00)  0.00( 0.00)  3.53( 0.94)  9.07( 3.66)
   7 AT/AT  6.65( 2.98)  0.00( 0.00)  0.00( 0.00)  6.49( 2.72) 13.14( 5.70)
   8 TT/AA  5.15( 0.42)  0.00( 0.00)  0.00( 0.00)  3.83( 2.88)  8.97( 3.30)
   9 TG/CA  2.29( 0.32)  0.00( 0.00)  0.00( 0.00)  3.98( 2.04)  6.27( 2.36)
  10 GT/AC  5.46( 0.90)  0.00( 0.00)  0.00( 0.00)  5.21( 3.72) 10.67( 4.62)
  11 TT/AA  7.67( 1.78)  0.00( 0.00)  0.00( 0.00)  2.58( 1.13) 10.26( 2.90)
  12 TC/GA  3.96( 0.67)  0.00( 0.00)  0.00( 0.00)  5.98( 3.06)  9.94( 3.73)
  13 CA/TG  2.56( 0.49)  0.00( 0.00)  0.00( 0.00)  2.03( 0.06)  4.58( 0.55)
  14 AG/CT  3.88( 2.19)  0.00( 0.00)  0.00( 0.00)  7.42( 1.77) 11.30( 3.97)
****************************************************************************
Origin (Ox, Oy, Oz) and mean normal vector (Nx, Ny, Nz) of each base-pair in
   the coordinate system of the given structure

      bp        Ox        Oy        Oz        Nx        Ny        Nz
    1 G-C    -21.951    14.116   -14.973     0.620    -0.715     0.324
    2 G-C    -19.511    10.569   -12.411     0.676    -0.663     0.321
    3 G-C    -16.093     8.714   -11.336     0.833    -0.541     0.118
    4 G-C    -12.972     6.508   -10.867     0.671    -0.697     0.253
    5 T-A    -10.158     5.546    -9.357     0.852    -0.478     0.214
    6 G-C     -7.039     2.763    -9.705     0.907    -0.289     0.305
    7 A-T     -3.980     1.436    -8.310     0.922    -0.309     0.235
    8 T-A     -1.238    -1.147    -7.689     0.939    -0.339     0.060
    9 T-A      2.136    -3.067    -7.467     0.893    -0.349     0.283
   10 G-C      5.164    -4.301    -6.823     0.998    -0.051     0.038
   11 T-A      8.517    -5.860    -7.819     0.996     0.091    -0.002
   12 T-A     12.007    -4.155    -7.480     0.919     0.394     0.014
   13 C-G     14.638    -2.722    -6.952     0.795     0.544     0.269
   14 A-T     17.444    -0.727    -6.087     0.827     0.559     0.068
   15 G-C     21.210     1.260    -6.027     0.785     0.571     0.238
****************************************************************************
Local base-pair parameters
     bp        Shear    Stretch   Stagger    Buckle  Propeller  Opening
    1 G-C      -0.85     -0.36      0.31      5.01      3.63     -1.71
    2 G-C       0.59     -0.12     -0.25     -6.12     -0.32     -1.28
    3 G-C      -0.24     -0.17     -0.42     -5.60     -3.68     -2.48
    4 G-C       0.68     -0.18     -0.44     -4.49      7.67     -2.65
    5 T-A      -1.11     -0.21      0.36     -2.91    -17.08    -13.44
    6 G-C       0.31     -0.07      0.17     -1.68     -3.36     -2.05
    7 A-T       0.84     -0.09      0.07     -2.40     -4.29     -3.20
    8 T-A      -0.19     -0.03      0.34    -10.71     -0.27     -8.47
    9 T-A       0.13     -0.14      0.44     -2.26     14.05      1.39
   10 G-C       0.51     -0.13      0.23      7.83     15.70      2.94
   11 T-A      -1.22     -0.42      0.79      8.47     -4.98    -14.79
   12 T-A      -0.92     -0.14      0.18     -0.81    -12.00     -4.86
   13 C-G       0.22     -0.27      0.63      0.51     -8.45     -5.19
   14 A-T      -0.67     -0.32      0.46     12.46     -6.50     -3.16
   15 G-C      -0.17     -0.14      0.62     10.84     -1.41     -3.03
          ~~~~~~~~~~~~~~~~~~~~~~~~~~~~~~~~~~~~~~~~~~~~~~~~~~~~~~~~~~~~
      ave.     -0.14     -0.19      0.23      0.54     -1.42     -4.13
      s.d.      0.68      0.11      0.37      6.83      8.88      4.84
****************************************************************************
Local base-pair step parameters
    step       Shift     Slide      Rise      Tilt      Roll     Twist
   1 GG/CC      0.96      0.78      4.85      4.37      0.37     37.44
   2 GG/CC     -0.08     -0.71      3.97      5.59    -15.34     27.86
   3 GG/CC     -0.38      0.03      3.83     -1.57     15.00     31.06
   4 GT/AC     -0.83     -0.93      3.09      0.04    -16.46     28.80
   5 TG/CA      1.75      0.73      3.74      0.42    -12.50     42.26
   6 GA/TC     -0.22     -0.50      3.57     -1.42      4.00     31.54
   7 AT/AT     -0.04     -1.54      3.49      0.90     10.23     24.28
   8 TT/AA      0.15     -0.74      3.81     -4.18    -12.40     30.19
   9 TG/CA     -0.51     -0.30      3.28     -0.81     23.02     23.18
  10 GT/AC     -1.23     -1.50      3.30     -0.30      8.45     24.14
  11 TT/AA      0.84      0.14      3.80      2.75     17.80     35.06
  12 TC/GA      0.07      0.06      3.04     -1.43     18.35     40.44
  13 CA/TG      0.28     -0.02      3.54      2.02    -11.49     21.01
  14 AG/CT     -0.44      0.66      4.18      4.31      9.06     30.37
          ~~~~~~~~~~~~~~~~~~~~~~~~~~~~~~~~~~~~~~~~~~~~~~~~~~~~~~~~~~~~
      ave.      0.02     -0.27      3.68      0.76      2.72     30.55
      s.d.      0.77      0.76      0.47      2.75     13.94      6.45
****************************************************************************
Local base-pair helical parameters
    step       X-disp    Y-disp   h-Rise     Incl.       Tip   h-Twist
   1 GG/CC      1.14     -0.63      4.94      0.57     -6.78     37.68
   2 GG/CC      2.21      1.41      3.76    -28.93    -10.54     32.21
   3 GG/CC     -2.71      0.35      3.49     26.16      2.75     34.44
   4 GT/AC      1.21      1.47      3.15    -30.18     -0.08     33.09
   5 TG/CA      2.29     -2.29      3.42    -16.89     -0.57     43.99
   6 GA/TC     -1.70      0.12      3.49      7.32      2.61     31.82
   7 AT/AT     -6.06      0.31      2.64     23.04     -2.02     26.34
   8 TT/AA      1.27     -1.13      3.77    -22.52      7.60     32.84
   9 TG/CA     -4.46      0.77      2.16     45.38      1.60     32.56
  10 GT/AC     -5.65      2.69      2.65     19.44      0.68     25.56
  11 TT/AA     -2.31     -0.86      3.53     27.43     -4.24     39.29
  12 TC/GA     -1.52     -0.21      2.81     25.04      1.95     44.27
  13 CA/TG      4.00      0.04      3.13    -28.82     -5.06     24.00
  14 AG/CT     -0.93      1.82      4.11     16.73     -7.96     31.95
          ~~~~~~~~~~~~~~~~~~~~~~~~~~~~~~~~~~~~~~~~~~~~~~~~~~~~~~~~~~~~
      ave.     -0.94      0.28      3.36      4.55     -1.43     33.57
      s.d.      3.10      1.31      0.70     25.49      4.95      6.15
****************************************************************************
The 'simple' parameters are intuitive for non-Watson-Crick base pairs
and associated base-pair steps (where the above corresponding 3DNA
parameters often appear cryptic). Note that they are for structural
*description* only, not to be fed into the 'rebuild' program. See URL
http://x3dna.org/highlights/details-on-the-simple-base-pair-parameters
and related blogposts on the 3DNA home page for details.

This structure contains 0 non-Watson-Crick (with leading *) base pair(s)
----------------------------------------------------------------------------
Simple base-pair parameters based on RC8--YC6 vectors
      bp        Shear    Stretch   Stagger    Buckle  Propeller  Opening  angle
     1 G-C      -0.88     -0.29      0.31      5.29      3.21     -1.71    6.2
     2 G-C       0.59     -0.08     -0.25     -6.09     -0.71     -1.29    6.1
     3 G-C      -0.24     -0.16     -0.42     -5.67     -3.58     -2.48    6.7
     4 G-C       0.69     -0.13     -0.44     -5.03      7.32     -2.65    8.9
     5 T-A      -1.12     -0.08      0.36     -4.87    -16.63    -13.30   17.3
     6 G-C       0.31     -0.06      0.17     -1.56     -3.42     -2.05    3.8
     7 A-T       0.85     -0.01      0.07     -2.01     -4.49     -3.19    4.9
     8 T-A      -0.19     -0.03      0.34    -10.72     -0.03     -8.50   10.7
     9 T-A       0.13     -0.14      0.44     -2.37     14.03      1.38   14.2
    10 G-C       0.52     -0.10      0.23      6.89     16.14      2.92   17.5
    11 T-A      -1.27     -0.26      0.79      7.74     -6.06    -14.82    9.8
    12 T-A      -0.93     -0.05      0.18     -1.97    -11.86     -4.84   12.0
    13 C-G       0.22     -0.27      0.63      0.65     -8.44     -5.18    8.5
    14 A-T      -0.69     -0.27      0.46     11.97     -7.35     -3.17   14.0
    15 G-C      -0.17     -0.14      0.62     10.82     -1.56     -3.04   10.9
           ~~~~~~~~~~~~~~~~~~~~~~~~~~~~~~~~~~~~~~~~~~~~~~~~~~~~~~~~~~~~
       ave.     -0.15     -0.14      0.23      0.20     -1.56     -4.13
       s.d.      0.70      0.09      0.37      6.78      8.91      4.82
----------------------------------------------------------------------------
Simple base-pair step parameters based on consecutive C1'-C1' vectors
      step       Shift     Slide      Rise      Tilt      Roll     Twist
     1 GG/CC      0.97      0.76      4.85      4.38      0.27     29.75
     2 GG/CC     -0.07     -0.71      3.97      5.73    -15.29     31.91
     3 GG/CC     -0.38      0.02      3.83     -1.80     14.97     26.31
     4 GT/AC     -0.85     -0.92      3.09     -0.28    -16.46     37.56
     5 TG/CA      1.77      0.67      3.74      0.01    -12.50     35.07
     6 GA/TC     -0.20     -0.51      3.57     -1.63      3.92     28.84
     7 AT/AT      0.01     -1.54      3.49      0.60     10.25     29.77
     8 TT/AA      0.14     -0.74      3.81     -4.22    -12.39     28.34
     9 TG/CA     -0.50     -0.31      3.28     -1.53     22.98     21.08
    10 GT/AC     -1.27     -1.46      3.30     -0.03      8.45     33.38
    11 TT/AA      0.85      0.06      3.80      4.45     17.46     33.25
    12 TC/GA      0.07      0.06      3.04     -0.95     18.38     34.21
    13 CA/TG      0.28     -0.02      3.54      1.77    -11.53     26.80
    14 AG/CT     -0.41      0.68      4.18      4.75      8.84     27.65
            ~~~~~~~~~~~~~~~~~~~~~~~~~~~~~~~~~~~~~~~~~~~~~~~~~~~~~~~~~~~~
        ave.      0.03     -0.28      3.68      0.80      2.67     30.28
        s.d.      0.78      0.74      0.47      2.99     13.90      4.28
****************************************************************************
Structure classification: 

This is a right-handed nucleic acid structure
****************************************************************************
lambda: virtual angle between C1'-YN1 or C1'-RN9 glycosidic bonds and the
        base-pair C1'-C1' line

C1'-C1': distance between C1' atoms for each base-pair
RN9-YN1: distance between RN9-YN1 atoms for each base-pair
RC8-YC6: distance between RC8-YC6 atoms for each base-pair

    bp     lambda(I) lambda(II)  C1'-C1'   RN9-YN1   RC8-YC6
   1 G-C      50.6      56.2      10.6       8.8       9.7
   2 G-C      57.8      47.8      10.8       9.0       9.9
   3 G-C      52.4      53.7      10.8       9.0       9.8
   4 G-C      57.5      48.3      10.8       9.0       9.9
   5 T-A      43.9      56.4      11.0       9.1       9.8
   6 G-C      55.3      51.8      10.8       9.1      10.0
   7 A-T      59.5      49.4      10.7       9.0       9.9
   8 T-A      50.4      50.8      11.0       9.1       9.9
   9 T-A      56.7      56.1      10.5       8.9       9.8
  10 G-C      60.6      52.5      10.5       8.9       9.9
  11 T-A      41.9      57.6      10.8       8.9       9.6
  12 T-A      47.5      59.5      10.7       9.0       9.9
  13 C-G      50.9      52.3      10.8       8.9       9.8
  14 A-T      50.8      56.8      10.5       8.7       9.6
  15 G-C      52.7      52.0      10.8       9.0       9.8
****************************************************************************
Classification of each dinucleotide step in a right-handed nucleic acid
structure: A-like; B-like; TA-like; intermediate of A and B, or other cases.

    step       Xp      Yp      Zp     XpH     YpH     ZpH    Form
   1 GG/CC   -1.48    8.91    0.73   -0.29    8.90    0.74      
   2 GG/CC   -1.59    9.03    0.90    0.71    8.38   -3.50      
   3 GG/CC   -2.30    9.08    0.27   -4.91    8.10    4.12      
   4 GT/AC   -2.45    9.01   -0.46   -1.29    7.65   -4.79      
   5 TG/CA   -1.22    8.99    0.56    0.91    8.81   -1.90      
   6 GA/TC   -2.15    9.32    1.11   -3.78    9.11    2.23      
   7 AT/AT   -2.43    9.48    1.25   -8.31    8.28    4.78      
   8 TT/AA   -2.19    8.85    1.17   -1.02    8.67   -2.10      
   9 TG/CA   -2.58    9.43    1.15   -6.86    5.96    7.40  *TA*
  10 GT/AC   -2.65    9.21    1.08   -8.15    8.36    4.01  *TA*
  11 TT/AA   -1.41    9.16    1.06   -3.62    7.77    4.94  *TA*
  12 TC/GA   -2.01    9.43    0.75   -3.42    8.35    4.44  *TA*
  13 CA/TG   -1.06    9.03    1.03    2.83    8.44   -3.37      
  14 AG/CT   -1.61    9.12    0.67   -2.56    8.58    3.13      
****************************************************************************
Minor and major groove widths: direct P-P distances and refined P-P distances
   which take into account the directions of the sugar-phosphate backbones

   (Subtract 5.8 Angstrom from the values to take account of the vdw radii
    of the phosphate groups, and for comparison with FreeHelix and Curves.)

Ref: M. A. El Hassan and C. R. Calladine (1998). ``Two Distinct Modes of
     Protein-induced Bending in DNA.'' J. Mol. Biol., v282, pp331-343.

                  Minor Groove        Major Groove
                 P-P     Refined     P-P     Refined
   1 GG/CC       ---       ---       ---       ---
   2 GG/CC       ---       ---       ---       ---
   3 GG/CC      14.8       ---      20.0       ---
   4 GT/AC      14.5      14.5      19.3      18.3
   5 TG/CA      13.2      13.2      20.4      20.3
   6 GA/TC      13.9      13.9      19.8      19.4
   7 AT/AT      15.4      15.0      21.2      20.7
   8 TT/AA      17.2      16.5      22.8      21.9
   9 TG/CA      19.3      18.4      19.0      16.2
  10 GT/AC      19.4      17.8      16.2      12.5
  11 TT/AA      18.3      16.6      13.8      12.5
  12 TC/GA      17.8       ---      14.7       ---
  13 CA/TG       ---       ---       ---       ---
  14 AG/CT       ---       ---       ---       ---
****************************************************************************
Global linear helical axis defined by equivalent C1' and RN9/YN1 atom pairs
Deviation from regular linear helix: 3.19(0.88)
****************************************************************************
Main chain and chi torsion angles: 

Note: alpha:   O3'(i-1)-P-O5'-C5'
      beta:    P-O5'-C5'-C4'
      gamma:   O5'-C5'-C4'-C3'
      delta:   C5'-C4'-C3'-O3'
      epsilon: C4'-C3'-O3'-P(i+1)
      zeta:    C3'-O3'-P(i+1)-O5'(i+1)

      chi for pyrimidines(Y): O4'-C1'-N1-C2
          chi for purines(R): O4'-C1'-N9-C4

Strand I
  base    alpha    beta   gamma   delta  epsilon   zeta    chi
   1 G     ---     ---     47.9   124.4   170.2  -111.1   -80.4
   2 G    -39.1   156.8    64.8   116.3   167.1  -110.4  -115.0
   3 G     -5.0   164.9    26.5   120.0   153.6   -77.4  -114.9
   4 G   -120.3  -120.0    69.2   130.4     0.1    57.5   -94.5
   5 T    177.3  -125.6    68.5    97.0   165.5   -91.0  -105.6
   6 G    -27.1   154.3    50.1   107.3   179.0   -82.3  -124.7
   7 A    -53.3   177.6    42.4   107.4  -179.1   -67.6  -128.7
   8 T    -76.0  -179.1    60.9    93.7   127.7   -63.1  -138.2
   9 T   -146.7   -99.9    78.3    98.6  -160.0  -108.9  -118.7
  10 G    -27.7   160.1    19.0   114.5   172.7   -91.3  -114.5
  11 T    -39.8  -168.2    22.6   111.8  -164.8   -84.6  -123.0
  12 T    -52.5   168.2    44.4   110.6  -175.8   -66.1  -123.6
  13 C    -77.7  -164.2    32.5   104.4   170.5   -85.8  -118.9
  14 A    -38.3   167.3    47.6   108.3  -160.4   -92.2  -118.6
  15 G   -108.6   170.4   100.1   118.0    ---     ---   -120.9

Strand II
  base    alpha    beta   gamma   delta  epsilon   zeta    chi
   1 C     -8.0   150.5    19.9   119.2    ---     ---   -130.4
   2 C    -40.7   165.7    56.1   104.8  -147.2  -126.2  -142.9
   3 C    -35.9   167.2    30.2   110.9   164.0   -93.5  -116.9
   4 C   -120.8  -125.4    57.8   112.0  -167.0   -99.0  -110.2
   5 A    -23.5   161.5    42.9   131.5   119.9   -50.0  -106.1
   6 C    -51.2  -179.2    46.7   132.5  -177.8  -142.6  -113.2
   7 T    -46.6  -169.7    20.8   112.9  -178.6   -83.0  -126.0
   8 A     -5.8   157.8    35.5   123.4   177.7   -87.3  -114.0
   9 A    -67.1  -171.2    42.2   108.1   160.1  -104.7  -112.7
  10 C    -77.5  -172.5    13.7   100.8  -176.4   -72.9  -118.3
  11 A   -171.0  -164.8   149.6   138.6  -165.3   -65.3  -134.7
  12 A    -61.4  -173.9    33.0   112.4   170.6   -91.9  -115.7
  13 G     18.6   126.2    33.1   111.0  -176.3   -79.6  -120.6
  14 T     38.8   102.0     4.6    90.3   155.8  -111.9  -119.4
  15 C     ---     ---     20.1   117.1   177.9  -122.3  -117.5
****************************************************************************
Sugar conformational parameters: 

Note: v0: C4'-O4'-C1'-C2'
      v1: O4'-C1'-C2'-C3'
      v2: C1'-C2'-C3'-C4'
      v3: C2'-C3'-C4'-O4'
      v4: C3'-C4'-O4'-C1'

      tm: the amplitude of pucker
      P:  the phase angle of pseudorotation

Strand I
 base       v0      v1      v2      v3      v4      tm       P    Puckering
   1 G    -20.0    23.2   -16.9     5.2     9.4    22.8   137.6    C1'-exo 
   2 G    -19.8    18.4    -9.8    -1.9    13.8    20.1   119.2    C1'-exo 
   3 G    -17.7    19.7   -13.6     3.2     9.1    19.5   134.0    C1'-exo 
   4 G    -17.1    20.5   -15.2     5.4     7.3    19.9   139.8    C1'-exo 
   5 T    -23.8    13.6     1.3   -16.1    25.3    25.6    87.2    O4'-endo
   6 G    -13.5     7.6     0.9    -9.2    14.5    14.6    86.5    O4'-endo
   7 A     -5.2    -1.6     7.1   -10.5    10.1    10.6    47.7    C4'-exo 
   8 T    -25.1    15.9    -1.0   -14.5    25.4    26.3    92.2    O4'-endo
   9 T    -21.6    11.4     2.6   -16.1    24.1    23.9    83.8    O4'-endo
  10 G    -10.8     9.6    -4.6    -1.9     8.0    10.9   115.1    C1'-exo 
  11 T     -9.9     7.3    -2.0    -4.0     8.8     9.9   101.6    O4'-endo
  12 T    -12.6    10.1    -3.7    -3.8    10.4    12.6   107.3    O4'-endo
  13 C     -8.4     1.5     5.4   -10.8    12.2    12.0    63.0    C4'-exo 
  14 A     -8.3     3.1     2.9    -8.1    10.3    10.1    73.4    O4'-endo
  15 G     -4.9     5.0    -3.2     0.3     2.9     5.2   128.0    C1'-exo 

Strand II
 base       v0      v1      v2      v3      v4      tm       P    Puckering
   1 C      1.4     0.4    -1.8     2.8    -2.7     2.8   229.0    C4'-endo
   2 C    -12.0     7.0     0.4    -7.7    12.4    12.7    88.4    O4'-endo
   3 C    -14.5    11.2    -3.6    -5.3    12.6    14.6   104.1    O4'-endo
   4 C    -17.5    15.4    -7.3    -3.2    13.1    17.6   114.6    C1'-exo 
   5 A     -0.3    11.9   -17.7    18.1   -11.4    18.6   197.6    C3'-exo 
   6 C    -19.6    29.1   -26.2    15.0     2.7    28.7   155.7    C2'-endo
   7 T    -15.7    13.3    -5.9    -3.5    12.2    15.7   112.0    C1'-exo 
   8 A    -21.5    26.1   -19.6     7.1     9.1    25.4   140.6    C1'-exo 
   9 A    -16.4    10.9    -1.6    -8.4    15.8    16.8    95.4    O4'-endo
  10 C    -18.8    10.0     2.1   -13.7    20.9    20.7    84.3    O4'-endo
  11 A     -9.0    22.0   -25.0    20.6    -7.6    25.1   177.8    C2'-endo
  12 A     -4.4     1.8     1.4    -4.2     5.5     5.3    74.7    O4'-endo
  13 G    -17.3    12.9    -3.7    -6.8    15.3    17.4   102.2    O4'-endo
  14 T    -15.0     1.4    11.7   -21.4    23.3    23.0    59.6    C4'-exo 
  15 C     -5.1     6.6    -5.3     2.4     1.7     6.4   146.2    C2'-endo
****************************************************************************
Same strand P--P and C1'--C1' virtual bond distances

                 Strand I                          Strand II
    step      P--P     C1'--C1'       step      P--P     C1'--C1'
   1 G/G       ---      4.76         1 C/C      6.31      5.75
   2 G/G      7.07      5.01         2 C/C      6.57      4.56
   3 G/G      6.76      5.51         3 C/C      5.48      5.06
   4 G/T      6.13      4.90         4 C/A      7.05      4.55
   5 T/G      5.89      4.13         5 A/C      6.67      5.60
   6 G/A      6.68      4.83         6 C/T      6.07      5.00
   7 A/T      6.32      5.07         7 T/A      6.61      5.10
   8 T/T      6.89      5.26         8 A/A      6.45      4.76
   9 T/G      5.18      5.20         9 A/C      5.78      5.27
  10 G/T      6.35      5.40        10 C/A      7.54      5.26
  11 T/T      5.86      4.84        11 A/A      6.37      5.34
  12 T/C      6.46      5.28        12 A/G      6.45      5.01
  13 C/A      6.01      4.54        13 G/T      5.63      4.41
  14 A/G      6.29      5.83        14 T/C       ---      4.49
****************************************************************************
Helix radius (radial displacement of P, O4', and C1' atoms in local helix
   frame of each dimer)

                        Strand I                      Strand II
     step         P        O4'       C1'        P        O4'        C1'
   1 GG/CC      8.65      5.39      4.87      9.23      7.11      6.09
   2 GG/CC      9.44      5.80      5.77      7.39      3.94      3.50
   3 GG/CC      9.77      8.24      7.26      9.18      7.81      6.86
   4 GT/AC      8.99      5.89      6.10      6.52      3.44      3.41
   5 TG/CA      6.97      3.24      2.88     10.74      7.82      7.51
   6 GA/TC      9.84      7.52      6.64      9.92      7.58      6.80
   7 AT/AT     12.11     10.44      9.78     11.36     10.19      9.52
   8 TT/AA      7.42      4.60      4.09     10.15      6.64      6.34
   9 TG/CA      9.20      8.93      7.89      9.02      8.58      7.75
  10 GT/AC     12.96     11.86     10.92     10.78      8.46      8.04
  11 TT/AA      8.16      7.04      6.28      9.13      7.78      6.73
  12 TC/GA      8.82      7.03      6.04      9.23      7.21      6.25
  13 CA/TG      9.17      5.43      5.14      8.64      4.96      4.88
  14 AG/CT     10.54      8.71      7.66      7.38      5.28      4.45
****************************************************************************
Position (Px, Py, Pz) and local helical axis vector (Hx, Hy, Hz)
         for each dinucleotide step

     step       Px        Py        Pz        Hx        Hy        Hz
   1 GG/CC    -20.97     11.53    -14.59      0.62     -0.66      0.43
   2 GG/CC    -16.49     11.18    -13.38      0.83     -0.20      0.52
   3 GG/CC    -15.79      6.22     -9.29      0.60     -0.78     -0.19
   4 GT/AC    -11.48      7.63     -9.26      0.62     -0.39      0.67
   5 TG/CA     -6.73      6.36    -10.35      0.75     -0.45      0.49
   6 GA/TC     -5.37      1.08    -10.28      0.95     -0.18      0.24
   7 AT/AT     -2.05     -0.67    -13.82      0.99      0.06      0.09
   8 TT/AA      0.57     -1.71     -6.01      0.72     -0.68      0.12
   9 TG/CA      5.36     -1.04    -10.15      0.69      0.30      0.66
  10 GT/AC      7.74     -0.58    -11.34      0.94      0.11      0.33
  11 TT/AA      9.28     -3.22     -6.53      0.87      0.20      0.45
  12 TC/GA     12.77     -2.85     -6.04      0.92      0.14      0.37
  13 CA/TG     17.20     -1.73    -10.26      0.45      0.88      0.14
  14 AG/CT     18.64      1.52     -4.71      0.94      0.29      0.21
