****************************************************************************
    3DNA v2.4.0-2018dec18, created and maintained by Dr. Xiang-Jun Lu (xiangjun@x3dna.org)
****************************************************************************
1. The list of the parameters given below correspond to the 5' to 3' direction
   of strand I and 3' to 5' direction of strand II.

2. All angular parameters, except for the phase angle of sugar pseudo-
   rotation, are measured in degrees in the range of [-180, +180], and all
   displacements are measured in Angstrom units.
****************************************************************************
File name: tmpstri
Date and time: Wed Jan  2 10:35:02 2019

Number of base-pairs: 15
Number of atoms: 2489
****************************************************************************
HEADER    DNA BINDING PROTEIN/DNA                 15-MAY-02   1J5N              
TITLE     SOLUTION STRUCTURE OF THE NON-SEQUENCE-SPECIFIC HMGB                  
TITLE    2 PROTEIN NHP6A IN COMPLEX WITH SRY DNA                                
COMPND    MOL_ID: 1;                                                            
COMPND   2 MOLECULE: NONHISTONE CHROMOSOMAL PROTEIN 6A;                         
COMPND   3 CHAIN: A;                                                            
COMPND   4 SYNONYM: NHP6A;                                                      
COMPND   5 ENGINEERED: YES;                                                     
COMPND   6 MOL_ID: 2;                                                           
COMPND   7 MOLECULE: 5'-                                                        
COMPND   8 D(*GP*GP*GP*GP*TP*GP*AP*TP*TP*GP*TP*TP*CP*AP*G)-3';                  
COMPND   9 CHAIN: B;                                                            
COMPND  10 ENGINEERED: YES;                                                     
COMPND  11 OTHER_DETAILS: SRY_DNA G-RICH STRAND;                                
COMPND  12 MOL_ID: 3;                                                           
COMPND  13 MOLECULE: 5'-                                                        
COMPND  14 D(*CP*TP*GP*AP*AP*CP*AP*AP*TP*CP*AP*CP*CP*CP*C)-3';                  
COMPND  15 CHAIN: C;                                                            
COMPND  16 ENGINEERED: YES;                                                     
COMPND  17 OTHER_DETAILS: SRY_DNA C-RICH STRAND                                 
SOURCE    MOL_ID: 1;                                                            
SOURCE   2 ORGANISM_SCIENTIFIC: SACCHAROMYCES CEREVISIAE;                       
SOURCE   3 ORGANISM_COMMON: BAKER'S YEAST;                                      
SOURCE   4 ORGANISM_TAXID: 4932;                                                
SOURCE   5 EXPRESSION_SYSTEM: ESCHERICHIA COLI;                                 
SOURCE   6 EXPRESSION_SYSTEM_TAXID: 562;                                        
SOURCE   7 MOL_ID: 2;                                                           
SOURCE   8 SYNTHETIC: YES;                                                      
SOURCE   9 OTHER_DETAILS: UNLABELED DNA MADE ON A COMMERCIAL                    
SOURCE  10 SYNTHESIZER, 15N,13C-LABELED DNA MADE ENZYMATICALLY IN               
SOURCE  11 VITRO WITH TAQ POLYMERASE;                                           
SOURCE  12 MOL_ID: 3;                                                           
SOURCE  13 SYNTHETIC: YES;                                                      
SOURCE  14 OTHER_DETAILS: UNLABELED DNA MADE ON A COMMERCIAL                    
SOURCE  15 SYNTHESIZER, 15N,13C-LABELED DNA MADE ENZYMATICALLY IN               
SOURCE  16 VITRO WITH TAQ POLYMERASE                                            
KEYWDS    HMG-BOX, HMGB, PROTEIN-DNA COMPLEX, ALPHA HELIX, DOUBLE               
KEYWDS   2 HELIX, DNA BINDING PROTEIN/DNA COMPLEX                               
EXPDTA    SOLUTION NMR                                                          
AUTHOR    J.E.MASSE,B.WONG,Y.-M.YEN,F.H.-T.ALLAIN,R.C.JOHNSON,J.FEIGON          
REVDAT   2   24-FEB-09 1J5N    1       VERSN                                    
REVDAT   1   16-OCT-02 1J5N    0                                                
JRNL        AUTH   J.E.MASSE,B.WONG,Y.-M.YEN,F.H.-T.ALLAIN,                     
JRNL        AUTH 2 R.C.JOHNSON,J.FEIGON                                         
JRNL        TITL   THE S. CEREVISIAE ARCHITECTURAL HMGB PROTEIN NHP6A           
JRNL        TITL 2 COMPLEXED WITH DNA: DNA AND PROTEIN CONFORMATIONAL           
JRNL        TITL 3 CHANGES UPON BINDING                                         
JRNL        REF    J.MOL.BIOL.                   V. 323   263 2002              
JRNL        REFN                   ISSN 0022-2836                               
JRNL        PMID   12381320                                                     
JRNL        DOI    10.1016/S0022-2836(02)00938-5                                
HELIX    1   1 SER A   26  ASN A   43  1                                  18    
HELIX    2   2 THR A   47  THR A   63  1                                  17    
HELIX    3   3 THR A   63  ALA A   93  1                                  31    
****************************************************************************
RMSD of the bases (----- for WC bp, + for isolated bp, x for helix change)

            Strand I                    Strand II          Helix
   1   (0.008) ..1.>B:.101_:[.DG]G-----C[.DC]:.130_:C<..1. (0.011)     |
   2   (0.008) ..1.>B:.102_:[.DG]G-----C[.DC]:.129_:C<..1. (0.013)     |
   3   (0.008) ..1.>B:.103_:[.DG]G-----C[.DC]:.128_:C<..1. (0.010)     |
   4   (0.009) ..1.>B:.104_:[.DG]G-----C[.DC]:.127_:C<..1. (0.010)     |
   5   (0.022) ..1.>B:.105_:[.DT]T-----A[.DA]:.126_:C<..1. (0.019)     |
   6   (0.009) ..1.>B:.106_:[.DG]G-----C[.DC]:.125_:C<..1. (0.010)     |
   7   (0.016) ..1.>B:.107_:[.DA]A-----T[.DT]:.124_:C<..1. (0.021)     |
   8   (0.024) ..1.>B:.108_:[.DT]T-----A[.DA]:.123_:C<..1. (0.012)     |
   9   (0.022) ..1.>B:.109_:[.DT]T-----A[.DA]:.122_:C<..1. (0.013)     |
  10   (0.007) ..1.>B:.110_:[.DG]G-----C[.DC]:.121_:C<..1. (0.012)     |
  11   (0.022) ..1.>B:.111_:[.DT]T-----A[.DA]:.120_:C<..1. (0.019)     |
  12   (0.021) ..1.>B:.112_:[.DT]T-----A[.DA]:.119_:C<..1. (0.019)     |
  13   (0.013) ..1.>B:.113_:[.DC]C-----G[.DG]:.118_:C<..1. (0.008)     |
  14   (0.014) ..1.>B:.114_:[.DA]A-----T[.DT]:.117_:C<..1. (0.021)     |
  15   (0.008) ..1.>B:.115_:[.DG]G-----C[.DC]:.116_:C<..1. (0.012)     |
****************************************************************************
Detailed H-bond information: atom-name pair and length [ O N]
   1 G-----C  [3]  O6 - N4  2.84  N1 - N3  2.90  N2 - O2  2.86
   2 G-----C  [3]  O6 - N4  2.85  N1 - N3  2.90  N2 - O2  2.81
   3 G-----C  [3]  O6 - N4  2.87  N1 - N3  2.93  N2 - O2  2.87
   4 G-----C  [3]  O6 - N4  2.84  N1 - N3  2.91  N2 - O2  2.82
   5 T-----A  [2]  N3 - N1  2.89  O4 - N6  2.73
   6 G-----C  [3]  O6 - N4  2.81  N1 - N3  2.90  N2 - O2  2.83
   7 A-----T  [2]  N6 - O4  2.92  N1 - N3  2.75
   8 T-----A  [2]  N3 - N1  2.86  O4 - N6  2.85
   9 T-----A  [2]  N3 - N1  2.83  O4 - N6  2.94
  10 G-----C  [3]  O6 - N4  2.95  N1 - N3  2.84  N2 - O2  2.64
  11 T-----A  [2]  N3 - N1  2.81  O4 - N6  2.50
  12 T-----A  [2]  N3 - N1  2.89  O4 - N6  2.83
  13 C-----G  [3]  O2 - N2  2.88  N3 - N1  2.88  N4 - O6  2.77
  14 A-----T  [2]  N6 - O4  2.86  N1 - N3  2.88
  15 G-----C  [3]  O6 - N4  2.85  N1 - N3  2.94  N2 - O2  2.90
****************************************************************************
Overlap area in Angstrom^2 between polygons defined by atoms on successive
bases. Polygons projected in the mean plane of the designed base-pair step.

Values in parentheses measure the overlap of base ring atoms only. Those
outside parentheses include exocyclic atoms on the ring. Intra- and
inter-strand overlap is designated according to the following diagram:

                    i2  3'      5' j2
                       /|\      |
                        |       |
               Strand I |       | II
                        |       |
                        |       |
                        |      \|/
                    i1  5'      3' j1

     step      i1-i2        i1-j2        j1-i2        j1-j2        sum
   1 GG/CC  8.43( 5.28)  0.00( 0.00)  0.00( 0.00)  3.26( 0.00) 11.68( 5.28)
   2 GG/CC  4.84( 2.34)  0.00( 0.00)  0.00( 0.00)  2.08( 0.12)  6.92( 2.46)
   3 GG/CC  5.76( 2.71)  0.00( 0.00)  0.00( 0.00)  5.28( 1.55) 11.03( 4.26)
   4 GT/AC  5.30( 1.27)  0.00( 0.00)  0.00( 0.00)  2.63( 1.10)  7.92( 2.37)
   5 TG/CA  5.90( 1.15)  0.00( 0.00)  0.00( 0.00)  4.45( 0.31) 10.35( 1.46)
   6 GA/TC  4.36( 1.62)  0.00( 0.00)  0.00( 0.00)  4.95( 1.07)  9.31( 2.69)
   7 AT/AT  6.98( 3.59)  0.00( 0.00)  0.00( 0.00)  7.04( 3.69) 14.02( 7.28)
   8 TT/AA  5.90( 0.78)  0.00( 0.00)  0.00( 0.00)  6.16( 4.42) 12.07( 5.20)
   9 TG/CA  1.99( 0.16)  0.00( 0.00)  0.12( 0.00)  3.40( 1.57)  5.50( 1.73)
  10 GT/AC  5.73( 1.08)  0.00( 0.00)  0.00( 0.00)  5.31( 3.80) 11.04( 4.88)
  11 TT/AA  7.64( 1.69)  0.00( 0.00)  0.00( 0.00)  2.74( 1.27) 10.38( 2.96)
  12 TC/GA  4.02( 0.69)  0.00( 0.00)  0.00( 0.00)  6.04( 3.12) 10.05( 3.82)
  13 CA/TG  2.57( 0.54)  0.00( 0.00)  0.00( 0.00)  1.93( 0.08)  4.51( 0.62)
  14 AG/CT  3.89( 2.19)  0.00( 0.00)  0.00( 0.00)  7.38( 1.67) 11.26( 3.86)
****************************************************************************
Origin (Ox, Oy, Oz) and mean normal vector (Nx, Ny, Nz) of each base-pair in
   the coordinate system of the given structure

      bp        Ox        Oy        Oz        Nx        Ny        Nz
    1 G-C    -22.398    14.641   -12.908     0.717    -0.697     0.037
    2 G-C    -19.412    10.776   -11.624     0.759    -0.642     0.108
    3 G-C    -16.049     8.981   -11.066     0.872    -0.488    -0.024
    4 G-C    -12.751     6.721   -10.935     0.701    -0.701     0.129
    5 T-A    -10.470     4.981    -9.758     0.785    -0.592     0.183
    6 G-C     -6.071     2.840    -9.862     0.831    -0.425     0.359
    7 A-T     -3.631     1.744    -8.750     0.899    -0.291     0.327
    8 T-A     -0.860    -0.949    -7.523     0.926    -0.343     0.159
    9 T-A      2.114    -2.786    -6.986     0.900    -0.390     0.196
   10 G-C      5.140    -4.171    -6.688     0.998    -0.065     0.000
   11 T-A      8.425    -5.735    -7.947     0.995     0.085    -0.049
   12 T-A     11.872    -4.124    -7.798     0.913     0.406    -0.036
   13 C-G     14.529    -2.664    -7.393     0.802     0.552     0.230
   14 A-T     17.245    -0.586    -6.638     0.820     0.570     0.056
   15 G-C     20.945     1.437    -6.528     0.781     0.570     0.257
****************************************************************************
Local base-pair parameters
     bp        Shear    Stretch   Stagger    Buckle  Propeller  Opening
    1 G-C      -0.84     -0.36      0.37      6.86      3.83     -1.77
    2 G-C       0.58     -0.12     -0.23     -6.03      1.19     -1.44
    3 G-C      -0.22     -0.14     -0.25     -3.58     -7.00     -1.49
    4 G-C       0.62     -0.13     -0.51    -11.09     -3.91     -1.57
    5 T-A      -1.10     -0.17      0.27     -3.82     -2.52     -7.36
    6 G-C       0.56     -0.11     -0.38    -14.96     -7.35     -2.11
    7 A-T      -0.70     -0.46      0.72      0.84      1.85      4.49
    8 T-A      -0.79     -0.16      0.68    -11.29      6.34     -1.64
    9 T-A       0.69     -0.30      0.13     -1.78      6.16      2.33
   10 G-C       0.47     -0.15      0.33      6.35     15.67      4.91
   11 T-A      -1.18     -0.45      0.88      6.27     -3.42    -13.03
   12 T-A      -0.92     -0.13      0.16     -1.62    -12.14     -4.68
   13 C-G       0.23     -0.30      0.69     -0.26     -7.20     -5.05
   14 A-T      -0.66     -0.30      0.45     12.83     -5.79     -3.55
   15 G-C      -0.32     -0.18      0.64     11.54     -0.84     -2.97
          ~~~~~~~~~~~~~~~~~~~~~~~~~~~~~~~~~~~~~~~~~~~~~~~~~~~~~~~~~~~~
      ave.     -0.24     -0.23      0.26     -0.65     -1.01     -2.33
      s.d.      0.70      0.12      0.44      8.29      7.06      4.46
****************************************************************************
Local base-pair step parameters
    step       Shift     Slide      Rise      Tilt      Roll     Twist
   1 GG/CC      0.93      0.86      4.89      3.96      4.09     36.37
   2 GG/CC      0.11     -0.58      3.81      5.40    -12.19     27.57
   3 GG/CC     -0.20     -0.02      4.00      0.17     18.02     31.95
   4 GT/AC     -0.21     -0.71      3.01      2.88     -7.96     28.94
   5 TG/CA      0.36      1.48      4.65      3.32    -13.80     39.46
   6 GA/TC     -0.07     -0.13      2.89     -8.45     -2.47     20.39
   7 AT/AT     -0.14     -1.66      3.69      1.10     10.13     26.61
   8 TT/AA     -0.17     -0.58      3.49      1.94     -3.25     34.43
   9 TG/CA     -0.48     -0.43      3.28     -3.62     22.35     20.81
  10 GT/AC     -1.17     -1.61      3.30      0.07      9.05     23.59
  11 TT/AA      0.75      0.16      3.73      3.28     18.80     34.61
  12 TC/GA      0.07      0.08      3.06     -1.95     18.49     40.28
  13 CA/TG      0.28     -0.11      3.49      2.10     -9.88     20.84
  14 AG/CT     -0.41      0.62      4.15      4.18     10.97     29.64
          ~~~~~~~~~~~~~~~~~~~~~~~~~~~~~~~~~~~~~~~~~~~~~~~~~~~~~~~~~~~~
      ave.     -0.02     -0.19      3.67      1.03      4.45     29.68
      s.d.      0.52      0.86      0.59      3.67     12.65      6.79
****************************************************************************
Local base-pair helical parameters
    step       X-disp    Y-disp   h-Rise     Incl.       Tip   h-Twist
   1 GG/CC      0.51     -0.66      5.02      6.50     -6.30     36.80
   2 GG/CC      1.81      1.08      3.69    -23.89    -10.59     30.56
   3 GG/CC     -3.08      0.35      3.50     29.95     -0.29     36.57
   4 GT/AC      0.18      0.96      3.06    -15.51     -5.61     30.12
   5 TG/CA      4.03     -0.04      3.96    -19.69     -4.73     41.84
   6 GA/TC      0.49     -2.67      2.70     -6.59     22.56     22.19
   7 AT/AT     -5.80      0.55      2.87     21.05     -2.29     28.46
   8 TT/AA     -0.44      0.60      3.51     -5.48     -3.27     34.63
   9 TG/CA     -5.08      0.21      1.99     47.33      7.67     30.66
  10 GT/AC     -6.10      2.69      2.52     21.17     -0.15     25.25
  11 TT/AA     -2.38     -0.66      3.43     29.03     -5.07     39.38
  12 TC/GA     -1.53     -0.26      2.83     25.28      2.67     44.20
  13 CA/TG      3.43      0.08      3.22    -25.48     -5.42     23.14
  14 AG/CT     -1.47      1.73      4.03     20.47     -7.79     31.83
          ~~~~~~~~~~~~~~~~~~~~~~~~~~~~~~~~~~~~~~~~~~~~~~~~~~~~~~~~~~~~
      ave.     -1.10      0.28      3.31      7.44     -1.33     32.55
      s.d.      3.18      1.24      0.75     23.40      8.26      6.72
****************************************************************************
The 'simple' parameters are intuitive for non-Watson-Crick base pairs
and associated base-pair steps (where the above corresponding 3DNA
parameters often appear cryptic). Note that they are for structural
*description* only, not to be fed into the 'rebuild' program. See URL
http://x3dna.org/highlights/details-on-the-simple-base-pair-parameters
and related blogposts on the 3DNA home page for details.

This structure contains 0 non-Watson-Crick (with leading *) base pair(s)
----------------------------------------------------------------------------
Simple base-pair parameters based on RC8--YC6 vectors
      bp        Shear    Stretch   Stagger    Buckle  Propeller  Opening  angle
     1 G-C      -0.87     -0.29      0.37      7.14      3.26     -1.77    7.9
     2 G-C       0.59     -0.08     -0.23     -6.09      0.80     -1.44    6.1
     3 G-C      -0.22     -0.14     -0.25     -3.70     -6.93     -1.49    7.9
     4 G-C       0.63     -0.08     -0.51    -10.79     -4.68     -1.57   11.8
     5 T-A      -1.12     -0.04      0.27     -4.09     -2.07     -7.37    4.6
     6 G-C       0.56     -0.07     -0.38    -14.44     -8.33     -2.13   16.7
     7 A-T      -0.73     -0.41      0.72      0.96      1.79      4.49    2.0
     8 T-A      -0.80     -0.08      0.68    -10.68      7.32     -1.64   13.0
     9 T-A       0.70     -0.25      0.13     -2.17      6.04      2.33    6.4
    10 G-C       0.48     -0.12      0.33      5.48     15.99      4.87   16.9
    11 T-A      -1.23     -0.30      0.88      5.79     -4.18    -13.04    7.1
    12 T-A      -0.93     -0.04      0.16     -2.79    -11.93     -4.66   12.2
    13 C-G       0.24     -0.29      0.69     -0.12     -7.21     -5.04    7.2
    14 A-T      -0.68     -0.26      0.45     12.40     -6.65     -3.56   14.1
    15 G-C      -0.32     -0.17      0.64     11.51     -1.17     -2.98   11.6
           ~~~~~~~~~~~~~~~~~~~~~~~~~~~~~~~~~~~~~~~~~~~~~~~~~~~~~~~~~~~~
       ave.     -0.25     -0.18      0.26     -0.77     -1.20     -2.33
       s.d.      0.71      0.12      0.44      8.07      7.27      4.45
----------------------------------------------------------------------------
Simple base-pair step parameters based on consecutive C1'-C1' vectors
      step       Shift     Slide      Rise      Tilt      Roll     Twist
     1 GG/CC      0.95      0.84      4.89      4.05      4.00     28.80
     2 GG/CC      0.12     -0.58      3.81      5.52    -12.13     31.47
     3 GG/CC     -0.20     -0.02      4.00     -0.12     18.02     27.32
     4 GT/AC     -0.22     -0.70      3.01      2.72     -8.01     37.69
     5 TG/CA      0.39      1.47      4.65      3.07    -13.86     30.45
     6 GA/TC     -0.07     -0.13      2.89     -8.47     -2.41     28.15
     7 AT/AT     -0.27     -1.65      3.69      1.88     10.01     26.91
     8 TT/AA     -0.17     -0.58      3.49      1.92     -3.27     25.97
     9 TG/CA     -0.45     -0.46      3.28     -4.87     22.11     22.13
    10 GT/AC     -1.22     -1.57      3.30      0.35      9.05     32.31
    11 TT/AA      0.76      0.09      3.73      5.02     18.41     33.02
    12 TC/GA      0.07      0.08      3.06     -1.50     18.53     33.97
    13 CA/TG      0.28     -0.12      3.49      1.90     -9.92     26.65
    14 AG/CT     -0.37      0.64      4.15      4.77     10.73     27.79
            ~~~~~~~~~~~~~~~~~~~~~~~~~~~~~~~~~~~~~~~~~~~~~~~~~~~~~~~~~~~~
        ave.     -0.03     -0.19      3.67      1.16      4.38     29.47
        s.d.      0.54      0.85      0.59      3.94     12.59      3.96
****************************************************************************
Structure classification: 

This is a right-handed nucleic acid structure
****************************************************************************
lambda: virtual angle between C1'-YN1 or C1'-RN9 glycosidic bonds and the
        base-pair C1'-C1' line

C1'-C1': distance between C1' atoms for each base-pair
RN9-YN1: distance between RN9-YN1 atoms for each base-pair
RC8-YC6: distance between RC8-YC6 atoms for each base-pair

    bp     lambda(I) lambda(II)  C1'-C1'   RN9-YN1   RC8-YC6
   1 G-C      50.7      56.3      10.6       8.8       9.7
   2 G-C      57.8      47.8      10.8       9.0       9.9
   3 G-C      53.3      54.0      10.7       9.0       9.9
   4 G-C      57.3      49.4      10.8       9.0       9.9
   5 T-A      46.1      60.7      10.8       9.0       9.8
   6 G-C      56.7      52.1      10.7       9.0       9.9
   7 A-T      55.3      61.4      10.0       8.5       9.5
   8 T-A      51.0      58.3      10.6       8.9       9.8
   9 T-A      61.0      54.0      10.3       8.7       9.7
  10 G-C      61.3      53.7      10.4       8.8       9.9
  11 T-A      43.0      58.2      10.7       8.9       9.6
  12 T-A      47.5      59.5      10.7       9.0       9.9
  13 C-G      51.2      52.2      10.7       8.9       9.7
  14 A-T      50.7      56.4      10.5       8.7       9.6
  15 G-C      51.9      52.9      10.7       9.0       9.8
****************************************************************************
Classification of each dinucleotide step in a right-handed nucleic acid
structure: A-like; B-like; TA-like; intermediate of A and B, or other cases.

    step       Xp      Yp      Zp     XpH     YpH     ZpH    Form
   1 GG/CC   -1.48    8.93    0.70   -0.90    8.81    1.58      
   2 GG/CC   -1.65    9.11    0.84    0.26    8.69   -2.87      
   3 GG/CC   -2.45    9.41    0.13   -5.37    8.20    4.63      
   4 GT/AC   -2.39    9.22   -0.27   -2.20    8.84   -2.63      
   5 TG/CA   -1.81    9.12   -0.69    1.94    8.45   -3.47      
   6 GA/TC   -2.96    9.18    0.05   -2.02    9.11   -1.27      
   7 AT/AT   -3.50    9.01    1.54   -9.11    7.91    4.58      
   8 TT/AA   -2.76    8.80    1.20   -3.14    8.87    0.37      
   9 TG/CA   -2.75    9.36    1.01   -7.61    5.76    7.39  *TA*
  10 GT/AC   -2.88    9.22    1.18   -8.84    8.21    4.36  *TA*
  11 TT/AA   -1.49    9.17    1.08   -3.76    7.64    5.16  *TA*
  12 TC/GA   -2.02    9.43    0.75   -3.43    8.34    4.47  *TA*
  13 CA/TG   -1.04    9.15    0.99    2.29    8.71   -2.97      
  14 AG/CT   -1.66    9.11    0.67   -3.14    8.36    3.66      
****************************************************************************
Minor and major groove widths: direct P-P distances and refined P-P distances
   which take into account the directions of the sugar-phosphate backbones

   (Subtract 5.8 Angstrom from the values to take account of the vdw radii
    of the phosphate groups, and for comparison with FreeHelix and Curves.)

Ref: M. A. El Hassan and C. R. Calladine (1998). ``Two Distinct Modes of
     Protein-induced Bending in DNA.'' J. Mol. Biol., v282, pp331-343.

                  Minor Groove        Major Groove
                 P-P     Refined     P-P     Refined
   1 GG/CC       ---       ---       ---       ---
   2 GG/CC       ---       ---       ---       ---
   3 GG/CC      16.5       ---      21.4       ---
   4 GT/AC      15.5      15.5      21.2      20.7
   5 TG/CA      13.7      13.6      21.8      21.6
   6 GA/TC      13.5      13.4      20.3      19.6
   7 AT/AT      14.3      14.0      20.7      20.4
   8 TT/AA      16.5      15.8      22.4      21.1
   9 TG/CA      19.0      18.0      19.4      15.5
  10 GT/AC      19.3      17.7      16.6      12.4
  11 TT/AA      18.5      16.7      14.1      12.6
  12 TC/GA      18.0       ---      15.1       ---
  13 CA/TG       ---       ---       ---       ---
  14 AG/CT       ---       ---       ---       ---
****************************************************************************
Global linear helical axis defined by equivalent C1' and RN9/YN1 atom pairs
Deviation from regular linear helix: 3.16(0.96)
****************************************************************************
Main chain and chi torsion angles: 

Note: alpha:   O3'(i-1)-P-O5'-C5'
      beta:    P-O5'-C5'-C4'
      gamma:   O5'-C5'-C4'-C3'
      delta:   C5'-C4'-C3'-O3'
      epsilon: C4'-C3'-O3'-P(i+1)
      zeta:    C3'-O3'-P(i+1)-O5'(i+1)

      chi for pyrimidines(Y): O4'-C1'-N1-C2
          chi for purines(R): O4'-C1'-N9-C4

Strand I
  base    alpha    beta   gamma   delta  epsilon   zeta    chi
   1 G     ---     ---     48.1   124.5   171.4  -112.9   -76.2
   2 G    -37.2   156.9    60.9   115.5   166.8  -109.9  -112.9
   3 G     -5.2   162.2    27.1   119.5  -177.5   -84.5  -114.1
   4 G    -62.9  -166.4    39.9   129.2   154.9   -84.6  -105.1
   5 T    -54.6  -153.8    37.7   110.7   172.1  -106.0  -108.7
   6 G    -24.4   144.8    54.2   109.1   178.6   -84.9  -124.8
   7 A    -51.1   174.2    46.9   112.2  -178.4   -67.4  -129.0
   8 T    -77.4  -175.1    53.4    93.9   126.4   -64.5  -135.9
   9 T   -149.2   -99.9    79.1    97.5  -161.8  -106.7  -115.0
  10 G    -30.8   163.1    20.4   114.8   174.6   -89.9  -115.3
  11 T    -41.9  -170.1    23.1   108.4  -162.6   -89.7  -124.2
  12 T    -46.1   163.5    41.7   109.8  -175.6   -65.9  -123.9
  13 C    -78.3  -163.6    32.3   104.8   171.2   -84.8  -119.0
  14 A    -40.0   168.3    47.3   107.7  -159.9   -92.1  -118.7
  15 G   -110.1   171.5   100.0   117.3    ---     ---   -120.8

Strand II
  base    alpha    beta   gamma   delta  epsilon   zeta    chi
   1 C     -7.9   150.6    19.9   119.0    ---     ---   -130.5
   2 C    -40.3   168.0    50.4   103.9  -147.8  -126.0  -139.8
   3 C    -46.2   174.8    28.2   109.8   165.3   -93.8  -115.0
   4 C   -128.1  -176.1    25.1   116.7  -163.2   -92.6  -106.6
   5 A    -64.7   128.3    24.8   107.4     0.2    86.9   -97.9
   6 C    -37.1   123.8   -28.5   136.9   -69.6   149.4   -68.0
   7 T     33.6   119.9   -20.5   107.7   -19.3   105.4  -119.9
   8 A    -25.9   165.8    42.1   135.2  -174.1  -139.2  -114.2
   9 A    -63.3  -175.6    44.6   108.7   171.6   -97.9  -112.8
  10 C    -77.0  -173.1    13.6   100.7  -177.7   -75.1  -119.3
  11 A   -171.4  -166.5   149.0   138.6  -164.9   -65.6  -134.6
  12 A    -62.1  -174.4    33.2   113.1   172.4   -91.6  -114.9
  13 G    -25.7   162.5    48.4   115.8  -175.4   -79.0  -119.9
  14 T     41.8   100.0     3.1    91.5   161.3   -89.7  -117.5
  15 C     ---     ---     20.0   117.4   177.2  -123.0  -117.3
****************************************************************************
Sugar conformational parameters: 

Note: v0: C4'-O4'-C1'-C2'
      v1: O4'-C1'-C2'-C3'
      v2: C1'-C2'-C3'-C4'
      v3: C2'-C3'-C4'-O4'
      v4: C3'-C4'-O4'-C1'

      tm: the amplitude of pucker
      P:  the phase angle of pseudorotation

Strand I
 base       v0      v1      v2      v3      v4      tm       P    Puckering
   1 G    -20.1    23.5   -17.1     5.4     9.3    23.1   138.0    C1'-exo 
   2 G    -19.2    17.4    -8.8    -2.7    13.9    19.4   116.9    C1'-exo 
   3 G    -17.6    17.8   -10.7     0.3    10.9    18.4   125.7    C1'-exo 
   4 G    -14.0    21.1   -19.1    11.1     1.8    20.8   156.3    C2'-endo
   5 T     -7.9     5.2    -0.7    -4.1     7.6     8.1    94.9    O4'-endo
   6 G     -8.7     3.1     3.2    -8.6    11.0    10.7    72.8    O4'-endo
   7 A     -7.4     3.7     1.2    -5.7     8.3     8.2    81.8    O4'-endo
   8 T    -25.7    16.3    -1.1   -14.7    25.9    26.8    92.4    O4'-endo
   9 T    -21.3    10.4     3.9   -17.3    24.8    24.3    80.7    O4'-endo
  10 G    -10.9     9.9    -5.1    -1.4     7.8    11.0   117.7    C1'-exo 
  11 T    -12.7     8.1    -0.7    -7.1    12.6    13.2    92.9    O4'-endo
  12 T    -13.4    10.6    -3.8    -4.3    11.1    13.3   106.4    O4'-endo
  13 C     -8.7     1.9     5.1   -10.6    12.2    12.0    64.9    C4'-exo 
  14 A     -9.1     3.7     2.8    -8.5    11.1    10.9    75.1    O4'-endo
  15 G     -5.5     5.2    -2.9    -0.3     3.7     5.6   121.4    C1'-exo 

Strand II
 base       v0      v1      v2      v3      v4      tm       P    Puckering
   1 C      1.4     0.4    -1.9     2.8    -2.6     2.8   227.9    C4'-endo
   2 C    -11.1     5.6     1.6    -8.5    12.4    12.3    82.4    O4'-endo
   3 C    -14.1     9.9    -2.2    -6.4    13.0    14.3    98.8    O4'-endo
   4 C    -16.1    16.8   -10.8     1.2     9.4    17.2   128.9    C1'-exo 
   5 A    -25.1    15.0     0.5   -16.1    26.3    26.8    88.9    O4'-endo
   6 C    -19.1    28.8   -26.2    15.3     2.3    28.5   156.6    C2'-endo
   7 T    -22.8    13.2     1.0   -15.2    24.4    24.6    87.6    O4'-endo
   8 A    -23.3    33.7   -29.2    15.9     4.7    32.8   152.9    C2'-endo
   9 A    -20.4    15.2    -4.4    -7.9    18.0    20.5   102.5    O4'-endo
  10 C    -19.5    10.4     2.2   -14.4    21.7    21.5    84.1    O4'-endo
  11 A     -9.0    22.0   -25.0    20.5    -7.5    25.0   177.8    C2'-endo
  12 A     -5.0     2.5     0.8    -3.8     5.6     5.5    81.9    O4'-endo
  13 G    -14.3    11.9    -4.9    -3.6    11.4    14.3   110.2    C1'-exo 
  14 T    -15.4     2.5    10.3   -20.3    22.8    22.3    62.5    C4'-exo 
  15 C     -5.2     6.8    -5.5     2.5     1.7     6.6   146.7    C2'-endo
****************************************************************************
Same strand P--P and C1'--C1' virtual bond distances

                 Strand I                          Strand II
    step      P--P     C1'--C1'       step      P--P     C1'--C1'
   1 G/G       ---      4.80         1 C/C      6.18      5.75
   2 G/G      7.01      4.90         2 C/C      6.48      4.64
   3 G/G      6.48      5.33         3 C/C      5.98      5.22
   4 G/T      6.58      5.33         4 C/A      6.12      4.57
   5 T/G      6.06      4.30         5 A/C      5.35      4.82
   6 G/A      6.81      4.80         6 C/T      5.07      4.17
   7 A/T      6.53      5.17         7 T/A      6.71      5.05
   8 T/T      6.77      5.12         8 A/A      6.41      4.74
   9 T/G      5.22      5.24         9 A/C      5.82      5.17
  10 G/T      6.36      5.36        10 C/A      7.54      5.25
  11 T/T      5.77      4.84        11 A/A      6.37      5.35
  12 T/C      6.45      5.31        12 A/G      6.65      4.98
  13 C/A      5.99      4.56        13 G/T      5.51      4.53
  14 A/G      6.25      5.87        14 T/C       ---      4.54
****************************************************************************
Helix radius (radial displacement of P, O4', and C1' atoms in local helix
   frame of each dimer)

                        Strand I                      Strand II
     step         P        O4'       C1'        P        O4'        C1'
   1 GG/CC      8.72      5.67      5.04      9.06      7.26      6.20
   2 GG/CC      9.50      5.85      5.73      7.90      4.56      4.05
   3 GG/CC     10.25      8.50      7.58      9.35      7.94      7.01
   4 GT/AC      9.79      6.48      6.34      8.46      5.16      4.76
   5 TG/CA      9.05      5.40      5.14      8.42      5.19      5.50
   6 GA/TC      6.80      4.09      3.26     11.86      8.31      8.01
   7 AT/AT     12.96     10.98     10.26     11.17      9.63      8.84
   8 TT/AA      9.82      7.24      6.51      9.02      6.21      5.47
   9 TG/CA      8.76      8.80      7.81     10.37      9.67      8.91
  10 GT/AC     13.37     12.20     11.27     11.14      8.93      8.51
  11 TT/AA      8.34      7.23      6.46      8.81      7.56      6.50
  12 TC/GA      8.77      6.98      5.99      9.26      7.24      6.28
  13 CA/TG      9.23      5.51      5.15      8.78      4.97      4.83
  14 AG/CT     10.40      8.80      7.75      7.45      5.61      4.78
****************************************************************************
Position (Px, Py, Pz) and local helical axis vector (Hx, Hy, Hz)
         for each dinucleotide step

     step       Px        Py        Pz        Hx        Hy        Hz
   1 GG/CC    -21.31     12.24    -12.75      0.65     -0.74      0.18
   2 GG/CC    -16.76     11.39    -12.32      0.87     -0.31      0.39
   3 GG/CC    -15.81      5.88     -9.33      0.57     -0.73     -0.37
   4 GT/AC    -11.78      6.20     -9.49      0.62     -0.67      0.40
   5 TG/CA     -6.87      6.69     -7.69      0.59     -0.66      0.47
   6 GA/TC     -3.53      4.48    -10.05      0.71     -0.20      0.68
   7 AT/AT     -1.39     -1.17    -13.49      0.99      0.02      0.15
   8 TT/AA      0.53     -2.21     -7.87      0.90     -0.43      0.09
   9 TG/CA      5.50     -0.01     -9.74      0.69      0.21      0.70
  10 GT/AC      7.54     -0.01    -11.48      0.94      0.12      0.31
  11 TT/AA      9.22     -3.04     -6.89      0.88      0.21      0.43
  12 TC/GA     12.70     -2.83     -6.37      0.94      0.14      0.32
  13 CA/TG     16.77     -1.59    -10.26      0.49      0.86      0.14
  14 AG/CT     18.48      1.44     -4.75      0.95      0.24      0.19
