****************************************************************************
    3DNA v2.4.0-2018dec18, created and maintained by Dr. Xiang-Jun Lu (xiangjun@x3dna.org)
****************************************************************************
1. The list of the parameters given below correspond to the 5' to 3' direction
   of strand I and 3' to 5' direction of strand II.

2. All angular parameters, except for the phase angle of sugar pseudo-
   rotation, are measured in degrees in the range of [-180, +180], and all
   displacements are measured in Angstrom units.
****************************************************************************
File name: tmpstri
Date and time: Wed Jan  2 10:35:02 2019

Number of base-pairs: 15
Number of atoms: 2489
****************************************************************************
HEADER    DNA BINDING PROTEIN/DNA                 15-MAY-02   1J5N              
TITLE     SOLUTION STRUCTURE OF THE NON-SEQUENCE-SPECIFIC HMGB                  
TITLE    2 PROTEIN NHP6A IN COMPLEX WITH SRY DNA                                
COMPND    MOL_ID: 1;                                                            
COMPND   2 MOLECULE: NONHISTONE CHROMOSOMAL PROTEIN 6A;                         
COMPND   3 CHAIN: A;                                                            
COMPND   4 SYNONYM: NHP6A;                                                      
COMPND   5 ENGINEERED: YES;                                                     
COMPND   6 MOL_ID: 2;                                                           
COMPND   7 MOLECULE: 5'-                                                        
COMPND   8 D(*GP*GP*GP*GP*TP*GP*AP*TP*TP*GP*TP*TP*CP*AP*G)-3';                  
COMPND   9 CHAIN: B;                                                            
COMPND  10 ENGINEERED: YES;                                                     
COMPND  11 OTHER_DETAILS: SRY_DNA G-RICH STRAND;                                
COMPND  12 MOL_ID: 3;                                                           
COMPND  13 MOLECULE: 5'-                                                        
COMPND  14 D(*CP*TP*GP*AP*AP*CP*AP*AP*TP*CP*AP*CP*CP*CP*C)-3';                  
COMPND  15 CHAIN: C;                                                            
COMPND  16 ENGINEERED: YES;                                                     
COMPND  17 OTHER_DETAILS: SRY_DNA C-RICH STRAND                                 
SOURCE    MOL_ID: 1;                                                            
SOURCE   2 ORGANISM_SCIENTIFIC: SACCHAROMYCES CEREVISIAE;                       
SOURCE   3 ORGANISM_COMMON: BAKER'S YEAST;                                      
SOURCE   4 ORGANISM_TAXID: 4932;                                                
SOURCE   5 EXPRESSION_SYSTEM: ESCHERICHIA COLI;                                 
SOURCE   6 EXPRESSION_SYSTEM_TAXID: 562;                                        
SOURCE   7 MOL_ID: 2;                                                           
SOURCE   8 SYNTHETIC: YES;                                                      
SOURCE   9 OTHER_DETAILS: UNLABELED DNA MADE ON A COMMERCIAL                    
SOURCE  10 SYNTHESIZER, 15N,13C-LABELED DNA MADE ENZYMATICALLY IN               
SOURCE  11 VITRO WITH TAQ POLYMERASE;                                           
SOURCE  12 MOL_ID: 3;                                                           
SOURCE  13 SYNTHETIC: YES;                                                      
SOURCE  14 OTHER_DETAILS: UNLABELED DNA MADE ON A COMMERCIAL                    
SOURCE  15 SYNTHESIZER, 15N,13C-LABELED DNA MADE ENZYMATICALLY IN               
SOURCE  16 VITRO WITH TAQ POLYMERASE                                            
KEYWDS    HMG-BOX, HMGB, PROTEIN-DNA COMPLEX, ALPHA HELIX, DOUBLE               
KEYWDS   2 HELIX, DNA BINDING PROTEIN/DNA COMPLEX                               
EXPDTA    SOLUTION NMR                                                          
AUTHOR    J.E.MASSE,B.WONG,Y.-M.YEN,F.H.-T.ALLAIN,R.C.JOHNSON,J.FEIGON          
REVDAT   2   24-FEB-09 1J5N    1       VERSN                                    
REVDAT   1   16-OCT-02 1J5N    0                                                
JRNL        AUTH   J.E.MASSE,B.WONG,Y.-M.YEN,F.H.-T.ALLAIN,                     
JRNL        AUTH 2 R.C.JOHNSON,J.FEIGON                                         
JRNL        TITL   THE S. CEREVISIAE ARCHITECTURAL HMGB PROTEIN NHP6A           
JRNL        TITL 2 COMPLEXED WITH DNA: DNA AND PROTEIN CONFORMATIONAL           
JRNL        TITL 3 CHANGES UPON BINDING                                         
JRNL        REF    J.MOL.BIOL.                   V. 323   263 2002              
JRNL        REFN                   ISSN 0022-2836                               
JRNL        PMID   12381320                                                     
JRNL        DOI    10.1016/S0022-2836(02)00938-5                                
HELIX    1   1 SER A   26  ASN A   43  1                                  18    
HELIX    2   2 THR A   47  THR A   63  1                                  17    
HELIX    3   3 THR A   63  ALA A   93  1                                  31    
****************************************************************************
RMSD of the bases (----- for WC bp, + for isolated bp, x for helix change)

            Strand I                    Strand II          Helix
   1   (0.008) ..14>B:.101_:[.DG]G-----C[.DC]:.130_:C<..14 (0.011)     |
   2   (0.007) ..14>B:.102_:[.DG]G-----C[.DC]:.129_:C<..14 (0.013)     |
   3   (0.008) ..14>B:.103_:[.DG]G-----C[.DC]:.128_:C<..14 (0.010)     |
   4   (0.008) ..14>B:.104_:[.DG]G-----C[.DC]:.127_:C<..14 (0.011)     |
   5   (0.022) ..14>B:.105_:[.DT]T-----A[.DA]:.126_:C<..14 (0.017)     |
   6   (0.010) ..14>B:.106_:[.DG]G-----C[.DC]:.125_:C<..14 (0.010)     |
   7   (0.014) ..14>B:.107_:[.DA]A-----T[.DT]:.124_:C<..14 (0.021)     |
   8   (0.023) ..14>B:.108_:[.DT]T-----A[.DA]:.123_:C<..14 (0.011)     |
   9   (0.023) ..14>B:.109_:[.DT]T-----A[.DA]:.122_:C<..14 (0.012)     |
  10   (0.007) ..14>B:.110_:[.DG]G-----C[.DC]:.121_:C<..14 (0.012)     |
  11   (0.021) ..14>B:.111_:[.DT]T-----A[.DA]:.120_:C<..14 (0.018)     |
  12   (0.021) ..14>B:.112_:[.DT]T-----A[.DA]:.119_:C<..14 (0.019)     |
  13   (0.013) ..14>B:.113_:[.DC]C-----G[.DG]:.118_:C<..14 (0.009)     |
  14   (0.015) ..14>B:.114_:[.DA]A-----T[.DT]:.117_:C<..14 (0.022)     |
  15   (0.008) ..14>B:.115_:[.DG]G-----C[.DC]:.116_:C<..14 (0.012)     |
****************************************************************************
Detailed H-bond information: atom-name pair and length [ O N]
   1 G-----C  [3]  O6 - N4  2.84  N1 - N3  2.90  N2 - O2  2.86
   2 G-----C  [3]  O6 - N4  2.85  N1 - N3  2.90  N2 - O2  2.80
   3 G-----C  [3]  O6 - N4  2.89  N1 - N3  2.94  N2 - O2  2.87
   4 G-----C  [3]  O6 - N4  2.82  N1 - N3  2.88  N2 - O2  2.82
   5 T-----A  [2]  N3 - N1  2.85  O4 - N6  2.59
   6 G-----C  [3]  O6 - N4  2.74  N1 - N3  2.89  N2 - O2  2.87
   7 A-----T  [2]  N6 - O4  2.91  N1 - N3  2.87
   8 T-----A  [2]  N3 - N1  2.91  O4 - N6  2.81
   9 T-----A  [2]  N3 - N1  2.88  O4 - N6  2.94
  10 G-----C  [3]  O6 - N4  2.91  N1 - N3  2.81  N2 - O2  2.64
  11 T-----A  [2]  N3 - N1  2.82  O4 - N6  2.52
  12 T-----A  [2]  N3 - N1  2.89  O4 - N6  2.82
  13 C-----G  [3]  O2 - N2  2.90  N3 - N1  2.89  N4 - O6  2.76
  14 A-----T  [2]  N6 - O4  2.88  N1 - N3  2.87
  15 G-----C  [3]  O6 - N4  2.87  N1 - N3  2.95  N2 - O2  2.89
****************************************************************************
Overlap area in Angstrom^2 between polygons defined by atoms on successive
bases. Polygons projected in the mean plane of the designed base-pair step.

Values in parentheses measure the overlap of base ring atoms only. Those
outside parentheses include exocyclic atoms on the ring. Intra- and
inter-strand overlap is designated according to the following diagram:

                    i2  3'      5' j2
                       /|\      |
                        |       |
               Strand I |       | II
                        |       |
                        |       |
                        |      \|/
                    i1  5'      3' j1

     step      i1-i2        i1-j2        j1-i2        j1-j2        sum
   1 GG/CC  8.44( 5.14)  0.00( 0.00)  0.00( 0.00)  3.23( 0.00) 11.66( 5.14)
   2 GG/CC  4.84( 2.71)  0.00( 0.00)  0.00( 0.00)  1.08( 0.00)  5.92( 2.71)
   3 GG/CC  5.86( 2.73)  0.00( 0.00)  0.00( 0.00)  6.21( 2.15) 12.07( 4.87)
   4 GT/AC  3.13( 0.20)  0.00( 0.00)  0.00( 0.00)  4.10( 2.45)  7.24( 2.65)
   5 TG/CA  7.21( 2.69)  0.00( 0.00)  0.00( 0.00)  0.80( 0.00)  8.01( 2.69)
   6 GA/TC  5.66( 2.53)  0.00( 0.00)  0.00( 0.00)  5.20( 1.28) 10.86( 3.81)
   7 AT/AT  6.91( 3.63)  0.00( 0.00)  0.00( 0.00)  7.01( 3.58) 13.92( 7.21)
   8 TT/AA  4.89( 0.44)  0.00( 0.00)  0.00( 0.00)  4.59( 3.43)  9.48( 3.87)
   9 TG/CA  1.75( 0.23)  0.00( 0.00)  0.10( 0.00)  3.62( 1.87)  5.47( 2.10)
  10 GT/AC  5.93( 1.20)  0.00( 0.00)  0.00( 0.00)  5.17( 3.62) 11.10( 4.82)
  11 TT/AA  7.61( 1.64)  0.00( 0.00)  0.00( 0.00)  2.74( 1.26) 10.35( 2.90)
  12 TC/GA  3.91( 0.61)  0.00( 0.00)  0.00( 0.00)  6.13( 3.24) 10.04( 3.85)
  13 CA/TG  2.66( 0.37)  0.00( 0.00)  0.00( 0.00)  2.95( 0.28)  5.61( 0.65)
  14 AG/CT  4.93( 2.54)  0.00( 0.00)  0.00( 0.00)  6.97( 1.58) 11.90( 4.12)
****************************************************************************
Origin (Ox, Oy, Oz) and mean normal vector (Nx, Ny, Nz) of each base-pair in
   the coordinate system of the given structure

      bp        Ox        Oy        Oz        Nx        Ny        Nz
    1 G-C    -22.026    13.436   -12.016     0.739    -0.668    -0.089
    2 G-C    -18.820     9.605   -11.201     0.790    -0.612    -0.012
    3 G-C    -15.627     8.130   -10.444     0.839    -0.542     0.041
    4 G-C    -12.670     5.949   -10.284     0.652    -0.736     0.183
    5 T-A     -9.726     4.975    -8.984     0.851    -0.506     0.143
    6 G-C     -6.349     2.749   -10.147     0.842    -0.365     0.398
    7 A-T     -3.791     1.758    -9.051     0.897    -0.274     0.348
    8 T-A     -1.093    -0.951    -7.865     0.927    -0.337     0.165
    9 T-A      2.497    -2.994    -7.305     0.908    -0.320     0.270
   10 G-C      5.337    -4.211    -6.985     0.998    -0.024     0.051
   11 T-A      8.481    -5.656    -8.033     0.997     0.081    -0.003
   12 T-A     11.953    -4.081    -7.654     0.916     0.400     0.009
   13 C-G     14.690    -2.593    -7.084     0.766     0.570     0.297
   14 A-T     17.584    -0.605    -6.125     0.778     0.615     0.129
   15 G-C     21.169     1.327    -5.881     0.741     0.647     0.180
****************************************************************************
Local base-pair parameters
     bp        Shear    Stretch   Stagger    Buckle  Propeller  Opening
    1 G-C      -0.84     -0.36      0.41      7.83      3.50     -1.97
    2 G-C       0.60     -0.12     -0.24     -5.88      0.29     -1.36
    3 G-C      -0.25     -0.13     -0.31     -5.61     -6.33     -1.37
    4 G-C       0.67     -0.17     -0.40     -2.74      8.22     -3.07
    5 T-A      -1.23     -0.26      0.39     -3.32    -21.75    -16.24
    6 G-C       0.59     -0.13     -0.21    -13.31     -6.60     -4.20
    7 A-T      -0.43     -0.25      0.53     -0.12      4.26      0.70
    8 T-A      -0.77     -0.08      0.34     -8.80      7.38     -5.04
    9 T-A      -0.16     -0.10      0.61     -9.50     10.85      1.40
   10 G-C       0.51     -0.22      0.50      1.39     14.09      5.49
   11 T-A      -1.16     -0.41      0.82      6.43     -4.48    -13.06
   12 T-A      -0.93     -0.13      0.16     -1.59    -11.31     -5.00
   13 C-G       0.17     -0.29      0.75     -2.78     -8.11     -5.85
   14 A-T      -0.68     -0.31      0.24      7.00     -5.27     -1.94
   15 G-C      -0.29     -0.13      0.56     12.86      2.35     -1.93
          ~~~~~~~~~~~~~~~~~~~~~~~~~~~~~~~~~~~~~~~~~~~~~~~~~~~~~~~~~~~~
      ave.     -0.28     -0.21      0.28     -1.21     -0.86     -3.56
      s.d.      0.66      0.10      0.40      7.26      9.49      5.37
****************************************************************************
Local base-pair step parameters
    step       Shift     Slide      Rise      Tilt      Roll     Twist
   1 GG/CC      1.00      0.95      4.87      4.01      4.71     35.69
   2 GG/CC      0.33     -0.90      3.47      5.74      0.41     27.12
   3 GG/CC     -0.36      0.07      3.66     -1.56     17.42     29.81
   4 GT/AC     -1.07     -0.88      3.07     -1.22    -17.55     29.93
   5 TG/CA      1.58      1.61      3.55      8.89    -14.20     48.44
   6 GA/TC      0.03     -0.04      2.95     -6.74      0.14     17.99
   7 AT/AT     -0.10     -1.73      3.61      1.83     11.12     24.28
   8 TT/AA      0.04     -0.79      4.09     -2.87     -5.51     30.66
   9 TG/CA     -0.40     -0.59      3.02     -2.27     21.71     25.49
  10 GT/AC     -1.10     -1.55      3.08      1.05      6.67     23.64
  11 TT/AA      0.74      0.23      3.75      2.91     18.74     34.51
  12 TC/GA      0.01      0.11      3.17     -1.96     21.04     40.07
  13 CA/TG      0.14      0.22      3.63      4.04     -9.17     20.02
  14 AG/CT     -0.25      0.85      3.98      3.21      2.50     26.21
          ~~~~~~~~~~~~~~~~~~~~~~~~~~~~~~~~~~~~~~~~~~~~~~~~~~~~~~~~~~~~
      ave.      0.04     -0.17      3.56      1.08      4.15     29.56
      s.d.      0.73      0.96      0.52      4.09     12.86      8.10
****************************************************************************
Local base-pair helical parameters
    step       X-disp    Y-disp   h-Rise     Incl.       Tip   h-Twist
   1 GG/CC      0.52     -0.75      5.03      7.61     -6.49     36.21
   2 GG/CC     -1.98      0.80      3.45      0.86    -12.07     27.71
   3 GG/CC     -2.96      0.34      3.23     30.75      2.75     34.46
   4 GT/AC      1.29      1.61      3.13    -30.86      2.14     34.61
   5 TG/CA      2.92     -1.18      3.22    -16.73    -10.48     51.09
   6 GA/TC     -0.18     -3.16      2.76      0.43     20.63     19.20
   7 AT/AT     -6.61      0.69      2.57     24.81     -4.07     26.73
   8 TT/AA     -0.14     -0.77      4.15    -10.28      5.36     31.27
   9 TG/CA     -4.16      0.37      1.97     40.93      4.27     33.44
  10 GT/AC     -5.42      2.87      2.50     15.87     -2.49     24.58
  11 TT/AA     -2.30     -0.69      3.48     29.04     -4.50     39.24
  12 TC/GA     -1.72     -0.18      2.88     28.44      2.65     45.10
  13 CA/TG      4.34      1.31      3.19    -24.50    -10.80     22.36
  14 AG/CT      1.05      1.59      3.99      5.48     -7.03     26.52
          ~~~~~~~~~~~~~~~~~~~~~~~~~~~~~~~~~~~~~~~~~~~~~~~~~~~~~~~~~~~~
      ave.     -1.10      0.20      3.25      7.27     -1.44     32.32
      s.d.      3.10      1.49      0.77     22.23      8.64      8.81
****************************************************************************
The 'simple' parameters are intuitive for non-Watson-Crick base pairs
and associated base-pair steps (where the above corresponding 3DNA
parameters often appear cryptic). Note that they are for structural
*description* only, not to be fed into the 'rebuild' program. See URL
http://x3dna.org/highlights/details-on-the-simple-base-pair-parameters
and related blogposts on the 3DNA home page for details.

This structure contains 0 non-Watson-Crick (with leading *) base pair(s)
----------------------------------------------------------------------------
Simple base-pair parameters based on RC8--YC6 vectors
      bp        Shear    Stretch   Stagger    Buckle  Propeller  Opening  angle
     1 G-C      -0.86     -0.29      0.41      8.09      2.86     -1.98    8.6
     2 G-C       0.61     -0.08     -0.24     -5.88     -0.10     -1.36    5.9
     3 G-C      -0.25     -0.13     -0.31     -5.73     -6.22     -1.37    8.5
     4 G-C       0.68     -0.12     -0.40     -3.32      8.00     -3.06    8.7
     5 T-A      -1.25     -0.10      0.39     -6.09    -21.14    -15.96   22.0
     6 G-C       0.60     -0.09     -0.21    -12.82     -7.50     -4.22   14.9
     7 A-T      -0.44     -0.23      0.53      0.05      4.26      0.70    4.3
     8 T-A      -0.77     -0.01      0.34     -8.14      8.09     -5.05   11.5
     9 T-A      -0.16     -0.10      0.61     -9.23     11.09      1.40   14.4
    10 G-C       0.52     -0.19      0.50      0.58     14.14      5.44   14.2
    11 T-A      -1.20     -0.26      0.82      5.82     -5.25    -13.07    7.8
    12 T-A      -0.94     -0.04      0.16     -2.69    -11.10     -4.97   11.4
    13 C-G       0.18     -0.28      0.75     -2.67     -8.14     -5.83    8.6
    14 A-T      -0.70     -0.26      0.24      6.63     -5.73     -1.94    8.8
    15 G-C      -0.29     -0.12      0.56     12.91      2.06     -1.94   13.1
           ~~~~~~~~~~~~~~~~~~~~~~~~~~~~~~~~~~~~~~~~~~~~~~~~~~~~~~~~~~~~
       ave.     -0.29     -0.15      0.28     -1.50     -0.98     -3.55
       s.d.      0.67      0.09      0.40      7.18      9.49      5.32
----------------------------------------------------------------------------
Simple base-pair step parameters based on consecutive C1'-C1' vectors
      step       Shift     Slide      Rise      Tilt      Roll     Twist
     1 GG/CC      1.02      0.93      4.87      4.12      4.62     28.06
     2 GG/CC      0.33     -0.90      3.47      5.73      0.46     31.24
     3 GG/CC     -0.37      0.06      3.66     -1.82     17.39     24.99
     4 GT/AC     -1.09     -0.85      3.07     -1.63    -17.52     39.18
     5 TG/CA      1.61      1.58      3.55      8.60    -14.38     38.87
     6 GA/TC      0.03     -0.04      2.95     -6.74      0.08     24.22
     7 AT/AT     -0.21     -1.72      3.61      2.50     10.99     26.00
     8 TT/AA      0.01     -0.79      4.09     -3.13     -5.36     27.35
     9 TG/CA     -0.39     -0.60      3.02     -2.57     21.68     21.84
    10 GT/AC     -1.15     -1.51      3.08      1.25      6.63     32.32
    11 TT/AA      0.76      0.16      3.75      4.63     18.39     33.05
    12 TC/GA      0.01      0.11      3.17     -1.39     21.09     33.95
    13 CA/TG      0.14      0.22      3.63      3.84     -9.26     25.55
    14 AG/CT     -0.21      0.86      3.98      3.34      2.33     24.17
            ~~~~~~~~~~~~~~~~~~~~~~~~~~~~~~~~~~~~~~~~~~~~~~~~~~~~~~~~~~~~
        ave.      0.04     -0.18      3.56      1.19      4.08     29.34
        s.d.      0.75      0.94      0.52      4.19     12.84      5.51
****************************************************************************
Structure classification: 

This is a right-handed nucleic acid structure
****************************************************************************
lambda: virtual angle between C1'-YN1 or C1'-RN9 glycosidic bonds and the
        base-pair C1'-C1' line

C1'-C1': distance between C1' atoms for each base-pair
RN9-YN1: distance between RN9-YN1 atoms for each base-pair
RC8-YC6: distance between RC8-YC6 atoms for each base-pair

    bp     lambda(I) lambda(II)  C1'-C1'   RN9-YN1   RC8-YC6
   1 G-C      50.7      56.2      10.6       8.8       9.7
   2 G-C      58.0      47.6      10.8       9.0       9.9
   3 G-C      53.3      54.3      10.7       9.0       9.9
   4 G-C      56.5      47.9      10.8       9.0       9.9
   5 T-A      41.8      55.8      11.0       9.1       9.7
   6 G-C      55.3      50.3      10.8       9.0       9.8
   7 A-T      54.7      57.8      10.4       8.8       9.7
   8 T-A      49.1      56.2      10.8       9.1       9.9
   9 T-A      55.5      57.9      10.5       8.9       9.9
  10 G-C      61.6      53.9      10.4       8.8       9.8
  11 T-A      43.1      58.0      10.8       8.9       9.6
  12 T-A      47.4      59.3      10.7       9.0       9.9
  13 C-G      50.4      52.2      10.8       8.9       9.7
  14 A-T      51.5      57.5      10.5       8.7       9.7
  15 G-C      52.7      53.0      10.7       9.0       9.8
****************************************************************************
Classification of each dinucleotide step in a right-handed nucleic acid
structure: A-like; B-like; TA-like; intermediate of A and B, or other cases.

    step       Xp      Yp      Zp     XpH     YpH     ZpH    Form
   1 GG/CC   -1.47    8.95    0.64   -0.88    8.81    1.68      
   2 GG/CC   -2.02    9.20    0.93   -3.72    9.19    0.94      
   3 GG/CC   -2.31    9.40    0.21   -5.15    8.06    4.84      
   4 GT/AC   -2.22    8.99   -0.36   -1.01    7.63   -4.76      
   5 TG/CA   -0.99    9.06   -0.51    1.70    8.62   -2.82      
   6 GA/TC   -2.70    9.42   -0.08   -2.56    9.42   -0.34      
   7 AT/AT   -3.15    9.25    1.45   -9.56    7.84    5.09      
   8 TT/AA   -2.45    8.77    1.40   -2.63    8.88   -0.05      
   9 TG/CA   -2.81    9.36    1.36   -6.81    6.33    7.01      
  10 GT/AC   -2.86    9.26    1.14   -8.18    8.62    3.60      
  11 TT/AA   -1.44    9.17    1.04   -3.63    7.65    5.13  *TA*
  12 TC/GA   -1.99    9.45    0.73   -3.58    8.12    4.88  *TA*
  13 CA/TG   -0.98    9.20    0.58    3.21    8.63   -3.22      
  14 AG/CT   -1.99    9.35   -0.31   -1.09    9.34    0.57      
****************************************************************************
Minor and major groove widths: direct P-P distances and refined P-P distances
   which take into account the directions of the sugar-phosphate backbones

   (Subtract 5.8 Angstrom from the values to take account of the vdw radii
    of the phosphate groups, and for comparison with FreeHelix and Curves.)

Ref: M. A. El Hassan and C. R. Calladine (1998). ``Two Distinct Modes of
     Protein-induced Bending in DNA.'' J. Mol. Biol., v282, pp331-343.

                  Minor Groove        Major Groove
                 P-P     Refined     P-P     Refined
   1 GG/CC       ---       ---       ---       ---
   2 GG/CC       ---       ---       ---       ---
   3 GG/CC      15.5       ---      19.3       ---
   4 GT/AC      14.5      14.4      19.9      19.5
   5 TG/CA      13.2      13.0      19.9      19.8
   6 GA/TC      13.6      13.5      19.4      18.9
   7 AT/AT      14.7      14.5      21.4      21.1
   8 TT/AA      16.5      15.9      23.1      22.1
   9 TG/CA      18.9      17.9      19.4      16.5
  10 GT/AC      19.2      17.6      16.6      12.8
  11 TT/AA      18.6      16.7      14.3      13.3
  12 TC/GA      18.4       ---      16.6       ---
  13 CA/TG       ---       ---       ---       ---
  14 AG/CT       ---       ---       ---       ---
****************************************************************************
Global linear helical axis defined by equivalent C1' and RN9/YN1 atom pairs
Deviation from regular linear helix: 3.17(0.96)
****************************************************************************
Main chain and chi torsion angles: 

Note: alpha:   O3'(i-1)-P-O5'-C5'
      beta:    P-O5'-C5'-C4'
      gamma:   O5'-C5'-C4'-C3'
      delta:   C5'-C4'-C3'-O3'
      epsilon: C4'-C3'-O3'-P(i+1)
      zeta:    C3'-O3'-P(i+1)-O5'(i+1)

      chi for pyrimidines(Y): O4'-C1'-N1-C2
          chi for purines(R): O4'-C1'-N9-C4

Strand I
  base    alpha    beta   gamma   delta  epsilon   zeta    chi
   1 G     ---     ---     48.1   124.1   171.4  -113.5   -73.2
   2 G    -38.2   152.4    65.5   116.1   171.2   -91.3  -114.0
   3 G    -34.8  -174.6    29.8   120.3  -176.9   -84.1  -112.3
   4 G    -79.9  -163.6    47.8   132.7     0.2    57.2  -101.4
   5 T    179.0  -120.0    66.0    98.8   162.2  -111.0  -105.6
   6 G      6.4   131.2    32.8   106.8   176.9   -86.6  -114.0
   7 A    -43.6   166.3    43.1   109.5  -178.8   -71.7  -126.4
   8 T    -70.3  -178.5    51.9    91.2   123.4   -57.5  -136.0
   9 T   -144.9   -99.9    76.1   101.6   179.8   -84.2  -118.2
  10 G    -53.3  -169.9    28.0   117.8   174.6   -89.5  -116.3
  11 T    -40.8  -173.0    22.6   106.6  -162.6   -90.5  -123.1
  12 T    -45.4   163.7    41.3   110.7  -175.2   -65.7  -123.0
  13 C    -79.4  -162.2    32.0   103.8   170.8   -85.6  -118.6
  14 A    -39.0   169.8    46.1   109.9  -153.2   -94.3  -115.8
  15 G    -99.8   153.7   100.0   115.4    ---     ---   -123.0

Strand II
  base    alpha    beta   gamma   delta  epsilon   zeta    chi
   1 C     -8.3   150.7    19.9   119.0    ---     ---   -130.0
   2 C    -36.2   176.1    34.0   105.1  -147.9  -125.8  -138.1
   3 C    -37.3   164.5    31.0   109.1   170.4   -92.5  -116.8
   4 C   -117.6  -127.3    58.5   113.5  -164.6   -99.9  -109.8
   5 A   -160.2  -169.4    78.3   127.1   119.9   -50.0  -104.2
   6 C    -32.4   114.5   -31.3   123.8   -32.4    88.6   -71.5
   7 T     35.7   120.4   -24.1   107.1   -20.1   103.9  -119.0
   8 A    -15.1   158.9    39.5   133.5  -174.7  -135.9  -115.6
   9 A    -66.7  -175.8    43.7   106.5   169.4  -106.3  -113.6
  10 C    -74.9  -171.8    13.3   102.5  -176.0   -72.5  -118.3
  11 A   -170.3  -164.7   148.2   138.5  -165.6   -67.6  -133.8
  12 A    -61.7  -174.2    32.7   112.2   171.2   -92.1  -114.4
  13 G    -18.1   154.7    47.3   112.8  -176.7   -79.0  -115.5
  14 T    -50.0   118.7   -16.7    89.1   153.7   -90.5   -99.8
  15 C     ---     ---     19.8   106.2     0.1   100.6  -122.7
****************************************************************************
Sugar conformational parameters: 

Note: v0: C4'-O4'-C1'-C2'
      v1: O4'-C1'-C2'-C3'
      v2: C1'-C2'-C3'-C4'
      v3: C2'-C3'-C4'-O4'
      v4: C3'-C4'-O4'-C1'

      tm: the amplitude of pucker
      P:  the phase angle of pseudorotation

Strand I
 base       v0      v1      v2      v3      v4      tm       P    Puckering
   1 G    -20.1    23.3   -16.9     5.2     9.5    22.9   137.5    C1'-exo 
   2 G    -20.9    19.5   -10.5    -2.0    14.5    21.2   119.5    C1'-exo 
   3 G    -17.8    18.6   -11.7     1.2    10.5    18.9   128.3    C1'-exo 
   4 G    -17.9    22.8   -17.9     7.7     6.4    22.0   144.5    C2'-endo
   5 T    -20.9    12.0     1.0   -13.9    22.1    22.5    87.5    O4'-endo
   6 G     -9.4     3.5     3.3    -9.2    11.9    11.5    73.5    O4'-endo
   7 A    -11.3     5.7     1.7    -8.6    12.7    12.6    82.4    O4'-endo
   8 T    -26.6    16.4    -0.4   -16.1    27.3    28.1    90.9    O4'-endo
   9 T    -23.2    14.8    -1.1   -13.2    23.3    24.2    92.5    O4'-endo
  10 G     -9.6     9.7    -6.0     0.4     5.8    10.0   127.0    C1'-exo 
  11 T    -13.2     7.9     0.0    -8.1    13.6    13.9    89.8    O4'-endo
  12 T    -12.8    10.6    -4.4    -3.3    10.1    12.8   110.1    C1'-exo 
  13 C     -8.0     1.0     5.8   -11.0    12.1    12.0    60.9    C4'-exo 
  14 A     -6.9     2.6     2.4    -6.7     8.5     8.4    73.5    O4'-endo
  15 G     -7.6     6.2    -2.4    -2.1     6.2     7.6   108.7    C1'-exo 

Strand II
 base       v0      v1      v2      v3      v4      tm       P    Puckering
   1 C      1.7     0.0    -1.6     2.7    -2.8     2.8   235.5    C4'-endo
   2 C     -9.8     4.9     1.6    -7.6    11.1    11.0    81.8    O4'-endo
   3 C    -15.7    10.9    -2.2    -7.4    14.8    16.0    97.8    O4'-endo
   4 C    -17.1    15.8    -8.3    -1.9    12.1    17.4   118.6    C1'-exo 
   5 A     -4.4    13.3   -16.3    14.2    -6.3    16.3   183.2    C3'-exo 
   6 C    -20.6    22.0   -14.7     2.6    11.5    22.2   131.2    C1'-exo 
   7 T    -22.0    12.0     2.0   -15.6    24.1    24.0    85.3    O4'-endo
   8 A    -22.2    31.9   -27.5    14.8     4.7    31.0   152.6    C2'-endo
   9 A    -18.9    12.5    -1.5   -10.1    18.5    19.5    94.5    O4'-endo
  10 C    -18.3    10.2     1.4   -12.8    20.0    20.0    85.9    O4'-endo
  11 A     -8.6    21.5   -24.6    20.4    -7.7    24.6   178.6    C2'-endo
  12 A     -4.6     1.8     1.5    -4.3     5.7     5.5    74.6    O4'-endo
  13 G    -16.2    12.3    -3.7    -6.1    14.1    16.3   103.3    O4'-endo
  14 T    -11.5    -2.6    14.4   -22.1    21.6    22.3    49.9    C4'-exo 
  15 C    -11.5     1.9     7.6   -15.0    17.0    16.6    62.8    C4'-exo 
****************************************************************************
Same strand P--P and C1'--C1' virtual bond distances

                 Strand I                          Strand II
    step      P--P     C1'--C1'       step      P--P     C1'--C1'
   1 G/G       ---      4.68         1 C/C      5.84      5.74
   2 G/G      7.08      5.02         2 C/C      6.50      4.89
   3 G/G      6.31      5.41         3 C/C      5.52      5.02
   4 G/T      6.41      4.96         4 C/A      7.17      4.55
   5 T/G      5.78      4.08         5 A/C      5.11      5.08
   6 G/A      6.45      4.47         6 C/T      4.96      4.14
   7 A/T      6.48      5.13         7 T/A      6.68      5.09
   8 T/T      6.76      5.27         8 A/A      6.39      4.85
   9 T/G      5.37      5.22         9 A/C      5.82      5.11
  10 G/T      6.22      5.23        10 C/A      7.54      5.26
  11 T/T      5.79      4.86        11 A/A      6.36      5.34
  12 T/C      6.45      5.37        12 A/G      6.67      4.97
  13 C/A      5.94      4.61        13 G/T      5.57      4.26
  14 A/G      6.17      5.53        14 T/C       ---      4.21
****************************************************************************
Helix radius (radial displacement of P, O4', and C1' atoms in local helix
   frame of each dimer)

                        Strand I                      Strand II
     step         P        O4'       C1'        P        O4'        C1'
   1 GG/CC      8.63      5.58      4.94      9.15      7.34      6.28
   2 GG/CC     11.04      7.96      7.45      8.80      7.15      6.32
   3 GG/CC     10.03      8.30      7.28      9.10      7.90      6.95
   4 GT/AC      9.16      6.08      6.25      6.24      3.18      3.19
   5 TG/CA      7.81      4.26      3.99      9.82      6.54      6.56
   6 GA/TC      6.60      4.12      3.27     12.92      9.32      8.85
   7 AT/AT     13.35     11.58     10.88     11.39     10.15      9.38
   8 TT/AA      8.52      6.01      5.31     10.14      7.19      6.55
   9 TG/CA      9.26      8.73      7.69      9.35      8.58      7.72
  10 GT/AC     13.72     11.99     11.12     10.46      8.27      7.81
  11 TT/AA      8.26      7.15      6.37      8.81      7.56      6.51
  12 TC/GA      8.72      7.07      6.09      9.04      7.15      6.19
  13 CA/TG     10.52      6.84      6.50      7.91      3.99      4.12
  14 AG/CT     10.66      7.98      6.98      8.14      4.60      3.87
****************************************************************************
Position (Px, Py, Pz) and local helical axis vector (Hx, Hy, Hz)
         for each dinucleotide step

     step       Px        Py        Pz        Hx        Hy        Hz
   1 GG/CC    -20.95     10.99    -12.05      0.68     -0.73      0.07
   2 GG/CC    -17.66      8.95     -8.80      0.73     -0.65      0.19
   3 GG/CC    -15.53      5.30     -8.59      0.54     -0.77     -0.34
   4 GT/AC    -11.14      7.10     -8.55      0.64     -0.44      0.63
   5 TG/CA     -6.35      6.01     -8.79      0.65     -0.65      0.38
   6 GA/TC     -3.56      4.60    -10.99      0.76     -0.11      0.64
   7 AT/AT     -1.46     -1.31    -14.61      0.99      0.09      0.13
   8 TT/AA      1.04     -1.32     -7.40      0.83     -0.50      0.23
   9 TG/CA      5.34     -0.97     -9.80      0.73      0.25      0.64
  10 GT/AC      7.42     -0.74    -11.76      0.95      0.15      0.26
  11 TT/AA      9.28     -3.03     -6.92      0.86      0.20      0.47
  12 TC/GA     12.67     -2.62     -6.10      0.91      0.11      0.41
  13 CA/TG     16.92     -0.68    -10.89      0.42      0.87      0.26
  14 AG/CT     18.60      1.88     -6.72      0.81      0.53      0.26
