****************************************************************************
    3DNA v2.4.0-2018dec18, created and maintained by Dr. Xiang-Jun Lu (xiangjun@x3dna.org)
****************************************************************************
1. The list of the parameters given below correspond to the 5' to 3' direction
   of strand I and 3' to 5' direction of strand II.

2. All angular parameters, except for the phase angle of sugar pseudo-
   rotation, are measured in degrees in the range of [-180, +180], and all
   displacements are measured in Angstrom units.
****************************************************************************
File name: tmpstri
Date and time: Wed Jan  2 10:35:02 2019

Number of base-pairs: 15
Number of atoms: 2489
****************************************************************************
HEADER    DNA BINDING PROTEIN/DNA                 15-MAY-02   1J5N              
TITLE     SOLUTION STRUCTURE OF THE NON-SEQUENCE-SPECIFIC HMGB                  
TITLE    2 PROTEIN NHP6A IN COMPLEX WITH SRY DNA                                
COMPND    MOL_ID: 1;                                                            
COMPND   2 MOLECULE: NONHISTONE CHROMOSOMAL PROTEIN 6A;                         
COMPND   3 CHAIN: A;                                                            
COMPND   4 SYNONYM: NHP6A;                                                      
COMPND   5 ENGINEERED: YES;                                                     
COMPND   6 MOL_ID: 2;                                                           
COMPND   7 MOLECULE: 5'-                                                        
COMPND   8 D(*GP*GP*GP*GP*TP*GP*AP*TP*TP*GP*TP*TP*CP*AP*G)-3';                  
COMPND   9 CHAIN: B;                                                            
COMPND  10 ENGINEERED: YES;                                                     
COMPND  11 OTHER_DETAILS: SRY_DNA G-RICH STRAND;                                
COMPND  12 MOL_ID: 3;                                                           
COMPND  13 MOLECULE: 5'-                                                        
COMPND  14 D(*CP*TP*GP*AP*AP*CP*AP*AP*TP*CP*AP*CP*CP*CP*C)-3';                  
COMPND  15 CHAIN: C;                                                            
COMPND  16 ENGINEERED: YES;                                                     
COMPND  17 OTHER_DETAILS: SRY_DNA C-RICH STRAND                                 
SOURCE    MOL_ID: 1;                                                            
SOURCE   2 ORGANISM_SCIENTIFIC: SACCHAROMYCES CEREVISIAE;                       
SOURCE   3 ORGANISM_COMMON: BAKER'S YEAST;                                      
SOURCE   4 ORGANISM_TAXID: 4932;                                                
SOURCE   5 EXPRESSION_SYSTEM: ESCHERICHIA COLI;                                 
SOURCE   6 EXPRESSION_SYSTEM_TAXID: 562;                                        
SOURCE   7 MOL_ID: 2;                                                           
SOURCE   8 SYNTHETIC: YES;                                                      
SOURCE   9 OTHER_DETAILS: UNLABELED DNA MADE ON A COMMERCIAL                    
SOURCE  10 SYNTHESIZER, 15N,13C-LABELED DNA MADE ENZYMATICALLY IN               
SOURCE  11 VITRO WITH TAQ POLYMERASE;                                           
SOURCE  12 MOL_ID: 3;                                                           
SOURCE  13 SYNTHETIC: YES;                                                      
SOURCE  14 OTHER_DETAILS: UNLABELED DNA MADE ON A COMMERCIAL                    
SOURCE  15 SYNTHESIZER, 15N,13C-LABELED DNA MADE ENZYMATICALLY IN               
SOURCE  16 VITRO WITH TAQ POLYMERASE                                            
KEYWDS    HMG-BOX, HMGB, PROTEIN-DNA COMPLEX, ALPHA HELIX, DOUBLE               
KEYWDS   2 HELIX, DNA BINDING PROTEIN/DNA COMPLEX                               
EXPDTA    SOLUTION NMR                                                          
AUTHOR    J.E.MASSE,B.WONG,Y.-M.YEN,F.H.-T.ALLAIN,R.C.JOHNSON,J.FEIGON          
REVDAT   2   24-FEB-09 1J5N    1       VERSN                                    
REVDAT   1   16-OCT-02 1J5N    0                                                
JRNL        AUTH   J.E.MASSE,B.WONG,Y.-M.YEN,F.H.-T.ALLAIN,                     
JRNL        AUTH 2 R.C.JOHNSON,J.FEIGON                                         
JRNL        TITL   THE S. CEREVISIAE ARCHITECTURAL HMGB PROTEIN NHP6A           
JRNL        TITL 2 COMPLEXED WITH DNA: DNA AND PROTEIN CONFORMATIONAL           
JRNL        TITL 3 CHANGES UPON BINDING                                         
JRNL        REF    J.MOL.BIOL.                   V. 323   263 2002              
JRNL        REFN                   ISSN 0022-2836                               
JRNL        PMID   12381320                                                     
JRNL        DOI    10.1016/S0022-2836(02)00938-5                                
HELIX    1   1 SER A   26  ASN A   43  1                                  18    
HELIX    2   2 THR A   47  THR A   63  1                                  17    
HELIX    3   3 THR A   63  ALA A   93  1                                  31    
****************************************************************************
RMSD of the bases (----- for WC bp, + for isolated bp, x for helix change)

            Strand I                    Strand II          Helix
   1   (0.008) ..12>B:.101_:[.DG]G-----C[.DC]:.130_:C<..12 (0.011)     |
   2   (0.008) ..12>B:.102_:[.DG]G-----C[.DC]:.129_:C<..12 (0.013)     |
   3   (0.008) ..12>B:.103_:[.DG]G-----C[.DC]:.128_:C<..12 (0.010)     |
   4   (0.009) ..12>B:.104_:[.DG]G-----C[.DC]:.127_:C<..12 (0.011)     |
   5   (0.021) ..12>B:.105_:[.DT]T-----A[.DA]:.126_:C<..12 (0.019)     |
   6   (0.009) ..12>B:.106_:[.DG]G-----C[.DC]:.125_:C<..12 (0.010)     |
   7   (0.013) ..12>B:.107_:[.DA]A-----T[.DT]:.124_:C<..12 (0.022)     |
   8   (0.022) ..12>B:.108_:[.DT]T-----A[.DA]:.123_:C<..12 (0.013)     |
   9   (0.023) ..12>B:.109_:[.DT]T-----A[.DA]:.122_:C<..12 (0.013)     |
  10   (0.007) ..12>B:.110_:[.DG]G-----C[.DC]:.121_:C<..12 (0.011)     |
  11   (0.022) ..12>B:.111_:[.DT]T-----A[.DA]:.120_:C<..12 (0.018)     |
  12   (0.021) ..12>B:.112_:[.DT]T-----A[.DA]:.119_:C<..12 (0.019)     |
  13   (0.013) ..12>B:.113_:[.DC]C-----G[.DG]:.118_:C<..12 (0.008)     |
  14   (0.014) ..12>B:.114_:[.DA]A-----T[.DT]:.117_:C<..12 (0.021)     |
  15   (0.008) ..12>B:.115_:[.DG]G-----C[.DC]:.116_:C<..12 (0.012)     |
****************************************************************************
Detailed H-bond information: atom-name pair and length [ O N]
   1 G-----C  [3]  O6 - N4  2.84  N1 - N3  2.90  N2 - O2  2.86
   2 G-----C  [3]  O6 - N4  2.86  N1 - N3  2.90  N2 - O2  2.80
   3 G-----C  [3]  O6 - N4  2.88  N1 - N3  2.94  N2 - O2  2.87
   4 G-----C  [3]  O6 - N4  2.78  N1 - N3  2.88  N2 - O2  2.85
   5 T-----A  [2]  N3 - N1  2.89  O4 - N6  2.77
   6 G-----C  [3]  O6 - N4  2.75  N1 - N3  2.84  N2 - O2  2.86
   7 A-----T  [2]  N6 - O4  2.87  N1 - N3  2.90
   8 T-----A  [2]  N3 - N1  2.84  O4 - N6  2.85
   9 T-----A  [2]  N3 - N1  2.84  O4 - N6  2.94
  10 G-----C  [3]  O6 - N4  2.92  N1 - N3  2.80  N2 - O2  2.61
  11 T-----A  [2]  N3 - N1  2.86  O4 - N6  2.57
  12 T-----A  [2]  N3 - N1  2.88  O4 - N6  2.80
  13 C-----G  [3]  O2 - N2  2.88  N3 - N1  2.88  N4 - O6  2.77
  14 A-----T  [2]  N6 - O4  2.86  N1 - N3  2.86
  15 G-----C  [3]  O6 - N4  2.83  N1 - N3  2.92  N2 - O2  2.88
****************************************************************************
Overlap area in Angstrom^2 between polygons defined by atoms on successive
bases. Polygons projected in the mean plane of the designed base-pair step.

Values in parentheses measure the overlap of base ring atoms only. Those
outside parentheses include exocyclic atoms on the ring. Intra- and
inter-strand overlap is designated according to the following diagram:

                    i2  3'      5' j2
                       /|\      |
                        |       |
               Strand I |       | II
                        |       |
                        |       |
                        |      \|/
                    i1  5'      3' j1

     step      i1-i2        i1-j2        j1-i2        j1-j2        sum
   1 GG/CC  8.37( 5.31)  0.00( 0.00)  0.00( 0.00)  3.15( 0.00) 11.52( 5.31)
   2 GG/CC  4.66( 2.27)  0.00( 0.00)  0.00( 0.00)  1.89( 0.11)  6.55( 2.38)
   3 GG/CC  5.40( 2.37)  0.00( 0.00)  0.00( 0.00)  6.39( 2.28) 11.79( 4.65)
   4 GT/AC  2.58( 0.24)  0.00( 0.00)  0.00( 0.00)  2.64( 1.02)  5.22( 1.26)
   5 TG/CA  5.76( 1.12)  0.00( 0.00)  0.00( 0.00)  2.70( 0.00)  8.46( 1.12)
   6 GA/TC  5.15( 2.02)  0.00( 0.00)  0.00( 0.00)  4.62( 0.86)  9.77( 2.88)
   7 AT/AT  6.25( 3.03)  0.00( 0.00)  0.00( 0.00)  6.83( 3.37) 13.08( 6.40)
   8 TT/AA  4.74( 0.49)  0.00( 0.00)  0.00( 0.00)  4.38( 3.47)  9.12( 3.96)
   9 TG/CA  1.83( 0.28)  0.00( 0.00)  0.16( 0.00)  3.50( 1.79)  5.49( 2.07)
  10 GT/AC  5.73( 1.13)  0.00( 0.00)  0.00( 0.00)  5.15( 3.59) 10.88( 4.73)
  11 TT/AA  7.61( 1.61)  0.00( 0.00)  0.00( 0.00)  2.87( 1.36) 10.47( 2.97)
  12 TC/GA  3.97( 0.77)  0.00( 0.00)  0.00( 0.00)  6.03( 3.09) 10.00( 3.86)
  13 CA/TG  2.62( 0.62)  0.00( 0.00)  0.00( 0.00)  1.54( 0.00)  4.16( 0.62)
  14 AG/CT  3.45( 1.99)  0.00( 0.00)  0.00( 0.00)  7.17( 1.70) 10.61( 3.69)
****************************************************************************
Origin (Ox, Oy, Oz) and mean normal vector (Nx, Ny, Nz) of each base-pair in
   the coordinate system of the given structure

      bp        Ox        Oy        Oz        Nx        Ny        Nz
    1 G-C    -21.111    14.281   -14.424     0.638    -0.737     0.225
    2 G-C    -18.586    10.438   -12.331     0.691    -0.678     0.250
    3 G-C    -15.428     8.574   -11.233     0.819    -0.559     0.128
    4 G-C    -12.411     6.225   -10.684     0.579    -0.753     0.311
    5 T-A     -9.851     4.726    -9.579     0.832    -0.479     0.278
    6 G-C     -5.624     3.034    -9.558     0.841    -0.343     0.419
    7 A-T     -3.432     2.212    -8.674     0.893    -0.313     0.325
    8 T-A     -0.796    -0.819    -7.731     0.931    -0.339     0.134
    9 T-A      2.711    -3.043    -7.215     0.903    -0.338     0.263
   10 G-C      5.490    -4.270    -6.962     0.999    -0.042     0.028
   11 T-A      8.436    -5.803    -7.997     0.998     0.041    -0.046
   12 T-A     12.135    -4.506    -7.792     0.945     0.325    -0.015
   13 C-G     14.796    -3.154    -7.396     0.830     0.508     0.231
   14 A-T     17.639    -1.198    -6.604     0.872     0.490    -0.012
   15 G-C     21.852     0.555    -6.957     0.839     0.510     0.190
****************************************************************************
Local base-pair parameters
     bp        Shear    Stretch   Stagger    Buckle  Propeller  Opening
    1 G-C      -0.84     -0.36      0.35      5.48      3.54     -1.74
    2 G-C       0.59     -0.11     -0.22     -7.06     -1.13     -1.19
    3 G-C      -0.22     -0.13     -0.32     -4.96     -4.90     -1.61
    4 G-C       0.68     -0.20     -0.59     -6.48      7.74     -4.48
    5 T-A      -1.05     -0.17      0.38     -3.66    -13.47     -8.09
    6 G-C       0.64     -0.19      0.13    -17.98    -15.77     -5.48
    7 A-T      -0.66     -0.28      0.33      1.05      1.68     -2.10
    8 T-A      -0.80     -0.19      0.64     -8.67     10.20     -0.57
    9 T-A      -0.23     -0.14      0.73    -10.43      9.67      2.82
   10 G-C       0.48     -0.23      0.50     -0.24     14.26      6.42
   11 T-A      -1.17     -0.31      0.59      8.72     -3.55    -11.60
   12 T-A      -0.96     -0.15      0.30     -0.31     -9.58     -5.83
   13 C-G       0.25     -0.29      0.62      2.05     -8.09     -5.01
   14 A-T      -0.67     -0.33      0.59     15.64     -6.90     -3.35
   15 G-C       0.24     -0.14      0.61      7.42     -4.79     -3.71
          ~~~~~~~~~~~~~~~~~~~~~~~~~~~~~~~~~~~~~~~~~~~~~~~~~~~~~~~~~~~~
      ave.     -0.25     -0.21      0.31     -1.30     -1.41     -3.03
      s.d.      0.68      0.08      0.40      8.55      9.03      4.28
****************************************************************************
Local base-pair step parameters
    step       Shift     Slide      Rise      Tilt      Roll     Twist
   1 GG/CC      0.93      0.83      4.90      4.44      1.63     37.34
   2 GG/CC      0.08     -0.68      3.77      5.36    -10.99     27.54
   3 GG/CC     -0.47      0.08      3.83     -0.19     20.66     29.75
   4 GT/AC     -0.55     -0.20      3.11     -1.21    -21.54     32.30
   5 TG/CA      0.53      1.52      4.26      3.52    -10.70     44.15
   6 GA/TC      0.04      0.03      2.50     -5.16      3.79     18.61
   7 AT/AT      0.12     -1.97      3.62     -0.62     11.25     26.74
   8 TT/AA     -0.03     -0.92      4.08     -2.24     -7.22     28.66
   9 TG/CA     -0.35     -0.59      2.97     -2.29     22.36     26.02
  10 GT/AC     -1.11     -1.46      2.96      2.42      5.92     23.60
  11 TT/AA      0.64      0.22      3.87      1.03     16.70     33.88
  12 TC/GA      0.11     -0.02      3.01     -0.74     18.85     40.63
  13 CA/TG      0.45     -0.15      3.51      1.10    -14.17     21.25
  14 AG/CT     -0.57      0.79      4.47      4.94     10.70     35.61
          ~~~~~~~~~~~~~~~~~~~~~~~~~~~~~~~~~~~~~~~~~~~~~~~~~~~~~~~~~~~~
      ave.     -0.01     -0.18      3.63      0.74      3.37     30.43
      s.d.      0.55      0.92      0.67      3.10     14.27      7.33
****************************************************************************
Local base-pair helical parameters
    step       X-disp    Y-disp   h-Rise     Incl.       Tip   h-Twist
   1 GG/CC      0.96     -0.56      5.00      2.53     -6.90     37.63
   2 GG/CC      1.39      1.17      3.71    -21.78    -10.61     30.08
   3 GG/CC     -3.36      0.72      3.22     35.37      0.33     36.08
   4 GT/AC      2.30      0.68      2.74    -34.36      1.93     38.68
   5 TG/CA      3.15     -0.30      3.84    -13.97     -4.59     45.49
   6 GA/TC     -1.31     -2.02      2.36     11.31     15.37     19.67
   7 AT/AT     -6.39     -0.38      2.60     23.06      1.28     28.97
   8 TT/AA      0.16     -0.55      4.17    -14.27      4.43     29.62
   9 TG/CA     -4.02      0.28      1.91     41.22      4.23     34.26
  10 GT/AC     -4.98      3.25      2.40     14.14     -5.79     24.44
  11 TT/AA     -2.27     -0.82      3.60     26.72     -1.64     37.68
  12 TC/GA     -1.63     -0.21      2.74     25.55      1.00     44.63
  13 CA/TG      4.08     -0.68      3.03    -33.95     -2.65     25.52
  14 AG/CT     -0.73      1.79      4.41     16.94     -7.82     37.45
          ~~~~~~~~~~~~~~~~~~~~~~~~~~~~~~~~~~~~~~~~~~~~~~~~~~~~~~~~~~~~
      ave.     -0.90      0.17      3.27      5.61     -0.82     33.59
      s.d.      3.12      1.30      0.89     25.17      6.54      7.52
****************************************************************************
The 'simple' parameters are intuitive for non-Watson-Crick base pairs
and associated base-pair steps (where the above corresponding 3DNA
parameters often appear cryptic). Note that they are for structural
*description* only, not to be fed into the 'rebuild' program. See URL
http://x3dna.org/highlights/details-on-the-simple-base-pair-parameters
and related blogposts on the 3DNA home page for details.

This structure contains 0 non-Watson-Crick (with leading *) base pair(s)
----------------------------------------------------------------------------
Simple base-pair parameters based on RC8--YC6 vectors
      bp        Shear    Stretch   Stagger    Buckle  Propeller  Opening  angle
     1 G-C      -0.87     -0.29      0.35      5.75      3.09     -1.74    6.5
     2 G-C       0.59     -0.08     -0.22     -6.97     -1.58     -1.19    7.1
     3 G-C      -0.23     -0.13     -0.32     -5.05     -4.82     -1.61    7.0
     4 G-C       0.69     -0.15     -0.59     -7.02      7.26     -4.48   10.1
     5 T-A      -1.06     -0.06      0.38     -5.10    -12.99     -8.04   14.0
     6 G-C       0.66     -0.13      0.13    -16.64    -17.18     -5.49   23.9
     7 A-T      -0.68     -0.24      0.33      1.16      1.61     -2.10    2.0
     8 T-A      -0.81     -0.11      0.64     -7.72     10.93     -0.57   13.4
     9 T-A      -0.24     -0.13      0.73    -10.10     10.01      2.82   14.2
    10 G-C       0.50     -0.20      0.50     -1.02     14.23      6.37   14.3
    11 T-A      -1.20     -0.16      0.59      8.21     -4.61    -11.62    9.4
    12 T-A      -0.97     -0.05      0.30     -1.28     -9.50     -5.81    9.6
    13 C-G       0.26     -0.29      0.62      2.22     -8.04     -5.00    8.3
    14 A-T      -0.69     -0.28      0.59     15.10     -8.01     -3.38   17.1
    15 G-C       0.24     -0.13      0.61      7.55     -4.59     -3.71    8.8
           ~~~~~~~~~~~~~~~~~~~~~~~~~~~~~~~~~~~~~~~~~~~~~~~~~~~~~~~~~~~~
       ave.     -0.25     -0.16      0.31     -1.40     -1.61     -3.04
       s.d.      0.69      0.08      0.40      8.25      9.25      4.27
----------------------------------------------------------------------------
Simple base-pair step parameters based on consecutive C1'-C1' vectors
      step       Shift     Slide      Rise      Tilt      Roll     Twist
     1 GG/CC      0.94      0.81      4.90      4.47      1.53     29.72
     2 GG/CC      0.08     -0.68      3.77      5.46    -10.94     31.52
     3 GG/CC     -0.47      0.07      3.83     -0.54     20.65     24.96
     4 GT/AC     -0.55     -0.19      3.11     -1.56    -21.52     40.85
     5 TG/CA      0.54      1.51      4.26      3.44    -10.73     34.62
     6 GA/TC      0.04      0.03      2.50     -5.18      3.77     26.72
     7 AT/AT     -0.02     -1.97      3.62      0.21     11.26     27.69
     8 TT/AA     -0.08     -0.92      4.08     -2.63     -7.09     25.36
     9 TG/CA     -0.34     -0.59      2.97     -2.49     22.34     22.13
    10 GT/AC     -1.15     -1.42      2.96      2.61      5.84     32.16
    11 TT/AA      0.65      0.16      3.87      2.61     16.52     32.56
    12 TC/GA      0.11     -0.03      3.01     -0.25     18.86     34.03
    13 CA/TG      0.45     -0.16      3.51      0.82    -14.19     27.20
    14 AG/CT     -0.54      0.81      4.47      5.26     10.55     30.77
            ~~~~~~~~~~~~~~~~~~~~~~~~~~~~~~~~~~~~~~~~~~~~~~~~~~~~~~~~~~~~
        ave.     -0.02     -0.18      3.63      0.87      3.35     30.02
        s.d.      0.56      0.91      0.67      3.23     14.24      4.82
****************************************************************************
Structure classification: 

This is a right-handed nucleic acid structure
****************************************************************************
lambda: virtual angle between C1'-YN1 or C1'-RN9 glycosidic bonds and the
        base-pair C1'-C1' line

C1'-C1': distance between C1' atoms for each base-pair
RN9-YN1: distance between RN9-YN1 atoms for each base-pair
RC8-YC6: distance between RC8-YC6 atoms for each base-pair

    bp     lambda(I) lambda(II)  C1'-C1'   RN9-YN1   RC8-YC6
   1 G-C      50.7      56.2      10.6       8.8       9.7
   2 G-C      57.9      47.8      10.8       9.0       9.9
   3 G-C      53.3      54.1      10.7       9.0       9.9
   4 G-C      55.6      47.9      10.8       9.0       9.8
   5 T-A      46.8      60.0      10.8       9.0       9.8
   6 G-C      56.1      48.7      10.7       8.9       9.7
   7 A-T      51.5      57.7      10.5       8.8       9.7
   8 T-A      51.3      59.1      10.6       8.9       9.8
   9 T-A      55.8      59.2      10.4       8.8       9.8
  10 G-C      62.0      54.6      10.3       8.8       9.8
  11 T-A      43.7      58.7      10.8       9.0       9.7
  12 T-A      46.8      59.4      10.7       9.0       9.9
  13 C-G      51.1      52.2      10.7       8.9       9.7
  14 A-T      50.8      57.7      10.4       8.7       9.6
  15 G-C      54.3      49.0      10.8       9.0       9.9
****************************************************************************
Classification of each dinucleotide step in a right-handed nucleic acid
structure: A-like; B-like; TA-like; intermediate of A and B, or other cases.

    step       Xp      Yp      Zp     XpH     YpH     ZpH    Form
   1 GG/CC   -1.48    8.91    0.72   -0.45    8.88    1.01      
   2 GG/CC   -1.74    9.10    0.85   -0.22    8.78   -2.56      
   3 GG/CC   -2.32    9.39    0.10   -5.51    7.72    5.34      
   4 GT/AC   -2.46    9.13   -1.09   -0.29    7.08   -5.87      
   5 TG/CA   -1.62    8.85   -0.75    1.28    8.47   -2.64      
   6 GA/TC   -2.79    9.39   -0.37   -3.96    9.30    1.29      
   7 AT/AT   -3.33    9.11    1.34   -9.52    7.91    4.71      
   8 TT/AA   -2.76    8.78    1.40   -2.66    8.86   -0.68      
   9 TG/CA   -2.94    9.31    1.40   -6.79    6.24    7.04      
  10 GT/AC   -2.88    9.28    1.08   -7.80    8.74    3.31      
  11 TT/AA   -1.33    9.11    1.12   -3.49    7.75    4.92  *TA*
  12 TC/GA   -2.05    9.44    0.82   -3.55    8.30    4.57  *TA*
  13 CA/TG   -1.16    8.99    1.16    2.80    8.15   -3.96      
  14 AG/CT   -1.33    9.09    0.76   -2.09    8.52    3.21      
****************************************************************************
Minor and major groove widths: direct P-P distances and refined P-P distances
   which take into account the directions of the sugar-phosphate backbones

   (Subtract 5.8 Angstrom from the values to take account of the vdw radii
    of the phosphate groups, and for comparison with FreeHelix and Curves.)

Ref: M. A. El Hassan and C. R. Calladine (1998). ``Two Distinct Modes of
     Protein-induced Bending in DNA.'' J. Mol. Biol., v282, pp331-343.

                  Minor Groove        Major Groove
                 P-P     Refined     P-P     Refined
   1 GG/CC       ---       ---       ---       ---
   2 GG/CC       ---       ---       ---       ---
   3 GG/CC      15.4       ---      21.3       ---
   4 GT/AC      14.5      14.4      20.6      20.0
   5 TG/CA      13.0      12.9      20.1      20.0
   6 GA/TC      13.2      13.1      19.1      18.7
   7 AT/AT      14.0      13.8      20.8      20.8
   8 TT/AA      16.2      15.5      23.7      22.4
   9 TG/CA      18.7      17.8      19.9      17.5
  10 GT/AC      19.1      17.7      17.3      13.9
  11 TT/AA      18.4      16.8      14.6      13.3
  12 TC/GA      17.8       ---      15.2       ---
  13 CA/TG       ---       ---       ---       ---
  14 AG/CT       ---       ---       ---       ---
****************************************************************************
Global linear helical axis defined by equivalent C1' and RN9/YN1 atom pairs
Deviation from regular linear helix: 3.16(0.90)
****************************************************************************
Main chain and chi torsion angles: 

Note: alpha:   O3'(i-1)-P-O5'-C5'
      beta:    P-O5'-C5'-C4'
      gamma:   O5'-C5'-C4'-C3'
      delta:   C5'-C4'-C3'-O3'
      epsilon: C4'-C3'-O3'-P(i+1)
      zeta:    C3'-O3'-P(i+1)-O5'(i+1)

      chi for pyrimidines(Y): O4'-C1'-N1-C2
          chi for purines(R): O4'-C1'-N9-C4

Strand I
  base    alpha    beta   gamma   delta  epsilon   zeta    chi
   1 G     ---     ---     48.0   124.4   170.3  -111.6   -79.9
   2 G    -37.6   157.0    63.2   116.9   169.5  -104.2  -113.8
   3 G    -15.6   171.6    28.2   121.4  -176.8   -83.5  -112.9
   4 G    -84.2  -159.6    47.9   132.2     0.1    56.4  -100.7
   5 T    179.9  -120.0    66.3    98.5   155.6  -104.3  -103.7
   6 G      3.4   139.0    38.8   113.5  -179.5   -85.4  -114.4
   7 A    -47.5   173.8    34.6   131.2   171.6  -112.6  -108.2
   8 T     78.3   166.1   -85.0   127.5   123.2   -54.8  -127.6
   9 T   -149.9   -99.9    72.1   100.0   178.5   -83.8  -117.3
  10 G    -53.3  -170.6    27.2   116.3   175.4   -90.1  -117.0
  11 T    -41.8  -173.0    20.8   104.8  -165.8   -91.4  -121.6
  12 T    -43.5   163.2    44.1   112.5  -174.3   -65.1  -125.7
  13 C    -79.1  -164.7    31.9   103.8   169.6   -86.4  -119.2
  14 A    -35.8   163.8    49.0   106.3  -164.7   -93.8  -120.5
  15 G   -109.2   178.2   100.0   122.7    ---     ---   -119.8

Strand II
  base    alpha    beta   gamma   delta  epsilon   zeta    chi
   1 C     -8.0   150.5    19.9   119.0    ---     ---   -130.3
   2 C    -40.4   167.6    51.7   104.7  -147.6  -126.0  -140.7
   3 C    -39.4   167.7    29.8   109.2   164.8   -93.7  -115.9
   4 C   -123.5   177.1    25.5   113.3  -165.0   -97.8  -104.4
   5 A    146.9  -114.5    93.9   109.3     0.2    87.0   -93.8
   6 C    -31.5   119.6   -32.6   137.7   -31.6    79.9   -65.1
   7 T     34.9   118.9   -22.8   106.4   -21.4   105.7  -119.2
   8 A    -24.4   164.0    44.6   131.7  -175.2  -136.7  -118.2
   9 A    -66.3  -175.6    44.1   108.3   170.5  -101.7  -112.9
  10 C    -74.2  -172.4    15.4   102.5  -175.8   -73.0  -118.7
  11 A   -169.6  -162.4   147.7   137.0  -165.6   -68.6  -133.7
  12 A    -62.5  -172.6    32.0   111.3   169.2   -92.4  -115.9
  13 G     22.1   122.4    30.2   110.6  -175.8   -78.9  -121.2
  14 T    -57.0   178.4    41.9   105.4   164.0  -117.0  -126.7
  15 C     ---     ---     20.0   117.9  -176.7   -74.9  -116.3
****************************************************************************
Sugar conformational parameters: 

Note: v0: C4'-O4'-C1'-C2'
      v1: O4'-C1'-C2'-C3'
      v2: C1'-C2'-C3'-C4'
      v3: C2'-C3'-C4'-O4'
      v4: C3'-C4'-O4'-C1'

      tm: the amplitude of pucker
      P:  the phase angle of pseudorotation

Strand I
 base       v0      v1      v2      v3      v4      tm       P    Puckering
   1 G    -19.8    23.2   -16.9     5.4     9.2    22.8   138.0    C1'-exo 
   2 G    -19.4    18.4   -10.1    -1.4    13.2    19.8   120.8    C1'-exo 
   3 G    -17.5    18.7   -12.3     2.0     9.7    18.8   130.8    C1'-exo 
   4 G    -16.9    22.1   -17.8     8.2     5.5    21.4   146.6    C2'-endo
   5 T    -14.9     5.6     5.2   -14.6    18.7    18.2    73.6    O4'-endo
   6 G    -10.8     9.0    -3.7    -2.8     8.6    10.8   110.3    C1'-exo 
   7 A    -18.7    26.2   -22.4    11.6     4.5    25.6   151.3    C2'-endo
   8 T     -2.7     9.8   -12.4    11.1    -5.4    12.4   186.0    C3'-exo 
   9 T    -24.8    16.0    -1.4   -14.0    24.8    25.9    93.0    O4'-endo
  10 G     -9.2     8.8    -5.0    -0.5     6.1     9.4   121.9    C1'-exo 
  11 T    -10.8     4.1     3.7   -10.5    13.6    13.2    73.7    O4'-endo
  12 T    -11.9    10.3    -4.8    -2.3     8.9    11.8   113.7    C1'-exo 
  13 C     -8.9     1.7     5.6   -11.2    12.8    12.5    63.5    C4'-exo 
  14 A     -8.4     2.1     4.6    -9.9    11.6    11.4    66.3    C4'-exo 
  15 G     -0.5     3.3    -4.5     4.3    -2.5     4.6   192.3    C3'-exo 

Strand II
 base       v0      v1      v2      v3      v4      tm       P    Puckering
   1 C      1.5     0.3    -1.8     2.8    -2.7     2.8   229.9    C4'-endo
   2 C    -11.7     6.6     0.7    -7.9    12.4    12.6    86.6    O4'-endo
   3 C    -15.2    10.7    -2.3    -7.0    14.1    15.4    98.5    O4'-endo
   4 C    -16.7    15.3    -7.9    -2.1    11.9    16.9   117.9    C1'-exo 
   5 A    -22.2    13.0     0.7   -14.5    23.4    23.8    88.2    O4'-endo
   6 C    -18.1    27.6   -25.1    14.8     2.0    27.3   157.0    C2'-endo
   7 T    -24.1    14.0     1.0   -16.0    25.8    26.0    87.8    O4'-endo
   8 A    -23.4    32.3   -27.0    13.6     6.1    31.2   149.9    C2'-endo
   9 A    -18.7    13.2    -2.8    -8.6    17.4    19.0    98.4    O4'-endo
  10 C    -18.6    10.5     1.2   -12.7    20.1    20.2    86.6    O4'-endo
  11 A     -8.3    20.5   -23.4    19.2    -7.2    23.4   178.1    C2'-endo
  12 A     -4.6     1.3     2.2    -5.0     6.1     5.9    68.8    C4'-exo 
  13 G    -18.4    13.9    -4.3    -6.8    16.0    18.4   103.4    O4'-endo
  14 T     -6.4    -0.2     6.2   -10.4    10.7    10.8    54.8    C4'-exo 
  15 C     -4.5     6.9    -6.2     3.7     0.5     6.8   156.6    C2'-endo
****************************************************************************
Same strand P--P and C1'--C1' virtual bond distances

                 Strand I                          Strand II
    step      P--P     C1'--C1'       step      P--P     C1'--C1'
   1 G/G       ---      4.78         1 C/C      6.22      5.74
   2 G/G      7.03      4.97         2 C/C      6.54      4.63
   3 G/G      6.44      5.51         3 C/C      6.07      5.07
   4 G/T      6.36      4.90         4 C/A      6.11      4.36
   5 T/G      5.87      4.24         5 A/C      5.56      4.80
   6 G/A      6.59      4.52         6 C/T      4.92      4.25
   7 A/T      6.61      5.65         7 T/A      6.75      5.04
   8 T/T      6.87      4.92         8 A/A      6.40      4.87
   9 T/G      5.34      5.16         9 A/C      5.83      5.12
  10 G/T      6.19      5.25        10 C/A      7.52      5.25
  11 T/T      5.79      4.86        11 A/A      6.35      5.31
  12 T/C      6.49      5.28        12 A/G      6.37      5.07
  13 C/A      6.02      4.45        13 G/T      6.47      4.50
  14 A/G      6.37      5.96        14 T/C       ---      4.73
****************************************************************************
Helix radius (radial displacement of P, O4', and C1' atoms in local helix
   frame of each dimer)

                        Strand I                      Strand II
     step         P        O4'       C1'        P        O4'        C1'
   1 GG/CC      8.73      5.53      4.99      9.11      7.07      6.04
   2 GG/CC      9.70      6.06      5.91      7.88      4.73      4.15
   3 GG/CC     10.35      8.78      7.76      8.64      7.76      6.82
   4 GT/AC      7.55      4.64      4.98      6.62      3.56      3.83
   5 TG/CA      8.74      5.11      4.87      8.50      5.55      5.68
   6 GA/TC      7.99      5.58      4.72     12.22      8.83      8.16
   7 AT/AT     12.48     10.91     10.16     12.29     10.63      9.83
   8 TT/AA      8.70      5.89      5.32      9.93      6.76      6.18
   9 TG/CA      9.24      8.61      7.58      9.24      8.48      7.61
  10 GT/AC     14.03     12.09     11.22      9.88      7.79      7.30
  11 TT/AA      7.91      7.08      6.26      9.18      7.81      6.79
  12 TC/GA      8.80      7.05      6.07      9.26      7.23      6.26
  13 CA/TG      8.35      4.58      4.38      8.91      5.31      5.27
  14 AG/CT     10.13      8.55      7.49      7.43      5.24      4.39
****************************************************************************
Position (Px, Py, Pz) and local helical axis vector (Hx, Hy, Hz)
         for each dinucleotide step

     step       Px        Py        Pz        Hx        Hy        Hz
   1 GG/CC    -20.06     11.76    -14.22      0.61     -0.71      0.35
   2 GG/CC    -16.02     10.77    -12.47      0.80     -0.35      0.49
   3 GG/CC    -15.64      5.71     -8.75      0.47     -0.84     -0.28
   4 GT/AC    -10.09      7.47     -9.83      0.51     -0.38      0.77
   5 TG/CA     -6.78      6.29     -8.24      0.69     -0.54      0.48
   6 GA/TC     -3.44      3.40    -11.08      0.88     -0.02      0.48
   7 AT/AT     -0.90     -0.12    -14.23      0.98      0.05      0.19
   8 TT/AA      1.15     -1.55     -7.13      0.81     -0.56      0.18
   9 TG/CA      5.44     -1.17     -9.71      0.74      0.25      0.62
  10 GT/AC      7.20     -1.47    -12.07      0.97      0.17      0.18
  11 TT/AA      9.56     -3.26     -6.84      0.91      0.12      0.40
  12 TC/GA     12.91     -3.10     -6.38      0.93      0.10      0.36
  13 CA/TG     17.74     -2.90    -10.67      0.45      0.89      0.01
  14 AG/CT     19.28      1.02     -5.63      0.97      0.22      0.14
