****************************************************************************
    3DNA v2.4.0-2018dec18, created and maintained by Dr. Xiang-Jun Lu (xiangjun@x3dna.org)
****************************************************************************
1. The list of the parameters given below correspond to the 5' to 3' direction
   of strand I and 3' to 5' direction of strand II.

2. All angular parameters, except for the phase angle of sugar pseudo-
   rotation, are measured in degrees in the range of [-180, +180], and all
   displacements are measured in Angstrom units.
****************************************************************************
File name: tmpstri
Date and time: Wed Jan  2 10:35:02 2019

Number of base-pairs: 15
Number of atoms: 2489
****************************************************************************
HEADER    DNA BINDING PROTEIN/DNA                 15-MAY-02   1J5N              
TITLE     SOLUTION STRUCTURE OF THE NON-SEQUENCE-SPECIFIC HMGB                  
TITLE    2 PROTEIN NHP6A IN COMPLEX WITH SRY DNA                                
COMPND    MOL_ID: 1;                                                            
COMPND   2 MOLECULE: NONHISTONE CHROMOSOMAL PROTEIN 6A;                         
COMPND   3 CHAIN: A;                                                            
COMPND   4 SYNONYM: NHP6A;                                                      
COMPND   5 ENGINEERED: YES;                                                     
COMPND   6 MOL_ID: 2;                                                           
COMPND   7 MOLECULE: 5'-                                                        
COMPND   8 D(*GP*GP*GP*GP*TP*GP*AP*TP*TP*GP*TP*TP*CP*AP*G)-3';                  
COMPND   9 CHAIN: B;                                                            
COMPND  10 ENGINEERED: YES;                                                     
COMPND  11 OTHER_DETAILS: SRY_DNA G-RICH STRAND;                                
COMPND  12 MOL_ID: 3;                                                           
COMPND  13 MOLECULE: 5'-                                                        
COMPND  14 D(*CP*TP*GP*AP*AP*CP*AP*AP*TP*CP*AP*CP*CP*CP*C)-3';                  
COMPND  15 CHAIN: C;                                                            
COMPND  16 ENGINEERED: YES;                                                     
COMPND  17 OTHER_DETAILS: SRY_DNA C-RICH STRAND                                 
SOURCE    MOL_ID: 1;                                                            
SOURCE   2 ORGANISM_SCIENTIFIC: SACCHAROMYCES CEREVISIAE;                       
SOURCE   3 ORGANISM_COMMON: BAKER'S YEAST;                                      
SOURCE   4 ORGANISM_TAXID: 4932;                                                
SOURCE   5 EXPRESSION_SYSTEM: ESCHERICHIA COLI;                                 
SOURCE   6 EXPRESSION_SYSTEM_TAXID: 562;                                        
SOURCE   7 MOL_ID: 2;                                                           
SOURCE   8 SYNTHETIC: YES;                                                      
SOURCE   9 OTHER_DETAILS: UNLABELED DNA MADE ON A COMMERCIAL                    
SOURCE  10 SYNTHESIZER, 15N,13C-LABELED DNA MADE ENZYMATICALLY IN               
SOURCE  11 VITRO WITH TAQ POLYMERASE;                                           
SOURCE  12 MOL_ID: 3;                                                           
SOURCE  13 SYNTHETIC: YES;                                                      
SOURCE  14 OTHER_DETAILS: UNLABELED DNA MADE ON A COMMERCIAL                    
SOURCE  15 SYNTHESIZER, 15N,13C-LABELED DNA MADE ENZYMATICALLY IN               
SOURCE  16 VITRO WITH TAQ POLYMERASE                                            
KEYWDS    HMG-BOX, HMGB, PROTEIN-DNA COMPLEX, ALPHA HELIX, DOUBLE               
KEYWDS   2 HELIX, DNA BINDING PROTEIN/DNA COMPLEX                               
EXPDTA    SOLUTION NMR                                                          
AUTHOR    J.E.MASSE,B.WONG,Y.-M.YEN,F.H.-T.ALLAIN,R.C.JOHNSON,J.FEIGON          
REVDAT   2   24-FEB-09 1J5N    1       VERSN                                    
REVDAT   1   16-OCT-02 1J5N    0                                                
JRNL        AUTH   J.E.MASSE,B.WONG,Y.-M.YEN,F.H.-T.ALLAIN,                     
JRNL        AUTH 2 R.C.JOHNSON,J.FEIGON                                         
JRNL        TITL   THE S. CEREVISIAE ARCHITECTURAL HMGB PROTEIN NHP6A           
JRNL        TITL 2 COMPLEXED WITH DNA: DNA AND PROTEIN CONFORMATIONAL           
JRNL        TITL 3 CHANGES UPON BINDING                                         
JRNL        REF    J.MOL.BIOL.                   V. 323   263 2002              
JRNL        REFN                   ISSN 0022-2836                               
JRNL        PMID   12381320                                                     
JRNL        DOI    10.1016/S0022-2836(02)00938-5                                
HELIX    1   1 SER A   26  ASN A   43  1                                  18    
HELIX    2   2 THR A   47  THR A   63  1                                  17    
HELIX    3   3 THR A   63  ALA A   93  1                                  31    
****************************************************************************
RMSD of the bases (----- for WC bp, + for isolated bp, x for helix change)

            Strand I                    Strand II          Helix
   1   (0.008) ..19>B:.101_:[.DG]G-----C[.DC]:.130_:C<..19 (0.011)     |
   2   (0.008) ..19>B:.102_:[.DG]G-----C[.DC]:.129_:C<..19 (0.013)     |
   3   (0.008) ..19>B:.103_:[.DG]G-----C[.DC]:.128_:C<..19 (0.010)     |
   4   (0.009) ..19>B:.104_:[.DG]G-----C[.DC]:.127_:C<..19 (0.011)     |
   5   (0.022) ..19>B:.105_:[.DT]T-----A[.DA]:.126_:C<..19 (0.018)     |
   6   (0.009) ..19>B:.106_:[.DG]G-----C[.DC]:.125_:C<..19 (0.009)     |
   7   (0.014) ..19>B:.107_:[.DA]A-----T[.DT]:.124_:C<..19 (0.022)     |
   8   (0.023) ..19>B:.108_:[.DT]T-----A[.DA]:.123_:C<..19 (0.011)     |
   9   (0.023) ..19>B:.109_:[.DT]T-----A[.DA]:.122_:C<..19 (0.013)     |
  10   (0.007) ..19>B:.110_:[.DG]G-----C[.DC]:.121_:C<..19 (0.012)     |
  11   (0.022) ..19>B:.111_:[.DT]T-----A[.DA]:.120_:C<..19 (0.019)     |
  12   (0.021) ..19>B:.112_:[.DT]T-----A[.DA]:.119_:C<..19 (0.019)     |
  13   (0.013) ..19>B:.113_:[.DC]C-----G[.DG]:.118_:C<..19 (0.008)     |
  14   (0.014) ..19>B:.114_:[.DA]A-----T[.DT]:.117_:C<..19 (0.021)     |
  15   (0.008) ..19>B:.115_:[.DG]G-----C[.DC]:.116_:C<..19 (0.012)     |
****************************************************************************
Detailed H-bond information: atom-name pair and length [ O N]
   1 G-----C  [3]  O6 - N4  2.85  N1 - N3  2.86  N2 - O2  2.87
   2 G-----C  [3]  O6 - N4  2.86  N1 - N3  2.89  N2 - O2  2.81
   3 G-----C  [3]  O6 - N4  2.88  N1 - N3  2.94  N2 - O2  2.88
   4 G-----C  [3]  O6 - N4  2.79  N1 - N3  2.89  N2 - O2  2.84
   5 T-----A  [2]  N3 - N1  2.86  O4 - N6  2.67
   6 G-----C  [3]  O6 - N4  2.81  N1 - N3  2.92  N2 - O2  2.87
   7 A-----T  [2]  N6 - O4  2.92  N1 - N3  2.80
   8 T-----A  [2]  N3 - N1  2.89  O4 - N6  2.73
   9 T-----A  [2]  N3 - N1  2.87  O4 - N6  2.95
  10 G-----C  [3]  O6 - N4  2.91  N1 - N3  2.79  N2 - O2  2.60
  11 T-----A  [2]  N3 - N1  2.81  O4 - N6  2.52
  12 T-----A  [2]  N3 - N1  2.89  O4 - N6  2.82
  13 C-----G  [3]  O2 - N2  2.88  N3 - N1  2.89  N4 - O6  2.78
  14 A-----T  [2]  N6 - O4  2.86  N1 - N3  2.86
  15 G-----C  [3]  O6 - N4  2.82  N1 - N3  2.92  N2 - O2  2.87
****************************************************************************
Overlap area in Angstrom^2 between polygons defined by atoms on successive
bases. Polygons projected in the mean plane of the designed base-pair step.

Values in parentheses measure the overlap of base ring atoms only. Those
outside parentheses include exocyclic atoms on the ring. Intra- and
inter-strand overlap is designated according to the following diagram:

                    i2  3'      5' j2
                       /|\      |
                        |       |
               Strand I |       | II
                        |       |
                        |       |
                        |      \|/
                    i1  5'      3' j1

     step      i1-i2        i1-j2        j1-i2        j1-j2        sum
   1 GG/CC  6.84( 3.25)  0.00( 0.00)  0.00( 0.00)  3.21( 0.00) 10.05( 3.25)
   2 GG/CC  5.06( 2.61)  0.00( 0.00)  0.00( 0.00)  1.51( 0.01)  6.57( 2.62)
   3 GG/CC  5.63( 2.51)  0.00( 0.00)  0.00( 0.00)  6.38( 2.20) 12.02( 4.72)
   4 GT/AC  1.82( 0.07)  0.00( 0.00)  0.00( 0.00)  3.30( 1.50)  5.12( 1.56)
   5 TG/CA  7.19( 2.52)  0.00( 0.00)  0.00( 0.00)  1.16( 0.00)  8.35( 2.52)
   6 GA/TC  5.59( 2.53)  0.00( 0.00)  0.00( 0.00)  4.78( 0.74) 10.37( 3.27)
   7 AT/AT  7.07( 3.89)  0.00( 0.00)  0.00( 0.00)  6.94( 3.44) 14.00( 7.34)
   8 TT/AA  5.28( 0.73)  0.00( 0.00)  0.00( 0.00)  3.68( 2.79)  8.95( 3.52)
   9 TG/CA  1.67( 0.21)  0.00( 0.00)  0.16( 0.00)  3.64( 1.89)  5.47( 2.10)
  10 GT/AC  5.62( 1.02)  0.00( 0.00)  0.00( 0.00)  5.35( 3.88) 10.97( 4.90)
  11 TT/AA  7.79( 1.84)  0.00( 0.00)  0.00( 0.00)  2.70( 1.22) 10.49( 3.06)
  12 TC/GA  4.08( 0.76)  0.00( 0.00)  0.00( 0.00)  5.92( 2.99) 10.00( 3.75)
  13 CA/TG  2.57( 0.59)  0.00( 0.00)  0.00( 0.00)  1.53( 0.00)  4.11( 0.59)
  14 AG/CT  3.52( 2.05)  0.00( 0.00)  0.00( 0.00)  7.20( 1.74) 10.71( 3.79)
****************************************************************************
Origin (Ox, Oy, Oz) and mean normal vector (Nx, Ny, Nz) of each base-pair in
   the coordinate system of the given structure

      bp        Ox        Oy        Oz        Nx        Ny        Nz
    1 G-C    -22.382    12.976   -14.168     0.746    -0.560     0.360
    2 G-C    -19.121     8.919   -12.058     0.810    -0.562     0.166
    3 G-C    -15.972     7.583   -10.973     0.874    -0.464     0.146
    4 G-C    -12.816     5.533   -10.361     0.650    -0.681     0.338
    5 T-A     -9.754     4.679    -9.190     0.887    -0.370     0.276
    6 G-C     -6.234     2.686    -9.712     0.841    -0.361     0.404
    7 A-T     -3.775     1.745    -8.900     0.908    -0.269     0.320
    8 T-A     -1.132    -0.834    -7.630     0.909    -0.351     0.223
    9 T-A      2.582    -2.915    -7.266     0.912    -0.324     0.250
   10 G-C      5.431    -4.143    -7.002     0.998    -0.029     0.050
   11 T-A      8.523    -5.684    -7.989     0.996     0.091    -0.016
   12 T-A     11.906    -4.049    -7.623     0.911     0.412    -0.001
   13 C-G     14.443    -2.534    -7.129     0.782     0.572     0.248
   14 A-T     17.078    -0.376    -6.276     0.827     0.562     0.017
   15 G-C     21.142     1.747    -6.519     0.791     0.573     0.215
****************************************************************************
Local base-pair parameters
     bp        Shear    Stretch   Stagger    Buckle  Propeller  Opening
    1 G-C      -0.86     -0.38     -0.00     13.30     16.98     -2.64
    2 G-C       0.60     -0.13      0.10     -5.11    -10.91     -1.47
    3 G-C      -0.22     -0.13     -0.27     -4.83     -4.80     -1.56
    4 G-C       0.66     -0.17     -0.53     -6.73      5.35     -3.70
    5 T-A      -1.13     -0.22      0.48     -7.66    -15.26    -11.87
    6 G-C       0.46     -0.09     -0.39    -14.90     -6.84     -2.76
    7 A-T      -0.70     -0.39      0.60      1.83      4.27      3.19
    8 T-A      -0.79     -0.14      0.43     -6.52     14.80     -6.06
    9 T-A      -0.18     -0.10      0.62     -9.68      8.64      1.79
   10 G-C       0.50     -0.25      0.59      0.44     13.82      6.71
   11 T-A      -1.18     -0.44      0.87      6.06     -3.51    -12.61
   12 T-A      -0.92     -0.14      0.20     -0.62    -10.93     -4.94
   13 C-G       0.27     -0.27      0.57      1.72     -8.67     -4.74
   14 A-T      -0.67     -0.33      0.58     15.46     -6.61     -3.21
   15 G-C       0.31     -0.14      0.61      7.13     -4.70     -3.66
          ~~~~~~~~~~~~~~~~~~~~~~~~~~~~~~~~~~~~~~~~~~~~~~~~~~~~~~~~~~~~
      ave.     -0.26     -0.22      0.30     -0.67     -0.56     -3.17
      s.d.      0.67      0.12      0.42      8.52     10.38      4.98
****************************************************************************
Local base-pair step parameters
    step       Shift     Slide      Rise      Tilt      Roll     Twist
   1 GG/CC      0.54      1.46      5.40      3.45    -11.22     41.78
   2 GG/CC      0.26     -0.69      3.51      5.38     -4.09     27.43
   3 GG/CC     -0.40      0.14      3.79     -0.11     21.08     29.43
   4 GT/AC     -1.01     -0.24      3.22     -2.29    -22.74     31.51
   5 TG/CA      1.33      1.38      3.60      7.06     -3.39     43.00
   6 GA/TC      0.20      0.05      2.75     -8.02      1.38     20.00
   7 AT/AT     -0.12     -1.61      3.55      3.69      6.24     26.38
   8 TT/AA      0.35     -0.85      4.17     -1.99     -0.91     30.99
   9 TG/CA     -0.38     -0.61      3.03     -2.95     20.93     25.61
  10 GT/AC     -1.23     -1.49      3.02      1.43      7.70     23.61
  11 TT/AA      0.78      0.25      3.69      2.85     18.91     34.35
  12 TC/GA      0.11      0.05      2.99     -0.90     18.57     40.53
  13 CA/TG      0.43     -0.16      3.48      0.81    -13.52     21.34
  14 AG/CT     -0.57      0.79      4.49      4.96     10.47     35.82
          ~~~~~~~~~~~~~~~~~~~~~~~~~~~~~~~~~~~~~~~~~~~~~~~~~~~~~~~~~~~~
      ave.      0.02     -0.11      3.62      0.95      3.53     30.84
      s.d.      0.69      0.92      0.70      4.02     13.80      7.44
****************************************************************************
Local base-pair helical parameters
    step       X-disp    Y-disp   h-Rise     Incl.       Tip   h-Twist
   1 GG/CC      3.73     -0.19      4.89    -15.37     -4.72     43.33
   2 GG/CC     -0.37      0.85      3.56     -8.47    -11.13     28.23
   3 GG/CC     -3.32      0.62      3.19     36.22      0.19     36.07
   4 GT/AC      2.51      1.23      2.83    -36.48      3.67     38.76
   5 TG/CA      2.21     -1.03      3.65     -4.58     -9.54     43.67
   6 GA/TC     -0.32     -3.19      2.48      3.78     21.96     21.57
   7 AT/AT     -5.01      1.20      3.05     13.36     -7.90     27.34
   8 TT/AA     -1.37     -1.13      4.16     -1.70      3.73     31.06
   9 TG/CA     -4.17      0.24      2.01     39.71      5.60     33.09
  10 GT/AC     -5.43      3.23      2.35     18.19     -3.37     24.85
  11 TT/AA     -2.26     -0.77      3.42     29.37     -4.43     39.17
  12 TC/GA     -1.52     -0.23      2.76     25.27      1.23     44.42
  13 CA/TG      3.92     -0.74      3.05    -32.62     -1.95     25.23
  14 AG/CT     -0.68      1.78      4.43     16.50     -7.81     37.59
          ~~~~~~~~~~~~~~~~~~~~~~~~~~~~~~~~~~~~~~~~~~~~~~~~~~~~~~~~~~~~
      ave.     -0.86      0.13      3.27      5.94     -1.03     33.89
      s.d.      3.08      1.55      0.81     23.89      8.43      7.63
****************************************************************************
The 'simple' parameters are intuitive for non-Watson-Crick base pairs
and associated base-pair steps (where the above corresponding 3DNA
parameters often appear cryptic). Note that they are for structural
*description* only, not to be fed into the 'rebuild' program. See URL
http://x3dna.org/highlights/details-on-the-simple-base-pair-parameters
and related blogposts on the 3DNA home page for details.

This structure contains 0 non-Watson-Crick (with leading *) base pair(s)
----------------------------------------------------------------------------
Simple base-pair parameters based on RC8--YC6 vectors
      bp        Shear    Stretch   Stagger    Buckle  Propeller  Opening  angle
     1 G-C      -0.89     -0.32     -0.00     14.56     15.91     -2.63   21.6
     2 G-C       0.61     -0.09      0.10     -4.37    -11.23     -1.46   12.0
     3 G-C      -0.23     -0.12     -0.27     -4.91     -4.72     -1.56    6.8
     4 G-C       0.67     -0.12     -0.53     -7.09      4.87     -3.70    8.6
     5 T-A      -1.15     -0.09      0.48     -9.37    -14.27    -11.79   17.1
     6 G-C       0.46     -0.06     -0.39    -14.49     -7.67     -2.77   16.4
     7 A-T      -0.73     -0.35      0.60      2.11      4.13      3.19    4.6
     8 T-A      -0.80     -0.07      0.43     -5.21     15.31     -6.02   16.2
     9 T-A      -0.18     -0.09      0.62     -9.44      8.90      1.79   13.0
    10 G-C       0.51     -0.22      0.59     -0.34     13.82      6.66   13.8
    11 T-A      -1.23     -0.29      0.87      5.56     -4.25    -12.62    7.0
    12 T-A      -0.93     -0.05      0.20     -1.68    -10.82     -4.92   10.9
    13 C-G       0.27     -0.27      0.57      1.91     -8.64     -4.72    8.8
    14 A-T      -0.69     -0.28      0.58     14.94     -7.70     -3.23   16.8
    15 G-C       0.32     -0.13      0.61      7.28     -4.45     -3.67    8.5
           ~~~~~~~~~~~~~~~~~~~~~~~~~~~~~~~~~~~~~~~~~~~~~~~~~~~~~~~~~~~~
       ave.     -0.27     -0.17      0.30     -0.70     -0.72     -3.16
       s.d.      0.69      0.10      0.42      8.58     10.32      4.97
----------------------------------------------------------------------------
Simple base-pair step parameters based on consecutive C1'-C1' vectors
      step       Shift     Slide      Rise      Tilt      Roll     Twist
     1 GG/CC      0.56      1.45      5.40      3.25    -11.28     34.45
     2 GG/CC      0.26     -0.69      3.51      5.42     -4.03     31.55
     3 GG/CC     -0.40      0.13      3.79     -0.45     21.08     24.69
     4 GT/AC     -1.01     -0.22      3.22     -2.71    -22.69     40.20
     5 TG/CA      1.36      1.35      3.60      6.99     -3.54     34.68
     6 GA/TC      0.20      0.05      2.75     -8.00      1.47     27.09
     7 AT/AT     -0.24     -1.60      3.55      4.16      5.94     26.77
     8 TT/AA      0.30     -0.87      4.17     -2.04     -0.81     27.53
     9 TG/CA     -0.38     -0.61      3.03     -3.22     20.89     21.93
    10 GT/AC     -1.28     -1.45      3.02      1.67      7.65     32.37
    11 TT/AA      0.80      0.18      3.69      4.62     18.56     32.74
    12 TC/GA      0.11      0.05      2.99     -0.47     18.59     34.04
    13 CA/TG      0.43     -0.17      3.48      0.55    -13.53     27.37
    14 AG/CT     -0.54      0.81      4.49      5.23     10.33     30.59
            ~~~~~~~~~~~~~~~~~~~~~~~~~~~~~~~~~~~~~~~~~~~~~~~~~~~~~~~~~~~~
        ave.      0.01     -0.11      3.62      1.07      3.47     30.43
        s.d.      0.71      0.91      0.70      4.19     13.76      4.81
****************************************************************************
Structure classification: 

This is a right-handed nucleic acid structure
****************************************************************************
lambda: virtual angle between C1'-YN1 or C1'-RN9 glycosidic bonds and the
        base-pair C1'-C1' line

C1'-C1': distance between C1' atoms for each base-pair
RN9-YN1: distance between RN9-YN1 atoms for each base-pair
RC8-YC6: distance between RC8-YC6 atoms for each base-pair

    bp     lambda(I) lambda(II)  C1'-C1'   RN9-YN1   RC8-YC6
   1 G-C      50.1      54.9      10.5       8.7       9.6
   2 G-C      58.6      47.0      10.8       9.0       9.9
   3 G-C      53.5      54.1      10.7       9.0       9.9
   4 G-C      55.8      48.3      10.8       9.0       9.9
   5 T-A      45.1      58.3      10.8       9.0       9.8
   6 G-C      55.7      52.1      10.8       9.0       9.9
   7 A-T      54.4      61.1      10.2       8.6       9.6
   8 T-A      47.8      55.3      10.9       9.0       9.8
   9 T-A      55.8      58.5      10.5       8.9       9.9
  10 G-C      62.2      54.5      10.3       8.7       9.8
  11 T-A      43.2      58.4      10.7       8.9       9.6
  12 T-A      47.4      59.5      10.7       9.0       9.9
  13 C-G      51.4      52.3      10.7       8.9       9.8
  14 A-T      50.9      57.6      10.4       8.7       9.6
  15 G-C      54.7      48.6      10.8       9.0       9.9
****************************************************************************
Classification of each dinucleotide step in a right-handed nucleic acid
structure: A-like; B-like; TA-like; intermediate of A and B, or other cases.

    step       Xp      Yp      Zp     XpH     YpH     ZpH    Form
   1 GG/CC   -1.66    8.94    0.31    1.85    8.73   -1.98      
   2 GG/CC   -1.95    9.15    0.79   -2.08    9.16   -0.64      
   3 GG/CC   -2.33    9.44    0.07   -5.49    7.70    5.45      
   4 GT/AC   -2.34    9.18   -1.12    0.04    6.89   -6.16      
   5 TG/CA   -1.70    9.00   -0.79    0.38    8.92   -1.35     B
   6 GA/TC   -2.93    9.25   -0.29   -2.78    9.26    0.02     B
   7 AT/AT   -3.42    8.88    0.48   -8.39    8.55    2.45     B
   8 TT/AA   -2.57    8.73    1.46   -3.92    8.77    1.25      
   9 TG/CA   -2.89    9.33    1.39   -6.89    6.44    6.88      
  10 GT/AC   -2.96    9.23    1.13   -8.30    8.44    3.93      
  11 TT/AA   -1.45    9.18    1.05   -3.61    7.62    5.19  *TA*
  12 TC/GA   -2.03    9.43    0.76   -3.43    8.33    4.47  *TA*
  13 CA/TG   -1.19    9.01    1.13    2.61    8.24   -3.81      
  14 AG/CT   -1.33    9.09    0.77   -2.03    8.55    3.15      
****************************************************************************
Minor and major groove widths: direct P-P distances and refined P-P distances
   which take into account the directions of the sugar-phosphate backbones

   (Subtract 5.8 Angstrom from the values to take account of the vdw radii
    of the phosphate groups, and for comparison with FreeHelix and Curves.)

Ref: M. A. El Hassan and C. R. Calladine (1998). ``Two Distinct Modes of
     Protein-induced Bending in DNA.'' J. Mol. Biol., v282, pp331-343.

                  Minor Groove        Major Groove
                 P-P     Refined     P-P     Refined
   1 GG/CC       ---       ---       ---       ---
   2 GG/CC       ---       ---       ---       ---
   3 GG/CC      15.4       ---      20.3       ---
   4 GT/AC      15.0      15.0      20.6      19.9
   5 TG/CA      13.8      13.8      20.6      20.5
   6 GA/TC      13.6      13.5      18.6      18.5
   7 AT/AT      13.9      13.6      21.2      21.0
   8 TT/AA      15.0      14.3      23.0      22.0
   9 TG/CA      17.7      17.1      19.3      16.1
  10 GT/AC      19.2      17.9      16.5      12.2
  11 TT/AA      18.6      16.9      14.1      12.2
  12 TC/GA      17.8       ---      15.0       ---
  13 CA/TG       ---       ---       ---       ---
  14 AG/CT       ---       ---       ---       ---
****************************************************************************
Global linear helical axis defined by equivalent C1' and RN9/YN1 atom pairs
Deviation from regular linear helix: 3.12(0.88)
****************************************************************************
Main chain and chi torsion angles: 

Note: alpha:   O3'(i-1)-P-O5'-C5'
      beta:    P-O5'-C5'-C4'
      gamma:   O5'-C5'-C4'-C3'
      delta:   C5'-C4'-C3'-O3'
      epsilon: C4'-C3'-O3'-P(i+1)
      zeta:    C3'-O3'-P(i+1)-O5'(i+1)

      chi for pyrimidines(Y): O4'-C1'-N1-C2
          chi for purines(R): O4'-C1'-N9-C4

Strand I
  base    alpha    beta   gamma   delta  epsilon   zeta    chi
   1 G     ---     ---     52.7   130.1   -67.2   144.2   -93.9
   2 G    -59.1   120.0    40.1   108.4   166.9   -93.7  -106.9
   3 G    -28.7  -178.4    28.0   119.3  -176.8   -84.4  -110.5
   4 G    -76.7  -163.8    45.2   131.3     0.1    56.2  -101.8
   5 T   -177.4  -120.3    66.6   102.2   170.7   -95.7  -105.0
   6 G    -22.1   151.4    41.0   108.6   178.4   -85.7  -116.9
   7 A    -47.1   170.2    42.4   110.7  -178.9   -72.1  -125.4
   8 T    -70.1  -178.7    51.8    93.7   122.7   -57.0  -133.7
   9 T   -145.8   -99.9    76.5   101.4   179.8   -84.1  -118.9
  10 G    -53.6  -170.0    28.8   116.9   176.0   -89.3  -117.4
  11 T    -44.0  -171.5    22.4   107.9  -161.4   -92.8  -121.8
  12 T    -42.5   159.9    40.4   109.0  -175.9   -66.6  -123.7
  13 C    -77.1  -165.2    33.0   104.8   170.3   -85.9  -119.0
  14 A    -37.3   165.0    48.9   106.0  -164.9   -93.7  -120.4
  15 G   -108.7   177.9   100.0   122.8    ---     ---   -120.0

Strand II
  base    alpha    beta   gamma   delta  epsilon   zeta    chi
   1 C     -8.8   150.2    19.9   119.1    ---     ---   -129.4
   2 C    -40.4   167.3    54.4   107.6  -146.5  -126.2  -139.8
   3 C    -43.9   168.5    32.6   108.4   164.1   -93.6  -115.7
   4 C   -113.2   170.5    19.9   110.7  -165.5   -96.0  -103.3
   5 A    156.8  -120.1    85.9   119.1     0.2    89.8   -90.4
   6 C    -32.4   132.2   -40.1   145.0   -37.6    84.9   -61.6
   7 T   -115.4   134.8     1.7   105.8   -24.2   104.1  -106.9
   8 A    -46.2  -174.9    48.0   151.3     0.2   149.9  -108.8
   9 A    -63.3  -179.2    46.0   106.6   169.2   -91.8  -114.2
  10 C    -75.3  -174.5    14.1   100.9  -176.4   -74.2  -117.7
  11 A   -169.6  -165.9   147.5   138.9  -165.0   -66.8  -133.3
  12 A    -62.2  -172.4    32.5   112.9   171.9   -91.9  -115.1
  13 G     22.2   122.2    30.0   110.1  -176.3   -79.2  -121.1
  14 T    -56.9   178.4    42.0   105.5   164.1  -117.0  -126.8
  15 C     ---     ---     19.9   117.8  -176.6   -74.8  -116.3
****************************************************************************
Sugar conformational parameters: 

Note: v0: C4'-O4'-C1'-C2'
      v1: O4'-C1'-C2'-C3'
      v2: C1'-C2'-C3'-C4'
      v3: C2'-C3'-C4'-O4'
      v4: C3'-C4'-O4'-C1'

      tm: the amplitude of pucker
      P:  the phase angle of pseudorotation

Strand I
 base       v0      v1      v2      v3      v4      tm       P    Puckering
   1 G    -25.6    30.6   -22.6     7.6    11.4    29.8   139.2    C1'-exo 
   2 G    -24.6    19.7    -7.3    -7.6    20.5    24.6   107.2    O4'-endo
   3 G    -17.4    17.5   -10.5     0.2    10.9    18.2   125.3    C1'-exo 
   4 G    -16.8    21.7   -17.3     7.7     5.8    21.0   145.5    C2'-endo
   5 T    -16.9     9.4     1.2   -11.6    18.1    18.2    86.1    O4'-endo
   6 G    -10.2     4.9     1.9    -8.3    11.8    11.6    80.6    O4'-endo
   7 A    -10.0     5.0     1.6    -7.8    11.3    11.2    81.8    O4'-endo
   8 T    -26.3    17.3    -2.1   -14.1    25.8    27.2    94.4    O4'-endo
   9 T    -23.9    15.3    -1.2   -13.6    23.9    24.9    92.7    O4'-endo
  10 G     -9.6     9.2    -5.2    -0.4     6.3     9.8   122.2    C1'-exo 
  11 T    -12.7     7.9    -0.3    -7.4    12.8    13.3    91.5    O4'-endo
  12 T    -13.7    10.4    -3.2    -5.1    11.8    13.7   103.5    O4'-endo
  13 C     -8.6     1.9     5.0   -10.5    12.1    11.8    65.0    C4'-exo 
  14 A     -8.5     2.1     4.7   -10.1    11.8    11.6    66.0    C4'-exo 
  15 G     -0.4     3.3    -4.6     4.5    -2.7     4.8   194.0    C3'-exo 

Strand II
 base       v0      v1      v2      v3      v4      tm       P    Puckering
   1 C      2.0    -0.2    -1.4     2.7    -3.0     2.9   241.0    C4'-endo
   2 C    -12.9     9.8    -3.0    -4.8    11.1    12.9   103.6    O4'-endo
   3 C    -15.8    10.9    -2.0    -7.7    15.0    16.2    97.0    O4'-endo
   4 C    -18.1    15.7    -7.2    -3.7    13.8    18.1   113.4    C1'-exo 
   5 A    -14.5    10.1    -2.0    -6.8    13.6    14.8    97.8    O4'-endo
   6 C    -13.1    26.0   -27.3    20.1    -4.6    27.7   170.3    C2'-endo
   7 T    -23.7    14.2     0.4   -15.1    24.9    25.3    89.1    O4'-endo
   8 A    -21.7    37.1   -35.2    23.4    -1.1    36.9   162.4    C2'-endo
   9 A    -20.2    14.1    -2.9    -9.4    18.9    20.5    98.0    O4'-endo
  10 C    -19.4    10.4     2.0   -14.0    21.4    21.3    84.7    O4'-endo
  11 A     -8.3    21.5   -24.8    20.7    -8.1    24.8   179.3    C2'-endo
  12 A     -4.3     1.8     1.2    -3.8     5.2     5.0    76.6    O4'-endo
  13 G    -18.3    13.5    -3.8    -7.2    16.1    18.3   102.1    O4'-endo
  14 T     -6.5    -0.2     6.2   -10.4    10.8    10.9    55.2    C4'-exo 
  15 C     -4.7     7.0    -6.3     3.6     0.6     6.9   155.9    C2'-endo
****************************************************************************
Same strand P--P and C1'--C1' virtual bond distances

                 Strand I                          Strand II
    step      P--P     C1'--C1'       step      P--P     C1'--C1'
   1 G/G       ---      4.66         1 C/C      6.33      5.67
   2 G/G      6.65      4.94         2 C/C      6.56      4.65
   3 G/G      6.33      5.41         3 C/C      6.05      5.06
   4 G/T      6.37      4.95         4 C/A      6.22      4.14
   5 T/G      5.73      4.13         5 A/C      5.67      5.03
   6 G/A      6.55      4.59         6 C/T      5.46      4.28
   7 A/T      6.46      5.09         7 T/A      6.69      4.90
   8 T/T      6.81      5.22         8 A/A      6.46      5.18
   9 T/G      5.39      5.24         9 A/C      5.82      5.03
  10 G/T      6.20      5.30        10 C/A      7.54      5.18
  11 T/T      5.77      4.79        11 A/A      6.34      5.36
  12 T/C      6.47      5.25        12 A/G      6.37      5.06
  13 C/A      6.05      4.48        13 G/T      6.47      4.49
  14 A/G      6.36      5.95        14 T/C       ---      4.73
****************************************************************************
Helix radius (radial displacement of P, O4', and C1' atoms in local helix
   frame of each dimer)

                        Strand I                      Strand II
     step         P        O4'       C1'        P        O4'        C1'
   1 GG/CC      8.63      5.28      5.12      9.28      6.22      5.54
   2 GG/CC     10.37      6.85      6.53      8.44      6.10      5.35
   3 GG/CC     10.21      8.67      7.66      8.71      7.76      6.83
   4 GT/AC      7.88      4.98      5.38      5.90      2.95      3.30
   5 TG/CA      8.36      4.77      4.30      9.57      6.56      6.44
   6 GA/TC      6.51      4.27      3.39     12.83      9.23      8.86
   7 AT/AT     13.24     10.84     10.10     10.79      8.69      7.80
   8 TT/AA      8.73      6.59      5.81     10.63      8.13      7.36
   9 TG/CA      9.25      8.68      7.65      9.63      8.73      7.87
  10 GT/AC     13.95     12.24     11.34     10.23      8.13      7.70
  11 TT/AA      8.16      7.06      6.28      8.84      7.59      6.53
  12 TC/GA      8.77      7.01      6.03      9.26      7.23      6.26
  13 CA/TG      8.29      4.52      4.30      9.01      5.41      5.33
  14 AG/CT     10.13      8.53      7.47      7.44      5.24      4.38
****************************************************************************
Position (Px, Py, Pz) and local helical axis vector (Hx, Hy, Hz)
         for each dinucleotide step

     step       Px        Py        Pz        Hx        Hy        Hz
   1 GG/CC    -20.09      9.81    -16.32      0.89     -0.33      0.30
   2 GG/CC    -17.50      8.88    -10.88      0.81     -0.45      0.38
   3 GG/CC    -15.97      4.77     -8.52      0.54     -0.80     -0.26
   4 GT/AC    -10.75      7.65     -9.31      0.55     -0.26      0.79
   5 TG/CA     -6.85      5.62     -9.14      0.79     -0.52      0.32
   6 GA/TC     -3.58      4.43    -11.05      0.80     -0.03      0.61
   7 AT/AT     -2.18     -1.53    -12.85      0.99     -0.12      0.11
   8 TT/AA      1.53     -0.57     -8.21      0.88     -0.38      0.28
   9 TG/CA      5.42     -0.81     -9.70      0.74      0.22      0.64
  10 GT/AC      7.59     -0.78    -12.03      0.94      0.18      0.29
  11 TT/AA      9.25     -3.10     -6.81      0.86      0.21      0.47
  12 TC/GA     12.60     -2.71     -6.21      0.92      0.17      0.37
  13 CA/TG     17.33     -1.99    -10.22      0.39      0.92      0.04
  14 AG/CT     18.52      1.95     -5.25      0.94      0.30      0.16
