****************************************************************************
    3DNA v2.4.0-2018dec18, created and maintained by Dr. Xiang-Jun Lu (xiangjun@x3dna.org)
****************************************************************************
1. The list of the parameters given below correspond to the 5' to 3' direction
   of strand I and 3' to 5' direction of strand II.

2. All angular parameters, except for the phase angle of sugar pseudo-
   rotation, are measured in degrees in the range of [-180, +180], and all
   displacements are measured in Angstrom units.
****************************************************************************
File name: tmpstri
Date and time: Wed Jan  2 10:35:02 2019

Number of base-pairs: 15
Number of atoms: 2489
****************************************************************************
HEADER    DNA BINDING PROTEIN/DNA                 15-MAY-02   1J5N              
TITLE     SOLUTION STRUCTURE OF THE NON-SEQUENCE-SPECIFIC HMGB                  
TITLE    2 PROTEIN NHP6A IN COMPLEX WITH SRY DNA                                
COMPND    MOL_ID: 1;                                                            
COMPND   2 MOLECULE: NONHISTONE CHROMOSOMAL PROTEIN 6A;                         
COMPND   3 CHAIN: A;                                                            
COMPND   4 SYNONYM: NHP6A;                                                      
COMPND   5 ENGINEERED: YES;                                                     
COMPND   6 MOL_ID: 2;                                                           
COMPND   7 MOLECULE: 5'-                                                        
COMPND   8 D(*GP*GP*GP*GP*TP*GP*AP*TP*TP*GP*TP*TP*CP*AP*G)-3';                  
COMPND   9 CHAIN: B;                                                            
COMPND  10 ENGINEERED: YES;                                                     
COMPND  11 OTHER_DETAILS: SRY_DNA G-RICH STRAND;                                
COMPND  12 MOL_ID: 3;                                                           
COMPND  13 MOLECULE: 5'-                                                        
COMPND  14 D(*CP*TP*GP*AP*AP*CP*AP*AP*TP*CP*AP*CP*CP*CP*C)-3';                  
COMPND  15 CHAIN: C;                                                            
COMPND  16 ENGINEERED: YES;                                                     
COMPND  17 OTHER_DETAILS: SRY_DNA C-RICH STRAND                                 
SOURCE    MOL_ID: 1;                                                            
SOURCE   2 ORGANISM_SCIENTIFIC: SACCHAROMYCES CEREVISIAE;                       
SOURCE   3 ORGANISM_COMMON: BAKER'S YEAST;                                      
SOURCE   4 ORGANISM_TAXID: 4932;                                                
SOURCE   5 EXPRESSION_SYSTEM: ESCHERICHIA COLI;                                 
SOURCE   6 EXPRESSION_SYSTEM_TAXID: 562;                                        
SOURCE   7 MOL_ID: 2;                                                           
SOURCE   8 SYNTHETIC: YES;                                                      
SOURCE   9 OTHER_DETAILS: UNLABELED DNA MADE ON A COMMERCIAL                    
SOURCE  10 SYNTHESIZER, 15N,13C-LABELED DNA MADE ENZYMATICALLY IN               
SOURCE  11 VITRO WITH TAQ POLYMERASE;                                           
SOURCE  12 MOL_ID: 3;                                                           
SOURCE  13 SYNTHETIC: YES;                                                      
SOURCE  14 OTHER_DETAILS: UNLABELED DNA MADE ON A COMMERCIAL                    
SOURCE  15 SYNTHESIZER, 15N,13C-LABELED DNA MADE ENZYMATICALLY IN               
SOURCE  16 VITRO WITH TAQ POLYMERASE                                            
KEYWDS    HMG-BOX, HMGB, PROTEIN-DNA COMPLEX, ALPHA HELIX, DOUBLE               
KEYWDS   2 HELIX, DNA BINDING PROTEIN/DNA COMPLEX                               
EXPDTA    SOLUTION NMR                                                          
AUTHOR    J.E.MASSE,B.WONG,Y.-M.YEN,F.H.-T.ALLAIN,R.C.JOHNSON,J.FEIGON          
REVDAT   2   24-FEB-09 1J5N    1       VERSN                                    
REVDAT   1   16-OCT-02 1J5N    0                                                
JRNL        AUTH   J.E.MASSE,B.WONG,Y.-M.YEN,F.H.-T.ALLAIN,                     
JRNL        AUTH 2 R.C.JOHNSON,J.FEIGON                                         
JRNL        TITL   THE S. CEREVISIAE ARCHITECTURAL HMGB PROTEIN NHP6A           
JRNL        TITL 2 COMPLEXED WITH DNA: DNA AND PROTEIN CONFORMATIONAL           
JRNL        TITL 3 CHANGES UPON BINDING                                         
JRNL        REF    J.MOL.BIOL.                   V. 323   263 2002              
JRNL        REFN                   ISSN 0022-2836                               
JRNL        PMID   12381320                                                     
JRNL        DOI    10.1016/S0022-2836(02)00938-5                                
HELIX    1   1 SER A   26  ASN A   43  1                                  18    
HELIX    2   2 THR A   47  THR A   63  1                                  17    
HELIX    3   3 THR A   63  ALA A   93  1                                  31    
****************************************************************************
RMSD of the bases (----- for WC bp, + for isolated bp, x for helix change)

            Strand I                    Strand II          Helix
   1   (0.008) ..18>B:.101_:[.DG]G-----C[.DC]:.130_:C<..18 (0.011)     |
   2   (0.008) ..18>B:.102_:[.DG]G-----C[.DC]:.129_:C<..18 (0.013)     |
   3   (0.008) ..18>B:.103_:[.DG]G-----C[.DC]:.128_:C<..18 (0.011)     |
   4   (0.008) ..18>B:.104_:[.DG]G-----C[.DC]:.127_:C<..18 (0.012)     |
   5   (0.022) ..18>B:.105_:[.DT]T-----A[.DA]:.126_:C<..18 (0.017)     |
   6   (0.010) ..18>B:.106_:[.DG]G-----C[.DC]:.125_:C<..18 (0.010)     |
   7   (0.015) ..18>B:.107_:[.DA]A-----T[.DT]:.124_:C<..18 (0.021)     |
   8   (0.023) ..18>B:.108_:[.DT]T-----A[.DA]:.123_:C<..18 (0.012)     |
   9   (0.022) ..18>B:.109_:[.DT]T-----A[.DA]:.122_:C<..18 (0.014)     |
  10   (0.008) ..18>B:.110_:[.DG]G-----C[.DC]:.121_:C<..18 (0.011)     |
  11   (0.021) ..18>B:.111_:[.DT]T-----A[.DA]:.120_:C<..18 (0.018)     |
  12   (0.021) ..18>B:.112_:[.DT]T-----A[.DA]:.119_:C<..18 (0.020)     |
  13   (0.012) ..18>B:.113_:[.DC]C-----G[.DG]:.118_:C<..18 (0.009)     |
  14   (0.015) ..18>B:.114_:[.DA]A-----T[.DT]:.117_:C<..18 (0.022)     |
  15   (0.008) ..18>B:.115_:[.DG]G-----C[.DC]:.116_:C<..18 (0.012)     |
****************************************************************************
Detailed H-bond information: atom-name pair and length [ O N]
   1 G-----C  [3]  O6 - N4  2.85  N1 - N3  2.91  N2 - O2  2.85
   2 G-----C  [3]  O6 - N4  2.85  N1 - N3  2.90  N2 - O2  2.80
   3 G-----C  [3]  O6 - N4  2.79  N1 - N3  2.90  N2 - O2  2.89
   4 G-----C  [3]  O6 - N4  2.87  N1 - N3  2.93  N2 - O2  2.86
   5 T-----A  [2]  N3 - N1  2.87  O4 - N6  2.62
   6 G-----C  [3]  O6 - N4  2.75  N1 - N3  2.90  N2 - O2  2.86
   7 A-----T  [2]  N6 - O4  2.95  N1 - N3  2.88
   8 T-----A  [2]  N3 - N1  2.90  O4 - N6  2.84
   9 T-----A  [2]  N3 - N1  2.88  O4 - N6  2.95
  10 G-----C  [3]  O6 - N4  2.89  N1 - N3  2.88  N2 - O2  2.76
  11 T-----A  [2]  N3 - N1  2.83  O4 - N6  2.45
  12 T-----A  [2]  N3 - N1  2.88  O4 - N6  2.81
  13 C-----G  [3]  O2 - N2  2.90  N3 - N1  2.89  N4 - O6  2.77
  14 A-----T  [2]  N6 - O4  2.87  N1 - N3  2.88
  15 G-----C  [3]  O6 - N4  2.89  N1 - N3  2.95  N2 - O2  2.89
****************************************************************************
Overlap area in Angstrom^2 between polygons defined by atoms on successive
bases. Polygons projected in the mean plane of the designed base-pair step.

Values in parentheses measure the overlap of base ring atoms only. Those
outside parentheses include exocyclic atoms on the ring. Intra- and
inter-strand overlap is designated according to the following diagram:

                    i2  3'      5' j2
                       /|\      |
                        |       |
               Strand I |       | II
                        |       |
                        |       |
                        |      \|/
                    i1  5'      3' j1

     step      i1-i2        i1-j2        j1-i2        j1-j2        sum
   1 GG/CC  8.25( 5.40)  0.00( 0.00)  0.00( 0.00)  3.00( 0.00) 11.26( 5.40)
   2 GG/CC  4.67( 2.68)  0.00( 0.00)  0.00( 0.00)  1.58( 0.14)  6.26( 2.82)
   3 GG/CC  5.88( 3.11)  0.00( 0.00)  0.00( 0.00)  3.95( 1.09)  9.83( 4.21)
   4 GT/AC  2.79( 0.15)  0.00( 0.00)  0.00( 0.00)  4.53( 2.89)  7.32( 3.04)
   5 TG/CA  7.53( 2.96)  0.00( 0.00)  0.00( 0.00)  0.88( 0.00)  8.41( 2.96)
   6 GA/TC  6.41( 3.26)  0.00( 0.00)  0.00( 0.00)  4.96( 1.26) 11.37( 4.52)
   7 AT/AT  6.42( 3.16)  0.00( 0.00)  0.00( 0.00)  6.87( 3.35) 13.30( 6.51)
   8 TT/AA  5.10( 0.52)  0.00( 0.00)  0.00( 0.00)  4.94( 3.66) 10.04( 4.18)
   9 TG/CA  2.01( 0.25)  0.00( 0.00)  0.00( 0.00)  3.86( 2.07)  5.87( 2.32)
  10 GT/AC  5.18( 1.11)  0.00( 0.00)  0.00( 0.00)  4.84( 3.23) 10.02( 4.34)
  11 TT/AA  7.48( 1.54)  0.00( 0.00)  0.00( 0.00)  2.58( 1.12) 10.06( 2.66)
  12 TC/GA  3.82( 0.56)  0.00( 0.00)  0.00( 0.00)  6.27( 3.41) 10.09( 3.97)
  13 CA/TG  2.64( 0.27)  0.00( 0.00)  0.00( 0.00)  3.39( 0.40)  6.03( 0.66)
  14 AG/CT  5.43( 3.04)  0.00( 0.00)  0.00( 0.00)  7.31( 1.63) 12.74( 4.67)
****************************************************************************
Origin (Ox, Oy, Oz) and mean normal vector (Nx, Ny, Nz) of each base-pair in
   the coordinate system of the given structure

      bp        Ox        Oy        Oz        Nx        Ny        Nz
    1 G-C    -24.206    10.840   -12.260     0.886    -0.462     0.032
    2 G-C    -20.143     8.069   -11.287     0.922    -0.387    -0.001
    3 G-C    -16.504     7.657   -10.792     0.964    -0.262    -0.041
    4 G-C    -13.036     5.733   -10.085     0.677    -0.709     0.199
    5 T-A     -9.953     5.101    -8.931     0.877    -0.456     0.154
    6 G-C     -6.654     3.052   -10.211     0.860    -0.374     0.346
    7 A-T     -3.643     1.764    -9.145     0.903    -0.289     0.319
    8 T-A     -1.419    -0.982    -8.073     0.918    -0.358     0.170
    9 T-A      1.977    -3.092    -7.395     0.879    -0.357     0.316
   10 G-C      5.122    -4.463    -6.824     0.999     0.004    -0.047
   11 T-A      8.326    -5.755    -7.290     1.000     0.010    -0.008
   12 T-A     12.002    -4.349    -7.118     0.942     0.332    -0.043
   13 C-G     14.965    -3.008    -6.707     0.806     0.535     0.255
   14 A-T     17.979    -1.192    -5.837     0.776     0.612     0.153
   15 G-C     21.460     0.739    -5.369     0.747     0.640     0.182
****************************************************************************
Local base-pair parameters
     bp        Shear    Stretch   Stagger    Buckle  Propeller  Opening
    1 G-C      -0.85     -0.36      0.28      3.89      3.74     -1.71
    2 G-C       0.59     -0.12     -0.26     -6.73     -1.71     -1.29
    3 G-C      -0.06     -0.24     -0.70     -2.10      6.03     -5.08
    4 G-C       0.27     -0.08     -0.38     -8.98      6.09     -2.26
    5 T-A      -1.19     -0.24      0.45     -3.67    -17.24    -14.34
    6 G-C       0.58     -0.14     -0.15     -7.33     -0.73     -4.03
    7 A-T      -0.10     -0.15      0.51     -1.90      3.36      1.50
    8 T-A      -0.87     -0.11      0.15     -3.27      6.50     -3.95
    9 T-A      -0.08     -0.11      0.45     -1.25     12.15      1.78
   10 G-C       0.55     -0.13     -0.03      0.83     13.87      0.57
   11 T-A      -1.08     -0.42      0.83     11.04     -4.38    -15.03
   12 T-A      -0.99     -0.15      0.01      0.36    -13.35     -4.51
   13 C-G       0.19     -0.29      0.81     -3.62     -7.59     -5.69
   14 A-T      -0.68     -0.30     -0.02      3.73     -6.03     -2.02
   15 G-C      -0.24     -0.11      0.45     10.46      2.10     -1.72
          ~~~~~~~~~~~~~~~~~~~~~~~~~~~~~~~~~~~~~~~~~~~~~~~~~~~~~~~~~~~~
      ave.     -0.26     -0.20      0.16     -0.57      0.19     -3.85
      s.d.      0.63      0.10      0.43      5.87      8.77      4.94
****************************************************************************
Local base-pair step parameters
    step       Shift     Slide      Rise      Tilt      Roll     Twist
   1 GG/CC      0.93      0.75      4.87      4.70     -2.09     38.32
   2 GG/CC      0.02     -0.98      3.56      5.00     -6.13     25.84
   3 GG/CC      0.09     -0.38      4.01     -3.01     33.78     25.81
   4 GT/AC     -1.33     -0.66      3.01     -2.16    -18.62     29.30
   5 TG/CA      1.60      1.59      3.41      7.24     -9.56     46.10
   6 GA/TC      0.14     -0.10      3.44     -5.61     -0.76     19.07
   7 AT/AT     -0.15     -1.86      3.19      2.69      9.03     21.99
   8 TT/AA      0.01     -0.77      3.98     -2.53     -8.25     31.21
   9 TG/CA     -0.63     -0.44      3.39      0.92     30.45     24.11
  10 GT/AC     -1.09     -0.83      3.21     -2.18     -0.44     19.58
  11 TT/AA      0.77      0.19      3.86      3.88     18.52     33.98
  12 TC/GA     -0.05      0.12      3.28     -3.05     22.01     40.50
  13 CA/TG      0.03      0.33      3.61      6.26     -4.22     19.98
  14 AG/CT     -0.14      0.73      3.94      2.37      1.48     25.86
          ~~~~~~~~~~~~~~~~~~~~~~~~~~~~~~~~~~~~~~~~~~~~~~~~~~~~~~~~~~~~
      ave.      0.01     -0.16      3.63      1.04      4.66     28.69
      s.d.      0.76      0.87      0.48      4.09     15.79      8.37
****************************************************************************
Local base-pair helical parameters
    step       X-disp    Y-disp   h-Rise     Incl.       Tip   h-Twist
   1 GG/CC      1.51     -0.53      4.90     -3.16     -7.12     38.65
   2 GG/CC     -0.33      1.38      3.64    -13.32    -10.85     27.01
   3 GG/CC     -4.67     -0.49      2.17     53.56      4.77     42.39
   4 GT/AC      1.75      1.90      2.98    -32.90      3.81     34.67
   5 TG/CA      2.76     -1.38      3.24    -11.97     -9.07     47.55
   6 GA/TC      0.10     -3.16      3.27     -2.24     16.46     19.89
   7 AT/AT     -7.03      1.11      2.22     22.39     -6.66     23.90
   8 TT/AA      0.44     -0.58      4.03    -14.99      4.60     32.35
   9 TG/CA     -4.38      1.07      1.78     52.48     -1.59     38.68
  10 GT/AC     -2.20      2.14      3.32     -1.29      6.38     19.71
  11 TT/AA     -2.46     -0.58      3.56     29.06     -6.09     38.76
  12 TC/GA     -1.79     -0.21      2.96     29.29      4.05     45.97
  13 CA/TG      2.77      2.72      3.33    -11.64    -17.26     21.35
  14 AG/CT      1.13      1.11      3.94      3.30     -5.27     26.01
          ~~~~~~~~~~~~~~~~~~~~~~~~~~~~~~~~~~~~~~~~~~~~~~~~~~~~~~~~~~~~
      ave.     -0.89      0.32      3.24      7.04     -1.70     32.63
      s.d.      2.98      1.59      0.81     26.20      8.80      9.68
****************************************************************************
The 'simple' parameters are intuitive for non-Watson-Crick base pairs
and associated base-pair steps (where the above corresponding 3DNA
parameters often appear cryptic). Note that they are for structural
*description* only, not to be fed into the 'rebuild' program. See URL
http://x3dna.org/highlights/details-on-the-simple-base-pair-parameters
and related blogposts on the 3DNA home page for details.

This structure contains 0 non-Watson-Crick (with leading *) base pair(s)
----------------------------------------------------------------------------
Simple base-pair parameters based on RC8--YC6 vectors
      bp        Shear    Stretch   Stagger    Buckle  Propeller  Opening  angle
     1 G-C      -0.87     -0.29      0.28      4.18      3.41     -1.71    5.4
     2 G-C       0.60     -0.08     -0.26     -6.60     -2.15     -1.29    6.9
     3 G-C      -0.06     -0.24     -0.70     -2.09      6.03     -5.08    6.4
     4 G-C       0.27     -0.07     -0.38     -9.15      5.82     -2.27   10.8
     5 T-A      -1.21     -0.09      0.45     -5.77    -16.65    -14.19   17.6
     6 G-C       0.59     -0.10     -0.15     -7.27     -1.19     -4.04    7.4
     7 A-T      -0.10     -0.15      0.51     -1.88      3.38      1.50    3.9
     8 T-A      -0.88     -0.02      0.15     -2.65      6.78     -3.95    7.3
     9 T-A      -0.08     -0.11      0.45     -1.09     12.16      1.77   12.2
    10 G-C       0.56     -0.09     -0.03     -0.01     13.89      0.56   13.9
    11 T-A      -1.13     -0.28      0.83     10.44     -5.66    -15.09   11.9
    12 T-A      -1.00     -0.05      0.01     -1.04    -13.31     -4.48   13.3
    13 C-G       0.19     -0.29      0.81     -3.51     -7.64     -5.68    8.4
    14 A-T      -0.69     -0.26     -0.02      3.32     -6.27     -2.01    7.1
    15 G-C      -0.24     -0.11      0.45     10.50      1.91     -1.72   10.7
           ~~~~~~~~~~~~~~~~~~~~~~~~~~~~~~~~~~~~~~~~~~~~~~~~~~~~~~~~~~~~
       ave.     -0.27     -0.15      0.16     -0.84      0.03     -3.84
       s.d.      0.65      0.09      0.43      5.86      8.76      4.93
----------------------------------------------------------------------------
Simple base-pair step parameters based on consecutive C1'-C1' vectors
      step       Shift     Slide      Rise      Tilt      Roll     Twist
     1 GG/CC      0.94      0.73      4.87      4.65     -2.19     30.63
     2 GG/CC      0.04     -0.98      3.56      5.10     -6.05     29.14
     3 GG/CC      0.09     -0.38      4.01     -3.11     33.77     24.07
     4 GT/AC     -1.35     -0.60      3.01     -2.93    -18.51     36.15
     5 TG/CA      1.63      1.55      3.41      7.04     -9.71     36.92
     6 GA/TC      0.14     -0.09      3.44     -5.59     -0.89     23.23
     7 AT/AT     -0.24     -1.85      3.19      3.13      8.88     26.04
     8 TT/AA     -0.02     -0.77      3.98     -2.90     -8.13     26.74
     9 TG/CA     -0.62     -0.46      3.39      0.27     30.47     20.94
    10 GT/AC     -1.11     -0.80      3.21     -2.19     -0.38     28.10
    11 TT/AA      0.79      0.12      3.86      5.59     18.08     33.28
    12 TC/GA     -0.04      0.12      3.28     -2.39     22.09     33.89
    13 CA/TG      0.04      0.33      3.61      6.17     -4.35     25.54
    14 AG/CT     -0.11      0.74      3.94      2.44      1.36     23.67
            ~~~~~~~~~~~~~~~~~~~~~~~~~~~~~~~~~~~~~~~~~~~~~~~~~~~~~~~~~~~~
        ave.      0.01     -0.17      3.63      1.09      4.60     28.45
        s.d.      0.77      0.86      0.48      4.24     15.77      5.05
****************************************************************************
Structure classification: 

This is a right-handed nucleic acid structure
****************************************************************************
lambda: virtual angle between C1'-YN1 or C1'-RN9 glycosidic bonds and the
        base-pair C1'-C1' line

C1'-C1': distance between C1' atoms for each base-pair
RN9-YN1: distance between RN9-YN1 atoms for each base-pair
RC8-YC6: distance between RC8-YC6 atoms for each base-pair

    bp     lambda(I) lambda(II)  C1'-C1'   RN9-YN1   RC8-YC6
   1 G-C      50.5      56.2      10.6       8.8       9.7
   2 G-C      57.7      47.7      10.8       9.0       9.9
   3 G-C      52.6      51.5      10.8       9.0       9.8
   4 G-C      54.5      50.4      10.8       9.0       9.9
   5 T-A      43.2      57.1      10.9       9.1       9.7
   6 G-C      55.1      50.7      10.8       9.0       9.9
   7 A-T      56.9      56.7      10.4       8.8       9.8
   8 T-A      49.2      57.5      10.8       9.0       9.9
   9 T-A      56.1      57.7      10.5       8.9       9.9
  10 G-C      59.1      51.7      10.6       9.0       9.9
  11 T-A      42.3      56.5      10.8       8.9       9.5
  12 T-A      47.0      60.1      10.7       9.0       9.9
  13 C-G      50.7      52.2      10.8       8.9       9.7
  14 A-T      51.4      57.2      10.5       8.8       9.7
  15 G-C      53.1      52.7      10.8       9.0       9.9
****************************************************************************
Classification of each dinucleotide step in a right-handed nucleic acid
structure: A-like; B-like; TA-like; intermediate of A and B, or other cases.

    step       Xp      Yp      Zp     XpH     YpH     ZpH    Form
   1 GG/CC   -1.45    8.89    0.76    0.10    8.92    0.22      
   2 GG/CC   -1.72    9.05    1.03   -1.83    9.04   -1.15      
   3 GG/CC   -3.40    8.61   -0.32   -7.71    5.61    6.51      
   4 GT/AC   -2.06    9.21   -0.23   -0.44    7.73   -4.99      
   5 TG/CA   -1.23    9.06   -0.51    1.30    8.80   -2.17      
   6 GA/TC   -2.68    9.39    0.10   -2.32    9.38   -0.58      
   7 AT/AT   -3.31    9.25    1.39  -10.16    8.07    4.71      
   8 TT/AA   -2.47    8.78    1.34   -2.05    8.84   -0.83      
   9 TG/CA   -2.94    9.53    0.96   -7.07    5.27    7.99      
  10 GT/AC   -1.71    9.40    0.95   -3.76    9.42    0.68      
  11 TT/AA   -1.49    9.26    0.98   -3.86    7.76    5.09  *TA*
  12 TC/GA   -2.05    9.42    0.70   -3.70    8.04    4.94  *TA*
  13 CA/TG   -1.07    9.15    0.56    1.66    9.08   -1.26      
  14 AG/CT   -2.01    9.41   -0.41   -0.98    9.42    0.13      
****************************************************************************
Minor and major groove widths: direct P-P distances and refined P-P distances
   which take into account the directions of the sugar-phosphate backbones

   (Subtract 5.8 Angstrom from the values to take account of the vdw radii
    of the phosphate groups, and for comparison with FreeHelix and Curves.)

Ref: M. A. El Hassan and C. R. Calladine (1998). ``Two Distinct Modes of
     Protein-induced Bending in DNA.'' J. Mol. Biol., v282, pp331-343.

                  Minor Groove        Major Groove
                 P-P     Refined     P-P     Refined
   1 GG/CC       ---       ---       ---       ---
   2 GG/CC       ---       ---       ---       ---
   3 GG/CC      17.0       ---      19.5       ---
   4 GT/AC      15.1      14.8      19.9      19.8
   5 TG/CA      13.6      13.5      20.2      20.2
   6 GA/TC      14.3      14.1      20.0      19.5
   7 AT/AT      14.3      14.0      22.3      22.0
   8 TT/AA      16.6      16.0      22.6      22.0
   9 TG/CA      19.5      18.7      19.7      17.6
  10 GT/AC      19.7      18.3      16.8      13.5
  11 TT/AA      19.0      17.4      15.2      14.7
  12 TC/GA      18.9       ---      15.3       ---
  13 CA/TG       ---       ---       ---       ---
  14 AG/CT       ---       ---       ---       ---
****************************************************************************
Global linear helical axis defined by equivalent C1' and RN9/YN1 atom pairs
Deviation from regular linear helix: 3.34(0.94)
****************************************************************************
Main chain and chi torsion angles: 

Note: alpha:   O3'(i-1)-P-O5'-C5'
      beta:    P-O5'-C5'-C4'
      gamma:   O5'-C5'-C4'-C3'
      delta:   C5'-C4'-C3'-O3'
      epsilon: C4'-C3'-O3'-P(i+1)
      zeta:    C3'-O3'-P(i+1)-O5'(i+1)

      chi for pyrimidines(Y): O4'-C1'-N1-C2
          chi for purines(R): O4'-C1'-N9-C4

Strand I
  base    alpha    beta   gamma   delta  epsilon   zeta    chi
   1 G     ---     ---     47.5   124.2   169.2  -109.5   -83.9
   2 G    -39.9   157.7    66.5   117.1   173.1   -90.6  -115.9
   3 G    -37.7  -174.1    29.3   121.8  -173.8   -79.6  -111.8
   4 G    -85.2  -157.0    40.6   130.6     0.1    57.9  -102.1
   5 T    179.3  -120.0    64.1    99.8   165.7  -114.4  -103.5
   6 G     10.8   128.9    26.7   105.4   174.1   -87.9  -112.9
   7 A    -39.3   162.4    47.1   109.5  -178.0   -71.7  -129.3
   8 T    -69.4  -179.1    46.9    88.9   120.6   -59.4  -133.4
   9 T   -145.7   -99.9    82.1   104.2  -148.8  -107.9  -118.7
  10 G    -28.3   156.6     3.8    97.0   162.3   -89.6  -115.3
  11 T    -34.1   172.9    42.0   111.5  -154.6   -96.0  -124.2
  12 T    -38.4   156.9    34.5   108.1  -177.4   -64.8  -121.3
  13 C    -81.4  -158.2    32.2   105.4   172.4   -84.3  -117.8
  14 A    -42.8   173.6    44.6   110.9  -160.4   -90.3  -113.3
  15 G    -99.6   158.8   100.0   113.2    ---     ---   -122.5

Strand II
  base    alpha    beta   gamma   delta  epsilon   zeta    chi
   1 C     -8.4   150.5    19.9   119.1    ---     ---   -130.5
   2 C    -38.6   167.5    54.9   106.7  -146.2  -126.0  -144.6
   3 C    140.6   119.9   100.0   101.6   162.0   -93.1  -122.9
   4 C    -32.4   174.8    32.4   119.8   119.9    63.6  -113.9
   5 A   -176.2  -153.9    82.5   126.9   157.2   -84.9   -99.4
   6 C    -32.6   115.7   -30.4   121.3   -27.0    84.1   -77.5
   7 T     34.0   120.4   -22.9   105.8   -19.8   105.0  -119.0
   8 A     -7.1   155.1    36.4   130.4  -175.7  -135.1  -118.4
   9 A    -73.5  -168.7    42.1   109.9   163.9  -106.5  -113.1
  10 C    -51.8   176.8    22.3   102.8  -174.1   -68.3  -116.7
  11 A    -64.1  -167.7    47.5   128.7  -173.6   -80.6  -115.0
  12 A    -60.8  -175.9    32.7   112.8  -179.0   -80.5  -115.7
  13 G     19.1   125.0    31.5   110.2  -176.3   -80.1  -115.3
  14 T    -50.1   118.7   -17.8    88.5   151.4  -109.4   -99.4
  15 C     ---     ---     19.9   105.9     0.0   100.5  -123.5
****************************************************************************
Sugar conformational parameters: 

Note: v0: C4'-O4'-C1'-C2'
      v1: O4'-C1'-C2'-C3'
      v2: C1'-C2'-C3'-C4'
      v3: C2'-C3'-C4'-O4'
      v4: C3'-C4'-O4'-C1'

      tm: the amplitude of pucker
      P:  the phase angle of pseudorotation

Strand I
 base       v0      v1      v2      v3      v4      tm       P    Puckering
   1 G    -19.6    22.8   -16.5     5.1     9.3    22.4   137.5    C1'-exo 
   2 G    -19.5    18.7   -10.4    -1.2    13.1    20.0   121.5    C1'-exo 
   3 G    -19.0    20.6   -13.7     2.6    10.3    20.6   131.8    C1'-exo 
   4 G    -18.8    22.8   -17.1     6.2     7.9    22.1   140.6    C1'-exo 
   5 T    -19.8    11.3     1.0   -13.2    20.9    21.2    87.3    O4'-endo
   6 G     -8.9     2.3     4.7   -10.3    12.3    11.9    67.0    C4'-exo 
   7 A    -11.5     6.4     0.9    -8.0    12.5    12.5    85.7    O4'-endo
   8 T    -26.1    14.1     2.8   -19.2    29.0    28.9    84.5    O4'-endo
   9 T    -23.7    16.5    -3.3   -11.2    22.3    24.2    97.8    O4'-endo
  10 G     -9.3    -1.5    10.9   -17.0    16.8    17.3    51.1    C4'-exo 
  11 T    -13.6    11.3    -4.8    -3.4    10.9    13.6   110.5    C1'-exo 
  12 T    -14.7    11.5    -4.0    -4.9    12.4    14.7   105.7    O4'-endo
  13 C     -7.4     1.1     5.1    -9.7    10.9    10.7    61.9    C4'-exo 
  14 A     -6.4     2.7     1.8    -5.7     7.6     7.5    76.3    O4'-endo
  15 G     -9.4     6.7    -1.6    -4.1     8.6     9.5    99.6    O4'-endo

Strand II
 base       v0      v1      v2      v3      v4      tm       P    Puckering
   1 C      1.5     0.3    -1.9     2.9    -2.8     2.9   230.3    C4'-endo
   2 C    -11.8     7.7    -0.9    -6.3    11.4    12.1    94.1    O4'-endo
   3 C    -20.9    12.3     0.6   -13.6    22.1    22.4    88.4    O4'-endo
   4 C    -16.6    22.7   -19.4     9.8     4.1    22.3   150.6    C2'-endo
   5 A     -5.0    11.6   -13.0    10.3    -3.4    13.0   175.9    C2'-endo
   6 C    -21.5    21.9   -13.6     0.9    13.2    22.6   126.9    C1'-exo 
   7 T    -23.6    13.1     1.9   -16.5    25.7    25.7    85.9    O4'-endo
   8 A    -23.2    31.4   -25.9    12.5     6.7    30.4   148.6    C2'-endo
   9 A    -18.3    13.6    -3.8    -7.3    16.3    18.4   102.0    O4'-endo
  10 C    -18.7    10.9     0.6   -12.1    19.7    20.0    88.4    O4'-endo
  11 A     -5.4    14.0   -16.2    13.5    -5.3    16.2   179.4    C2'-endo
  12 A     -5.6     2.7     1.1    -4.5     6.5     6.4    80.3    O4'-endo
  13 G    -17.5    12.8    -3.3    -7.2    15.7    17.6   100.9    O4'-endo
  14 T    -11.0    -3.5    15.4   -22.9    21.9    22.9    47.7    C4'-exo 
  15 C    -11.5     1.8     7.8   -15.2    17.2    16.8    62.3    C4'-exo 
****************************************************************************
Same strand P--P and C1'--C1' virtual bond distances

                 Strand I                          Strand II
    step      P--P     C1'--C1'       step      P--P     C1'--C1'
   1 G/G       ---      4.77         1 C/C      6.29      5.74
   2 G/G      7.05      5.03         2 C/C      7.43      4.70
   3 G/G      6.28      5.61         3 C/C      6.94      5.76
   4 G/T      6.24      4.99         4 C/A      6.89      4.17
   5 T/G      5.71      4.18         5 A/C      5.13      5.15
   6 G/A      6.36      4.39         6 C/T      4.94      4.29
   7 A/T      6.56      5.08         7 T/A      6.66      5.02
   8 T/T      6.68      5.22         8 A/A      6.39      4.68
   9 T/G      5.27      5.30         9 A/C      5.98      5.33
  10 G/T      6.04      4.88        10 C/A      6.48      4.71
  11 T/T      6.14      4.85        11 A/A      6.28      5.33
  12 T/C      6.43      5.45        12 A/G      6.41      4.92
  13 C/A      5.87      4.70        13 G/T      5.58      4.24
  14 A/G      6.21      5.45        14 T/C       ---      4.20
****************************************************************************
Helix radius (radial displacement of P, O4', and C1' atoms in local helix
   frame of each dimer)

                        Strand I                      Strand II
     step         P        O4'       C1'        P        O4'        C1'
   1 GG/CC      8.66      5.30      4.85      9.23      6.94      5.95
   2 GG/CC     10.75      7.21      6.86      7.71      5.60      4.84
   3 GG/CC      8.81      8.32      7.38     10.27      8.88      8.05
   4 GT/AC      9.11      6.08      6.35      6.45      2.73      2.81
   5 TG/CA      7.82      4.27      3.94     10.02      6.85      6.79
   6 GA/TC      6.46      3.88      3.07     12.87      9.28      8.81
   7 AT/AT     14.27     12.22     11.53     11.71     10.46      9.71
   8 TT/AA      8.43      5.85      5.17      9.81      6.52      6.04
   9 TG/CA      9.68      8.97      7.97      8.05      7.95      7.19
  10 GT/AC     11.76      9.57      8.70      8.69      5.70      5.28
  11 TT/AA      8.64      7.30      6.55      8.87      7.58      6.56
  12 TC/GA      8.61      7.05      6.06      9.10      7.22      6.27
  13 CA/TG     11.88      8.44      7.88      6.61      2.92      2.61
  14 AG/CT     10.31      7.46      6.54      8.63      5.05      4.34
****************************************************************************
Position (Px, Py, Pz) and local helical axis vector (Hx, Hy, Hz)
         for each dinucleotide step

     step       Px        Py        Pz        Hx        Hy        Hz
   1 GG/CC    -22.17      8.96    -13.20      0.92     -0.38      0.13
   2 GG/CC    -18.35      8.83    -10.06      0.94     -0.24      0.26
   3 GG/CC    -16.98      3.35     -8.69      0.42     -0.62     -0.66
   4 GT/AC    -11.53      7.53     -8.25      0.64     -0.39      0.67
   5 TG/CA     -6.69      6.33     -9.03      0.73     -0.60      0.32
   6 GA/TC     -3.68      4.93    -10.78      0.79     -0.21      0.57
   7 AT/AT     -1.87     -1.66    -15.23      1.00      0.03      0.09
   8 TT/AA      0.36     -1.71     -7.12      0.78     -0.59      0.21
   9 TG/CA      5.15     -1.43    -10.28      0.64      0.43      0.64
  10 GT/AC      6.83     -3.86     -9.81      0.99     -0.10     -0.01
  11 TT/AA      9.32     -2.92     -6.53      0.87      0.20      0.45
  12 TC/GA     12.90     -2.78     -5.65      0.92      0.05      0.39
  13 CA/TG     16.24     -0.15     -9.54      0.54      0.74      0.40
  14 AG/CT     19.24      0.87     -6.58      0.79      0.57      0.25
