****************************************************************************
    3DNA v2.4.0-2018dec18, created and maintained by Dr. Xiang-Jun Lu (xiangjun@x3dna.org)
****************************************************************************
1. The list of the parameters given below correspond to the 5' to 3' direction
   of strand I and 3' to 5' direction of strand II.

2. All angular parameters, except for the phase angle of sugar pseudo-
   rotation, are measured in degrees in the range of [-180, +180], and all
   displacements are measured in Angstrom units.
****************************************************************************
File name: tmpstri
Date and time: Wed Jan  2 10:35:02 2019

Number of base-pairs: 15
Number of atoms: 2489
****************************************************************************
HEADER    DNA BINDING PROTEIN/DNA                 15-MAY-02   1J5N              
TITLE     SOLUTION STRUCTURE OF THE NON-SEQUENCE-SPECIFIC HMGB                  
TITLE    2 PROTEIN NHP6A IN COMPLEX WITH SRY DNA                                
COMPND    MOL_ID: 1;                                                            
COMPND   2 MOLECULE: NONHISTONE CHROMOSOMAL PROTEIN 6A;                         
COMPND   3 CHAIN: A;                                                            
COMPND   4 SYNONYM: NHP6A;                                                      
COMPND   5 ENGINEERED: YES;                                                     
COMPND   6 MOL_ID: 2;                                                           
COMPND   7 MOLECULE: 5'-                                                        
COMPND   8 D(*GP*GP*GP*GP*TP*GP*AP*TP*TP*GP*TP*TP*CP*AP*G)-3';                  
COMPND   9 CHAIN: B;                                                            
COMPND  10 ENGINEERED: YES;                                                     
COMPND  11 OTHER_DETAILS: SRY_DNA G-RICH STRAND;                                
COMPND  12 MOL_ID: 3;                                                           
COMPND  13 MOLECULE: 5'-                                                        
COMPND  14 D(*CP*TP*GP*AP*AP*CP*AP*AP*TP*CP*AP*CP*CP*CP*C)-3';                  
COMPND  15 CHAIN: C;                                                            
COMPND  16 ENGINEERED: YES;                                                     
COMPND  17 OTHER_DETAILS: SRY_DNA C-RICH STRAND                                 
SOURCE    MOL_ID: 1;                                                            
SOURCE   2 ORGANISM_SCIENTIFIC: SACCHAROMYCES CEREVISIAE;                       
SOURCE   3 ORGANISM_COMMON: BAKER'S YEAST;                                      
SOURCE   4 ORGANISM_TAXID: 4932;                                                
SOURCE   5 EXPRESSION_SYSTEM: ESCHERICHIA COLI;                                 
SOURCE   6 EXPRESSION_SYSTEM_TAXID: 562;                                        
SOURCE   7 MOL_ID: 2;                                                           
SOURCE   8 SYNTHETIC: YES;                                                      
SOURCE   9 OTHER_DETAILS: UNLABELED DNA MADE ON A COMMERCIAL                    
SOURCE  10 SYNTHESIZER, 15N,13C-LABELED DNA MADE ENZYMATICALLY IN               
SOURCE  11 VITRO WITH TAQ POLYMERASE;                                           
SOURCE  12 MOL_ID: 3;                                                           
SOURCE  13 SYNTHETIC: YES;                                                      
SOURCE  14 OTHER_DETAILS: UNLABELED DNA MADE ON A COMMERCIAL                    
SOURCE  15 SYNTHESIZER, 15N,13C-LABELED DNA MADE ENZYMATICALLY IN               
SOURCE  16 VITRO WITH TAQ POLYMERASE                                            
KEYWDS    HMG-BOX, HMGB, PROTEIN-DNA COMPLEX, ALPHA HELIX, DOUBLE               
KEYWDS   2 HELIX, DNA BINDING PROTEIN/DNA COMPLEX                               
EXPDTA    SOLUTION NMR                                                          
AUTHOR    J.E.MASSE,B.WONG,Y.-M.YEN,F.H.-T.ALLAIN,R.C.JOHNSON,J.FEIGON          
REVDAT   2   24-FEB-09 1J5N    1       VERSN                                    
REVDAT   1   16-OCT-02 1J5N    0                                                
JRNL        AUTH   J.E.MASSE,B.WONG,Y.-M.YEN,F.H.-T.ALLAIN,                     
JRNL        AUTH 2 R.C.JOHNSON,J.FEIGON                                         
JRNL        TITL   THE S. CEREVISIAE ARCHITECTURAL HMGB PROTEIN NHP6A           
JRNL        TITL 2 COMPLEXED WITH DNA: DNA AND PROTEIN CONFORMATIONAL           
JRNL        TITL 3 CHANGES UPON BINDING                                         
JRNL        REF    J.MOL.BIOL.                   V. 323   263 2002              
JRNL        REFN                   ISSN 0022-2836                               
JRNL        PMID   12381320                                                     
JRNL        DOI    10.1016/S0022-2836(02)00938-5                                
HELIX    1   1 SER A   26  ASN A   43  1                                  18    
HELIX    2   2 THR A   47  THR A   63  1                                  17    
HELIX    3   3 THR A   63  ALA A   93  1                                  31    
****************************************************************************
RMSD of the bases (----- for WC bp, + for isolated bp, x for helix change)

            Strand I                    Strand II          Helix
   1   (0.008) ...6>B:.101_:[.DG]G-----C[.DC]:.130_:C<...6 (0.011)     |
   2   (0.008) ...6>B:.102_:[.DG]G-----C[.DC]:.129_:C<...6 (0.014)     |
   3   (0.008) ...6>B:.103_:[.DG]G-----C[.DC]:.128_:C<...6 (0.010)     |
   4   (0.008) ...6>B:.104_:[.DG]G-----C[.DC]:.127_:C<...6 (0.011)     |
   5   (0.022) ...6>B:.105_:[.DT]T-----A[.DA]:.126_:C<...6 (0.017)     |
   6   (0.009) ...6>B:.106_:[.DG]G-----C[.DC]:.125_:C<...6 (0.010)     |
   7   (0.013) ...6>B:.107_:[.DA]A-----T[.DT]:.124_:C<...6 (0.022)     |
   8   (0.022) ...6>B:.108_:[.DT]T-----A[.DA]:.123_:C<...6 (0.012)     |
   9   (0.022) ...6>B:.109_:[.DT]T-----A[.DA]:.122_:C<...6 (0.013)     |
  10   (0.007) ...6>B:.110_:[.DG]G-----C[.DC]:.121_:C<...6 (0.011)     |
  11   (0.021) ...6>B:.111_:[.DT]T-----A[.DA]:.120_:C<...6 (0.018)     |
  12   (0.021) ...6>B:.112_:[.DT]T-----A[.DA]:.119_:C<...6 (0.019)     |
  13   (0.013) ...6>B:.113_:[.DC]C-----G[.DG]:.118_:C<...6 (0.008)     |
  14   (0.014) ...6>B:.114_:[.DA]A-----T[.DT]:.117_:C<...6 (0.021)     |
  15   (0.008) ...6>B:.115_:[.DG]G-----C[.DC]:.116_:C<...6 (0.012)     |
****************************************************************************
Detailed H-bond information: atom-name pair and length [ O N]
   1 G-----C  [3]  O6 - N4  2.83  N1 - N3  2.90  N2 - O2  2.86
   2 G-----C  [3]  O6 - N4  2.85  N1 - N3  2.90  N2 - O2  2.80
   3 G-----C  [3]  O6 - N4  2.89  N1 - N3  2.94  N2 - O2  2.88
   4 G-----C  [3]  O6 - N4  2.82  N1 - N3  2.89  N2 - O2  2.83
   5 T-----A  [2]  N3 - N1  2.84  O4 - N6  2.56
   6 G-----C  [3]  O6 - N4  2.75  N1 - N3  2.87  N2 - O2  2.85
   7 A-----T  [2]  N6 - O4  2.90  N1 - N3  2.89
   8 T-----A  [2]  N3 - N1  2.92  O4 - N6  2.76
   9 T-----A  [2]  N3 - N1  2.87  O4 - N6  2.94
  10 G-----C  [3]  O6 - N4  2.91  N1 - N3  2.86  N2 - O2  2.72
  11 T-----A  [2]  N3 - N1  2.83  O4 - N6  2.49
  12 T-----A  [2]  N3 - N1  2.88  O4 - N6  2.81
  13 C-----G  [3]  O2 - N2  2.89  N3 - N1  2.88  N4 - O6  2.78
  14 A-----T  [2]  N6 - O4  2.86  N1 - N3  2.87
  15 G-----C  [3]  O6 - N4  2.82  N1 - N3  2.92  N2 - O2  2.87
****************************************************************************
Overlap area in Angstrom^2 between polygons defined by atoms on successive
bases. Polygons projected in the mean plane of the designed base-pair step.

Values in parentheses measure the overlap of base ring atoms only. Those
outside parentheses include exocyclic atoms on the ring. Intra- and
inter-strand overlap is designated according to the following diagram:

                    i2  3'      5' j2
                       /|\      |
                        |       |
               Strand I |       | II
                        |       |
                        |       |
                        |      \|/
                    i1  5'      3' j1

     step      i1-i2        i1-j2        j1-i2        j1-j2        sum
   1 GG/CC  8.43( 5.03)  0.00( 0.00)  0.00( 0.00)  3.23( 0.00) 11.66( 5.03)
   2 GG/CC  5.21( 3.17)  0.00( 0.00)  0.00( 0.00)  0.87( 0.00)  6.07( 3.17)
   3 GG/CC  5.67( 2.56)  0.00( 0.00)  0.00( 0.00)  6.46( 2.28) 12.13( 4.84)
   4 GT/AC  2.98( 0.14)  0.00( 0.00)  0.00( 0.00)  4.20( 2.56)  7.18( 2.70)
   5 TG/CA  6.81( 2.38)  0.00( 0.00)  0.00( 0.00)  0.96( 0.00)  7.77( 2.38)
   6 GA/TC  5.29( 2.11)  0.00( 0.00)  0.00( 0.00)  5.50( 1.30) 10.79( 3.41)
   7 AT/AT  6.96( 3.87)  0.00( 0.00)  0.00( 0.00)  6.98( 3.92) 13.95( 7.79)
   8 TT/AA  6.33( 1.00)  0.00( 0.00)  0.00( 0.00)  3.76( 2.91) 10.09( 3.91)
   9 TG/CA  2.03( 0.17)  0.00( 0.00)  0.01( 0.00)  3.54( 1.59)  5.59( 1.76)
  10 GT/AC  5.51( 0.94)  0.00( 0.00)  0.00( 0.00)  5.17( 3.67) 10.68( 4.61)
  11 TT/AA  7.64( 1.73)  0.00( 0.00)  0.00( 0.00)  2.67( 1.20) 10.31( 2.94)
  12 TC/GA  4.07( 0.77)  0.00( 0.00)  0.00( 0.00)  5.94( 3.01) 10.01( 3.79)
  13 CA/TG  2.51( 0.55)  0.00( 0.00)  0.00( 0.00)  1.64( 0.00)  4.15( 0.55)
  14 AG/CT  3.70( 2.18)  0.00( 0.00)  0.00( 0.00)  7.20( 1.71) 10.90( 3.89)
****************************************************************************
Origin (Ox, Oy, Oz) and mean normal vector (Nx, Ny, Nz) of each base-pair in
   the coordinate system of the given structure

      bp        Ox        Oy        Oz        Nx        Ny        Nz
    1 G-C    -22.787    11.496   -12.134     0.847    -0.469    -0.249
    2 G-C    -18.822     8.397   -11.971     0.899    -0.417    -0.135
    3 G-C    -15.778     7.518   -11.111     0.883    -0.452     0.126
    4 G-C    -12.717     5.558   -10.612     0.648    -0.695     0.312
    5 T-A     -9.872     4.875    -9.003     0.834    -0.486     0.260
    6 G-C     -5.839     2.562    -9.555     0.784    -0.316     0.534
    7 A-T     -3.700     1.941    -8.493     0.887    -0.278     0.369
    8 T-A     -0.834    -0.968    -7.178     0.919    -0.357     0.166
    9 T-A      2.089    -2.744    -7.067     0.887    -0.408     0.216
   10 G-C      5.254    -4.071    -6.621     0.998    -0.051     0.025
   11 T-A      8.437    -5.593    -7.647     0.997     0.070    -0.016
   12 T-A     12.010    -4.016    -7.316     0.926     0.376     0.016
   13 C-G     14.611    -2.596    -6.758     0.801     0.531     0.277
   14 A-T     17.271    -0.581    -5.783     0.836     0.542     0.090
   15 G-C     21.376     1.445    -5.664     0.794     0.536     0.285
****************************************************************************
Local base-pair parameters
     bp        Shear    Stretch   Stagger    Buckle  Propeller  Opening
    1 G-C      -0.84     -0.36      0.44      9.61      3.26     -2.12
    2 G-C       0.62     -0.13     -0.27     -4.49      1.40     -1.55
    3 G-C      -0.25     -0.13     -0.23     -4.34     -5.87     -1.51
    4 G-C       0.66     -0.16     -0.37     -3.18      8.03     -2.95
    5 T-A      -1.24     -0.29      0.46     -1.61    -21.51    -17.80
    6 G-C       0.59     -0.11     -0.26    -22.18    -11.72     -3.77
    7 A-T      -0.65     -0.29      0.42     -0.28      8.96     -0.26
    8 T-A       0.29     -0.16      0.36    -10.84     13.93     -6.34
    9 T-A       0.54     -0.22     -0.03      0.48      3.66      0.60
   10 G-C       0.50     -0.15      0.32      5.45     15.66      3.10
   11 T-A      -1.23     -0.40      0.74      9.65     -4.69    -14.36
   12 T-A      -0.94     -0.14      0.19      0.11    -11.59     -5.22
   13 C-G       0.28     -0.27      0.56      1.84     -8.69     -4.88
   14 A-T      -0.66     -0.31      0.52     14.97     -6.78     -3.24
   15 G-C       0.33     -0.14      0.61      6.76     -4.65     -3.67
          ~~~~~~~~~~~~~~~~~~~~~~~~~~~~~~~~~~~~~~~~~~~~~~~~~~~~~~~~~~~~
      ave.     -0.13     -0.22      0.23      0.13     -1.37     -4.26
      s.d.      0.72      0.09      0.37      9.06     10.41      5.40
****************************************************************************
Local base-pair step parameters
    step       Shift     Slide      Rise      Tilt      Roll     Twist
   1 GG/CC      1.06      1.03      4.81      3.62      6.92     34.74
   2 GG/CC      0.52     -0.89      3.12      5.03     14.30     26.23
   3 GG/CC     -0.40      0.13      3.65     -1.22     22.20     29.43
   4 GT/AC     -1.19     -0.84      3.00     -2.22    -16.18     29.37
   5 TG/CA      1.53      1.84      4.03     10.35    -15.68     50.29
   6 GA/TC     -0.00      0.15      2.46     -8.40      7.70     16.62
   7 AT/AT     -0.19     -1.81      3.89      3.04     12.29     31.33
   8 TT/AA      0.24     -0.69      3.34      1.62     -4.15     28.56
   9 TG/CA     -0.44     -0.32      3.42     -4.72     23.75     22.25
  10 GT/AC     -1.20     -1.43      3.16      0.34      7.33     24.03
  11 TT/AA      0.79      0.15      3.84      2.33     18.02     34.82
  12 TC/GA      0.12      0.03      3.01     -0.95     18.87     40.61
  13 CA/TG      0.38     -0.17      3.45      1.23    -10.87     21.38
  14 AG/CT     -0.52      0.78      4.48      4.65     10.46     35.45
          ~~~~~~~~~~~~~~~~~~~~~~~~~~~~~~~~~~~~~~~~~~~~~~~~~~~~~~~~~~~~
      ave.      0.05     -0.14      3.55      1.05      6.78     30.36
      s.d.      0.79      0.97      0.62      4.56     13.48      8.62
****************************************************************************
Local base-pair helical parameters
    step       X-disp    Y-disp   h-Rise     Incl.       Tip   h-Twist
   1 GG/CC      0.15     -0.93      5.00     11.41     -5.97     35.58
   2 GG/CC     -4.32     -0.08      2.39     28.66    -10.08     30.23
   3 GG/CC     -3.26      0.44      3.03     37.67      2.07     36.73
   4 GT/AC      1.21      1.70      3.11    -29.24      4.02     33.52
   5 TG/CA      3.23     -0.92      3.58    -17.75    -11.71     53.47
   6 GA/TC     -2.30     -2.95      2.09     23.40     25.53     20.13
   7 AT/AT     -5.28      0.86      2.96     21.68     -5.36     33.73
   8 TT/AA     -0.42     -0.12      3.41     -8.35     -3.26     28.90
   9 TG/CA     -4.78     -0.06      2.17     47.11      9.35     32.77
  10 GT/AC     -5.24      2.86      2.60     17.11     -0.80     25.11
  11 TT/AA     -2.36     -0.84      3.54     27.89     -3.61     39.14
  12 TC/GA     -1.56     -0.23      2.77     25.58      1.28     44.62
  13 CA/TG      3.38     -0.48      3.17    -27.12     -3.08     23.98
  14 AG/CT     -0.72      1.67      4.43     16.65     -7.41     37.19
          ~~~~~~~~~~~~~~~~~~~~~~~~~~~~~~~~~~~~~~~~~~~~~~~~~~~~~~~~~~~~
      ave.     -1.59      0.07      3.16     12.48     -0.64     33.94
      s.d.      2.90      1.42      0.81     23.87      9.39      8.56
****************************************************************************
The 'simple' parameters are intuitive for non-Watson-Crick base pairs
and associated base-pair steps (where the above corresponding 3DNA
parameters often appear cryptic). Note that they are for structural
*description* only, not to be fed into the 'rebuild' program. See URL
http://x3dna.org/highlights/details-on-the-simple-base-pair-parameters
and related blogposts on the 3DNA home page for details.

This structure contains 0 non-Watson-Crick (with leading *) base pair(s)
----------------------------------------------------------------------------
Simple base-pair parameters based on RC8--YC6 vectors
      bp        Shear    Stretch   Stagger    Buckle  Propeller  Opening  angle
     1 G-C      -0.87     -0.29      0.44      9.84      2.48     -2.13   10.1
     2 G-C       0.63     -0.09     -0.27     -4.57      1.10     -1.55    4.7
     3 G-C      -0.25     -0.12     -0.23     -4.45     -5.78     -1.51    7.3
     4 G-C       0.67     -0.12     -0.37     -3.73      7.79     -2.95    8.6
     5 T-A      -1.27     -0.13      0.46     -4.40    -21.12    -17.50   21.6
     6 G-C       0.60     -0.07     -0.26    -21.19    -13.42     -3.82   25.1
     7 A-T      -0.66     -0.25      0.42      0.28      8.96     -0.26    9.0
     8 T-A       0.29     -0.16      0.36    -11.13     13.70     -6.32   17.7
     9 T-A       0.55     -0.19     -0.03      0.30      3.68      0.60    3.7
    10 G-C       0.51     -0.12      0.32      4.54     15.95      3.08   16.6
    11 T-A      -1.27     -0.23      0.74      8.95     -5.93    -14.40   10.7
    12 T-A      -0.95     -0.05      0.19     -1.03    -11.55     -5.19   11.6
    13 C-G       0.28     -0.27      0.56      2.04     -8.65     -4.86    8.9
    14 A-T      -0.68     -0.26      0.52     14.45     -7.83     -3.26   16.4
    15 G-C       0.34     -0.13      0.61      6.93     -4.39     -3.68    8.2
           ~~~~~~~~~~~~~~~~~~~~~~~~~~~~~~~~~~~~~~~~~~~~~~~~~~~~~~~~~~~~
       ave.     -0.14     -0.16      0.23     -0.21     -1.67     -4.25
       s.d.      0.74      0.08      0.37      8.89     10.51      5.34
----------------------------------------------------------------------------
Simple base-pair step parameters based on consecutive C1'-C1' vectors
      step       Shift     Slide      Rise      Tilt      Roll     Twist
     1 GG/CC      1.08      1.01      4.81      3.76      6.84     27.03
     2 GG/CC      0.53     -0.88      3.12      4.89     14.34     30.45
     3 GG/CC     -0.40      0.12      3.65     -1.54     22.18     24.63
     4 GT/AC     -1.21     -0.81      3.00     -2.63    -16.12     38.71
     5 TG/CA      1.56      1.81      4.03     10.05    -15.87     40.18
     6 GA/TC     -0.00      0.15      2.46     -8.42      7.69     24.37
     7 AT/AT     -0.23     -1.80      3.89      3.33     12.21     26.54
     8 TT/AA      0.27     -0.68      3.34      1.77     -4.09     26.53
     9 TG/CA     -0.42     -0.34      3.42     -5.91     23.48     22.59
    10 GT/AC     -1.25     -1.39      3.16      0.58      7.32     33.18
    11 TT/AA      0.80      0.08      3.84      4.07     17.71     33.08
    12 TC/GA      0.12      0.03      3.01     -0.49     18.88     33.98
    13 CA/TG      0.37     -0.17      3.45      1.03    -10.89     27.41
    14 AG/CT     -0.50      0.79      4.48      4.92     10.34     30.16
            ~~~~~~~~~~~~~~~~~~~~~~~~~~~~~~~~~~~~~~~~~~~~~~~~~~~~~~~~~~~~
        ave.      0.05     -0.15      3.55      1.10      6.72     29.92
        s.d.      0.80      0.95      0.62      4.75     13.45      5.34
****************************************************************************
Structure classification: 

This is a right-handed nucleic acid structure
****************************************************************************
lambda: virtual angle between C1'-YN1 or C1'-RN9 glycosidic bonds and the
        base-pair C1'-C1' line

C1'-C1': distance between C1' atoms for each base-pair
RN9-YN1: distance between RN9-YN1 atoms for each base-pair
RC8-YC6: distance between RC8-YC6 atoms for each base-pair

    bp     lambda(I) lambda(II)  C1'-C1'   RN9-YN1   RC8-YC6
   1 G-C      50.5      56.2      10.6       8.8       9.7
   2 G-C      58.1      47.3      10.8       9.0       9.9
   3 G-C      53.5      54.2      10.7       9.0       9.9
   4 G-C      56.5      48.2      10.8       9.0       9.9
   5 T-A      41.0      55.3      11.0       9.1       9.7
   6 G-C      56.8      50.6      10.7       8.9       9.7
   7 A-T      52.2      58.6      10.4       8.8       9.7
   8 T-A      53.7      50.0      10.8       9.0       9.8
   9 T-A      59.2      53.7      10.4       8.8       9.8
  10 G-C      60.3      52.6      10.5       8.9       9.9
  11 T-A      42.0      57.8      10.8       8.9       9.6
  12 T-A      47.2      59.5      10.7       9.0       9.9
  13 C-G      51.3      52.1      10.8       8.9       9.8
  14 A-T      50.9      57.5      10.4       8.7       9.6
  15 G-C      54.8      48.5      10.8       9.0       9.9
****************************************************************************
Classification of each dinucleotide step in a right-handed nucleic acid
structure: A-like; B-like; TA-like; intermediate of A and B, or other cases.

    step       Xp      Yp      Zp     XpH     YpH     ZpH    Form
   1 GG/CC   -1.47    8.97    0.58   -1.24    8.71    2.18      
   2 GG/CC   -2.27    9.33    0.90   -6.28    7.86    5.02  *TA*
   3 GG/CC   -2.40    9.40    0.14   -5.51    7.49    5.68  *TA*
   4 GT/AC   -2.22    8.99   -0.41   -1.08    7.74   -4.58      
   5 TG/CA   -0.78    8.96   -0.61    2.18    8.45   -2.98      
   6 GA/TC   -3.09    9.30   -0.47   -5.09    8.80    2.87      
   7 AT/AT   -3.03    8.98    1.23   -8.03    7.96    4.33      
   8 TT/AA   -2.40    9.01    0.94   -2.77    9.05   -0.35      
   9 TG/CA   -2.53    9.43    0.89   -7.06    5.95    7.31      
  10 GT/AC   -2.64    9.26    1.07   -7.77    8.55    3.70      
  11 TT/AA   -1.37    9.15    1.08   -3.63    7.72    5.01  *TA*
  12 TC/GA   -2.03    9.43    0.76   -3.47    8.32    4.51  *TA*
  13 CA/TG   -1.24    9.03    1.11    2.05    8.57   -3.04      
  14 AG/CT   -1.34    9.12    0.73   -2.08    8.58    3.15      
****************************************************************************
Minor and major groove widths: direct P-P distances and refined P-P distances
   which take into account the directions of the sugar-phosphate backbones

   (Subtract 5.8 Angstrom from the values to take account of the vdw radii
    of the phosphate groups, and for comparison with FreeHelix and Curves.)

Ref: M. A. El Hassan and C. R. Calladine (1998). ``Two Distinct Modes of
     Protein-induced Bending in DNA.'' J. Mol. Biol., v282, pp331-343.

                  Minor Groove        Major Groove
                 P-P     Refined     P-P     Refined
   1 GG/CC       ---       ---       ---       ---
   2 GG/CC       ---       ---       ---       ---
   3 GG/CC      16.8       ---      17.8       ---
   4 GT/AC      14.6      14.6      19.8      19.7
   5 TG/CA      13.1      13.0      19.2      19.1
   6 GA/TC      14.2      14.1      18.6      18.3
   7 AT/AT      15.3      14.8      20.0      19.9
   8 TT/AA      16.7      15.8      23.5      22.1
   9 TG/CA      19.0      18.1      19.4      17.0
  10 GT/AC      19.3      17.9      16.4      13.0
  11 TT/AA      18.4      16.7      13.9      12.3
  12 TC/GA      17.8       ---      14.4       ---
  13 CA/TG       ---       ---       ---       ---
  14 AG/CT       ---       ---       ---       ---
****************************************************************************
Global linear helical axis defined by equivalent C1' and RN9/YN1 atom pairs
Deviation from regular linear helix: 3.23(0.97)
****************************************************************************
Main chain and chi torsion angles: 

Note: alpha:   O3'(i-1)-P-O5'-C5'
      beta:    P-O5'-C5'-C4'
      gamma:   O5'-C5'-C4'-C3'
      delta:   C5'-C4'-C3'-O3'
      epsilon: C4'-C3'-O3'-P(i+1)
      zeta:    C3'-O3'-P(i+1)-O5'(i+1)

      chi for pyrimidines(Y): O4'-C1'-N1-C2
          chi for purines(R): O4'-C1'-N9-C4

Strand I
  base    alpha    beta   gamma   delta  epsilon   zeta    chi
   1 G     ---     ---     48.4   124.3   172.1  -114.6   -68.3
   2 G    -39.6   149.6    67.6   116.2   178.7   -86.9  -114.0
   3 G    -47.3  -173.5    28.5   119.2  -177.1   -84.1  -110.1
   4 G    -85.9  -161.2    49.8   132.0     0.0    57.5  -100.1
   5 T    178.5  -120.0    64.7    98.0   156.7  -103.7  -104.5
   6 G     -3.0   138.8    44.7   116.5  -177.6   -83.2  -112.0
   7 A    -52.2   178.3    32.9   131.9   172.5  -113.7  -105.9
   8 T     76.1   167.8   -85.0   125.1   120.8   -55.5  -126.3
   9 T   -154.6  -100.0    75.5    96.6  -165.5   -99.2  -111.6
  10 G    -40.5   171.7    25.3   116.5   173.4   -91.0  -115.8
  11 T    -42.0  -169.2    22.9   109.7  -166.1   -84.4  -122.3
  12 T    -52.8   169.4    45.0   112.4  -174.6   -66.4  -123.6
  13 C    -77.5  -165.5    32.5   104.9   171.1   -84.9  -118.9
  14 A    -39.9   167.5    48.5   106.6  -164.6   -92.9  -119.7
  15 G   -108.5   177.0   100.0   121.9    ---     ---   -120.3

Strand II
  base    alpha    beta   gamma   delta  epsilon   zeta    chi
   1 C     -8.1   150.8    19.8   119.1    ---     ---   -129.6
   2 C    -47.8  -178.2    30.9   103.7  -148.5  -126.0  -137.0
   3 C    -44.5   168.6    32.7   108.3   176.2   -88.2  -115.8
   4 C   -122.4  -124.3    59.5   112.7  -165.0   -95.1  -106.2
   5 A   -152.3  -178.4    77.3   128.6   120.0   -50.0  -104.9
   6 C    -25.5   108.2   -35.2   128.5   -40.6    93.8   -58.1
   7 T   -130.8  -113.7    58.8   108.4   -23.8   107.6  -118.7
   8 A    -35.6   175.6    40.9   126.8   143.4   -72.9  -115.8
   9 A    -62.3  -175.8    43.7   105.9   169.8   -91.3  -114.1
  10 C    -76.5  -173.5    15.1   100.4  -177.3   -75.6  -118.5
  11 A   -171.5  -164.5   149.9   137.0  -164.6   -66.2  -134.8
  12 A    -61.7  -172.9    32.6   112.4   170.6   -91.7  -115.9
  13 G     25.0   119.4    28.0   109.1  -176.5   -79.3  -121.1
  14 T    -56.7   178.4    41.6   106.1   165.3  -118.7  -126.3
  15 C     ---     ---     20.0   117.8  -176.7   -75.0  -116.2
****************************************************************************
Sugar conformational parameters: 

Note: v0: C4'-O4'-C1'-C2'
      v1: O4'-C1'-C2'-C3'
      v2: C1'-C2'-C3'-C4'
      v3: C2'-C3'-C4'-O4'
      v4: C3'-C4'-O4'-C1'

      tm: the amplitude of pucker
      P:  the phase angle of pseudorotation

Strand I
 base       v0      v1      v2      v3      v4      tm       P    Puckering
   1 G    -20.4    23.6   -17.1     5.2     9.6    23.3   137.4    C1'-exo 
   2 G    -21.5    20.1   -10.7    -2.1    15.0    21.8   119.2    C1'-exo 
   3 G    -19.1    19.3   -11.6     0.3    11.9    19.9   125.5    C1'-exo 
   4 G    -17.2    21.8   -17.0     7.2     6.3    21.0   144.0    C1'-exo 
   5 T    -20.4    11.2     1.7   -14.4    22.1    22.2    85.5    O4'-endo
   6 G     -9.1     9.0    -5.3    -0.0     5.8     9.4   124.5    C1'-exo 
   7 A    -17.7    25.7   -22.4    12.1     3.5    25.1   153.3    C2'-endo
   8 T     -0.2     5.9    -8.8     8.9    -5.7     9.2   197.6    C3'-exo 
   9 T    -21.2    10.1     4.2   -17.5    24.8    24.3    80.1    O4'-endo
  10 G     -9.8     9.4    -5.4    -0.5     6.5    10.1   122.1    C1'-exo 
  11 T    -10.0     6.2    -0.2    -5.9    10.1    10.4    91.3    O4'-endo
  12 T    -12.0    10.1    -4.3    -2.8     9.3    11.9   111.3    C1'-exo 
  13 C     -8.8     2.0     5.0   -10.6    12.3    12.1    65.4    C4'-exo 
  14 A     -8.5     2.4     4.2    -9.6    11.4    11.2    67.8    C4'-exo 
  15 G     -1.3     3.7    -4.3     3.7    -1.5     4.3   181.0    C3'-exo 

Strand II
 base       v0      v1      v2      v3      v4      tm       P    Puckering
   1 C      1.7     0.0    -1.6     2.7    -2.8     2.8   235.6    C4'-endo
   2 C    -10.0     4.5     2.4    -8.6    11.8    11.6    78.0    O4'-endo
   3 C    -15.5    10.1    -1.0    -8.5    15.4    16.1    93.6    O4'-endo
   4 C    -17.1    15.4    -7.7    -2.6    12.5    17.3   116.3    C1'-exo 
   5 A     -3.7    13.4   -16.9    15.2    -7.3    17.0   185.9    C3'-exo 
   6 C    -16.3    20.8   -16.7     7.3     5.7    20.3   145.5    C2'-endo
   7 T    -23.6    13.9     0.7   -15.4    25.0    25.4    88.3    O4'-endo
   8 A    -22.3    30.6   -25.6    12.7     6.0    29.7   149.6    C2'-endo
   9 A    -18.0    11.4    -0.8   -10.2    18.0    18.7    92.5    O4'-endo
  10 C    -19.1     9.8     2.6   -14.4    21.5    21.2    83.0    O4'-endo
  11 A     -8.9    21.2   -24.0    19.5    -7.0    24.0   177.1    C2'-endo
  12 A     -4.6     1.8     1.4    -4.3     5.6     5.5    75.1    O4'-endo
  13 G    -18.8    13.6    -3.5    -7.9    16.9    18.9   100.6    O4'-endo
  14 T     -6.6     0.2     5.7    -9.9    10.5    10.5    57.4    C4'-exo 
  15 C     -4.4     6.7    -6.1     3.7     0.4     6.6   157.6    C2'-endo
****************************************************************************
Same strand P--P and C1'--C1' virtual bond distances

                 Strand I                          Strand II
    step      P--P     C1'--C1'       step      P--P     C1'--C1'
   1 G/G       ---      4.60         1 C/C      5.71      5.74
   2 G/G      7.07      5.04         2 C/C      6.42      5.08
   3 G/G      6.28      5.47         3 C/C      5.48      5.05
   4 G/T      6.39      4.98         4 C/A      7.23      4.55
   5 T/G      5.83      4.06         5 A/C      4.98      5.10
   6 G/A      6.71      4.64         6 C/T      5.20      4.27
   7 A/T      6.55      5.61         7 T/A      6.87      5.30
   8 T/T      6.86      4.73         8 A/A      6.38      4.90
   9 T/G      5.21      5.28         9 A/C      5.82      5.17
  10 G/T      6.40      5.36        10 C/A      7.52      5.23
  11 T/T      5.85      4.86        11 A/A      6.35      5.34
  12 T/C      6.45      5.26        12 A/G      6.30      5.05
  13 C/A      6.04      4.54        13 G/T      6.46      4.50
  14 A/G      6.33      5.92        14 T/C       ---      4.72
****************************************************************************
Helix radius (radial displacement of P, O4', and C1' atoms in local helix
   frame of each dimer)

                        Strand I                      Strand II
     step         P        O4'       C1'        P        O4'        C1'
   1 GG/CC      8.49      5.61      4.89      9.19      7.58      6.50
   2 GG/CC     11.13      9.11      8.38      9.04      8.88      8.00
   3 GG/CC      9.84      8.39      7.34      8.76      7.85      6.91
   4 GT/AC      9.47      6.36      6.50      6.17      3.17      3.17
   5 TG/CA      7.98      4.47      4.23      9.55      6.23      6.37
   6 GA/TC      7.02      5.61      4.61     13.34     10.10      9.34
   7 AT/AT     12.57     10.55      9.72     10.11      9.10      8.23
   8 TT/AA      9.14      6.34      5.74      9.81      6.86      6.18
   9 TG/CA      8.25      8.33      7.33     10.24      9.53      8.75
  10 GT/AC     13.17     11.80     10.87     10.34      8.05      7.60
  11 TT/AA      8.04      7.08      6.31      9.15      7.79      6.76
  12 TC/GA      8.77      7.01      6.03      9.26      7.25      6.29
  13 CA/TG      8.63      4.91      4.57      9.00      5.41      5.21
  14 AG/CT     10.10      8.45      7.39      7.56      5.36      4.50
****************************************************************************
Position (Px, Py, Pz) and local helical axis vector (Hx, Hy, Hz)
         for each dinucleotide step

     step       Px        Py        Pz        Hx        Hy        Hz
   1 GG/CC    -21.35      9.24    -12.12      0.79     -0.61     -0.08
   2 GG/CC    -18.73      6.63     -7.85      0.57     -0.82     -0.07
   3 GG/CC    -15.78      4.65     -8.90      0.55     -0.77     -0.32
   4 GT/AC    -11.48      6.91     -8.76      0.61     -0.37      0.70
   5 TG/CA     -6.36      6.05     -8.12      0.59     -0.63      0.50
   6 GA/TC     -2.97      3.23    -12.08      0.79      0.28      0.55
   7 AT/AT     -1.51     -0.96    -12.69      0.99      0.02      0.15
   8 TT/AA      0.79     -1.61     -7.43      0.87     -0.48      0.08
   9 TG/CA      5.45      0.01     -9.32      0.66      0.18      0.73
  10 GT/AC      7.56     -0.65    -11.13      0.96      0.10      0.28
  11 TT/AA      9.30     -2.97     -6.32      0.88      0.16      0.45
  12 TC/GA     12.74     -2.74     -5.81      0.92      0.12      0.38
  13 CA/TG     17.25     -1.84     -9.33      0.49      0.86      0.14
  14 AG/CT     18.75      1.53     -4.52      0.94      0.27      0.21
