****************************************************************************
    3DNA v2.4.0-2018dec18, created and maintained by Dr. Xiang-Jun Lu (xiangjun@x3dna.org)
****************************************************************************
1. The list of the parameters given below correspond to the 5' to 3' direction
   of strand I and 3' to 5' direction of strand II.

2. All angular parameters, except for the phase angle of sugar pseudo-
   rotation, are measured in degrees in the range of [-180, +180], and all
   displacements are measured in Angstrom units.
****************************************************************************
File name: tmpstri
Date and time: Wed Jan  2 10:35:02 2019

Number of base-pairs: 15
Number of atoms: 2489
****************************************************************************
HEADER    DNA BINDING PROTEIN/DNA                 15-MAY-02   1J5N              
TITLE     SOLUTION STRUCTURE OF THE NON-SEQUENCE-SPECIFIC HMGB                  
TITLE    2 PROTEIN NHP6A IN COMPLEX WITH SRY DNA                                
COMPND    MOL_ID: 1;                                                            
COMPND   2 MOLECULE: NONHISTONE CHROMOSOMAL PROTEIN 6A;                         
COMPND   3 CHAIN: A;                                                            
COMPND   4 SYNONYM: NHP6A;                                                      
COMPND   5 ENGINEERED: YES;                                                     
COMPND   6 MOL_ID: 2;                                                           
COMPND   7 MOLECULE: 5'-                                                        
COMPND   8 D(*GP*GP*GP*GP*TP*GP*AP*TP*TP*GP*TP*TP*CP*AP*G)-3';                  
COMPND   9 CHAIN: B;                                                            
COMPND  10 ENGINEERED: YES;                                                     
COMPND  11 OTHER_DETAILS: SRY_DNA G-RICH STRAND;                                
COMPND  12 MOL_ID: 3;                                                           
COMPND  13 MOLECULE: 5'-                                                        
COMPND  14 D(*CP*TP*GP*AP*AP*CP*AP*AP*TP*CP*AP*CP*CP*CP*C)-3';                  
COMPND  15 CHAIN: C;                                                            
COMPND  16 ENGINEERED: YES;                                                     
COMPND  17 OTHER_DETAILS: SRY_DNA C-RICH STRAND                                 
SOURCE    MOL_ID: 1;                                                            
SOURCE   2 ORGANISM_SCIENTIFIC: SACCHAROMYCES CEREVISIAE;                       
SOURCE   3 ORGANISM_COMMON: BAKER'S YEAST;                                      
SOURCE   4 ORGANISM_TAXID: 4932;                                                
SOURCE   5 EXPRESSION_SYSTEM: ESCHERICHIA COLI;                                 
SOURCE   6 EXPRESSION_SYSTEM_TAXID: 562;                                        
SOURCE   7 MOL_ID: 2;                                                           
SOURCE   8 SYNTHETIC: YES;                                                      
SOURCE   9 OTHER_DETAILS: UNLABELED DNA MADE ON A COMMERCIAL                    
SOURCE  10 SYNTHESIZER, 15N,13C-LABELED DNA MADE ENZYMATICALLY IN               
SOURCE  11 VITRO WITH TAQ POLYMERASE;                                           
SOURCE  12 MOL_ID: 3;                                                           
SOURCE  13 SYNTHETIC: YES;                                                      
SOURCE  14 OTHER_DETAILS: UNLABELED DNA MADE ON A COMMERCIAL                    
SOURCE  15 SYNTHESIZER, 15N,13C-LABELED DNA MADE ENZYMATICALLY IN               
SOURCE  16 VITRO WITH TAQ POLYMERASE                                            
KEYWDS    HMG-BOX, HMGB, PROTEIN-DNA COMPLEX, ALPHA HELIX, DOUBLE               
KEYWDS   2 HELIX, DNA BINDING PROTEIN/DNA COMPLEX                               
EXPDTA    SOLUTION NMR                                                          
AUTHOR    J.E.MASSE,B.WONG,Y.-M.YEN,F.H.-T.ALLAIN,R.C.JOHNSON,J.FEIGON          
REVDAT   2   24-FEB-09 1J5N    1       VERSN                                    
REVDAT   1   16-OCT-02 1J5N    0                                                
JRNL        AUTH   J.E.MASSE,B.WONG,Y.-M.YEN,F.H.-T.ALLAIN,                     
JRNL        AUTH 2 R.C.JOHNSON,J.FEIGON                                         
JRNL        TITL   THE S. CEREVISIAE ARCHITECTURAL HMGB PROTEIN NHP6A           
JRNL        TITL 2 COMPLEXED WITH DNA: DNA AND PROTEIN CONFORMATIONAL           
JRNL        TITL 3 CHANGES UPON BINDING                                         
JRNL        REF    J.MOL.BIOL.                   V. 323   263 2002              
JRNL        REFN                   ISSN 0022-2836                               
JRNL        PMID   12381320                                                     
JRNL        DOI    10.1016/S0022-2836(02)00938-5                                
HELIX    1   1 SER A   26  ASN A   43  1                                  18    
HELIX    2   2 THR A   47  THR A   63  1                                  17    
HELIX    3   3 THR A   63  ALA A   93  1                                  31    
****************************************************************************
RMSD of the bases (----- for WC bp, + for isolated bp, x for helix change)

            Strand I                    Strand II          Helix
   1   (0.008) ..11>B:.101_:[.DG]G-----C[.DC]:.130_:C<..11 (0.011)     |
   2   (0.008) ..11>B:.102_:[.DG]G-----C[.DC]:.129_:C<..11 (0.013)     |
   3   (0.008) ..11>B:.103_:[.DG]G-----C[.DC]:.128_:C<..11 (0.010)     |
   4   (0.008) ..11>B:.104_:[.DG]G-----C[.DC]:.127_:C<..11 (0.011)     |
   5   (0.022) ..11>B:.105_:[.DT]T-----A[.DA]:.126_:C<..11 (0.017)     |
   6   (0.008) ..11>B:.106_:[.DG]G-----C[.DC]:.125_:C<..11 (0.009)     |
   7   (0.014) ..11>B:.107_:[.DA]A-----T[.DT]:.124_:C<..11 (0.023)     |
   8   (0.023) ..11>B:.108_:[.DT]T-----A[.DA]:.123_:C<..11 (0.011)     |
   9   (0.024) ..11>B:.109_:[.DT]T-----A[.DA]:.122_:C<..11 (0.011)     |
  10   (0.008) ..11>B:.110_:[.DG]G-----C[.DC]:.121_:C<..11 (0.012)     |
  11   (0.021) ..11>B:.111_:[.DT]T-----A[.DA]:.120_:C<..11 (0.017)     |
  12   (0.021) ..11>B:.112_:[.DT]T-----A[.DA]:.119_:C<..11 (0.018)     |
  13   (0.013) ..11>B:.113_:[.DC]C-----G[.DG]:.118_:C<..11 (0.009)     |
  14   (0.015) ..11>B:.114_:[.DA]A-----T[.DT]:.117_:C<..11 (0.021)     |
  15   (0.008) ..11>B:.115_:[.DG]G-----C[.DC]:.116_:C<..11 (0.012)     |
****************************************************************************
Detailed H-bond information: atom-name pair and length [ O N]
   1 G-----C  [3]  O6 - N4  2.84  N1 - N3  2.90  N2 - O2  2.86
   2 G-----C  [3]  O6 - N4  2.85  N1 - N3  2.90  N2 - O2  2.80
   3 G-----C  [3]  O6 - N4  2.89  N1 - N3  2.94  N2 - O2  2.87
   4 G-----C  [3]  O6 - N4  2.81  N1 - N3  2.88  N2 - O2  2.83
   5 T-----A  [2]  N3 - N1  2.85  O4 - N6  2.58
   6 G-----C  [3]  O6 - N4  2.89  N1 - N3  2.95  N2 - O2  2.88
   7 A-----T  [2]  N6 - O4  2.92  N1 - N3  2.89
   8 T-----A  [2]  N3 - N1  2.94  O4 - N6  2.67
   9 T-----A  [2]  N3 - N1  2.91  O4 - N6  2.90
  10 G-----C  [3]  O6 - N4  2.87  N1 - N3  2.84  N2 - O2  2.73
  11 T-----A  [2]  N3 - N1  2.84  O4 - N6  2.47
  12 T-----A  [2]  N3 - N1  2.88  O4 - N6  2.78
  13 C-----G  [3]  O2 - N2  2.90  N3 - N1  2.88  N4 - O6  2.77
  14 A-----T  [2]  N6 - O4  2.86  N1 - N3  2.88
  15 G-----C  [3]  O6 - N4  2.86  N1 - N3  2.95  N2 - O2  2.89
****************************************************************************
Overlap area in Angstrom^2 between polygons defined by atoms on successive
bases. Polygons projected in the mean plane of the designed base-pair step.

Values in parentheses measure the overlap of base ring atoms only. Those
outside parentheses include exocyclic atoms on the ring. Intra- and
inter-strand overlap is designated according to the following diagram:

                    i2  3'      5' j2
                       /|\      |
                        |       |
               Strand I |       | II
                        |       |
                        |       |
                        |      \|/
                    i1  5'      3' j1

     step      i1-i2        i1-j2        j1-i2        j1-j2        sum
   1 GG/CC  8.39( 5.29)  0.00( 0.00)  0.00( 0.00)  3.14( 0.00) 11.53( 5.29)
   2 GG/CC  4.68( 2.30)  0.00( 0.00)  0.00( 0.00)  1.78( 0.08)  6.46( 2.38)
   3 GG/CC  5.69( 2.61)  0.00( 0.00)  0.00( 0.00)  6.26( 2.23) 11.95( 4.85)
   4 GT/AC  3.92( 0.47)  0.00( 0.00)  0.00( 0.00)  4.15( 2.52)  8.08( 2.99)
   5 TG/CA  7.60( 3.15)  0.00( 0.00)  0.00( 0.00)  0.00( 0.00)  7.60( 3.15)
   6 GA/TC  4.55( 2.17)  0.00( 0.00)  0.00( 0.00)  4.01( 1.05)  8.56( 3.22)
   7 AT/AT  6.90( 3.42)  0.00( 0.00)  0.00( 0.00)  6.72( 3.07) 13.62( 6.49)
   8 TT/AA  5.87( 0.84)  0.00( 0.00)  0.00( 0.00)  5.83( 4.22) 11.70( 5.07)
   9 TG/CA  2.92( 0.83)  0.00( 0.00)  0.00( 0.00)  3.61( 1.76)  6.53( 2.59)
  10 GT/AC  4.73( 0.64)  0.00( 0.00)  0.00( 0.00)  4.91( 3.34)  9.63( 3.98)
  11 TT/AA  7.87( 2.00)  0.00( 0.00)  0.00( 0.00)  2.52( 1.05) 10.39( 3.05)
  12 TC/GA  4.41( 0.93)  0.00( 0.00)  0.00( 0.00)  5.72( 2.83) 10.13( 3.77)
  13 CA/TG  2.60( 0.51)  0.00( 0.00)  0.00( 0.00)  1.88( 0.02)  4.48( 0.52)
  14 AG/CT  3.98( 2.27)  0.00( 0.00)  0.00( 0.00)  7.50( 1.77) 11.47( 4.05)
****************************************************************************
Origin (Ox, Oy, Oz) and mean normal vector (Nx, Ny, Nz) of each base-pair in
   the coordinate system of the given structure

      bp        Ox        Oy        Oz        Nx        Ny        Nz
    1 G-C    -21.953    13.467   -15.290     0.703    -0.672     0.232
    2 G-C    -19.122     9.904   -13.118     0.747    -0.610     0.265
    3 G-C    -15.809     8.345   -11.935     0.866    -0.481     0.140
    4 G-C    -12.663     6.390   -11.368     0.672    -0.682     0.290
    5 T-A     -9.868     5.565    -9.602     0.859    -0.441     0.259
    6 G-C     -6.845     2.773    -9.974     0.889    -0.301     0.344
    7 A-T     -4.243     1.538    -8.529     0.913    -0.265     0.311
    8 T-A     -1.426    -1.098    -7.483     0.928    -0.357     0.104
    9 T-A      1.921    -3.010    -7.138     0.900    -0.359     0.248
   10 G-C      4.775    -4.208    -7.004     0.999    -0.027    -0.035
   11 T-A      8.271    -5.766    -7.838     1.000     0.006     0.000
   12 T-A     11.824    -4.279    -7.349     0.929     0.369     0.023
   13 C-G     14.548    -2.782    -6.622     0.789     0.543     0.288
   14 A-T     17.359    -0.764    -5.657     0.828     0.555     0.075
   15 G-C     21.113     1.217    -5.512     0.784     0.573     0.239
****************************************************************************
Local base-pair parameters
     bp        Shear    Stretch   Stagger    Buckle  Propeller  Opening
    1 G-C      -0.84     -0.36      0.36      5.95      3.56     -1.76
    2 G-C       0.59     -0.11     -0.21     -6.43     -0.48     -1.27
    3 G-C      -0.24     -0.13     -0.28     -4.49     -5.24     -1.49
    4 G-C       0.68     -0.19     -0.45     -2.22      9.97     -3.55
    5 T-A      -1.21     -0.26      0.39     -2.70    -19.24    -15.61
    6 G-C      -0.02     -0.08      0.12     -1.91     -3.81     -2.06
    7 A-T      -0.33     -0.20      0.58      2.13      6.02      0.48
    8 T-A      -0.77     -0.07      0.03     -6.81      6.25    -10.44
    9 T-A       0.36     -0.18      0.42     -1.32     16.84     -0.94
   10 G-C       0.60     -0.17     -0.07     10.10     17.26      0.07
   11 T-A      -1.26     -0.37      0.66     10.52     -4.64    -15.30
   12 T-A      -1.04     -0.16      0.05      2.06    -11.34     -6.21
   13 C-G       0.21     -0.28      0.65      0.80     -9.80     -5.65
   14 A-T      -0.66     -0.30      0.38     11.92     -6.97     -3.27
   15 G-C      -0.14     -0.13      0.59     10.28     -1.59     -2.90
          ~~~~~~~~~~~~~~~~~~~~~~~~~~~~~~~~~~~~~~~~~~~~~~~~~~~~~~~~~~~~
      ave.     -0.27     -0.20      0.22      1.86     -0.21     -4.66
      s.d.      0.67      0.10      0.36      6.43     10.27      5.18
****************************************************************************
Local base-pair step parameters
    step       Shift     Slide      Rise      Tilt      Roll     Twist
   1 GG/CC      0.95      0.84      4.88      4.24      2.17     37.05
   2 GG/CC      0.11     -0.70      3.78      5.32    -11.16     27.55
   3 GG/CC     -0.42      0.03      3.72     -1.20     18.21     29.72
   4 GT/AC     -0.92     -1.00      3.12     -0.60    -17.65     28.75
   5 TG/CA      1.94      0.71      3.58      0.85     -9.49     41.55
   6 GA/TC     -0.17     -0.56      3.17     -3.08      0.49     25.99
   7 AT/AT     -0.18     -1.61      3.65      3.89     12.45     27.07
   8 TT/AA      0.06     -0.65      3.81     -3.03     -7.87     31.31
   9 TG/CA     -0.33     -0.55      3.03     -0.63     25.84     18.63
  10 GT/AC     -1.17     -1.24      3.53     -2.54      1.13     24.78
  11 TT/AA      0.84      0.31      3.78      2.16     21.23     33.24
  12 TC/GA      0.19      0.13      3.18     -1.81     19.88     40.88
  13 CA/TG      0.33     -0.01      3.58      2.47    -12.20     21.50
  14 AG/CT     -0.41      0.62      4.18      4.08      8.88     30.36
          ~~~~~~~~~~~~~~~~~~~~~~~~~~~~~~~~~~~~~~~~~~~~~~~~~~~~~~~~~~~~
      ave.      0.06     -0.26      3.64      0.72      3.71     29.88
      s.d.      0.79      0.76      0.48      2.95     14.22      6.65
****************************************************************************
Local base-pair helical parameters
    step       X-disp    Y-disp   h-Rise     Incl.       Tip   h-Twist
   1 GG/CC      0.88     -0.64      4.99      3.40     -6.63     37.35
   2 GG/CC      1.40      1.10      3.73    -22.08    -10.52     30.15
   3 GG/CC     -3.16      0.49      3.22     31.99      2.10     34.77
   4 GT/AC      1.29      1.48      3.21    -32.02      1.10     33.64
   5 TG/CA      2.02     -2.57      3.38    -13.17     -1.19     42.58
   6 GA/TC     -1.37     -0.44      3.16      1.09      6.82     26.18
   7 AT/AT     -5.71      1.16      2.62     24.84     -7.75     29.99
   8 TT/AA      0.48     -0.74      3.84    -14.26      5.50     32.40
   9 TG/CA     -5.06      0.50      1.36     54.78      1.34     31.77
  10 GT/AC     -3.24      1.89      3.57      2.62      5.90     24.93
  11 TT/AA     -2.56     -0.94      3.42     33.20     -3.38     39.33
  12 TC/GA     -1.58     -0.41      2.93     26.63      2.42     45.30
  13 CA/TG      4.05      0.06      3.14    -29.70     -6.03     24.81
  14 AG/CT     -0.97      1.71      4.11     16.42     -7.55     31.86
          ~~~~~~~~~~~~~~~~~~~~~~~~~~~~~~~~~~~~~~~~~~~~~~~~~~~~~~~~~~~~
      ave.     -0.97      0.19      3.34      5.98     -1.28     33.22
      s.d.      2.81      1.24      0.81     26.33      5.70      6.23
****************************************************************************
The 'simple' parameters are intuitive for non-Watson-Crick base pairs
and associated base-pair steps (where the above corresponding 3DNA
parameters often appear cryptic). Note that they are for structural
*description* only, not to be fed into the 'rebuild' program. See URL
http://x3dna.org/highlights/details-on-the-simple-base-pair-parameters
and related blogposts on the 3DNA home page for details.

This structure contains 0 non-Watson-Crick (with leading *) base pair(s)
----------------------------------------------------------------------------
Simple base-pair parameters based on RC8--YC6 vectors
      bp        Shear    Stretch   Stagger    Buckle  Propeller  Opening  angle
     1 G-C      -0.87     -0.29      0.36      6.22      3.06     -1.77    6.9
     2 G-C       0.60     -0.08     -0.21     -6.38     -0.89     -1.27    6.4
     3 G-C      -0.24     -0.13     -0.28     -4.59     -5.16     -1.49    6.9
     4 G-C       0.69     -0.14     -0.45     -2.94      9.78     -3.54   10.2
     5 T-A      -1.23     -0.10      0.39     -5.12    -18.75    -15.40   19.4
     6 G-C      -0.02     -0.08      0.12     -1.90     -3.82     -2.06    4.3
     7 A-T      -0.33     -0.19      0.58      2.30      5.96      0.48    6.4
     8 T-A      -0.78     -0.00      0.03     -6.27      6.79    -10.44    9.2
     9 T-A       0.37     -0.17      0.42     -1.85     16.79     -0.93   16.9
    10 G-C       0.61     -0.12     -0.07      8.88     17.92      0.07   20.0
    11 T-A      -1.30     -0.20      0.66      9.79     -6.03    -15.35   11.5
    12 T-A      -1.05     -0.04      0.05      0.81    -11.49     -6.18   11.5
    13 C-G       0.21     -0.28      0.65      0.96     -9.78     -5.63    9.8
    14 A-T      -0.68     -0.26      0.38     11.42     -7.77     -3.29   13.8
    15 G-C      -0.14     -0.13      0.59     10.26     -1.70     -2.91   10.4
           ~~~~~~~~~~~~~~~~~~~~~~~~~~~~~~~~~~~~~~~~~~~~~~~~~~~~~~~~~~~~
       ave.     -0.28     -0.15      0.22      1.44     -0.34     -4.65
       s.d.      0.68      0.08      0.36      6.37     10.38      5.15
----------------------------------------------------------------------------
Simple base-pair step parameters based on consecutive C1'-C1' vectors
      step       Shift     Slide      Rise      Tilt      Roll     Twist
     1 GG/CC      0.97      0.82      4.88      4.28      2.08     29.39
     2 GG/CC      0.11     -0.70      3.78      5.42    -11.11     31.61
     3 GG/CC     -0.42      0.02      3.72     -1.48     18.19     24.92
     4 GT/AC     -0.94     -0.98      3.12     -1.02    -17.63     38.03
     5 TG/CA      1.97      0.61      3.58      0.35     -9.52     35.64
     6 GA/TC     -0.18     -0.56      3.17     -3.07      0.54     27.70
     7 AT/AT     -0.27     -1.60      3.65      4.54     12.22     29.55
     8 TT/AA      0.04     -0.65      3.81     -3.19     -7.81     25.07
     9 TG/CA     -0.30     -0.56      3.03     -1.85     25.78     17.17
    10 GT/AC     -1.21     -1.21      3.53     -2.51      1.20     34.82
    11 TT/AA      0.87      0.22      3.78      4.34     20.89     31.90
    12 TC/GA      0.20      0.12      3.18     -1.17     19.93     34.01
    13 CA/TG      0.33     -0.01      3.58      2.21    -12.25     27.18
    14 AG/CT     -0.38      0.64      4.18      4.49      8.68     27.56
            ~~~~~~~~~~~~~~~~~~~~~~~~~~~~~~~~~~~~~~~~~~~~~~~~~~~~~~~~~~~~
        ave.      0.06     -0.27      3.64      0.81      3.66     29.61
        s.d.      0.81      0.73      0.48      3.25     14.17      5.36
****************************************************************************
Structure classification: 

This is a right-handed nucleic acid structure
****************************************************************************
lambda: virtual angle between C1'-YN1 or C1'-RN9 glycosidic bonds and the
        base-pair C1'-C1' line

C1'-C1': distance between C1' atoms for each base-pair
RN9-YN1: distance between RN9-YN1 atoms for each base-pair
RC8-YC6: distance between RC8-YC6 atoms for each base-pair

    bp     lambda(I) lambda(II)  C1'-C1'   RN9-YN1   RC8-YC6
   1 G-C      50.7      56.3      10.6       8.8       9.7
   2 G-C      58.0      47.8      10.8       9.0       9.9
   3 G-C      53.3      54.2      10.7       9.0       9.9
   4 G-C      56.4      47.5      10.8       9.0       9.9
   5 T-A      42.1      55.8      11.0       9.1       9.7
   6 G-C      53.5      53.8      10.8       9.1       9.9
   7 A-T      55.0      58.6      10.4       8.8       9.8
   8 T-A      46.1      53.0      11.1       9.2       9.9
   9 T-A      56.4      53.1      10.6       8.9       9.8
  10 G-C      59.9      50.6      10.6       8.9       9.8
  11 T-A      41.4      57.4      10.8       9.0       9.6
  12 T-A      46.0      59.5      10.8       9.0       9.9
  13 C-G      50.5      52.0      10.8       8.9       9.7
  14 A-T      50.8      56.6      10.5       8.7       9.6
  15 G-C      52.9      51.8      10.8       9.0       9.9
****************************************************************************
Classification of each dinucleotide step in a right-handed nucleic acid
structure: A-like; B-like; TA-like; intermediate of A and B, or other cases.

    step       Xp      Yp      Zp     XpH     YpH     ZpH    Form
   1 GG/CC   -1.48    8.92    0.72   -0.55    8.87    1.14      
   2 GG/CC   -1.75    9.10    0.89   -0.22    8.78   -2.57      
   3 GG/CC   -2.29    9.37    0.25   -5.32    7.91    5.03      
   4 GT/AC   -2.30    9.00   -0.33   -1.07    7.56   -4.91      
   5 TG/CA   -1.21    9.01    0.57    0.68    8.92   -1.37      
   6 GA/TC   -2.21    9.35    1.12   -3.48    9.33    1.28      
   7 AT/AT   -3.07    8.98    0.21   -8.73    8.11    3.86      
   8 TT/AA   -2.06    8.88    1.28   -1.62    8.93   -0.80      
   9 TG/CA   -2.84    9.41    1.09   -7.70    4.69    8.23      
  10 GT/AC   -2.83    9.52    0.17   -5.92    9.50    0.58      
  11 TT/AA   -1.23    9.22    0.79   -3.68    7.44    5.48  *TA*
  12 TC/GA   -1.91    9.43    0.69   -3.36    8.27    4.59  *TA*
  13 CA/TG   -1.02    9.03    1.01    2.91    8.38   -3.50      
  14 AG/CT   -1.62    9.13    0.65   -2.61    8.61    3.08      
****************************************************************************
Minor and major groove widths: direct P-P distances and refined P-P distances
   which take into account the directions of the sugar-phosphate backbones

   (Subtract 5.8 Angstrom from the values to take account of the vdw radii
    of the phosphate groups, and for comparison with FreeHelix and Curves.)

Ref: M. A. El Hassan and C. R. Calladine (1998). ``Two Distinct Modes of
     Protein-induced Bending in DNA.'' J. Mol. Biol., v282, pp331-343.

                  Minor Groove        Major Groove
                 P-P     Refined     P-P     Refined
   1 GG/CC       ---       ---       ---       ---
   2 GG/CC       ---       ---       ---       ---
   3 GG/CC      15.4       ---      19.5       ---
   4 GT/AC      14.7      14.7      19.4      18.2
   5 TG/CA      13.5      13.5      22.3      22.1
   6 GA/TC      14.2      14.1      19.3      19.2
   7 AT/AT      15.8      15.2      21.5      21.2
   8 TT/AA      15.6      14.9      22.6      21.7
   9 TG/CA      17.4      16.9      19.5      17.2
  10 GT/AC      19.4      18.2      16.7      13.1
  11 TT/AA      18.8      17.1      14.0      11.8
  12 TC/GA      18.1       ---      15.7       ---
  13 CA/TG       ---       ---       ---       ---
  14 AG/CT       ---       ---       ---       ---
****************************************************************************
Global linear helical axis defined by equivalent C1' and RN9/YN1 atom pairs
Deviation from regular linear helix: 3.19(0.84)
****************************************************************************
Main chain and chi torsion angles: 

Note: alpha:   O3'(i-1)-P-O5'-C5'
      beta:    P-O5'-C5'-C4'
      gamma:   O5'-C5'-C4'-C3'
      delta:   C5'-C4'-C3'-O3'
      epsilon: C4'-C3'-O3'-P(i+1)
      zeta:    C3'-O3'-P(i+1)-O5'(i+1)

      chi for pyrimidines(Y): O4'-C1'-N1-C2
          chi for purines(R): O4'-C1'-N9-C4

Strand I
  base    alpha    beta   gamma   delta  epsilon   zeta    chi
   1 G     ---     ---     48.0   124.3   170.6  -111.8   -78.4
   2 G    -37.7   156.4    63.4   116.7   169.2  -105.7  -113.7
   3 G    -13.1   169.8    27.8   121.6  -177.1   -83.6  -113.1
   4 G    -87.0  -160.5    50.9   132.9     0.1    56.8  -100.8
   5 T    175.3  -120.0    69.1    98.2   170.2   -90.1  -107.5
   6 G    -30.6   154.1    48.5   105.0   178.9   -82.1  -126.6
   7 A    -55.0   179.3    43.0   107.6  -178.4   -67.0  -130.3
   8 T    -77.0  -176.4    56.1    95.4   129.2   -66.0  -134.9
   9 T   -143.9   -99.9    79.4   107.0  -162.8  -139.8  -115.6
  10 G     25.5   103.7    -1.9   103.9   -21.1    99.6  -107.8
  11 T     -7.9   155.5   -85.0   122.0  -172.2   -75.2  -112.9
  12 T    -64.7   177.0    49.1   113.2  -175.6   -67.4  -119.5
  13 C    -76.2  -165.9    34.0   104.5   170.7   -85.7  -119.2
  14 A    -38.5   166.9    48.1   108.3  -161.2   -91.4  -118.8
  15 G   -108.5   171.2   100.0   117.5    ---     ---   -121.0

Strand II
  base    alpha    beta   gamma   delta  epsilon   zeta    chi
   1 C     -8.2   150.6    20.0   119.0    ---     ---   -130.2
   2 C    -41.4   168.5    51.5   104.6  -147.5  -126.1  -140.9
   3 C    -34.9   166.6    28.7   110.3   165.7   -93.7  -116.8
   4 C   -122.3  -123.6    57.2   111.5  -166.0   -99.0  -110.2
   5 A    -27.7   159.6    44.8   131.6   120.0   -50.0  -107.0
   6 C    -22.0   166.2    31.0   131.5  -176.1  -147.0  -110.2
   7 T    -48.7   160.3   -82.5   132.9   162.1   -91.3  -100.6
   8 A    -12.6   159.9    38.3   149.4     0.2   138.9  -112.5
   9 A    -71.5  -169.5    39.1   103.2   158.0   -97.2  -112.3
  10 C    -70.6  -171.5    15.3   103.9  -175.7   -70.0  -117.7
  11 A   -171.3  -167.7   149.1   137.5  -166.1   -71.1  -132.6
  12 A    -63.5  -170.9    32.2   114.0   173.1   -91.0  -113.9
  13 G     16.9   128.3    34.5   112.2  -175.7   -78.5  -120.7
  14 T     39.1   101.7     4.6    90.1   155.2  -110.7  -119.5
  15 C     ---     ---     20.0   116.8   177.6  -122.3  -118.0
****************************************************************************
Sugar conformational parameters: 

Note: v0: C4'-O4'-C1'-C2'
      v1: O4'-C1'-C2'-C3'
      v2: C1'-C2'-C3'-C4'
      v3: C2'-C3'-C4'-O4'
      v4: C3'-C4'-O4'-C1'

      tm: the amplitude of pucker
      P:  the phase angle of pseudorotation

Strand I
 base       v0      v1      v2      v3      v4      tm       P    Puckering
   1 G    -19.9    23.3   -17.0     5.4     9.2    22.9   138.1    C1'-exo 
   2 G    -19.7    18.7   -10.2    -1.5    13.4    20.1   120.5    C1'-exo 
   3 G    -17.6    19.1   -12.7     2.4     9.6    19.1   131.8    C1'-exo 
   4 G    -18.0    22.9   -17.9     7.6     6.6    22.1   144.0    C2'-endo
   5 T    -24.0    14.6     0.1   -14.9    24.7    25.4    89.9    O4'-endo
   6 G    -13.9     6.6     2.8   -11.5    16.2    15.9    79.8    O4'-endo
   7 A     -6.7     0.4     5.5    -9.8    10.5    10.4    58.1    C4'-exo 
   8 T    -25.6    16.9    -2.1   -13.6    25.1    26.5    94.6    O4'-endo
   9 T    -22.6    16.5    -4.2    -9.6    20.6    22.9   100.6    O4'-endo
  10 G    -26.1    16.0    -0.1   -16.1    26.8    27.6    90.2    O4'-endo
  11 T      1.4     0.5    -2.0     2.9    -2.7     2.9   227.1    C4'-endo
  12 T    -11.6    10.2    -4.8    -2.1     8.6    11.6   114.7    C1'-exo 
  13 C     -8.6     1.8     5.1   -10.6    12.2    11.9    64.6    C4'-exo 
  14 A     -8.3     3.2     2.8    -8.0    10.3    10.1    73.8    O4'-endo
  15 G     -5.3     5.2    -3.1    -0.1     3.4     5.5   123.9    C1'-exo 

Strand II
 base       v0      v1      v2      v3      v4      tm       P    Puckering
   1 C      1.5     0.3    -1.9     2.9    -2.8     2.9   230.0    C4'-endo
   2 C    -11.6     6.4     0.9    -8.1    12.4    12.5    85.7    O4'-endo
   3 C    -14.7    10.9    -3.0    -5.9    13.1    14.8   101.7    O4'-endo
   4 C    -17.8    15.6    -7.3    -3.4    13.5    17.9   114.0    C1'-exo 
   5 A     -1.3    12.8   -18.2    18.0   -10.7    18.8   194.7    C3'-exo 
   6 C    -20.7    29.6   -25.9    14.1     4.1    29.1   153.2    C2'-endo
   7 T      4.6     2.8    -8.4    11.5   -10.3    11.4   222.5    C4'-endo
   8 A    -24.9    38.0   -33.6    19.7     3.2    36.9   155.9    C2'-endo
   9 A    -18.6    11.1     0.3   -11.7    19.4    19.8    89.2    O4'-endo
  10 C    -17.9    10.4     0.6   -11.6    18.9    19.1    88.2    O4'-endo
  11 A     -8.0    20.7   -24.0    20.0    -7.8    24.0   179.3    C2'-endo
  12 A     -3.5     1.8     0.4    -2.6     3.8     3.8    83.4    O4'-endo
  13 G    -16.9    13.2    -4.6    -5.6    14.3    16.9   105.7    O4'-endo
  14 T    -15.1     1.4    11.7   -21.6    23.5    23.2    59.6    C4'-exo 
  15 C     -5.3     6.6    -5.1     2.1     2.0     6.4   143.3    C1'-exo 
****************************************************************************
Same strand P--P and C1'--C1' virtual bond distances

                 Strand I                          Strand II
    step      P--P     C1'--C1'       step      P--P     C1'--C1'
   1 G/G       ---      4.76         1 C/C      6.20      5.75
   2 G/G      7.04      4.97         2 C/C      6.53      4.67
   3 G/G      6.46      5.48         3 C/C      5.41      5.06
   4 G/T      6.41      4.91         4 C/A      7.07      4.57
   5 T/G      5.76      4.08         5 A/C      6.61      5.65
   6 G/A      6.64      4.94         6 C/T      6.57      4.14
   7 A/T      6.30      5.14         7 T/A      6.72      5.45
   8 T/T      6.81      5.28         8 A/A      6.37      4.44
   9 T/G      5.38      4.71         9 A/C      5.84      5.33
  10 G/T      5.22      5.34        10 C/A      7.53      5.25
  11 T/T      6.04      4.78        11 A/A      6.31      5.38
  12 T/C      6.48      5.25        12 A/G      6.49      5.09
  13 C/A      6.05      4.52        13 G/T      5.63      4.42
  14 A/G      6.31      5.82        14 T/C       ---      4.49
****************************************************************************
Helix radius (radial displacement of P, O4', and C1' atoms in local helix
   frame of each dimer)

                        Strand I                      Strand II
     step         P        O4'       C1'        P        O4'        C1'
   1 GG/CC      8.68      5.50      4.94      9.16      7.17      6.13
   2 GG/CC      9.63      5.99      5.85      7.94      4.78      4.20
   3 GG/CC     10.15      8.50      7.47      8.91      7.90      6.96
   4 GT/AC      8.99      5.91      6.08      6.28      3.24      3.26
   5 TG/CA      6.84      3.19      2.72     11.06      8.26      7.88
   6 GA/TC      9.41      7.07      6.21     10.51      7.46      6.86
   7 AT/AT     12.85     11.09     10.35     11.03      9.13      8.23
   8 TT/AA      8.20      5.61      4.94     10.05      6.78      6.29
   9 TG/CA      8.86      8.78      7.78      9.16      8.97      8.18
  10 GT/AC     12.87      9.90      8.99      9.66      6.72      6.25
  11 TT/AA      7.72      7.02      6.25      9.04      7.83      6.78
  12 TC/GA      8.47      6.83      5.85      9.39      7.36      6.40
  13 CA/TG      9.15      5.43      5.14      8.59      4.90      4.84
  14 AG/CT     10.49      8.64      7.60      7.52      5.42      4.59
****************************************************************************
Position (Px, Py, Pz) and local helical axis vector (Hx, Hy, Hz)
         for each dinucleotide step

     step       Px        Py        Pz        Hx        Hy        Hz
   1 GG/CC    -20.77     11.03    -14.96      0.67     -0.66      0.36
   2 GG/CC    -16.60     10.41    -13.27      0.82     -0.27      0.50
   3 GG/CC    -15.71      5.57     -9.68      0.60     -0.76     -0.25
   4 GT/AC    -11.32      7.65     -9.62      0.58     -0.36      0.73
   5 TG/CA     -6.47      6.34    -10.78      0.76     -0.45      0.47
   6 GA/TC     -5.08      1.69    -10.49      0.89     -0.20      0.41
   7 AT/AT     -2.48     -1.52    -13.35      1.00      0.08      0.04
   8 TT/AA      0.40     -1.66     -6.57      0.80     -0.58      0.15
   9 TG/CA      4.88     -0.33    -10.37      0.61      0.40      0.68
  10 GT/AC      6.90     -2.65    -10.21      0.99     -0.09      0.06
  11 TT/AA      9.02     -2.93     -6.50      0.83      0.13      0.54
  12 TC/GA     12.55     -3.00     -5.72      0.91      0.11      0.41
  13 CA/TG     17.31     -1.88     -9.86      0.43      0.89      0.13
  14 AG/CT     18.55      1.43     -4.30      0.93      0.30      0.22
