****************************************************************************
    3DNA v2.4.0-2018dec18, created and maintained by Dr. Xiang-Jun Lu (xiangjun@x3dna.org)
****************************************************************************
1. The list of the parameters given below correspond to the 5' to 3' direction
   of strand I and 3' to 5' direction of strand II.

2. All angular parameters, except for the phase angle of sugar pseudo-
   rotation, are measured in degrees in the range of [-180, +180], and all
   displacements are measured in Angstrom units.
****************************************************************************
File name: tmpstri
Date and time: Wed Jan  2 10:35:02 2019

Number of base-pairs: 15
Number of atoms: 2489
****************************************************************************
HEADER    DNA BINDING PROTEIN/DNA                 15-MAY-02   1J5N              
TITLE     SOLUTION STRUCTURE OF THE NON-SEQUENCE-SPECIFIC HMGB                  
TITLE    2 PROTEIN NHP6A IN COMPLEX WITH SRY DNA                                
COMPND    MOL_ID: 1;                                                            
COMPND   2 MOLECULE: NONHISTONE CHROMOSOMAL PROTEIN 6A;                         
COMPND   3 CHAIN: A;                                                            
COMPND   4 SYNONYM: NHP6A;                                                      
COMPND   5 ENGINEERED: YES;                                                     
COMPND   6 MOL_ID: 2;                                                           
COMPND   7 MOLECULE: 5'-                                                        
COMPND   8 D(*GP*GP*GP*GP*TP*GP*AP*TP*TP*GP*TP*TP*CP*AP*G)-3';                  
COMPND   9 CHAIN: B;                                                            
COMPND  10 ENGINEERED: YES;                                                     
COMPND  11 OTHER_DETAILS: SRY_DNA G-RICH STRAND;                                
COMPND  12 MOL_ID: 3;                                                           
COMPND  13 MOLECULE: 5'-                                                        
COMPND  14 D(*CP*TP*GP*AP*AP*CP*AP*AP*TP*CP*AP*CP*CP*CP*C)-3';                  
COMPND  15 CHAIN: C;                                                            
COMPND  16 ENGINEERED: YES;                                                     
COMPND  17 OTHER_DETAILS: SRY_DNA C-RICH STRAND                                 
SOURCE    MOL_ID: 1;                                                            
SOURCE   2 ORGANISM_SCIENTIFIC: SACCHAROMYCES CEREVISIAE;                       
SOURCE   3 ORGANISM_COMMON: BAKER'S YEAST;                                      
SOURCE   4 ORGANISM_TAXID: 4932;                                                
SOURCE   5 EXPRESSION_SYSTEM: ESCHERICHIA COLI;                                 
SOURCE   6 EXPRESSION_SYSTEM_TAXID: 562;                                        
SOURCE   7 MOL_ID: 2;                                                           
SOURCE   8 SYNTHETIC: YES;                                                      
SOURCE   9 OTHER_DETAILS: UNLABELED DNA MADE ON A COMMERCIAL                    
SOURCE  10 SYNTHESIZER, 15N,13C-LABELED DNA MADE ENZYMATICALLY IN               
SOURCE  11 VITRO WITH TAQ POLYMERASE;                                           
SOURCE  12 MOL_ID: 3;                                                           
SOURCE  13 SYNTHETIC: YES;                                                      
SOURCE  14 OTHER_DETAILS: UNLABELED DNA MADE ON A COMMERCIAL                    
SOURCE  15 SYNTHESIZER, 15N,13C-LABELED DNA MADE ENZYMATICALLY IN               
SOURCE  16 VITRO WITH TAQ POLYMERASE                                            
KEYWDS    HMG-BOX, HMGB, PROTEIN-DNA COMPLEX, ALPHA HELIX, DOUBLE               
KEYWDS   2 HELIX, DNA BINDING PROTEIN/DNA COMPLEX                               
EXPDTA    SOLUTION NMR                                                          
AUTHOR    J.E.MASSE,B.WONG,Y.-M.YEN,F.H.-T.ALLAIN,R.C.JOHNSON,J.FEIGON          
REVDAT   2   24-FEB-09 1J5N    1       VERSN                                    
REVDAT   1   16-OCT-02 1J5N    0                                                
JRNL        AUTH   J.E.MASSE,B.WONG,Y.-M.YEN,F.H.-T.ALLAIN,                     
JRNL        AUTH 2 R.C.JOHNSON,J.FEIGON                                         
JRNL        TITL   THE S. CEREVISIAE ARCHITECTURAL HMGB PROTEIN NHP6A           
JRNL        TITL 2 COMPLEXED WITH DNA: DNA AND PROTEIN CONFORMATIONAL           
JRNL        TITL 3 CHANGES UPON BINDING                                         
JRNL        REF    J.MOL.BIOL.                   V. 323   263 2002              
JRNL        REFN                   ISSN 0022-2836                               
JRNL        PMID   12381320                                                     
JRNL        DOI    10.1016/S0022-2836(02)00938-5                                
HELIX    1   1 SER A   26  ASN A   43  1                                  18    
HELIX    2   2 THR A   47  THR A   63  1                                  17    
HELIX    3   3 THR A   63  ALA A   93  1                                  31    
****************************************************************************
RMSD of the bases (----- for WC bp, + for isolated bp, x for helix change)

            Strand I                    Strand II          Helix
   1   (0.008) ...4>B:.101_:[.DG]G-----C[.DC]:.130_:C<...4 (0.011)     |
   2   (0.008) ...4>B:.102_:[.DG]G-----C[.DC]:.129_:C<...4 (0.014)     |
   3   (0.008) ...4>B:.103_:[.DG]G-----C[.DC]:.128_:C<...4 (0.010)     |
   4   (0.008) ...4>B:.104_:[.DG]G-----C[.DC]:.127_:C<...4 (0.011)     |
   5   (0.022) ...4>B:.105_:[.DT]T-----A[.DA]:.126_:C<...4 (0.017)     |
   6   (0.010) ...4>B:.106_:[.DG]G-----C[.DC]:.125_:C<...4 (0.010)     |
   7   (0.015) ...4>B:.107_:[.DA]A-----T[.DT]:.124_:C<...4 (0.021)     |
   8   (0.023) ...4>B:.108_:[.DT]T-----A[.DA]:.123_:C<...4 (0.012)     |
   9   (0.023) ...4>B:.109_:[.DT]T-----A[.DA]:.122_:C<...4 (0.012)     |
  10   (0.008) ...4>B:.110_:[.DG]G-----C[.DC]:.121_:C<...4 (0.011)     |
  11   (0.022) ...4>B:.111_:[.DT]T-----A[.DA]:.120_:C<...4 (0.019)     |
  12   (0.021) ...4>B:.112_:[.DT]T-----A[.DA]:.119_:C<...4 (0.019)     |
  13   (0.013) ...4>B:.113_:[.DC]C-----G[.DG]:.118_:C<...4 (0.008)     |
  14   (0.014) ...4>B:.114_:[.DA]A-----T[.DT]:.117_:C<...4 (0.021)     |
  15   (0.008) ...4>B:.115_:[.DG]G-----C[.DC]:.116_:C<...4 (0.012)     |
****************************************************************************
Detailed H-bond information: atom-name pair and length [ O N]
   1 G-----C  [3]  O6 - N4  2.85  N1 - N3  2.86  N2 - O2  2.87
   2 G-----C  [3]  O6 - N4  2.87  N1 - N3  2.89  N2 - O2  2.81
   3 G-----C  [3]  O6 - N4  2.89  N1 - N3  2.94  N2 - O2  2.87
   4 G-----C  [3]  O6 - N4  2.81  N1 - N3  2.88  N2 - O2  2.83
   5 T-----A  [2]  N3 - N1  2.86  O4 - N6  2.59
   6 G-----C  [3]  O6 - N4  2.74  N1 - N3  2.90  N2 - O2  2.87
   7 A-----T  [2]  N6 - O4  2.96  N1 - N3  2.90
   8 T-----A  [2]  N3 - N1  2.90  O4 - N6  2.85
   9 T-----A  [2]  N3 - N1  2.91  O4 - N6  2.91
  10 G-----C  [3]  O6 - N4  2.91  N1 - N3  2.85  N2 - O2  2.71
  11 T-----A  [2]  N3 - N1  2.83  O4 - N6  2.48
  12 T-----A  [2]  N3 - N1  2.89  O4 - N6  2.81
  13 C-----G  [3]  O2 - N2  2.89  N3 - N1  2.88  N4 - O6  2.76
  14 A-----T  [2]  N6 - O4  2.86  N1 - N3  2.86
  15 G-----C  [3]  O6 - N4  2.82  N1 - N3  2.92  N2 - O2  2.87
****************************************************************************
Overlap area in Angstrom^2 between polygons defined by atoms on successive
bases. Polygons projected in the mean plane of the designed base-pair step.

Values in parentheses measure the overlap of base ring atoms only. Those
outside parentheses include exocyclic atoms on the ring. Intra- and
inter-strand overlap is designated according to the following diagram:

                    i2  3'      5' j2
                       /|\      |
                        |       |
               Strand I |       | II
                        |       |
                        |       |
                        |      \|/
                    i1  5'      3' j1

     step      i1-i2        i1-j2        j1-i2        j1-j2        sum
   1 GG/CC  6.80( 3.23)  0.00( 0.00)  0.00( 0.00)  3.19( 0.00) 10.00( 3.23)
   2 GG/CC  5.06( 2.65)  0.00( 0.00)  0.00( 0.00)  1.44( 0.01)  6.50( 2.66)
   3 GG/CC  5.96( 2.81)  0.00( 0.00)  0.00( 0.00)  6.35( 2.22) 12.30( 5.03)
   4 GT/AC  3.87( 0.46)  0.00( 0.00)  0.00( 0.00)  4.16( 2.51)  8.02( 2.97)
   5 TG/CA  7.81( 3.12)  0.00( 0.00)  0.00( 0.00)  0.63( 0.00)  8.44( 3.12)
   6 GA/TC  5.29( 2.35)  0.00( 0.00)  0.00( 0.00)  4.41( 1.11)  9.70( 3.45)
   7 AT/AT  6.77( 3.21)  0.00( 0.00)  0.00( 0.00)  6.89( 3.31) 13.67( 6.52)
   8 TT/AA  5.11( 0.54)  0.00( 0.00)  0.00( 0.00)  4.59( 3.41)  9.70( 3.96)
   9 TG/CA  2.16( 0.29)  0.00( 0.00)  0.00( 0.00)  4.50( 2.37)  6.66( 2.66)
  10 GT/AC  5.51( 0.95)  0.00( 0.00)  0.00( 0.00)  5.16( 3.67) 10.67( 4.62)
  11 TT/AA  7.64( 1.74)  0.00( 0.00)  0.00( 0.00)  2.59( 1.13) 10.23( 2.87)
  12 TC/GA  4.05( 0.72)  0.00( 0.00)  0.00( 0.00)  5.98( 3.07) 10.03( 3.79)
  13 CA/TG  2.73( 0.67)  0.00( 0.00)  0.00( 0.00)  1.30( 0.00)  4.03( 0.67)
  14 AG/CT  3.39( 1.96)  0.00( 0.00)  0.00( 0.00)  7.14( 1.71) 10.53( 3.67)
****************************************************************************
Origin (Ox, Oy, Oz) and mean normal vector (Nx, Ny, Nz) of each base-pair in
   the coordinate system of the given structure

      bp        Ox        Oy        Oz        Nx        Ny        Nz
    1 G-C    -23.933    10.689   -13.769     0.856    -0.397     0.332
    2 G-C    -19.804     7.359   -11.894     0.919    -0.373     0.129
    3 G-C    -16.442     6.727   -10.888     0.958    -0.267     0.110
    4 G-C    -12.949     5.431   -10.421     0.801    -0.536     0.268
    5 T-A    -10.061     5.162    -8.718     0.931    -0.269     0.248
    6 G-C     -6.375     2.961    -9.649     0.885    -0.425     0.189
    7 A-T     -3.643     1.558    -8.790     0.898    -0.346     0.271
    8 T-A     -1.253    -1.056    -7.973     0.939    -0.324     0.112
    9 T-A      1.996    -3.045    -7.465     0.888    -0.359     0.286
   10 G-C      5.201    -4.147    -6.714     0.999    -0.019     0.029
   11 T-A      8.430    -5.612    -7.689     0.995     0.103    -0.019
   12 T-A     11.955    -3.895    -7.367     0.917     0.400     0.004
   13 C-G     14.553    -2.485    -6.885     0.810     0.536     0.240
   14 A-T     17.405    -0.442    -6.038     0.852     0.521    -0.060
   15 G-C     21.551     1.490    -6.678     0.833     0.535     0.138
****************************************************************************
Local base-pair parameters
     bp        Shear    Stretch   Stagger    Buckle  Propeller  Opening
    1 G-C      -0.85     -0.38     -0.01     13.25     17.18     -2.68
    2 G-C       0.61     -0.13      0.09     -5.28    -11.25     -1.36
    3 G-C      -0.22     -0.12     -0.24     -4.51     -4.51     -1.48
    4 G-C       0.67     -0.18     -0.41     -3.19      9.86     -3.38
    5 T-A      -1.20     -0.25      0.41     -2.42    -19.27    -15.58
    6 G-C       0.60     -0.14     -0.40    -12.45     -3.43     -4.17
    7 A-T      -0.25     -0.12     -0.22     -3.47     -4.37      0.89
    8 T-A      -0.79     -0.09      0.41     -7.57      2.05     -3.80
    9 T-A      -0.50     -0.07      0.32     -0.64     12.03     -0.65
   10 G-C       0.53     -0.16      0.41      5.85     14.57      3.61
   11 T-A      -1.22     -0.42      0.78      9.60     -5.96    -15.10
   12 T-A      -0.94     -0.14      0.19     -0.30    -12.02     -5.68
   13 C-G       0.26     -0.30      0.61      2.51     -8.81     -5.32
   14 A-T      -0.66     -0.33      0.61     16.03     -7.40     -3.63
   15 G-C       0.31     -0.15      0.62      6.91     -5.38     -3.86
          ~~~~~~~~~~~~~~~~~~~~~~~~~~~~~~~~~~~~~~~~~~~~~~~~~~~~~~~~~~~~
      ave.     -0.24     -0.20      0.21      0.96     -1.78     -4.14
      s.d.      0.69      0.11      0.39      7.97     10.68      5.14
****************************************************************************
Local base-pair step parameters
    step       Shift     Slide      Rise      Tilt      Roll     Twist
   1 GG/CC      0.54      1.45      5.41      3.50    -11.76     41.96
   2 GG/CC      0.27     -0.72      3.48      5.05     -4.22     27.32
   3 GG/CC     -0.36      0.08      3.74     -1.21     20.07     28.88
   4 GT/AC     -0.93     -0.97      3.08     -0.50    -17.09     28.60
   5 TG/CA      1.61      1.15      3.92      2.04      9.68     43.06
   6 GA/TC     -0.03     -0.24      3.18     -1.96     -6.25     20.80
   7 AT/AT     -0.10     -1.65      3.24     -2.57      9.13     24.29
   8 TT/AA     -0.05     -0.77      3.77     -1.18    -10.54     27.39
   9 TG/CA     -0.47     -0.15      3.44     -2.51     25.31     27.85
  10 GT/AC     -1.24     -1.42      3.16      0.54      7.50     23.92
  11 TT/AA      0.82      0.18      3.84      2.59     17.53     35.14
  12 TC/GA      0.09      0.07      2.99     -1.25     16.77     40.58
  13 CA/TG      0.55     -0.10      3.57      0.86    -17.39     21.74
  14 AG/CT     -0.58      0.81      4.51      5.00     10.30     36.26
          ~~~~~~~~~~~~~~~~~~~~~~~~~~~~~~~~~~~~~~~~~~~~~~~~~~~~~~~~~~~~
      ave.      0.01     -0.16      3.67      0.60      3.50     30.56
      s.d.      0.74      0.90      0.65      2.65     14.41      7.50
****************************************************************************
Local base-pair helical parameters
    step       X-disp    Y-disp   h-Rise     Incl.       Tip   h-Twist
   1 GG/CC      3.77     -0.19      4.88    -16.02     -4.77     43.64
   2 GG/CC     -0.40      0.74      3.54     -8.78    -10.50     28.08
   3 GG/CC     -3.37      0.39      3.15     35.34      2.13     35.07
   4 GT/AC      1.25      1.55      3.16    -31.31      0.92     33.23
   5 TG/CA      0.40     -1.90      4.14     12.99     -2.74     44.13
   6 GA/TC      1.78     -0.67      3.11    -16.80      5.25     21.79
   7 AT/AT     -5.91     -0.41      2.47     20.71      5.83     26.05
   8 TT/AA      1.20     -0.21      3.79    -21.28      2.39     29.33
   9 TG/CA     -3.72      0.38      2.50     42.95      4.26     37.55
  10 GT/AC     -5.26      2.99      2.57     17.55     -1.26     25.05
  11 TT/AA     -2.26     -0.85      3.59     27.02     -3.99     39.23
  12 TC/GA     -1.38     -0.23      2.81     23.02      1.71     43.79
  13 CA/TG      4.43     -0.92      2.88    -39.02     -1.93     27.79
  14 AG/CT     -0.61      1.79      4.45     16.07     -7.79     37.97
          ~~~~~~~~~~~~~~~~~~~~~~~~~~~~~~~~~~~~~~~~~~~~~~~~~~~~~~~~~~~~
      ave.     -0.72      0.18      3.36      4.46     -0.75     33.76
      s.d.      3.14      1.27      0.75     26.03      4.87      7.52
****************************************************************************
The 'simple' parameters are intuitive for non-Watson-Crick base pairs
and associated base-pair steps (where the above corresponding 3DNA
parameters often appear cryptic). Note that they are for structural
*description* only, not to be fed into the 'rebuild' program. See URL
http://x3dna.org/highlights/details-on-the-simple-base-pair-parameters
and related blogposts on the 3DNA home page for details.

This structure contains 0 non-Watson-Crick (with leading *) base pair(s)
----------------------------------------------------------------------------
Simple base-pair parameters based on RC8--YC6 vectors
      bp        Shear    Stretch   Stagger    Buckle  Propeller  Opening  angle
     1 G-C      -0.88     -0.32     -0.01     14.52     16.13     -2.67   21.7
     2 G-C       0.61     -0.09      0.09     -4.50    -11.58     -1.35   12.4
     3 G-C      -0.22     -0.12     -0.24     -4.58     -4.43     -1.48    6.4
     4 G-C       0.68     -0.13     -0.41     -3.89      9.60     -3.37   10.4
     5 T-A      -1.22     -0.10      0.41     -4.82    -18.81    -15.37   19.4
     6 G-C       0.61     -0.10     -0.40    -12.18     -4.28     -4.19   12.9
     7 A-T      -0.25     -0.11     -0.22     -3.56     -4.30      0.89    5.6
     8 T-A      -0.80     -0.03      0.41     -7.37      2.69     -3.80    7.8
     9 T-A      -0.50     -0.04      0.32      0.04     12.04     -0.64   12.0
    10 G-C       0.54     -0.12      0.41      4.97     14.89      3.59   15.7
    11 T-A      -1.27     -0.25      0.78      8.73     -7.18    -15.13   11.3
    12 T-A      -0.95     -0.05      0.19     -1.49    -11.93     -5.65   12.0
    13 C-G       0.26     -0.29      0.61      2.69     -8.76     -5.31    9.2
    14 A-T      -0.68     -0.28      0.61     15.46     -8.53     -3.66   17.7
    15 G-C       0.31     -0.14      0.62      7.09     -5.14     -3.86    8.8
           ~~~~~~~~~~~~~~~~~~~~~~~~~~~~~~~~~~~~~~~~~~~~~~~~~~~~~~~~~~~~
       ave.     -0.25     -0.14      0.21      0.74     -1.97     -4.13
       s.d.      0.71      0.09      0.39      8.00     10.63      5.11
----------------------------------------------------------------------------
Simple base-pair step parameters based on consecutive C1'-C1' vectors
      step       Shift     Slide      Rise      Tilt      Roll     Twist
     1 GG/CC      0.56      1.44      5.41      3.30    -11.82     34.65
     2 GG/CC      0.28     -0.72      3.48      5.10     -4.17     31.46
     3 GG/CC     -0.36      0.07      3.74     -1.52     20.04     24.18
     4 GT/AC     -0.96     -0.95      3.08     -0.91    -17.07     37.81
     5 TG/CA      1.63      1.12      3.92      2.25      9.64     33.55
     6 GA/TC     -0.03     -0.24      3.18     -1.85     -6.29     25.89
     7 AT/AT     -0.19     -1.64      3.24     -2.09      9.25     27.14
     8 TT/AA     -0.09     -0.76      3.77     -1.83    -10.45     25.62
     9 TG/CA     -0.47     -0.15      3.44     -2.56     25.31     22.38
    10 GT/AC     -1.28     -1.38      3.16      0.77      7.48     33.19
    11 TT/AA      0.83      0.10      3.84      4.27     17.20     33.39
    12 TC/GA      0.09      0.07      2.99     -0.83     16.80     34.08
    13 CA/TG      0.55     -0.12      3.57      0.51    -17.40     27.70
    14 AG/CT     -0.56      0.82      4.51      5.27     10.16     31.07
            ~~~~~~~~~~~~~~~~~~~~~~~~~~~~~~~~~~~~~~~~~~~~~~~~~~~~~~~~~~~~
        ave.      0.00     -0.17      3.67      0.71      3.48     30.15
        s.d.      0.75      0.89      0.65      2.82     14.38      4.63
****************************************************************************
Structure classification: 

This is a right-handed nucleic acid structure
****************************************************************************
lambda: virtual angle between C1'-YN1 or C1'-RN9 glycosidic bonds and the
        base-pair C1'-C1' line

C1'-C1': distance between C1' atoms for each base-pair
RN9-YN1: distance between RN9-YN1 atoms for each base-pair
RC8-YC6: distance between RC8-YC6 atoms for each base-pair

    bp     lambda(I) lambda(II)  C1'-C1'   RN9-YN1   RC8-YC6
   1 G-C      50.1      54.8      10.5       8.7       9.6
   2 G-C      58.7      47.0      10.8       9.0       9.9
   3 G-C      53.6      54.1      10.7       9.0       9.9
   4 G-C      56.4      47.7      10.8       9.0       9.9
   5 T-A      42.3      55.8      11.0       9.1       9.7
   6 G-C      55.4      50.4      10.8       9.0       9.8
   7 A-T      55.9      57.3      10.5       8.9       9.9
   8 T-A      50.1      57.1      10.8       9.0       9.9
   9 T-A      52.4      58.4      10.7       9.0       9.9
  10 G-C      60.9      52.8      10.5       8.9       9.9
  11 T-A      41.7      57.6      10.8       8.9       9.6
  12 T-A      46.9      59.1      10.8       9.0       9.9
  13 C-G      50.9      51.9      10.7       8.9       9.7
  14 A-T      50.7      57.5      10.4       8.7       9.6
  15 G-C      54.6      48.5      10.8       9.0       9.9
****************************************************************************
Classification of each dinucleotide step in a right-handed nucleic acid
structure: A-like; B-like; TA-like; intermediate of A and B, or other cases.

    step       Xp      Yp      Zp     XpH     YpH     ZpH    Form
   1 GG/CC   -1.64    8.93    0.32    1.90    8.71   -2.06      
   2 GG/CC   -1.98    9.14    0.82   -2.15    9.15   -0.65      
   3 GG/CC   -2.34    9.41    0.21   -5.58    7.67    5.45      
   4 GT/AC   -2.34    8.99   -0.37   -1.14    7.58   -4.85      
   5 TG/CA   -1.18    9.12    0.24   -0.78    8.87    2.14     B
   6 GA/TC   -2.58    9.45   -0.09   -0.78    9.03   -2.85     B
   7 AT/AT   -3.22    9.27    1.14   -8.98    8.31    4.29      
   8 TT/AA   -2.34    8.98    1.44   -1.18    8.92   -1.79      
   9 TG/CA   -2.64    9.44    1.16   -6.14    6.31    7.11      
  10 GT/AC   -2.66    9.25    1.04   -7.82    8.53    3.73      
  11 TT/AA   -1.33    9.14    1.08   -3.49    7.78    4.89  *TA*
  12 TC/GA   -1.92    9.44    0.76   -3.20    8.50    4.17  *TA*
  13 CA/TG   -1.05    8.95    1.14    3.23    7.74   -4.64      
  14 AG/CT   -1.29    9.07    0.78   -1.93    8.55    3.10      
****************************************************************************
Minor and major groove widths: direct P-P distances and refined P-P distances
   which take into account the directions of the sugar-phosphate backbones

   (Subtract 5.8 Angstrom from the values to take account of the vdw radii
    of the phosphate groups, and for comparison with FreeHelix and Curves.)

Ref: M. A. El Hassan and C. R. Calladine (1998). ``Two Distinct Modes of
     Protein-induced Bending in DNA.'' J. Mol. Biol., v282, pp331-343.

                  Minor Groove        Major Groove
                 P-P     Refined     P-P     Refined
   1 GG/CC       ---       ---       ---       ---
   2 GG/CC       ---       ---       ---       ---
   3 GG/CC      15.6       ---      18.7       ---
   4 GT/AC      16.0      15.9      20.0      19.7
   5 TG/CA      15.1      15.1      19.5      19.5
   6 GA/TC      14.8      14.7      19.5      19.4
   7 AT/AT      14.8      14.6      22.5      22.2
   8 TT/AA      16.4      15.9      22.7      22.1
   9 TG/CA      19.2      18.5      18.8      15.8
  10 GT/AC      19.4      17.9      15.7      12.0
  11 TT/AA      18.2      16.7      13.8      12.5
  12 TC/GA      17.3       ---      14.9       ---
  13 CA/TG       ---       ---       ---       ---
  14 AG/CT       ---       ---       ---       ---
****************************************************************************
Global linear helical axis defined by equivalent C1' and RN9/YN1 atom pairs
Deviation from regular linear helix: 3.24(0.83)
****************************************************************************
Main chain and chi torsion angles: 

Note: alpha:   O3'(i-1)-P-O5'-C5'
      beta:    P-O5'-C5'-C4'
      gamma:   O5'-C5'-C4'-C3'
      delta:   C5'-C4'-C3'-O3'
      epsilon: C4'-C3'-O3'-P(i+1)
      zeta:    C3'-O3'-P(i+1)-O5'(i+1)

      chi for pyrimidines(Y): O4'-C1'-N1-C2
          chi for purines(R): O4'-C1'-N9-C4

Strand I
  base    alpha    beta   gamma   delta  epsilon   zeta    chi
   1 G     ---     ---     52.6   130.2   -67.2   144.1   -94.9
   2 G    -59.2   119.9    40.6   108.6   166.8   -92.6  -107.3
   3 G    -30.0  -177.6    28.7   120.2  -176.7   -83.7  -110.2
   4 G    -81.2  -162.6    47.0   133.1     0.0    57.1  -100.1
   5 T    176.4  -120.0    68.0   100.0  -174.2   -96.6  -104.7
   6 G    -31.6   153.4    38.5   103.1   173.0   -88.4  -123.0
   7 A    -37.7   161.2    46.9   107.0  -178.0   -69.2  -131.2
   8 T    -73.8  -178.5    57.3   101.6   177.8  -142.8  -137.0
   9 T     44.5    93.1    15.4    94.9  -149.2  -112.8  -125.7
  10 G    -25.7   158.5    13.5   114.5   173.5   -90.6  -115.3
  11 T    -41.1  -171.2    23.6   109.1  -165.3   -85.9  -122.0
  12 T    -50.6   167.2    44.4   111.0  -175.3   -67.0  -123.7
  13 C    -76.3  -166.2    33.1   104.0   168.5   -87.6  -119.3
  14 A    -32.7   160.9    49.5   106.4  -165.1   -93.9  -120.9
  15 G   -108.9   178.7   100.1   123.3    ---     ---   -119.9

Strand II
  base    alpha    beta   gamma   delta  epsilon   zeta    chi
   1 C     -8.8   150.2    19.8   119.1    ---     ---   -129.3
   2 C    -40.6   167.3    54.7   107.7  -146.4  -126.2  -140.1
   3 C    -39.3   165.5    31.1   108.6   164.4   -93.6  -116.7
   4 C   -121.8  -123.6    57.0   112.5  -163.2   -99.5  -108.7
   5 A    -33.0   155.0    47.1   130.6   119.9   -50.1  -106.1
   6 C    -59.8   138.6   -13.3   129.2  -174.4  -153.0   -84.3
   7 T     28.1   124.5   -20.7    96.4    -0.1    97.5  -117.8
   8 A     -9.5   157.2    38.9   129.0  -176.6  -132.1  -116.4
   9 A    -67.3  -171.8    42.8   109.0   161.2  -101.3  -112.5
  10 C    -76.3  -172.9    14.1   101.1  -175.7   -72.5  -117.3
  11 A   -169.9  -162.7   148.9   138.0  -165.0   -66.0  -134.2
  12 A    -60.7  -174.7    33.8   111.8   169.4   -92.0  -116.1
  13 G     18.4   126.6    32.1   111.1  -176.7   -79.9  -121.4
  14 T    -56.7   177.9    42.3   105.2   162.9  -115.3  -127.3
  15 C     ---     ---     20.1   117.9  -176.8   -75.1  -116.4
****************************************************************************
Sugar conformational parameters: 

Note: v0: C4'-O4'-C1'-C2'
      v1: O4'-C1'-C2'-C3'
      v2: C1'-C2'-C3'-C4'
      v3: C2'-C3'-C4'-O4'
      v4: C3'-C4'-O4'-C1'

      tm: the amplitude of pucker
      P:  the phase angle of pseudorotation

Strand I
 base       v0      v1      v2      v3      v4      tm       P    Puckering
   1 G    -25.7    30.6   -22.5     7.6    11.5    29.8   139.0    C1'-exo 
   2 G    -24.3    19.6    -7.5    -7.2    20.0    24.3   107.9    O4'-endo
   3 G    -17.8    18.5   -11.6     1.1    10.5    18.9   128.1    C1'-exo 
   4 G    -17.7    22.7   -17.9     7.8     6.2    21.9   144.9    C2'-endo
   5 T    -23.5    15.0    -1.1   -13.3    23.3    24.4    92.7    O4'-endo
   6 G    -11.1     3.0     5.6   -12.6    15.1    14.7    67.8    C4'-exo 
   7 A    -10.1     3.3     4.2   -10.5    13.2    12.8    70.6    C4'-exo 
   8 T    -27.0    19.0    -4.0   -12.6    25.3    27.5    98.3    O4'-endo
   9 T    -26.9    16.2     0.3   -17.0    28.1    28.7    89.4    O4'-endo
  10 G     -9.8     8.5    -4.0    -1.9     7.3     9.7   114.0    C1'-exo 
  11 T    -11.0     7.0    -0.5    -6.3    11.0    11.5    92.4    O4'-endo
  12 T    -12.2     9.7    -3.6    -3.7    10.0    12.1   107.2    O4'-endo
  13 C     -8.5     1.5     5.6   -11.1    12.5    12.3    62.8    C4'-exo 
  14 A     -8.4     2.1     4.5    -9.8    11.4    11.2    66.6    C4'-exo 
  15 G     -0.0     3.2    -4.9     5.0    -3.2     5.1   198.5    C3'-exo 

Strand II
 base       v0      v1      v2      v3      v4      tm       P    Puckering
   1 C      1.9    -0.2    -1.4     2.6    -2.9     2.8   240.6    C4'-endo
   2 C    -13.0     9.9    -3.1    -4.7    11.2    13.0   103.8    O4'-endo
   3 C    -15.8    11.1    -2.3    -7.4    14.8    16.1    98.1    O4'-endo
   4 C    -17.4    15.6    -7.7    -2.7    12.8    17.5   116.1    C1'-exo 
   5 A     -1.8    12.8   -17.9    17.4   -10.0    18.4   193.2    C3'-exo 
   6 C    -23.4    31.2   -25.9    12.3     6.9    30.4   148.3    C2'-endo
   7 T    -20.2     6.8     8.3   -21.1    26.5    25.6    71.1    C4'-exo 
   8 A    -23.4    30.8   -24.8    11.3     7.7    29.8   146.5    C2'-endo
   9 A    -15.1    10.2    -1.7    -7.5    14.4    15.4    96.2    O4'-endo
  10 C    -18.7    10.2     1.7   -13.4    20.6    20.5    85.1    O4'-endo
  11 A     -9.1    21.9   -24.8    20.3    -7.4    24.9   177.5    C2'-endo
  12 A     -4.5     1.5     1.8    -4.6     5.7     5.6    71.5    C4'-exo 
  13 G    -16.9    12.5    -3.5    -6.7    15.0    16.9   101.8    O4'-endo
  14 T     -6.2    -0.7     6.7   -10.6    10.7    11.0    52.6    C4'-exo 
  15 C     -4.5     6.9    -6.2     3.6     0.5     6.8   156.5    C2'-endo
****************************************************************************
Same strand P--P and C1'--C1' virtual bond distances

                 Strand I                          Strand II
    step      P--P     C1'--C1'       step      P--P     C1'--C1'
   1 G/G       ---      4.66         1 C/C      6.33      5.67
   2 G/G      6.66      4.93         2 C/C      6.56      4.65
   3 G/G      6.33      5.43         3 C/C      5.38      5.08
   4 G/T      6.40      4.90         4 C/A      7.09      4.56
   5 T/G      5.53      4.39         5 A/C      6.09      5.61
   6 G/A      6.52      4.36         6 C/T      5.02      4.15
   7 A/T      6.52      5.12         7 T/A      6.67      4.89
   8 T/T      6.47      4.97         8 A/A      6.45      4.59
   9 T/G      5.16      5.46         9 A/C      5.79      5.23
  10 G/T      6.31      5.31        10 C/A      7.52      5.23
  11 T/T      5.86      4.84        11 A/A      6.39      5.34
  12 T/C      6.46      5.23        12 A/G      6.44      4.99
  13 C/A      6.07      4.37        13 G/T      6.49      4.51
  14 A/G      6.41      5.97        14 T/C       ---      4.72
****************************************************************************
Helix radius (radial displacement of P, O4', and C1' atoms in local helix
   frame of each dimer)

                        Strand I                      Strand II
     step         P        O4'       C1'        P        O4'        C1'
   1 GG/CC      8.62      5.28      5.12      9.27      6.20      5.53
   2 GG/CC     10.27      6.76      6.44      8.55      6.21      5.46
   3 GG/CC     10.02      8.48      7.45      8.94      8.03      7.09
   4 GT/AC      9.07      5.99      6.18      6.28      3.25      3.25
   5 TG/CA      7.68      4.77      3.96     10.14      8.14      7.30
   6 GA/TC      8.44      4.84      4.32      9.74      6.08      5.81
   7 AT/AT     12.00     10.38      9.68     12.46     10.46      9.76
   8 TT/AA      8.80      5.66      5.08      9.30      5.75      5.42
   9 TG/CA      8.69      8.19      7.15      8.93      8.15      7.24
  10 GT/AC     13.30     11.88     10.96     10.28      8.00      7.57
  11 TT/AA      8.08      7.00      6.23      9.11      7.76      6.72
  12 TC/GA      8.84      6.96      5.98      9.33      7.20      6.25
  13 CA/TG      7.97      4.24      4.13      8.84      5.28      5.34
  14 AG/CT     10.11      8.52      7.45      7.42      5.19      4.34
****************************************************************************
Position (Px, Py, Pz) and local helical axis vector (Hx, Hy, Hz)
         for each dinucleotide step

     step       Px        Py        Pz        Hx        Hy        Hz
   1 GG/CC    -21.00      8.24    -16.13      0.95     -0.13      0.28
   2 GG/CC    -18.23      7.53    -10.74      0.90     -0.27      0.34
   3 GG/CC    -15.83      3.72     -8.75      0.72     -0.61     -0.33
   4 GT/AC    -11.94      6.87     -8.58      0.65     -0.26      0.71
   5 TG/CA     -7.84      5.25    -10.48      0.96     -0.29      0.02
   6 GA/TC     -4.73      3.59     -7.94      0.72     -0.55      0.42
   7 AT/AT     -0.98     -0.15    -13.95      0.97      0.02      0.25
   8 TT/AA      0.09     -2.22     -6.58      0.76     -0.65      0.09
   9 TG/CA      4.93     -1.33     -9.46      0.72      0.26      0.65
  10 GT/AC      7.42     -0.76    -11.40      0.95      0.15      0.28
  11 TT/AA      9.25     -3.03     -6.39      0.88      0.20      0.43
  12 TC/GA     12.78     -2.69     -6.02      0.93      0.16      0.33
  13 CA/TG     17.59     -2.04    -10.51      0.34      0.94      0.00
  14 AG/CT     19.04      1.84     -5.23      0.96      0.26      0.07
