****************************************************************************
    3DNA v2.4.0-2018dec18, created and maintained by Dr. Xiang-Jun Lu (xiangjun@x3dna.org)
****************************************************************************
1. The list of the parameters given below correspond to the 5' to 3' direction
   of strand I and 3' to 5' direction of strand II.

2. All angular parameters, except for the phase angle of sugar pseudo-
   rotation, are measured in degrees in the range of [-180, +180], and all
   displacements are measured in Angstrom units.
****************************************************************************
File name: tmpstri
Date and time: Wed Jan  2 10:35:02 2019

Number of base-pairs: 15
Number of atoms: 2489
****************************************************************************
HEADER    DNA BINDING PROTEIN/DNA                 15-MAY-02   1J5N              
TITLE     SOLUTION STRUCTURE OF THE NON-SEQUENCE-SPECIFIC HMGB                  
TITLE    2 PROTEIN NHP6A IN COMPLEX WITH SRY DNA                                
COMPND    MOL_ID: 1;                                                            
COMPND   2 MOLECULE: NONHISTONE CHROMOSOMAL PROTEIN 6A;                         
COMPND   3 CHAIN: A;                                                            
COMPND   4 SYNONYM: NHP6A;                                                      
COMPND   5 ENGINEERED: YES;                                                     
COMPND   6 MOL_ID: 2;                                                           
COMPND   7 MOLECULE: 5'-                                                        
COMPND   8 D(*GP*GP*GP*GP*TP*GP*AP*TP*TP*GP*TP*TP*CP*AP*G)-3';                  
COMPND   9 CHAIN: B;                                                            
COMPND  10 ENGINEERED: YES;                                                     
COMPND  11 OTHER_DETAILS: SRY_DNA G-RICH STRAND;                                
COMPND  12 MOL_ID: 3;                                                           
COMPND  13 MOLECULE: 5'-                                                        
COMPND  14 D(*CP*TP*GP*AP*AP*CP*AP*AP*TP*CP*AP*CP*CP*CP*C)-3';                  
COMPND  15 CHAIN: C;                                                            
COMPND  16 ENGINEERED: YES;                                                     
COMPND  17 OTHER_DETAILS: SRY_DNA C-RICH STRAND                                 
SOURCE    MOL_ID: 1;                                                            
SOURCE   2 ORGANISM_SCIENTIFIC: SACCHAROMYCES CEREVISIAE;                       
SOURCE   3 ORGANISM_COMMON: BAKER'S YEAST;                                      
SOURCE   4 ORGANISM_TAXID: 4932;                                                
SOURCE   5 EXPRESSION_SYSTEM: ESCHERICHIA COLI;                                 
SOURCE   6 EXPRESSION_SYSTEM_TAXID: 562;                                        
SOURCE   7 MOL_ID: 2;                                                           
SOURCE   8 SYNTHETIC: YES;                                                      
SOURCE   9 OTHER_DETAILS: UNLABELED DNA MADE ON A COMMERCIAL                    
SOURCE  10 SYNTHESIZER, 15N,13C-LABELED DNA MADE ENZYMATICALLY IN               
SOURCE  11 VITRO WITH TAQ POLYMERASE;                                           
SOURCE  12 MOL_ID: 3;                                                           
SOURCE  13 SYNTHETIC: YES;                                                      
SOURCE  14 OTHER_DETAILS: UNLABELED DNA MADE ON A COMMERCIAL                    
SOURCE  15 SYNTHESIZER, 15N,13C-LABELED DNA MADE ENZYMATICALLY IN               
SOURCE  16 VITRO WITH TAQ POLYMERASE                                            
KEYWDS    HMG-BOX, HMGB, PROTEIN-DNA COMPLEX, ALPHA HELIX, DOUBLE               
KEYWDS   2 HELIX, DNA BINDING PROTEIN/DNA COMPLEX                               
EXPDTA    SOLUTION NMR                                                          
AUTHOR    J.E.MASSE,B.WONG,Y.-M.YEN,F.H.-T.ALLAIN,R.C.JOHNSON,J.FEIGON          
REVDAT   2   24-FEB-09 1J5N    1       VERSN                                    
REVDAT   1   16-OCT-02 1J5N    0                                                
JRNL        AUTH   J.E.MASSE,B.WONG,Y.-M.YEN,F.H.-T.ALLAIN,                     
JRNL        AUTH 2 R.C.JOHNSON,J.FEIGON                                         
JRNL        TITL   THE S. CEREVISIAE ARCHITECTURAL HMGB PROTEIN NHP6A           
JRNL        TITL 2 COMPLEXED WITH DNA: DNA AND PROTEIN CONFORMATIONAL           
JRNL        TITL 3 CHANGES UPON BINDING                                         
JRNL        REF    J.MOL.BIOL.                   V. 323   263 2002              
JRNL        REFN                   ISSN 0022-2836                               
JRNL        PMID   12381320                                                     
JRNL        DOI    10.1016/S0022-2836(02)00938-5                                
HELIX    1   1 SER A   26  ASN A   43  1                                  18    
HELIX    2   2 THR A   47  THR A   63  1                                  17    
HELIX    3   3 THR A   63  ALA A   93  1                                  31    
****************************************************************************
RMSD of the bases (----- for WC bp, + for isolated bp, x for helix change)

            Strand I                    Strand II          Helix
   1   (0.008) ...7>B:.101_:[.DG]G-----C[.DC]:.130_:C<...7 (0.011)     |
   2   (0.008) ...7>B:.102_:[.DG]G-----C[.DC]:.129_:C<...7 (0.013)     |
   3   (0.008) ...7>B:.103_:[.DG]G-----C[.DC]:.128_:C<...7 (0.010)     |
   4   (0.009) ...7>B:.104_:[.DG]G-----C[.DC]:.127_:C<...7 (0.011)     |
   5   (0.022) ...7>B:.105_:[.DT]T-----A[.DA]:.126_:C<...7 (0.017)     |
   6   (0.008) ...7>B:.106_:[.DG]G-----C[.DC]:.125_:C<...7 (0.009)     |
   7   (0.012) ...7>B:.107_:[.DA]A-----T[.DT]:.124_:C<...7 (0.022)     |
   8   (0.022) ...7>B:.108_:[.DT]T-----A[.DA]:.123_:C<...7 (0.012)     |
   9   (0.023) ...7>B:.109_:[.DT]T-----A[.DA]:.122_:C<...7 (0.012)     |
  10   (0.007) ...7>B:.110_:[.DG]G-----C[.DC]:.121_:C<...7 (0.011)     |
  11   (0.021) ...7>B:.111_:[.DT]T-----A[.DA]:.120_:C<...7 (0.021)     |
  12   (0.021) ...7>B:.112_:[.DT]T-----A[.DA]:.119_:C<...7 (0.019)     |
  13   (0.013) ...7>B:.113_:[.DC]C-----G[.DG]:.118_:C<...7 (0.009)     |
  14   (0.015) ...7>B:.114_:[.DA]A-----T[.DT]:.117_:C<...7 (0.022)     |
  15   (0.008) ...7>B:.115_:[.DG]G-----C[.DC]:.116_:C<...7 (0.012)     |
****************************************************************************
Detailed H-bond information: atom-name pair and length [ O N]
   1 G-----C  [3]  O6 - N4  2.85  N1 - N3  2.91  N2 - O2  2.86
   2 G-----C  [3]  O6 - N4  2.85  N1 - N3  2.90  N2 - O2  2.80
   3 G-----C  [3]  O6 - N4  2.89  N1 - N3  2.94  N2 - O2  2.87
   4 G-----C  [3]  O6 - N4  2.81  N1 - N3  2.89  N2 - O2  2.84
   5 T-----A  [2]  N3 - N1  2.80  O4 - N6  2.45
   6 G-----C  [3]  O6 - N4  2.89  N1 - N3  2.91  N2 - O2  2.79
   7 A-----T  [2]  N6 - O4  2.89  N1 - N3  2.99
   8 T-----A  [2]  N3 - N1  2.87  O4 - N6  2.82
   9 T-----A  [2]  N3 - N1  2.92  O4 - N6  2.91
  10 G-----C  [3]  O6 - N4  2.93  N1 - N3  2.81  N2 - O2  2.59
  11 T-----A  [2]  N3 - N1  2.87  O4 - N6  2.76
  12 T-----A  [2]  N3 - N1  2.88  O4 - N6  2.83
  13 C-----G  [3]  O2 - N2  2.89  N3 - N1  2.89  N4 - O6  2.78
  14 A-----T  [2]  N6 - O4  2.88  N1 - N3  2.87
  15 G-----C  [3]  O6 - N4  2.87  N1 - N3  2.95  N2 - O2  2.89
****************************************************************************
Overlap area in Angstrom^2 between polygons defined by atoms on successive
bases. Polygons projected in the mean plane of the designed base-pair step.

Values in parentheses measure the overlap of base ring atoms only. Those
outside parentheses include exocyclic atoms on the ring. Intra- and
inter-strand overlap is designated according to the following diagram:

                    i2  3'      5' j2
                       /|\      |
                        |       |
               Strand I |       | II
                        |       |
                        |       |
                        |      \|/
                    i1  5'      3' j1

     step      i1-i2        i1-j2        j1-i2        j1-j2        sum
   1 GG/CC  8.36( 5.36)  0.00( 0.00)  0.00( 0.00)  3.11( 0.00) 11.48( 5.36)
   2 GG/CC  4.47( 2.07)  0.00( 0.00)  0.00( 0.00)  2.06( 0.16)  6.54( 2.23)
   3 GG/CC  5.35( 2.36)  0.00( 0.00)  0.00( 0.00)  6.36( 2.31) 11.72( 4.66)
   4 GT/AC  2.51( 0.00)  0.00( 0.00)  0.00( 0.00)  4.47( 2.89)  6.99( 2.89)
   5 TG/CA  7.68( 3.22)  0.00( 0.00)  0.00( 0.00)  0.27( 0.00)  7.95( 3.22)
   6 GA/TC  5.73( 2.85)  0.00( 0.00)  0.00( 0.00)  4.57( 1.46) 10.29( 4.30)
   7 AT/AT  6.17( 2.57)  0.00( 0.00)  0.00( 0.00)  6.12( 2.35) 12.29( 4.92)
   8 TT/AA  5.54( 0.56)  0.00( 0.00)  0.00( 0.00)  5.21( 3.73) 10.75( 4.28)
   9 TG/CA  2.69( 0.57)  0.00( 0.00)  0.00( 0.00)  4.84( 2.54)  7.53( 3.10)
  10 GT/AC  5.88( 1.29)  0.00( 0.00)  0.00( 0.00)  5.09( 3.49) 10.97( 4.79)
  11 TT/AA  7.26( 1.18)  0.00( 0.00)  0.00( 0.00)  3.37( 1.81) 10.63( 2.98)
  12 TC/GA  3.81( 0.55)  0.00( 0.00)  0.00( 0.00)  6.21( 3.30) 10.03( 3.85)
  13 CA/TG  2.63( 0.35)  0.00( 0.00)  0.00( 0.00)  3.15( 0.35)  5.78( 0.71)
  14 AG/CT  5.01( 2.60)  0.00( 0.00)  0.00( 0.00)  6.98( 1.57) 11.99( 4.17)
****************************************************************************
Origin (Ox, Oy, Oz) and mean normal vector (Nx, Ny, Nz) of each base-pair in
   the coordinate system of the given structure

      bp        Ox        Oy        Oz        Nx        Ny        Nz
    1 G-C    -22.058    12.552   -14.937     0.681    -0.655     0.328
    2 G-C    -19.318     9.184   -12.372     0.731    -0.595     0.334
    3 G-C    -15.944     7.651   -11.161     0.872    -0.465     0.152
    4 G-C    -12.802     5.714   -10.520     0.646    -0.680     0.347
    5 T-A     -9.656     5.318    -9.005     0.838    -0.490     0.241
    6 G-C     -6.275     2.629    -9.947     0.860    -0.175     0.479
    7 A-T     -3.727     1.774    -8.325     0.905    -0.321     0.281
    8 T-A     -1.135    -1.077    -7.740     0.939    -0.335     0.079
    9 T-A      1.853    -2.917    -7.211     0.874    -0.400     0.277
   10 G-C      5.030    -3.755    -6.558     0.999     0.030     0.012
   11 T-A      8.438    -4.934    -7.726     1.000     0.011    -0.024
   12 T-A     12.287    -4.084    -7.430     0.953     0.304     0.003
   13 C-G     15.141    -2.895    -6.917     0.825     0.488     0.283
   14 A-T     18.195    -1.260    -6.056     0.835     0.535     0.127
   15 G-C     21.952     0.304    -5.780     0.802     0.567     0.185
****************************************************************************
Local base-pair parameters
     bp        Shear    Stretch   Stagger    Buckle  Propeller  Opening
    1 G-C      -0.83     -0.35      0.32      5.10      3.55     -1.72
    2 G-C       0.58     -0.11     -0.24     -6.96     -0.91     -1.20
    3 G-C      -0.23     -0.13     -0.26     -4.46     -5.13     -1.52
    4 G-C       0.65     -0.17     -0.42     -4.17      7.24     -3.39
    5 T-A      -1.33     -0.37      0.62     -3.48    -21.57    -22.90
    6 G-C      -0.18     -0.17      0.43     -4.36     -2.04     -0.99
    7 A-T       0.21      0.01      0.01     -0.41     -7.65     -4.74
    8 T-A      -0.87     -0.14      0.44     -9.47      0.66     -4.00
    9 T-A      -0.53     -0.05      0.12      1.79      8.82     -1.60
   10 G-C       0.49     -0.22      0.58      4.51     12.97      6.24
   11 T-A      -0.99     -0.24      0.57      8.70     -0.91     -5.03
   12 T-A      -0.93     -0.14      0.22     -2.91    -10.97     -4.44
   13 C-G       0.16     -0.27      0.76     -3.46     -7.32     -5.16
   14 A-T      -0.68     -0.31      0.23      7.20     -5.47     -1.94
   15 G-C      -0.30     -0.14      0.58     12.90      2.80     -1.92
          ~~~~~~~~~~~~~~~~~~~~~~~~~~~~~~~~~~~~~~~~~~~~~~~~~~~~~~~~~~~~
      ave.     -0.32     -0.19      0.26      0.04     -1.73     -3.62
      s.d.      0.63      0.11      0.36      6.39      8.59      6.01
****************************************************************************
Local base-pair step parameters
    step       Shift     Slide      Rise      Tilt      Roll     Twist
   1 GG/CC      0.93      0.79      4.89      4.44      0.82     37.42
   2 GG/CC      0.00     -0.64      3.84      5.12    -14.30     27.74
   3 GG/CC     -0.46      0.05      3.72     -0.82     21.15     29.88
   4 GT/AC     -1.56     -0.81      3.04     -4.76    -15.99     28.81
   5 TG/CA      2.17      1.62      3.49      5.97    -21.99     43.28
   6 GA/TC     -0.33     -0.36      3.10     -0.18     14.36     27.93
   7 AT/AT      0.14     -1.81      3.45     -0.54     11.75     26.48
   8 TT/AA     -0.15     -0.57      3.50     -0.38    -12.55     28.27
   9 TG/CA     -0.26     -0.02      3.34     -4.98     29.81     26.07
  10 GT/AC     -0.86     -1.46      3.39      2.29     -0.46     22.89
  11 TT/AA      0.28      0.29      3.93      1.67     17.08     32.86
  12 TC/GA     -0.01      0.09      3.13     -1.88     20.55     40.13
  13 CA/TG      0.07      0.24      3.56      4.28     -8.33     19.81
  14 AG/CT     -0.24      0.84      3.98      2.98      2.99     26.03
          ~~~~~~~~~~~~~~~~~~~~~~~~~~~~~~~~~~~~~~~~~~~~~~~~~~~~~~~~~~~~
      ave.     -0.02     -0.12      3.60      0.94      3.21     29.83
      s.d.      0.85      0.91      0.48      3.47     16.24      6.52
****************************************************************************
Local base-pair helical parameters
    step       X-disp    Y-disp   h-Rise     Incl.       Tip   h-Twist
   1 GG/CC      1.07     -0.57      4.98      1.28     -6.89     37.69
   2 GG/CC      2.08      1.16      3.68    -27.37     -9.80     31.55
   3 GG/CC     -3.30      0.61      3.10     35.91      1.39     36.47
   4 GT/AC      1.37      1.91      3.25    -29.25      8.70     33.20
   5 TG/CA      3.67     -2.17      2.68    -27.65     -7.51     48.65
   6 GA/TC     -3.17      0.58      2.61     27.56      0.35     31.34
   7 AT/AT     -6.08     -0.39      2.43     24.20      1.11     28.93
   8 TT/AA      1.63      0.20      3.44    -24.24      0.74     30.88
   9 TG/CA     -3.66     -0.23      2.24     49.44      8.25     39.71
  10 GT/AC     -3.50      2.97      3.32     -1.15     -5.75     23.01
  11 TT/AA     -2.38     -0.17      3.65     27.94     -2.73     36.96
  12 TC/GA     -1.69     -0.15      2.85     27.84      2.54     44.93
  13 CA/TG      4.12      1.60      3.15    -22.65    -11.64     21.90
  14 AG/CT      0.86      1.50      4.00      6.58     -6.57     26.36
          ~~~~~~~~~~~~~~~~~~~~~~~~~~~~~~~~~~~~~~~~~~~~~~~~~~~~~~~~~~~~
      ave.     -0.64      0.49      3.24      4.89     -1.99     33.68
      s.d.      3.13      1.28      0.71     27.48      6.31      7.69
****************************************************************************
The 'simple' parameters are intuitive for non-Watson-Crick base pairs
and associated base-pair steps (where the above corresponding 3DNA
parameters often appear cryptic). Note that they are for structural
*description* only, not to be fed into the 'rebuild' program. See URL
http://x3dna.org/highlights/details-on-the-simple-base-pair-parameters
and related blogposts on the 3DNA home page for details.

This structure contains 0 non-Watson-Crick (with leading *) base pair(s)
----------------------------------------------------------------------------
Simple base-pair parameters based on RC8--YC6 vectors
      bp        Shear    Stretch   Stagger    Buckle  Propeller  Opening  angle
     1 G-C      -0.86     -0.28      0.32      5.37      3.13     -1.72    6.2
     2 G-C       0.59     -0.08     -0.24     -6.88     -1.36     -1.21    7.0
     3 G-C      -0.23     -0.12     -0.26     -4.55     -5.05     -1.52    6.8
     4 G-C       0.66     -0.12     -0.42     -4.66      6.93     -3.39    8.4
     5 T-A      -1.37     -0.19      0.62     -6.48    -20.86    -22.51   21.8
     6 G-C      -0.18     -0.17      0.43     -4.38     -1.98     -0.99    4.8
     7 A-T       0.21      0.01      0.01     -0.22     -7.66     -4.73    7.7
     8 T-A      -0.88     -0.06      0.44     -9.37      1.53     -4.01    9.5
     9 T-A      -0.53     -0.02      0.12      2.30      8.70     -1.59    9.0
    10 G-C       0.50     -0.19      0.58      3.77     13.20      6.21   13.7
    11 T-A      -1.01     -0.13      0.57      8.56     -1.82     -5.04    8.7
    12 T-A      -0.94     -0.05      0.22     -3.96    -10.63     -4.42   11.3
    13 C-G       0.16     -0.27      0.76     -3.37     -7.36     -5.15    8.1
    14 A-T      -0.70     -0.26      0.23      6.82     -5.95     -1.94    9.0
    15 G-C      -0.30     -0.13      0.58     12.97      2.49     -1.94   13.2
           ~~~~~~~~~~~~~~~~~~~~~~~~~~~~~~~~~~~~~~~~~~~~~~~~~~~~~~~~~~~~
       ave.     -0.32     -0.14      0.26     -0.27     -1.78     -3.60
       s.d.      0.64      0.09      0.36      6.55      8.45      5.92
----------------------------------------------------------------------------
Simple base-pair step parameters based on consecutive C1'-C1' vectors
      step       Shift     Slide      Rise      Tilt      Roll     Twist
     1 GG/CC      0.95      0.77      4.89      4.46      0.72     29.83
     2 GG/CC      0.01     -0.64      3.84      5.25    -14.25     31.75
     3 GG/CC     -0.46      0.05      3.72     -1.14     21.14     25.19
     4 GT/AC     -1.58     -0.76      3.04     -5.20    -15.85     38.47
     5 TG/CA      2.27      1.48      3.49      4.56    -22.32     37.71
     6 GA/TC     -0.33     -0.36      3.10     -0.20     14.36     26.09
     7 AT/AT      0.08     -1.82      3.45     -0.14     11.77     32.33
     8 TT/AA     -0.19     -0.56      3.50     -1.22    -12.50     26.12
     9 TG/CA     -0.26     -0.02      3.34     -4.97     29.81     20.61
    10 GT/AC     -0.89     -1.44      3.39      2.28     -0.51     30.86
    11 TT/AA      0.31      0.26      3.93      3.13     16.87     32.20
    12 TC/GA     -0.01      0.10      3.13     -1.31     20.60     34.08
    13 CA/TG      0.08      0.23      3.56      4.10     -8.43     25.26
    14 AG/CT     -0.20      0.85      3.98      3.14      2.83     24.05
            ~~~~~~~~~~~~~~~~~~~~~~~~~~~~~~~~~~~~~~~~~~~~~~~~~~~~~~~~~~~~
        ave.     -0.02     -0.13      3.60      0.91      3.16     29.61
        s.d.      0.87      0.89      0.48      3.45     16.26      5.26
****************************************************************************
Structure classification: 

This is a right-handed nucleic acid structure
****************************************************************************
lambda: virtual angle between C1'-YN1 or C1'-RN9 glycosidic bonds and the
        base-pair C1'-C1' line

C1'-C1': distance between C1' atoms for each base-pair
RN9-YN1: distance between RN9-YN1 atoms for each base-pair
RC8-YC6: distance between RC8-YC6 atoms for each base-pair

    bp     lambda(I) lambda(II)  C1'-C1'   RN9-YN1   RC8-YC6
   1 G-C      50.7      56.2      10.6       8.8       9.7
   2 G-C      57.9      47.9      10.8       9.0       9.9
   3 G-C      53.3      54.1      10.7       9.0       9.9
   4 G-C      56.0      48.2      10.8       9.0       9.9
   5 T-A      38.6      53.1      11.1       9.0       9.5
   6 G-C      53.5      55.5      10.7       8.9       9.8
   7 A-T      54.5      51.6      10.9       9.1      10.0
   8 T-A      49.8      57.2      10.7       9.0       9.8
   9 T-A      52.4      58.3      10.7       9.0       9.9
  10 G-C      62.0      54.9      10.3       8.8       9.8
  11 T-A      48.0      61.2      10.6       8.9       9.8
  12 T-A      47.9      59.8      10.7       9.0       9.9
  13 C-G      50.9      52.7      10.8       8.9       9.8
  14 A-T      51.6      57.4      10.5       8.7       9.7
  15 G-C      52.7      53.1      10.7       9.0       9.8
****************************************************************************
Classification of each dinucleotide step in a right-handed nucleic acid
structure: A-like; B-like; TA-like; intermediate of A and B, or other cases.

    step       Xp      Yp      Zp     XpH     YpH     ZpH    Form
   1 GG/CC   -1.48    8.91    0.73   -0.35    8.89    0.84      
   2 GG/CC   -1.68    9.05    0.88    0.48    8.48   -3.32      
   3 GG/CC   -2.35    9.38    0.18   -5.50    7.62    5.47      
   4 GT/AC   -1.98    9.03   -0.35   -0.71    7.81   -4.52      
   5 TG/CA   -0.77    9.05    0.01    2.61    8.16   -3.89      
   6 GA/TC   -2.50    9.46    0.73   -5.55    8.13    4.90  *TA*
   7 AT/AT   -2.88    9.30    0.95   -8.77    8.15    4.59  *TA*
   8 TT/AA   -2.30    9.00    0.82   -0.73    8.59   -2.82      
   9 TG/CA   -2.72    9.46    0.85   -6.09    5.74    7.53      
  10 GT/AC   -3.15    9.04    1.12   -6.64    9.06    1.02      
  11 TT/AA   -1.74    9.08    1.00   -4.03    7.67    4.96  *TA*
  12 TC/GA   -2.08    9.42    0.75   -3.64    8.14    4.81  *TA*
  13 CA/TG   -1.03    9.22    0.56    2.95    8.74   -2.97      
  14 AG/CT   -2.01    9.35   -0.31   -1.28    9.33    0.74      
****************************************************************************
Minor and major groove widths: direct P-P distances and refined P-P distances
   which take into account the directions of the sugar-phosphate backbones

   (Subtract 5.8 Angstrom from the values to take account of the vdw radii
    of the phosphate groups, and for comparison with FreeHelix and Curves.)

Ref: M. A. El Hassan and C. R. Calladine (1998). ``Two Distinct Modes of
     Protein-induced Bending in DNA.'' J. Mol. Biol., v282, pp331-343.

                  Minor Groove        Major Groove
                 P-P     Refined     P-P     Refined
   1 GG/CC       ---       ---       ---       ---
   2 GG/CC       ---       ---       ---       ---
   3 GG/CC      15.5       ---      19.7       ---
   4 GT/AC      14.8      14.8      18.4      17.8
   5 TG/CA      13.2      13.1      19.3      19.2
   6 GA/TC      13.8      13.7      18.1      17.9
   7 AT/AT      15.1      14.8      20.3      20.2
   8 TT/AA      16.9      16.3      22.9      21.4
   9 TG/CA      19.1      18.3      19.8      17.9
  10 GT/AC      18.9      17.5      17.5      14.8
  11 TT/AA      18.0      16.2      15.3      14.9
  12 TC/GA      18.2       ---      16.7       ---
  13 CA/TG       ---       ---       ---       ---
  14 AG/CT       ---       ---       ---       ---
****************************************************************************
Global linear helical axis defined by equivalent C1' and RN9/YN1 atom pairs
Deviation from regular linear helix: 3.28(0.86)
****************************************************************************
Main chain and chi torsion angles: 

Note: alpha:   O3'(i-1)-P-O5'-C5'
      beta:    P-O5'-C5'-C4'
      gamma:   O5'-C5'-C4'-C3'
      delta:   C5'-C4'-C3'-O3'
      epsilon: C4'-C3'-O3'-P(i+1)
      zeta:    C3'-O3'-P(i+1)-O5'(i+1)

      chi for pyrimidines(Y): O4'-C1'-N1-C2
          chi for purines(R): O4'-C1'-N9-C4

Strand I
  base    alpha    beta   gamma   delta  epsilon   zeta    chi
   1 G     ---     ---     47.6   124.2   169.9  -110.8   -80.7
   2 G    -38.1   157.6    63.7   116.9   167.6  -111.2  -114.1
   3 G     -4.0   163.4    25.8   122.0  -176.9   -83.3  -113.1
   4 G    -88.1  -158.9    50.1   131.0     0.2    58.0  -100.8
   5 T    179.2  -120.0    63.5    99.3   163.6   -98.7  -105.6
   6 G    -23.2   144.2    56.4   116.7  -179.4   -83.5  -117.1
   7 A    -50.1   177.6    34.7   131.8   171.5  -113.0  -110.3
   8 T     78.6   161.1   -85.0   124.4   120.0   -55.0  -124.9
   9 T   -153.5  -100.0    75.1    99.4  -167.5   -92.7  -110.3
  10 G    -48.1   178.4    28.1   118.6   170.3   -91.8  -114.4
  11 T    -37.7  -171.9    24.5   107.7  -160.7   -98.6  -121.8
  12 T    -35.1   156.2    39.0   110.0  -176.0   -64.5  -124.8
  13 C    -80.9  -160.5    31.5   104.1   170.7   -85.8  -118.2
  14 A    -38.7   169.9    45.3   110.0  -153.5   -94.0  -115.0
  15 G   -100.3   154.3   100.0   115.0    ---     ---   -122.7

Strand II
  base    alpha    beta   gamma   delta  epsilon   zeta    chi
   1 C     -7.9   150.6    19.9   119.2    ---     ---   -130.3
   2 C    -39.6   165.6    54.1   104.7  -147.7  -126.1  -141.5
   3 C    -42.5   170.2    32.0   109.2   163.5   -93.7  -116.3
   4 C   -124.1  -126.9    63.5   111.0  -167.3   -94.4  -106.3
   5 A    -88.3   145.6    40.8   124.5   119.9   -49.3  -104.0
   6 C    -58.3  -175.4    39.6   131.6   -70.3   147.2  -106.3
   7 T     27.0   136.6   -17.4   111.7  -175.3   -79.1  -120.2
   8 A     -6.8   154.6    38.6   126.8  -178.4  -129.5  -116.0
   9 A    -66.5  -175.0    42.2   106.6   157.7  -101.2  -109.2
  10 C     28.4   119.9   -32.2    99.2  -177.4   -72.6  -109.8
  11 A   -165.9  -156.1   142.6   142.6  -160.6  -128.8  -129.5
  12 A    -61.2  -174.7    32.7   113.5   167.5   -93.2  -114.3
  13 G    -18.6   154.4    47.1   112.8  -176.6   -79.5  -115.3
  14 T    -49.5   118.4   -17.2    89.2   154.6   -90.5   -99.5
  15 C     ---     ---     19.8   106.1     0.1   100.4  -122.9
****************************************************************************
Sugar conformational parameters: 

Note: v0: C4'-O4'-C1'-C2'
      v1: O4'-C1'-C2'-C3'
      v2: C1'-C2'-C3'-C4'
      v3: C2'-C3'-C4'-O4'
      v4: C3'-C4'-O4'-C1'

      tm: the amplitude of pucker
      P:  the phase angle of pseudorotation

Strand I
 base       v0      v1      v2      v3      v4      tm       P    Puckering
   1 G    -20.0    23.2   -16.8     5.2     9.4    22.8   137.5    C1'-exo 
   2 G    -19.5    18.5   -10.2    -1.3    13.2    19.9   121.0    C1'-exo 
   3 G    -17.4    19.2   -13.0     2.8     9.2    19.1   133.1    C1'-exo 
   4 G    -17.1    21.2   -16.2     6.4     6.7    20.5   142.3    C1'-exo 
   5 T    -21.1    12.3     0.6   -13.6    22.0    22.5    88.4    O4'-endo
   6 G    -11.4    11.1    -6.3    -0.4     7.5    11.7   122.8    C1'-exo 
   7 A    -17.6    25.1   -21.8    11.5     3.8    24.6   152.5    C2'-endo
   8 T      0.1     5.0    -7.7     8.0    -5.3     8.2   199.6    C3'-exo 
   9 T    -22.9    13.1     1.2   -15.3    24.5    24.7    87.3    O4'-endo
  10 G     -8.9     9.6    -6.5     1.3     4.8     9.6   132.1    C1'-exo 
  11 T     -8.8     4.1     1.8    -7.2    10.2    10.0    79.6    O4'-endo
  12 T    -13.3    10.8    -4.2    -3.7    10.7    13.2   108.7    C1'-exo 
  13 C     -7.7     0.9     5.8   -10.7    11.8    11.7    60.1    C4'-exo 
  14 A     -7.1     3.0     2.1    -6.5     8.6     8.4    75.8    O4'-endo
  15 G     -7.9     6.2    -2.2    -2.6     6.7     7.9   106.2    O4'-endo

Strand II
 base       v0      v1      v2      v3      v4      tm       P    Puckering
   1 C      1.4     0.3    -1.8     2.8    -2.7     2.8   229.5    C4'-endo
   2 C    -11.9     6.8     0.6    -7.9    12.5    12.7    87.5    O4'-endo
   3 C    -15.3    10.9    -2.5    -6.8    14.1    15.5    99.2    O4'-endo
   4 C    -17.9    15.2    -6.6    -4.1    13.9    17.9   111.8    C1'-exo 
   5 A     -6.5    14.1   -15.5    12.0    -3.6    15.6   174.1    C2'-endo
   6 C    -19.9    26.1   -21.4    10.0     6.2    25.4   147.3    C2'-endo
   7 T    -18.2    15.6    -7.1    -3.9    14.1    18.3   112.8    C1'-exo 
   8 A    -23.7    30.1   -23.6     9.9     8.7    29.1   144.1    C2'-endo
   9 A    -16.3    10.3    -0.7    -9.3    16.3    17.0    92.2    O4'-endo
  10 C    -20.2    10.1     3.4   -16.0    23.2    22.8    81.5    O4'-endo
  11 A    -12.7    27.6   -29.9    23.4    -7.0    30.1   173.9    C2'-endo
  12 A     -5.2     2.9     0.5    -3.7     5.7     5.7    85.3    O4'-endo
  13 G    -16.2    12.2    -3.7    -6.0    14.1    16.2   103.3    O4'-endo
  14 T    -11.6    -2.4    14.2   -21.9    21.6    22.3    50.3    C4'-exo 
  15 C    -11.6     2.1     7.4   -14.9    17.0    16.6    63.4    C4'-exo 
****************************************************************************
Same strand P--P and C1'--C1' virtual bond distances

                 Strand I                          Strand II
    step      P--P     C1'--C1'       step      P--P     C1'--C1'
   1 G/G       ---      4.79         1 C/C      6.29      5.74
   2 G/G      7.05      4.98         2 C/C      6.56      4.56
   3 G/G      6.48      5.52         3 C/C      5.62      5.07
   4 G/T      6.36      5.04         4 C/A      7.04      4.50
   5 T/G      5.72      3.97         5 A/C      5.94      5.26
   6 G/A      6.90      4.63         6 C/T      5.62      5.00
   7 A/T      6.58      5.69         7 T/A      6.70      5.11
   8 T/T      6.77      4.75         8 A/A      6.51      4.50
   9 T/G      5.25      5.27         9 A/C      4.88      5.09
  10 G/T      6.43      5.23        10 C/A      7.47      5.12
  11 T/T      5.77      4.86        11 A/A      6.43      5.28
  12 T/C      6.47      5.39        12 A/G      6.67      4.96
  13 C/A      5.91      4.61        13 G/T      5.55      4.24
  14 A/G      6.16      5.54        14 T/C       ---      4.22
****************************************************************************
Helix radius (radial displacement of P, O4', and C1' atoms in local helix
   frame of each dimer)

                        Strand I                      Strand II
     step         P        O4'       C1'        P        O4'        C1'
   1 GG/CC      8.71      5.47      4.94      9.15      7.07      6.04
   2 GG/CC      9.28      5.64      5.61      7.71      4.28      3.82
   3 GG/CC     10.12      8.61      7.57      8.68      7.80      6.87
   4 GT/AC      9.73      6.60      6.71      5.99      3.03      3.00
   5 TG/CA      6.60      3.15      3.00     10.63      7.39      7.44
   6 GA/TC     10.35      8.65      7.72      9.36      7.79      6.92
   7 AT/AT     12.04     10.39      9.68     11.91     10.44      9.72
   8 TT/AA      8.60      5.50      5.23      8.76      5.07      4.84
   9 TG/CA      7.35      7.43      6.42      9.40      8.42      7.49
  10 GT/AC     13.51     10.99     10.28      9.47      6.85      6.29
  11 TT/AA      8.78      7.72      6.86      8.57      7.36      6.36
  12 TC/GA      8.83      7.11      6.13      9.01      7.12      6.15
  13 CA/TG     10.80      7.12      6.76      7.66      3.72      3.81
  14 AG/CT     10.58      7.93      6.93      8.26      4.74      3.99
****************************************************************************
Position (Px, Py, Pz) and local helical axis vector (Hx, Hy, Hz)
         for each dinucleotide step

     step       Px        Py        Pz        Hx        Hy        Hz
   1 GG/CC    -20.80     10.12    -14.52      0.67     -0.60      0.44
   2 GG/CC    -16.49      9.85    -13.14      0.83     -0.15      0.54
   3 GG/CC    -15.89      4.96     -8.62      0.54     -0.80     -0.25
   4 GT/AC    -11.49      7.48     -8.71      0.66     -0.28      0.69
   5 TG/CA     -5.50      6.96     -9.15      0.55     -0.53      0.64
   6 GA/TC     -4.45     -0.06    -11.20      0.98      0.12      0.13
   7 AT/AT     -1.45      0.05    -13.84      0.98      0.07      0.16
   8 TT/AA     -0.26     -2.62     -6.16      0.72     -0.69      0.01
   9 TG/CA      4.54     -0.68     -8.80      0.62      0.27      0.73
  10 GT/AC      6.27     -1.95    -10.93      0.99      0.11     -0.05
  11 TT/AA      9.85     -2.37     -7.03      0.89      0.10      0.44
  12 TC/GA     13.16     -2.69     -5.95      0.92      0.03      0.40
  13 CA/TG     17.30     -1.06    -10.65      0.52      0.81      0.28
  14 AG/CT     19.50      1.00     -6.49      0.87      0.43      0.25
