****************************************************************************
    3DNA v2.4.0-2018dec18, created and maintained by Dr. Xiang-Jun Lu (xiangjun@x3dna.org)
****************************************************************************
1. The list of the parameters given below correspond to the 5' to 3' direction
   of strand I and 3' to 5' direction of strand II.

2. All angular parameters, except for the phase angle of sugar pseudo-
   rotation, are measured in degrees in the range of [-180, +180], and all
   displacements are measured in Angstrom units.
****************************************************************************
File name: tmpstri
Date and time: Wed Jan  2 10:35:02 2019

Number of base-pairs: 15
Number of atoms: 2489
****************************************************************************
HEADER    DNA BINDING PROTEIN/DNA                 15-MAY-02   1J5N              
TITLE     SOLUTION STRUCTURE OF THE NON-SEQUENCE-SPECIFIC HMGB                  
TITLE    2 PROTEIN NHP6A IN COMPLEX WITH SRY DNA                                
COMPND    MOL_ID: 1;                                                            
COMPND   2 MOLECULE: NONHISTONE CHROMOSOMAL PROTEIN 6A;                         
COMPND   3 CHAIN: A;                                                            
COMPND   4 SYNONYM: NHP6A;                                                      
COMPND   5 ENGINEERED: YES;                                                     
COMPND   6 MOL_ID: 2;                                                           
COMPND   7 MOLECULE: 5'-                                                        
COMPND   8 D(*GP*GP*GP*GP*TP*GP*AP*TP*TP*GP*TP*TP*CP*AP*G)-3';                  
COMPND   9 CHAIN: B;                                                            
COMPND  10 ENGINEERED: YES;                                                     
COMPND  11 OTHER_DETAILS: SRY_DNA G-RICH STRAND;                                
COMPND  12 MOL_ID: 3;                                                           
COMPND  13 MOLECULE: 5'-                                                        
COMPND  14 D(*CP*TP*GP*AP*AP*CP*AP*AP*TP*CP*AP*CP*CP*CP*C)-3';                  
COMPND  15 CHAIN: C;                                                            
COMPND  16 ENGINEERED: YES;                                                     
COMPND  17 OTHER_DETAILS: SRY_DNA C-RICH STRAND                                 
SOURCE    MOL_ID: 1;                                                            
SOURCE   2 ORGANISM_SCIENTIFIC: SACCHAROMYCES CEREVISIAE;                       
SOURCE   3 ORGANISM_COMMON: BAKER'S YEAST;                                      
SOURCE   4 ORGANISM_TAXID: 4932;                                                
SOURCE   5 EXPRESSION_SYSTEM: ESCHERICHIA COLI;                                 
SOURCE   6 EXPRESSION_SYSTEM_TAXID: 562;                                        
SOURCE   7 MOL_ID: 2;                                                           
SOURCE   8 SYNTHETIC: YES;                                                      
SOURCE   9 OTHER_DETAILS: UNLABELED DNA MADE ON A COMMERCIAL                    
SOURCE  10 SYNTHESIZER, 15N,13C-LABELED DNA MADE ENZYMATICALLY IN               
SOURCE  11 VITRO WITH TAQ POLYMERASE;                                           
SOURCE  12 MOL_ID: 3;                                                           
SOURCE  13 SYNTHETIC: YES;                                                      
SOURCE  14 OTHER_DETAILS: UNLABELED DNA MADE ON A COMMERCIAL                    
SOURCE  15 SYNTHESIZER, 15N,13C-LABELED DNA MADE ENZYMATICALLY IN               
SOURCE  16 VITRO WITH TAQ POLYMERASE                                            
KEYWDS    HMG-BOX, HMGB, PROTEIN-DNA COMPLEX, ALPHA HELIX, DOUBLE               
KEYWDS   2 HELIX, DNA BINDING PROTEIN/DNA COMPLEX                               
EXPDTA    SOLUTION NMR                                                          
AUTHOR    J.E.MASSE,B.WONG,Y.-M.YEN,F.H.-T.ALLAIN,R.C.JOHNSON,J.FEIGON          
REVDAT   2   24-FEB-09 1J5N    1       VERSN                                    
REVDAT   1   16-OCT-02 1J5N    0                                                
JRNL        AUTH   J.E.MASSE,B.WONG,Y.-M.YEN,F.H.-T.ALLAIN,                     
JRNL        AUTH 2 R.C.JOHNSON,J.FEIGON                                         
JRNL        TITL   THE S. CEREVISIAE ARCHITECTURAL HMGB PROTEIN NHP6A           
JRNL        TITL 2 COMPLEXED WITH DNA: DNA AND PROTEIN CONFORMATIONAL           
JRNL        TITL 3 CHANGES UPON BINDING                                         
JRNL        REF    J.MOL.BIOL.                   V. 323   263 2002              
JRNL        REFN                   ISSN 0022-2836                               
JRNL        PMID   12381320                                                     
JRNL        DOI    10.1016/S0022-2836(02)00938-5                                
HELIX    1   1 SER A   26  ASN A   43  1                                  18    
HELIX    2   2 THR A   47  THR A   63  1                                  17    
HELIX    3   3 THR A   63  ALA A   93  1                                  31    
****************************************************************************
RMSD of the bases (----- for WC bp, + for isolated bp, x for helix change)

            Strand I                    Strand II          Helix
   1   (0.008) ..13>B:.101_:[.DG]G-----C[.DC]:.130_:C<..13 (0.011)     |
   2   (0.008) ..13>B:.102_:[.DG]G-----C[.DC]:.129_:C<..13 (0.013)     |
   3   (0.008) ..13>B:.103_:[.DG]G-----C[.DC]:.128_:C<..13 (0.010)     |
   4   (0.009) ..13>B:.104_:[.DG]G-----C[.DC]:.127_:C<..13 (0.011)     |
   5   (0.021) ..13>B:.105_:[.DT]T-----A[.DA]:.126_:C<..13 (0.018)     |
   6   (0.008) ..13>B:.106_:[.DG]G-----C[.DC]:.125_:C<..13 (0.009)     |
   7   (0.011) ..13>B:.107_:[.DA]A-----T[.DT]:.124_:C<..13 (0.023)     |
   8   (0.022) ..13>B:.108_:[.DT]T-----A[.DA]:.123_:C<..13 (0.012)     |
   9   (0.023) ..13>B:.109_:[.DT]T-----A[.DA]:.122_:C<..13 (0.011)     |
  10   (0.007) ..13>B:.110_:[.DG]G-----C[.DC]:.121_:C<..13 (0.011)     |
  11   (0.021) ..13>B:.111_:[.DT]T-----A[.DA]:.120_:C<..13 (0.021)     |
  12   (0.021) ..13>B:.112_:[.DT]T-----A[.DA]:.119_:C<..13 (0.019)     |
  13   (0.013) ..13>B:.113_:[.DC]C-----G[.DG]:.118_:C<..13 (0.008)     |
  14   (0.015) ..13>B:.114_:[.DA]A-----T[.DT]:.117_:C<..13 (0.021)     |
  15   (0.008) ..13>B:.115_:[.DG]G-----C[.DC]:.116_:C<..13 (0.012)     |
****************************************************************************
Detailed H-bond information: atom-name pair and length [ O N]
   1 G-----C  [3]  O6 - N4  2.83  N1 - N3  2.90  N2 - O2  2.86
   2 G-----C  [3]  O6 - N4  2.85  N1 - N3  2.90  N2 - O2  2.81
   3 G-----C  [3]  O6 - N4  2.88  N1 - N3  2.93  N2 - O2  2.87
   4 G-----C  [3]  O6 - N4  2.78  N1 - N3  2.89  N2 - O2  2.86
   5 T-----A  [2]  N3 - N1  2.86  O4 - N6  2.66
   6 G-----C  [3]  O6 - N4  2.84  N1 - N3  2.89  N2 - O2  2.80
   7 A-----T  [2]  N6 - O4  2.90  N1 - N3  2.99
   8 T-----A  [2]  N3 - N1  2.91  O4 - N6  2.86
   9 T-----A  [2]  N3 - N1  2.94  O4 - N6  2.89
  10 G-----C  [3]  O6 - N4  2.92  N1 - N3  2.81  N2 - O2  2.58
  11 T-----A  [2]  N3 - N1  2.87  O4 - N6  2.74
  12 T-----A  [2]  N3 - N1  2.88  O4 - N6  2.83
  13 C-----G  [3]  O2 - N2  2.89  N3 - N1  2.89  N4 - O6  2.78
  14 A-----T  [2]  N6 - O4  2.86  N1 - N3  2.87
  15 G-----C  [3]  O6 - N4  2.85  N1 - N3  2.94  N2 - O2  2.89
****************************************************************************
Overlap area in Angstrom^2 between polygons defined by atoms on successive
bases. Polygons projected in the mean plane of the designed base-pair step.

Values in parentheses measure the overlap of base ring atoms only. Those
outside parentheses include exocyclic atoms on the ring. Intra- and
inter-strand overlap is designated according to the following diagram:

                    i2  3'      5' j2
                       /|\      |
                        |       |
               Strand I |       | II
                        |       |
                        |       |
                        |      \|/
                    i1  5'      3' j1

     step      i1-i2        i1-j2        j1-i2        j1-j2        sum
   1 GG/CC  8.43( 5.05)  0.00( 0.00)  0.00( 0.00)  3.22( 0.00) 11.65( 5.05)
   2 GG/CC  5.18( 3.13)  0.00( 0.00)  0.00( 0.00)  0.94( 0.00)  6.12( 3.13)
   3 GG/CC  5.24( 2.26)  0.00( 0.00)  0.00( 0.00)  6.39( 2.31) 11.64( 4.57)
   4 GT/AC  2.31( 0.16)  0.00( 0.00)  0.00( 0.00)  3.13( 1.38)  5.44( 1.54)
   5 TG/CA  7.65( 3.00)  0.00( 0.00)  0.00( 0.00)  0.26( 0.00)  7.91( 3.00)
   6 GA/TC  4.41( 1.76)  0.00( 0.00)  0.00( 0.00)  2.56( 0.40)  6.97( 2.16)
   7 AT/AT  6.56( 3.03)  0.00( 0.00)  0.00( 0.00)  6.67( 2.94) 13.23( 5.97)
   8 TT/AA  5.64( 0.43)  0.00( 0.00)  0.00( 0.00)  5.82( 4.09) 11.47( 4.52)
   9 TG/CA  2.65( 0.55)  0.00( 0.00)  0.00( 0.00)  4.92( 2.55)  7.57( 3.10)
  10 GT/AC  6.28( 1.50)  0.00( 0.00)  0.00( 0.00)  5.06( 3.47) 11.34( 4.97)
  11 TT/AA  7.28( 1.20)  0.00( 0.00)  0.00( 0.00)  3.34( 1.80) 10.63( 3.00)
  12 TC/GA  3.89( 0.62)  0.00( 0.00)  0.00( 0.00)  6.02( 3.10)  9.91( 3.72)
  13 CA/TG  2.57( 0.50)  0.00( 0.00)  0.00( 0.00)  2.06( 0.06)  4.63( 0.56)
  14 AG/CT  3.79( 2.14)  0.00( 0.00)  0.00( 0.00)  7.37( 1.75) 11.16( 3.89)
****************************************************************************
Origin (Ox, Oy, Oz) and mean normal vector (Nx, Ny, Nz) of each base-pair in
   the coordinate system of the given structure

      bp        Ox        Oy        Oz        Nx        Ny        Nz
    1 G-C    -22.439    13.008   -13.777     0.815    -0.569    -0.110
    2 G-C    -18.877     9.569   -12.927     0.858    -0.514     0.004
    3 G-C    -15.865     8.428   -11.754     0.846    -0.495     0.199
    4 G-C    -12.795     6.357   -10.963     0.594    -0.707     0.383
    5 T-A     -9.965     5.271    -9.546     0.853    -0.397     0.340
    6 G-C     -6.730     3.133    -9.643     0.885    -0.247     0.394
    7 A-T     -3.801     1.755    -8.183     0.915    -0.355     0.193
    8 T-A     -1.447    -1.113    -7.894     0.927    -0.375     0.015
    9 T-A      1.926    -3.165    -7.187     0.861    -0.433     0.266
   10 G-C      5.167    -4.039    -6.577     1.000     0.030    -0.007
   11 T-A      8.462    -5.163    -7.851     0.998     0.034    -0.047
   12 T-A     12.303    -4.192    -7.690     0.945     0.326    -0.026
   13 C-G     15.006    -2.958    -7.319     0.844     0.491     0.215
   14 A-T     17.958    -1.186    -6.679     0.870     0.493     0.007
   15 G-C     21.892     0.484    -6.889     0.837     0.519     0.175
****************************************************************************
Local base-pair parameters
     bp        Shear    Stretch   Stagger    Buckle  Propeller  Opening
    1 G-C      -0.84     -0.37      0.46      9.33      3.25     -2.12
    2 G-C       0.61     -0.12     -0.25     -4.32      1.83     -1.61
    3 G-C      -0.25     -0.14     -0.34     -4.68     -6.05     -1.25
    4 G-C       0.67     -0.18     -0.54     -6.12      6.14     -4.25
    5 T-A      -1.11     -0.22      0.43     -6.32    -14.16    -11.36
    6 G-C       0.62     -0.15      0.35      0.45     -6.70     -2.07
    7 A-T       0.07      0.00     -0.06     -1.58     -1.67     -4.56
    8 T-A      -0.67     -0.07      0.11     -2.93      6.02     -3.53
    9 T-A      -0.65     -0.04     -0.03      3.29     10.55     -3.67
   10 G-C       0.49     -0.21      0.55      4.21     12.29      5.94
   11 T-A      -1.04     -0.26      0.60      8.98     -0.99     -5.62
   12 T-A      -0.94     -0.14      0.21     -2.85    -11.69     -4.73
   13 C-G       0.20     -0.26      0.63     -0.31     -7.64     -4.84
   14 A-T      -0.67     -0.32      0.48     12.68     -6.86     -3.25
   15 G-C      -0.16     -0.15      0.62     10.60     -1.92     -3.09
          ~~~~~~~~~~~~~~~~~~~~~~~~~~~~~~~~~~~~~~~~~~~~~~~~~~~~~~~~~~~~
      ave.     -0.25     -0.18      0.21      1.36     -1.17     -3.33
      s.d.      0.65      0.10      0.38      6.43      7.84      3.51
****************************************************************************
Local base-pair step parameters
    step       Shift     Slide      Rise      Tilt      Roll     Twist
   1 GG/CC      1.05      1.01      4.81      3.60      6.77     34.79
   2 GG/CC      0.50     -0.88      3.28      5.70      9.69     26.36
   3 GG/CC     -0.50      0.08      3.75     -0.51     21.76     30.05
   4 GT/AC     -0.84     -0.28      3.23     -1.56    -23.38     31.33
   5 TG/CA      1.47      0.90      3.48     -1.10     -9.23     41.63
   6 GA/TC     -0.21     -0.54      3.50     -1.03     13.13     28.23
   7 AT/AT      0.08     -1.80      3.26      0.66     10.28     24.74
   8 TT/AA     -0.33     -0.38      3.98     -1.94    -15.18     26.44
   9 TG/CA     -0.23      0.00      3.40     -6.29     31.65     26.68
  10 GT/AC     -0.81     -1.50      3.29      2.08      0.90     21.75
  11 TT/AA      0.30      0.26      3.94      1.85     17.02     33.17
  12 TC/GA      0.06      0.06      2.99     -1.41     17.72     40.49
  13 CA/TG      0.26     -0.01      3.49      2.05    -11.84     20.96
  14 AG/CT     -0.46      0.69      4.20      4.38      8.94     30.67
          ~~~~~~~~~~~~~~~~~~~~~~~~~~~~~~~~~~~~~~~~~~~~~~~~~~~~~~~~~~~~
      ave.      0.02     -0.17      3.61      0.46      5.59     29.81
      s.d.      0.66      0.82      0.48      3.09     15.55      6.19
****************************************************************************
Local base-pair helical parameters
    step       X-disp    Y-disp   h-Rise     Incl.       Tip   h-Twist
   1 GG/CC      0.16     -0.93      4.99     11.15     -5.93     35.59
   2 GG/CC     -3.91      0.25      2.83     20.13    -11.84     28.62
   3 GG/CC     -3.30      0.70      3.12     36.55      0.86     36.96
   4 GT/AC      2.50      1.07      2.81    -37.44      2.50     38.94
   5 TG/CA      2.20     -2.13      3.18    -12.79      1.53     42.61
   6 GA/TC     -3.63      0.19      2.97     25.26      1.98     31.10
   7 AT/AT     -6.26     -0.02      2.34     22.76     -1.47     26.77
   8 TT/AA      3.09      0.14      3.67    -30.18      3.87     30.48
   9 TG/CA     -3.59     -0.40      2.25     50.43     10.02     41.64
  10 GT/AC     -4.31      2.94      3.14      2.38     -5.50     21.87
  11 TT/AA     -2.39     -0.17      3.66     27.64     -3.00     37.21
  12 TC/GA     -1.46     -0.21      2.78     24.24      1.93     44.07
  13 CA/TG      4.05      0.08      3.07    -29.62     -5.14     24.13
  14 AG/CT     -0.84      1.84      4.13     16.37     -8.02     32.21
          ~~~~~~~~~~~~~~~~~~~~~~~~~~~~~~~~~~~~~~~~~~~~~~~~~~~~~~~~~~~~
      ave.     -1.26      0.24      3.21      9.06     -1.30     33.73
      s.d.      3.20      1.20      0.72     26.88      5.66      6.96
****************************************************************************
The 'simple' parameters are intuitive for non-Watson-Crick base pairs
and associated base-pair steps (where the above corresponding 3DNA
parameters often appear cryptic). Note that they are for structural
*description* only, not to be fed into the 'rebuild' program. See URL
http://x3dna.org/highlights/details-on-the-simple-base-pair-parameters
and related blogposts on the 3DNA home page for details.

This structure contains 0 non-Watson-Crick (with leading *) base pair(s)
----------------------------------------------------------------------------
Simple base-pair parameters based on RC8--YC6 vectors
      bp        Shear    Stretch   Stagger    Buckle  Propeller  Opening  angle
     1 G-C      -0.86     -0.30      0.46      9.56      2.50     -2.13    9.9
     2 G-C       0.61     -0.08     -0.25     -4.43      1.54     -1.61    4.7
     3 G-C      -0.25     -0.14     -0.34     -4.79     -5.96     -1.25    7.6
     4 G-C       0.68     -0.13     -0.54     -6.54      5.69     -4.25    8.7
     5 T-A      -1.13     -0.09      0.43     -7.90    -13.34    -11.29   15.5
     6 G-C       0.62     -0.11      0.35      0.90     -6.66     -2.06    6.7
     7 A-T       0.07      0.00     -0.06     -1.56     -1.69     -4.56    2.3
     8 T-A      -0.68     -0.02      0.11     -2.48      6.21     -3.52    6.7
     9 T-A      -0.65      0.01     -0.03      4.02     10.29     -3.65   11.0
    10 G-C       0.50     -0.18      0.55      3.51     12.50      5.91   13.0
    11 T-A      -1.06     -0.15      0.60      8.82     -1.97     -5.64    9.0
    12 T-A      -0.95     -0.05      0.21     -3.98    -11.35     -4.71   12.0
    13 C-G       0.20     -0.26      0.63     -0.19     -7.64     -4.83    7.6
    14 A-T      -0.69     -0.28      0.48     12.17     -7.72     -3.26   14.4
    15 G-C      -0.16     -0.14      0.62     10.58     -2.06     -3.11   10.8
           ~~~~~~~~~~~~~~~~~~~~~~~~~~~~~~~~~~~~~~~~~~~~~~~~~~~~~~~~~~~~
       ave.     -0.25     -0.13      0.21      1.18     -1.31     -3.33
       s.d.      0.66      0.10      0.38      6.60      7.71      3.50
----------------------------------------------------------------------------
Simple base-pair step parameters based on consecutive C1'-C1' vectors
      step       Shift     Slide      Rise      Tilt      Roll     Twist
     1 GG/CC      1.07      0.99      4.81      3.74      6.69     27.15
     2 GG/CC      0.50     -0.87      3.28      5.62      9.74     30.51
     3 GG/CC     -0.50      0.08      3.75     -0.84     21.75     25.18
     4 GT/AC     -0.85     -0.27      3.23     -2.00    -23.35     40.06
     5 TG/CA      1.48      0.87      3.48     -1.27     -9.21     32.86
     6 GA/TC     -0.20     -0.55      3.50     -1.44     13.10     31.32
     7 AT/AT      0.02     -1.80      3.26      0.99     10.25     28.87
     8 TT/AA     -0.35     -0.35      3.98     -2.90    -15.02     25.95
     9 TG/CA     -0.23      0.01      3.40     -6.10     31.68     20.61
    10 GT/AC     -0.85     -1.48      3.29      2.11      0.85     29.91
    11 TT/AA      0.33      0.23      3.94      3.34     16.79     32.32
    12 TC/GA      0.06      0.06      2.99     -0.94     17.75     34.29
    13 CA/TG      0.26     -0.01      3.49      1.79    -11.89     26.69
    14 AG/CT     -0.42      0.71      4.20      4.81      8.72     27.91
            ~~~~~~~~~~~~~~~~~~~~~~~~~~~~~~~~~~~~~~~~~~~~~~~~~~~~~~~~~~~~
        ave.      0.02     -0.17      3.61      0.49      5.56     29.54
        s.d.      0.67      0.81      0.48      3.28     15.52      4.68
****************************************************************************
Structure classification: 

This is a right-handed nucleic acid structure
****************************************************************************
lambda: virtual angle between C1'-YN1 or C1'-RN9 glycosidic bonds and the
        base-pair C1'-C1' line

C1'-C1': distance between C1' atoms for each base-pair
RN9-YN1: distance between RN9-YN1 atoms for each base-pair
RC8-YC6: distance between RC8-YC6 atoms for each base-pair

    bp     lambda(I) lambda(II)  C1'-C1'   RN9-YN1   RC8-YC6
   1 G-C      50.6      56.2      10.6       8.8       9.7
   2 G-C      58.0      47.4      10.8       9.0       9.9
   3 G-C      53.5      54.4      10.7       9.0       9.9
   4 G-C      55.4      47.7      10.9       9.0       9.9
   5 T-A      45.2      58.0      10.8       9.0       9.8
   6 G-C      57.2      50.9      10.7       9.0       9.9
   7 A-T      53.8      52.5      10.9       9.1      10.0
   8 T-A      50.9      56.4      10.8       9.0       9.9
   9 T-A      50.8      57.7      10.8       9.1       9.9
  10 G-C      61.8      54.9      10.3       8.8       9.8
  11 T-A      47.5      61.2      10.6       8.9       9.7
  12 T-A      47.6      59.7      10.7       9.0       9.9
  13 C-G      51.1      52.6      10.8       8.9       9.8
  14 A-T      50.8      56.7      10.5       8.7       9.6
  15 G-C      52.7      51.9      10.8       9.0       9.8
****************************************************************************
Classification of each dinucleotide step in a right-handed nucleic acid
structure: A-like; B-like; TA-like; intermediate of A and B, or other cases.

    step       Xp      Yp      Zp     XpH     YpH     ZpH    Form
   1 GG/CC   -1.46    8.97    0.60   -1.23    8.71    2.16      
   2 GG/CC   -2.16    9.30    0.90   -5.76    8.49    3.81      
   3 GG/CC   -2.35    9.40    0.08   -5.49    7.64    5.48      
   4 GT/AC   -2.34    9.20   -1.11    0.02    6.81   -6.28      
   5 TG/CA   -1.64    8.55    0.20    0.40    8.40   -1.59      
   6 GA/TC   -2.42    9.23    0.93   -5.91    8.02    4.66  *TA*
   7 AT/AT   -2.79    9.41    0.89   -8.86    8.38    4.36  *TA*
   8 TT/AA   -2.40    9.06   -0.21    0.53    7.82   -4.53      
   9 TG/CA   -2.57    9.42    0.81   -5.82    5.65    7.52      
  10 GT/AC   -3.24    9.12    1.05   -7.53    9.07    1.49      
  11 TT/AA   -1.70    9.07    1.06   -3.99    7.66    4.96  *TA*
  12 TC/GA   -2.06    9.42    0.76   -3.41    8.40    4.33  *TA*
  13 CA/TG   -1.07    9.03    1.03    2.87    8.40   -3.49      
  14 AG/CT   -1.59    9.11    0.66   -2.46    8.60    3.07      
****************************************************************************
Minor and major groove widths: direct P-P distances and refined P-P distances
   which take into account the directions of the sugar-phosphate backbones

   (Subtract 5.8 Angstrom from the values to take account of the vdw radii
    of the phosphate groups, and for comparison with FreeHelix and Curves.)

Ref: M. A. El Hassan and C. R. Calladine (1998). ``Two Distinct Modes of
     Protein-induced Bending in DNA.'' J. Mol. Biol., v282, pp331-343.

                  Minor Groove        Major Groove
                 P-P     Refined     P-P     Refined
   1 GG/CC       ---       ---       ---       ---
   2 GG/CC       ---       ---       ---       ---
   3 GG/CC      16.3       ---      18.9       ---
   4 GT/AC      14.6      14.5      19.8      19.4
   5 TG/CA      13.1      13.1      19.8      19.6
   6 GA/TC      13.0      12.9      18.9      18.6
   7 AT/AT      14.5      14.1      21.5      21.3
   8 TT/AA      17.4      16.7      23.4      22.2
   9 TG/CA      19.5      18.7      20.0      17.1
  10 GT/AC      19.1      17.6      18.3      15.9
  11 TT/AA      17.9      16.2      14.8      14.1
  12 TC/GA      17.6       ---      15.7       ---
  13 CA/TG       ---       ---       ---       ---
  14 AG/CT       ---       ---       ---       ---
****************************************************************************
Global linear helical axis defined by equivalent C1' and RN9/YN1 atom pairs
Deviation from regular linear helix: 3.27(0.93)
****************************************************************************
Main chain and chi torsion angles: 

Note: alpha:   O3'(i-1)-P-O5'-C5'
      beta:    P-O5'-C5'-C4'
      gamma:   O5'-C5'-C4'-C3'
      delta:   C5'-C4'-C3'-O3'
      epsilon: C4'-C3'-O3'-P(i+1)
      zeta:    C3'-O3'-P(i+1)-O5'(i+1)

      chi for pyrimidines(Y): O4'-C1'-N1-C2
          chi for purines(R): O4'-C1'-N9-C4

Strand I
  base    alpha    beta   gamma   delta  epsilon   zeta    chi
   1 G     ---     ---     48.5   124.2   171.9  -114.2   -68.8
   2 G    -39.7   150.4    66.9   115.7   176.5   -88.7  -113.7
   3 G    -43.0  -175.0    29.5   118.2  -177.7   -84.2  -111.9
   4 G    -83.2  -160.3    48.4   131.9     0.1    55.8  -101.4
   5 T    179.8  -120.5    68.6   101.0   166.3   -90.7  -105.6
   6 G    -25.6   152.1    49.4   111.8  -179.9   -80.5  -120.9
   7 A    -57.4  -170.8    36.6   133.7   163.4  -102.7  -109.7
   8 T     98.6   153.2  -104.9   151.6     0.2   147.0  -117.6
   9 T   -107.5   122.5    20.9    89.2   175.0   -82.5  -104.4
  10 G    -56.8  -167.8    34.3   122.7   174.3   -90.7  -113.7
  11 T    -38.9  -174.8    22.2   104.1  -162.3  -100.3  -122.0
  12 T    -32.8   154.7    39.1   109.9  -175.5   -65.4  -126.0
  13 C    -78.8  -163.7    32.0   104.1   170.0   -86.2  -119.0
  14 A    -36.9   166.2    47.5   108.1  -160.6   -92.6  -118.6
  15 G   -108.2   170.4   100.0   118.5    ---     ---   -120.8

Strand II
  base    alpha    beta   gamma   delta  epsilon   zeta    chi
   1 C     -8.2   150.8    19.9   119.0    ---     ---   -129.7
   2 C    -44.5  -179.5    32.2   104.2  -148.2  -126.0  -137.5
   3 C    -46.9   171.9    32.8   108.6   174.4   -89.6  -115.7
   4 C   -113.8   169.8    20.0   110.6  -166.9   -92.4  -104.9
   5 A     99.2    79.9    34.5   117.9     0.2    91.2   -93.9
   6 C    -56.1  -168.2    42.8   133.6   126.6  -165.4  -105.6
   7 T    -40.8  -173.9    20.5   110.8  -177.9   -81.4  -127.4
   8 A     -6.0   156.0    37.2   119.4   175.9   -87.8  -116.1
   9 A    -70.2  -170.5    40.8   107.3   158.2  -101.9  -106.6
  10 C     27.3   118.2   -32.9    99.1  -178.6   -70.6  -108.7
  11 A   -166.6  -157.4   143.6   142.6  -159.4  -128.1  -130.2
  12 A    -61.2  -173.9    33.0   114.3   168.3   -93.0  -114.7
  13 G     18.4   126.3    32.9   111.3  -176.4   -79.9  -120.2
  14 T     38.1   102.5     5.0    90.6   156.4  -112.2  -119.5
  15 C     ---     ---     20.1   117.3   178.3  -122.3  -117.2
****************************************************************************
Sugar conformational parameters: 

Note: v0: C4'-O4'-C1'-C2'
      v1: O4'-C1'-C2'-C3'
      v2: C1'-C2'-C3'-C4'
      v3: C2'-C3'-C4'-O4'
      v4: C3'-C4'-O4'-C1'

      tm: the amplitude of pucker
      P:  the phase angle of pseudorotation

Strand I
 base       v0      v1      v2      v3      v4      tm       P    Puckering
   1 G    -20.5    23.6   -17.1     5.1     9.8    23.3   137.1    C1'-exo 
   2 G    -21.1    19.5   -10.2    -2.4    14.9    21.4   118.4    C1'-exo 
   3 G    -19.0    18.6   -10.6    -0.7    12.4    19.6   122.8    C1'-exo 
   4 G    -16.7    21.8   -17.6     8.1     5.4    21.1   146.5    C2'-endo
   5 T    -18.5    10.0     1.7   -13.1    20.1    20.1    85.2    O4'-endo
   6 G    -13.8    10.7    -3.5    -4.8    11.8    13.8   104.7    O4'-endo
   7 A    -13.0    22.7   -22.5    15.1    -1.4    23.3   164.5    C2'-endo
   8 T      0.9    10.3   -16.3    17.4   -11.9    17.5   201.7    C3'-exo 
   9 T    -24.6    10.5     6.8   -22.5    30.3    29.3    76.7    O4'-endo
  10 G     -6.1     8.7    -7.6     4.2     1.2     8.6   153.3    C2'-endo
  11 T    -11.3     4.4     3.7   -10.8    14.1    13.7    74.3    O4'-endo
  12 T    -13.0    10.2    -3.6    -4.2    10.8    12.9   106.3    O4'-endo
  13 C     -8.4     1.3     5.7   -11.0    12.3    12.2    62.0    C4'-exo 
  14 A     -8.2     2.9     3.1    -8.2    10.3    10.1    72.1    O4'-endo
  15 G     -4.5     4.9    -3.3     0.7     2.4     4.9   133.1    C1'-exo 

Strand II
 base       v0      v1      v2      v3      v4      tm       P    Puckering
   1 C      1.7     0.0    -1.6     2.7    -2.8     2.9   235.4    C4'-endo
   2 C     -9.7     4.4     2.2    -8.3    11.4    11.2    78.5    O4'-endo
   3 C    -15.1     9.8    -1.1    -8.2    14.9    15.6    93.9    O4'-endo
   4 C    -18.5    16.4    -8.0    -3.1    13.7    18.6   115.3    C1'-exo 
   5 A    -16.3    11.8    -3.0    -6.8    14.7    16.4   100.7    O4'-endo
   6 C    -15.8    27.9   -27.7    18.9    -2.2    28.7   165.2    C2'-endo
   7 T    -17.9    14.7    -5.9    -4.8    14.5    17.9   109.3    C1'-exo 
   8 A    -22.2    24.5   -16.5     3.4    11.9    24.4   132.7    C1'-exo 
   9 A    -15.2     9.8    -1.0    -8.2    14.9    15.7    93.8    O4'-endo
  10 C    -20.5    10.2     3.5   -16.3    23.6    23.2    81.4    O4'-endo
  11 A    -12.6    27.5   -29.8    23.3    -7.0    30.0   174.0    C2'-endo
  12 A     -4.8     2.9     0.1    -3.0     5.0     5.1    89.1    O4'-endo
  13 G    -17.2    12.9    -3.8    -6.6    15.1    17.2   102.6    O4'-endo
  14 T    -15.0     1.5    11.5   -21.2    23.2    22.9    59.9    C4'-exo 
  15 C     -5.0     6.6    -5.4     2.5     1.6     6.4   147.3    C2'-endo
****************************************************************************
Same strand P--P and C1'--C1' virtual bond distances

                 Strand I                          Strand II
    step      P--P     C1'--C1'       step      P--P     C1'--C1'
   1 G/G       ---      4.62         1 C/C      5.75      5.74
   2 G/G      7.06      5.01         2 C/C      6.42      5.04
   3 G/G      6.30      5.51         3 C/C      6.08      5.06
   4 G/T      6.37      4.89         4 C/A      6.05      4.20
   5 T/G      5.82      4.02         5 A/C      6.84      5.45
   6 G/A      6.73      5.03         6 C/T      6.07      5.31
   7 A/T      6.55      5.58         7 T/A      6.64      5.00
   8 T/T      6.12      4.68         8 A/A      6.44      4.62
   9 T/G      6.05      5.25         9 A/C      4.91      5.18
  10 G/T      6.30      5.15        10 C/A      7.49      5.06
  11 T/T      5.75      4.85        11 A/A      6.42      5.29
  12 T/C      6.47      5.30        12 A/G      6.45      5.00
  13 C/A      5.99      4.51        13 G/T      5.65      4.40
  14 A/G      6.30      5.83        14 T/C       ---      4.49
****************************************************************************
Helix radius (radial displacement of P, O4', and C1' atoms in local helix
   frame of each dimer)

                        Strand I                      Strand II
     step         P        O4'       C1'        P        O4'        C1'
   1 GG/CC      8.50      5.61      4.89      9.19      7.57      6.49
   2 GG/CC     11.41      9.06      8.38      9.13      8.60      7.71
   3 GG/CC     10.19      8.71      7.67      8.63      7.70      6.78
   4 GT/AC      7.64      4.76      5.18      5.98      3.06      3.40
   5 TG/CA      7.23      3.53      3.12      9.61      7.62      7.40
   6 GA/TC     10.05      8.57      7.68      9.90      8.56      7.76
   7 AT/AT     12.68     10.83     10.07     11.71     10.44      9.71
   8 TT/AA      7.42      4.99      4.97      8.51      4.67      4.71
   9 TG/CA      6.69      7.18      6.15      9.53      8.45      7.50
  10 GT/AC     13.95     11.47     10.73     10.13      7.57      7.02
  11 TT/AA      8.71      7.72      6.87      8.59      7.36      6.36
  12 TC/GA      8.92      7.04      6.06      9.21      7.17      6.21
  13 CA/TG      9.17      5.42      5.16      8.57      4.89      4.83
  14 AG/CT     10.53      8.70      7.65      7.35      5.22      4.38
****************************************************************************
Position (Px, Py, Pz) and local helical axis vector (Hx, Hy, Hz)
         for each dinucleotide step

     step       Px        Py        Pz        Hx        Hy        Hz
   1 GG/CC    -21.26     10.64    -13.46      0.73     -0.68      0.06
   2 GG/CC    -18.95      8.32     -8.95      0.59     -0.80      0.11
   3 GG/CC    -16.01      5.72     -9.21      0.52     -0.82     -0.23
   4 GT/AC    -10.64      8.24     -9.88      0.47     -0.27      0.84
   5 TG/CA     -6.82      6.54    -10.18      0.76     -0.36      0.54
   6 GA/TC     -4.81      0.42    -11.73      0.99      0.07      0.11
   7 AT/AT     -2.22      0.04    -14.10      1.00      0.01      0.07
   8 TT/AA     -0.88     -3.08     -4.94      0.61     -0.79     -0.02
   9 TG/CA      4.60     -0.94     -8.67      0.62      0.25      0.74
  10 GT/AC      6.32     -1.48    -11.24      0.99      0.13     -0.02
  11 TT/AA      9.82     -2.54     -7.25      0.90      0.14      0.41
  12 TC/GA     13.20     -2.92     -6.39      0.94      0.10      0.33
  13 CA/TG     17.48     -2.36    -10.82      0.51      0.86      0.07
  14 AG/CT     19.39      1.07     -5.56      0.96      0.23      0.16
